<?xml version="1.0" encoding="UTF-8"?>
<testsuite xmlns:xsi="http://www.w3.org/2001/XMLSchema-instance" xsi:noNamespaceSchemaLocation="https://maven.apache.org/surefire/maven-surefire-plugin/xsd/surefire-test-report-3.0.xsd" version="3.0" name="com.gardengroup.agroplantationapp.PublicationTests.PublicationTest" time="22.013" tests="3" errors="0" skipped="0" failures="3">
  <properties>
    <property name="java.specification.version" value="17"/>
    <property name="sun.cpu.isalist" value="amd64"/>
    <property name="sun.jnu.encoding" value="Cp1252"/>
    <property name="java.class.path" value="C:\Users\migue\Desktop\Huerta\agro-plantation-app-1\agro-plantation-app\target\test-classes;C:\Users\migue\Desktop\Huerta\agro-plantation-app-1\agro-plantation-app\target\classes;C:\Users\migue\.m2\repository\org\springframework\boot\spring-boot-starter-data-jpa\3.2.1\spring-boot-starter-data-jpa-3.2.1.jar;C:\Users\migue\.m2\repository\org\springframework\boot\spring-boot-starter-aop\3.2.1\spring-boot-starter-aop-3.2.1.jar;C:\Users\migue\.m2\repository\org\aspectj\aspectjweaver\1.9.21\aspectjweaver-1.9.21.jar;C:\Users\migue\.m2\repository\org\springframework\boot\spring-boot-starter-jdbc\3.2.1\spring-boot-starter-jdbc-3.2.1.jar;C:\Users\migue\.m2\repository\com\zaxxer\HikariCP\5.0.1\HikariCP-5.0.1.jar;C:\Users\migue\.m2\repository\org\springframework\spring-jdbc\6.1.2\spring-jdbc-6.1.2.jar;C:\Users\migue\.m2\repository\org\hibernate\orm\hibernate-core\6.4.1.Final\hibernate-core-6.4.1.Final.jar;C:\Users\migue\.m2\repository\jakarta\persistence\jakarta.persistence-api\3.1.0\jakarta.persistence-api-3.1.0.jar;C:\Users\migue\.m2\repository\jakarta\transaction\jakarta.transaction-api\2.0.1\jakarta.transaction-api-2.0.1.jar;C:\Users\migue\.m2\repository\org\jboss\logging\jboss-logging\3.5.3.Final\jboss-logging-3.5.3.Final.jar;C:\Users\migue\.m2\repository\org\hibernate\common\hibernate-commons-annotations\6.0.6.Final\hibernate-commons-annotations-6.0.6.Final.jar;C:\Users\migue\.m2\repository\io\smallrye\jandex\3.1.2\jandex-3.1.2.jar;C:\Users\migue\.m2\repository\com\fasterxml\classmate\1.6.0\classmate-1.6.0.jar;C:\Users\migue\.m2\repository\net\bytebuddy\byte-buddy\1.14.10\byte-buddy-1.14.10.jar;C:\Users\migue\.m2\repository\org\glassfish\jaxb\jaxb-runtime\4.0.4\jaxb-runtime-4.0.4.jar;C:\Users\migue\.m2\repository\org\glassfish\jaxb\jaxb-core\4.0.4\jaxb-core-4.0.4.jar;C:\Users\migue\.m2\repository\org\eclipse\angus\angus-activation\2.0.1\angus-activation-2.0.1.jar;C:\Users\migue\.m2\repository\org\glassfish\jaxb\txw2\4.0.4\txw2-4.0.4.jar;C:\Users\migue\.m2\repository\com\sun\istack\istack-commons-runtime\4.1.2\istack-commons-runtime-4.1.2.jar;C:\Users\migue\.m2\repository\jakarta\inject\jakarta.inject-api\2.0.1\jakarta.inject-api-2.0.1.jar;C:\Users\migue\.m2\repository\org\antlr\antlr4-runtime\4.13.0\antlr4-runtime-4.13.0.jar;C:\Users\migue\.m2\repository\org\springframework\data\spring-data-jpa\3.2.1\spring-data-jpa-3.2.1.jar;C:\Users\migue\.m2\repository\org\springframework\data\spring-data-commons\3.2.1\spring-data-commons-3.2.1.jar;C:\Users\migue\.m2\repository\org\springframework\spring-orm\6.1.2\spring-orm-6.1.2.jar;C:\Users\migue\.m2\repository\org\springframework\spring-tx\6.1.2\spring-tx-6.1.2.jar;C:\Users\migue\.m2\repository\jakarta\annotation\jakarta.annotation-api\2.1.1\jakarta.annotation-api-2.1.1.jar;C:\Users\migue\.m2\repository\org\slf4j\slf4j-api\2.0.9\slf4j-api-2.0.9.jar;C:\Users\migue\.m2\repository\org\springframework\spring-aspects\6.1.2\spring-aspects-6.1.2.jar;C:\Users\migue\.m2\repository\org\springframework\boot\spring-boot-starter-web\3.2.1\spring-boot-starter-web-3.2.1.jar;C:\Users\migue\.m2\repository\org\springframework\boot\spring-boot-starter\3.2.1\spring-boot-starter-3.2.1.jar;C:\Users\migue\.m2\repository\org\yaml\snakeyaml\2.2\snakeyaml-2.2.jar;C:\Users\migue\.m2\repository\org\springframework\boot\spring-boot-starter-json\3.2.1\spring-boot-starter-json-3.2.1.jar;C:\Users\migue\.m2\repository\com\fasterxml\jackson\datatype\jackson-datatype-jdk8\2.15.3\jackson-datatype-jdk8-2.15.3.jar;C:\Users\migue\.m2\repository\com\fasterxml\jackson\datatype\jackson-datatype-jsr310\2.15.3\jackson-datatype-jsr310-2.15.3.jar;C:\Users\migue\.m2\repository\com\fasterxml\jackson\module\jackson-module-parameter-names\2.15.3\jackson-module-parameter-names-2.15.3.jar;C:\Users\migue\.m2\repository\org\springframework\boot\spring-boot-starter-tomcat\3.2.1\spring-boot-starter-tomcat-3.2.1.jar;C:\Users\migue\.m2\repository\org\apache\tomcat\embed\tomcat-embed-core\10.1.17\tomcat-embed-core-10.1.17.jar;C:\Users\migue\.m2\repository\org\apache\tomcat\embed\tomcat-embed-websocket\10.1.17\tomcat-embed-websocket-10.1.17.jar;C:\Users\migue\.m2\repository\org\springframework\spring-webmvc\6.1.2\spring-webmvc-6.1.2.jar;C:\Users\migue\.m2\repository\org\springframework\spring-expression\6.1.2\spring-expression-6.1.2.jar;C:\Users\migue\.m2\repository\org\springframework\boot\spring-boot-starter-log4j2\3.2.1\spring-boot-starter-log4j2-3.2.1.jar;C:\Users\migue\.m2\repository\org\apache\logging\log4j\log4j-slf4j2-impl\2.21.1\log4j-slf4j2-impl-2.21.1.jar;C:\Users\migue\.m2\repository\org\apache\logging\log4j\log4j-api\2.21.1\log4j-api-2.21.1.jar;C:\Users\migue\.m2\repository\org\apache\logging\log4j\log4j-core\2.21.1\log4j-core-2.21.1.jar;C:\Users\migue\.m2\repository\org\apache\logging\log4j\log4j-jul\2.21.1\log4j-jul-2.21.1.jar;C:\Users\migue\.m2\repository\org\springframework\boot\spring-boot-starter-validation\3.2.1\spring-boot-starter-validation-3.2.1.jar;C:\Users\migue\.m2\repository\org\apache\tomcat\embed\tomcat-embed-el\10.1.17\tomcat-embed-el-10.1.17.jar;C:\Users\migue\.m2\repository\org\hibernate\validator\hibernate-validator\8.0.1.Final\hibernate-validator-8.0.1.Final.jar;C:\Users\migue\.m2\repository\jakarta\validation\jakarta.validation-api\3.0.2\jakarta.validation-api-3.0.2.jar;C:\Users\migue\.m2\repository\org\springframework\boot\spring-boot-devtools\3.2.1\spring-boot-devtools-3.2.1.jar;C:\Users\migue\.m2\repository\org\springframework\boot\spring-boot\3.2.1\spring-boot-3.2.1.jar;C:\Users\migue\.m2\repository\org\springframework\boot\spring-boot-autoconfigure\3.2.1\spring-boot-autoconfigure-3.2.1.jar;C:\Users\migue\.m2\repository\com\mysql\mysql-connector-j\8.1.0\mysql-connector-j-8.1.0.jar;C:\Users\migue\.m2\repository\com\h2database\h2\2.2.224\h2-2.2.224.jar;C:\Users\migue\.m2\repository\org\projectlombok\lombok\1.18.30\lombok-1.18.30.jar;C:\Users\migue\.m2\repository\org\springframework\boot\spring-boot-starter-test\3.2.1\spring-boot-starter-test-3.2.1.jar;C:\Users\migue\.m2\repository\org\springframework\boot\spring-boot-test\3.2.1\spring-boot-test-3.2.1.jar;C:\Users\migue\.m2\repository\org\springframework\boot\spring-boot-test-autoconfigure\3.2.1\spring-boot-test-autoconfigure-3.2.1.jar;C:\Users\migue\.m2\repository\com\jayway\jsonpath\json-path\2.8.0\json-path-2.8.0.jar;C:\Users\migue\.m2\repository\jakarta\xml\bind\jakarta.xml.bind-api\4.0.1\jakarta.xml.bind-api-4.0.1.jar;C:\Users\migue\.m2\repository\jakarta\activation\jakarta.activation-api\2.1.2\jakarta.activation-api-2.1.2.jar;C:\Users\migue\.m2\repository\net\minidev\json-smart\2.5.0\json-smart-2.5.0.jar;C:\Users\migue\.m2\repository\net\minidev\accessors-smart\2.5.0\accessors-smart-2.5.0.jar;C:\Users\migue\.m2\repository\org\ow2\asm\asm\9.3\asm-9.3.jar;C:\Users\migue\.m2\repository\org\assertj\assertj-core\3.24.2\assertj-core-3.24.2.jar;C:\Users\migue\.m2\repository\org\awaitility\awaitility\4.2.0\awaitility-4.2.0.jar;C:\Users\migue\.m2\repository\org\hamcrest\hamcrest\2.2\hamcrest-2.2.jar;C:\Users\migue\.m2\repository\org\junit\jupiter\junit-jupiter\5.10.1\junit-jupiter-5.10.1.jar;C:\Users\migue\.m2\repository\org\junit\jupiter\junit-jupiter-api\5.10.1\junit-jupiter-api-5.10.1.jar;C:\Users\migue\.m2\repository\org\opentest4j\opentest4j\1.3.0\opentest4j-1.3.0.jar;C:\Users\migue\.m2\repository\org\junit\platform\junit-platform-commons\1.10.1\junit-platform-commons-1.10.1.jar;C:\Users\migue\.m2\repository\org\apiguardian\apiguardian-api\1.1.2\apiguardian-api-1.1.2.jar;C:\Users\migue\.m2\repository\org\junit\jupiter\junit-jupiter-params\5.10.1\junit-jupiter-params-5.10.1.jar;C:\Users\migue\.m2\repository\org\junit\jupiter\junit-jupiter-engine\5.10.1\junit-jupiter-engine-5.10.1.jar;C:\Users\migue\.m2\repository\org\junit\platform\junit-platform-engine\1.10.1\junit-platform-engine-1.10.1.jar;C:\Users\migue\.m2\repository\org\mockito\mockito-core\5.7.0\mockito-core-5.7.0.jar;C:\Users\migue\.m2\repository\net\bytebuddy\byte-buddy-agent\1.14.10\byte-buddy-agent-1.14.10.jar;C:\Users\migue\.m2\repository\org\objenesis\objenesis\3.3\objenesis-3.3.jar;C:\Users\migue\.m2\repository\org\mockito\mockito-junit-jupiter\5.7.0\mockito-junit-jupiter-5.7.0.jar;C:\Users\migue\.m2\repository\org\skyscreamer\jsonassert\1.5.1\jsonassert-1.5.1.jar;C:\Users\migue\.m2\repository\com\vaadin\external\google\android-json\0.0.20131108.vaadin1\android-json-0.0.20131108.vaadin1.jar;C:\Users\migue\.m2\repository\org\springframework\spring-core\6.1.2\spring-core-6.1.2.jar;C:\Users\migue\.m2\repository\org\springframework\spring-jcl\6.1.2\spring-jcl-6.1.2.jar;C:\Users\migue\.m2\repository\org\springframework\spring-test\6.1.2\spring-test-6.1.2.jar;C:\Users\migue\.m2\repository\org\xmlunit\xmlunit-core\2.9.1\xmlunit-core-2.9.1.jar;C:\Users\migue\.m2\repository\org\springframework\boot\spring-boot-starter-security\3.2.1\spring-boot-starter-security-3.2.1.jar;C:\Users\migue\.m2\repository\org\springframework\spring-aop\6.1.2\spring-aop-6.1.2.jar;C:\Users\migue\.m2\repository\org\springframework\security\spring-security-web\6.2.1\spring-security-web-6.2.1.jar;C:\Users\migue\.m2\repository\org\springframework\security\spring-security-test\6.0.0\spring-security-test-6.0.0.jar;C:\Users\migue\.m2\repository\org\springframework\security\spring-security-core\6.2.1\spring-security-core-6.2.1.jar;C:\Users\migue\.m2\repository\org\springframework\security\spring-security-crypto\6.2.1\spring-security-crypto-6.2.1.jar;C:\Users\migue\.m2\repository\org\springframework\security\spring-security-config\6.0.8\spring-security-config-6.0.8.jar;C:\Users\migue\.m2\repository\org\springframework\spring-beans\6.1.2\spring-beans-6.1.2.jar;C:\Users\migue\.m2\repository\org\springframework\spring-context\6.1.2\spring-context-6.1.2.jar;C:\Users\migue\.m2\repository\io\jsonwebtoken\jjwt\0.9.1\jjwt-0.9.1.jar;C:\Users\migue\.m2\repository\com\fasterxml\jackson\core\jackson-databind\2.15.3\jackson-databind-2.15.3.jar;C:\Users\migue\.m2\repository\com\fasterxml\jackson\core\jackson-annotations\2.15.3\jackson-annotations-2.15.3.jar;C:\Users\migue\.m2\repository\com\fasterxml\jackson\core\jackson-core\2.15.3\jackson-core-2.15.3.jar;C:\Users\migue\.m2\repository\javax\xml\bind\jaxb-api\2.4.0-b180830.0359\jaxb-api-2.4.0-b180830.0359.jar;C:\Users\migue\.m2\repository\javax\activation\javax.activation-api\1.2.0\javax.activation-api-1.2.0.jar;C:\Users\migue\.m2\repository\org\springframework\spring-web\6.1.2\spring-web-6.1.2.jar;C:\Users\migue\.m2\repository\io\micrometer\micrometer-observation\1.12.1\micrometer-observation-1.12.1.jar;C:\Users\migue\.m2\repository\io\micrometer\micrometer-commons\1.12.1\micrometer-commons-1.12.1.jar;C:\Users\migue\.m2\repository\com\cloudinary\cloudinary-http44\1.34.0\cloudinary-http44-1.34.0.jar;C:\Users\migue\.m2\repository\com\cloudinary\cloudinary-core\1.34.0\cloudinary-core-1.34.0.jar;C:\Users\migue\.m2\repository\org\apache\commons\commons-lang3\3.13.0\commons-lang3-3.13.0.jar;C:\Users\migue\.m2\repository\org\apache\httpcomponents\httpclient\4.4\httpclient-4.4.jar;C:\Users\migue\.m2\repository\org\apache\httpcomponents\httpcore\4.4.16\httpcore-4.4.16.jar;C:\Users\migue\.m2\repository\commons-logging\commons-logging\1.2\commons-logging-1.2.jar;C:\Users\migue\.m2\repository\commons-codec\commons-codec\1.16.0\commons-codec-1.16.0.jar;C:\Users\migue\.m2\repository\org\apache\httpcomponents\httpmime\4.4\httpmime-4.4.jar;C:\Users\migue\.m2\repository\org\springdoc\springdoc-openapi-starter-webmvc-ui\2.3.0\springdoc-openapi-starter-webmvc-ui-2.3.0.jar;C:\Users\migue\.m2\repository\org\springdoc\springdoc-openapi-starter-webmvc-api\2.3.0\springdoc-openapi-starter-webmvc-api-2.3.0.jar;C:\Users\migue\.m2\repository\org\springdoc\springdoc-openapi-starter-common\2.3.0\springdoc-openapi-starter-common-2.3.0.jar;C:\Users\migue\.m2\repository\io\swagger\core\v3\swagger-core-jakarta\2.2.19\swagger-core-jakarta-2.2.19.jar;C:\Users\migue\.m2\repository\io\swagger\core\v3\swagger-annotations-jakarta\2.2.19\swagger-annotations-jakarta-2.2.19.jar;C:\Users\migue\.m2\repository\io\swagger\core\v3\swagger-models-jakarta\2.2.19\swagger-models-jakarta-2.2.19.jar;C:\Users\migue\.m2\repository\com\fasterxml\jackson\dataformat\jackson-dataformat-yaml\2.15.3\jackson-dataformat-yaml-2.15.3.jar;C:\Users\migue\.m2\repository\org\webjars\swagger-ui\5.10.3\swagger-ui-5.10.3.jar;"/>
    <property name="java.vm.vendor" value="Oracle Corporation"/>
    <property name="sun.arch.data.model" value="64"/>
    <property name="user.variant" value=""/>
    <property name="java.vendor.url" value="https://java.oracle.com/"/>
    <property name="user.timezone" value="America/Bogota"/>
    <property name="os.name" value="Windows 11"/>
    <property name="java.vm.specification.version" value="17"/>
    <property name="sun.java.launcher" value="SUN_STANDARD"/>
    <property name="user.country" value="CO"/>
    <property name="sun.boot.library.path" value="C:\Program Files\Java\jdk-17\bin"/>
    <property name="sun.java.command" value="C:\Users\migue\AppData\Local\Temp\surefire11127131528214509035\surefirebooter-20240717081437202_3.jar C:\Users\migue\AppData\Local\Temp\surefire11127131528214509035 2024-07-17T08-14-37_029-jvmRun1 surefire-20240717081437202_1tmp surefire_0-20240717081437202_2tmp"/>
    <property name="jdk.debug" value="release"/>
    <property name="surefire.test.class.path" value="C:\Users\migue\Desktop\Huerta\agro-plantation-app-1\agro-plantation-app\target\test-classes;C:\Users\migue\Desktop\Huerta\agro-plantation-app-1\agro-plantation-app\target\classes;C:\Users\migue\.m2\repository\org\springframework\boot\spring-boot-starter-data-jpa\3.2.1\spring-boot-starter-data-jpa-3.2.1.jar;C:\Users\migue\.m2\repository\org\springframework\boot\spring-boot-starter-aop\3.2.1\spring-boot-starter-aop-3.2.1.jar;C:\Users\migue\.m2\repository\org\aspectj\aspectjweaver\1.9.21\aspectjweaver-1.9.21.jar;C:\Users\migue\.m2\repository\org\springframework\boot\spring-boot-starter-jdbc\3.2.1\spring-boot-starter-jdbc-3.2.1.jar;C:\Users\migue\.m2\repository\com\zaxxer\HikariCP\5.0.1\HikariCP-5.0.1.jar;C:\Users\migue\.m2\repository\org\springframework\spring-jdbc\6.1.2\spring-jdbc-6.1.2.jar;C:\Users\migue\.m2\repository\org\hibernate\orm\hibernate-core\6.4.1.Final\hibernate-core-6.4.1.Final.jar;C:\Users\migue\.m2\repository\jakarta\persistence\jakarta.persistence-api\3.1.0\jakarta.persistence-api-3.1.0.jar;C:\Users\migue\.m2\repository\jakarta\transaction\jakarta.transaction-api\2.0.1\jakarta.transaction-api-2.0.1.jar;C:\Users\migue\.m2\repository\org\jboss\logging\jboss-logging\3.5.3.Final\jboss-logging-3.5.3.Final.jar;C:\Users\migue\.m2\repository\org\hibernate\common\hibernate-commons-annotations\6.0.6.Final\hibernate-commons-annotations-6.0.6.Final.jar;C:\Users\migue\.m2\repository\io\smallrye\jandex\3.1.2\jandex-3.1.2.jar;C:\Users\migue\.m2\repository\com\fasterxml\classmate\1.6.0\classmate-1.6.0.jar;C:\Users\migue\.m2\repository\net\bytebuddy\byte-buddy\1.14.10\byte-buddy-1.14.10.jar;C:\Users\migue\.m2\repository\org\glassfish\jaxb\jaxb-runtime\4.0.4\jaxb-runtime-4.0.4.jar;C:\Users\migue\.m2\repository\org\glassfish\jaxb\jaxb-core\4.0.4\jaxb-core-4.0.4.jar;C:\Users\migue\.m2\repository\org\eclipse\angus\angus-activation\2.0.1\angus-activation-2.0.1.jar;C:\Users\migue\.m2\repository\org\glassfish\jaxb\txw2\4.0.4\txw2-4.0.4.jar;C:\Users\migue\.m2\repository\com\sun\istack\istack-commons-runtime\4.1.2\istack-commons-runtime-4.1.2.jar;C:\Users\migue\.m2\repository\jakarta\inject\jakarta.inject-api\2.0.1\jakarta.inject-api-2.0.1.jar;C:\Users\migue\.m2\repository\org\antlr\antlr4-runtime\4.13.0\antlr4-runtime-4.13.0.jar;C:\Users\migue\.m2\repository\org\springframework\data\spring-data-jpa\3.2.1\spring-data-jpa-3.2.1.jar;C:\Users\migue\.m2\repository\org\springframework\data\spring-data-commons\3.2.1\spring-data-commons-3.2.1.jar;C:\Users\migue\.m2\repository\org\springframework\spring-orm\6.1.2\spring-orm-6.1.2.jar;C:\Users\migue\.m2\repository\org\springframework\spring-tx\6.1.2\spring-tx-6.1.2.jar;C:\Users\migue\.m2\repository\jakarta\annotation\jakarta.annotation-api\2.1.1\jakarta.annotation-api-2.1.1.jar;C:\Users\migue\.m2\repository\org\slf4j\slf4j-api\2.0.9\slf4j-api-2.0.9.jar;C:\Users\migue\.m2\repository\org\springframework\spring-aspects\6.1.2\spring-aspects-6.1.2.jar;C:\Users\migue\.m2\repository\org\springframework\boot\spring-boot-starter-web\3.2.1\spring-boot-starter-web-3.2.1.jar;C:\Users\migue\.m2\repository\org\springframework\boot\spring-boot-starter\3.2.1\spring-boot-starter-3.2.1.jar;C:\Users\migue\.m2\repository\org\yaml\snakeyaml\2.2\snakeyaml-2.2.jar;C:\Users\migue\.m2\repository\org\springframework\boot\spring-boot-starter-json\3.2.1\spring-boot-starter-json-3.2.1.jar;C:\Users\migue\.m2\repository\com\fasterxml\jackson\datatype\jackson-datatype-jdk8\2.15.3\jackson-datatype-jdk8-2.15.3.jar;C:\Users\migue\.m2\repository\com\fasterxml\jackson\datatype\jackson-datatype-jsr310\2.15.3\jackson-datatype-jsr310-2.15.3.jar;C:\Users\migue\.m2\repository\com\fasterxml\jackson\module\jackson-module-parameter-names\2.15.3\jackson-module-parameter-names-2.15.3.jar;C:\Users\migue\.m2\repository\org\springframework\boot\spring-boot-starter-tomcat\3.2.1\spring-boot-starter-tomcat-3.2.1.jar;C:\Users\migue\.m2\repository\org\apache\tomcat\embed\tomcat-embed-core\10.1.17\tomcat-embed-core-10.1.17.jar;C:\Users\migue\.m2\repository\org\apache\tomcat\embed\tomcat-embed-websocket\10.1.17\tomcat-embed-websocket-10.1.17.jar;C:\Users\migue\.m2\repository\org\springframework\spring-webmvc\6.1.2\spring-webmvc-6.1.2.jar;C:\Users\migue\.m2\repository\org\springframework\spring-expression\6.1.2\spring-expression-6.1.2.jar;C:\Users\migue\.m2\repository\org\springframework\boot\spring-boot-starter-log4j2\3.2.1\spring-boot-starter-log4j2-3.2.1.jar;C:\Users\migue\.m2\repository\org\apache\logging\log4j\log4j-slf4j2-impl\2.21.1\log4j-slf4j2-impl-2.21.1.jar;C:\Users\migue\.m2\repository\org\apache\logging\log4j\log4j-api\2.21.1\log4j-api-2.21.1.jar;C:\Users\migue\.m2\repository\org\apache\logging\log4j\log4j-core\2.21.1\log4j-core-2.21.1.jar;C:\Users\migue\.m2\repository\org\apache\logging\log4j\log4j-jul\2.21.1\log4j-jul-2.21.1.jar;C:\Users\migue\.m2\repository\org\springframework\boot\spring-boot-starter-validation\3.2.1\spring-boot-starter-validation-3.2.1.jar;C:\Users\migue\.m2\repository\org\apache\tomcat\embed\tomcat-embed-el\10.1.17\tomcat-embed-el-10.1.17.jar;C:\Users\migue\.m2\repository\org\hibernate\validator\hibernate-validator\8.0.1.Final\hibernate-validator-8.0.1.Final.jar;C:\Users\migue\.m2\repository\jakarta\validation\jakarta.validation-api\3.0.2\jakarta.validation-api-3.0.2.jar;C:\Users\migue\.m2\repository\org\springframework\boot\spring-boot-devtools\3.2.1\spring-boot-devtools-3.2.1.jar;C:\Users\migue\.m2\repository\org\springframework\boot\spring-boot\3.2.1\spring-boot-3.2.1.jar;C:\Users\migue\.m2\repository\org\springframework\boot\spring-boot-autoconfigure\3.2.1\spring-boot-autoconfigure-3.2.1.jar;C:\Users\migue\.m2\repository\com\mysql\mysql-connector-j\8.1.0\mysql-connector-j-8.1.0.jar;C:\Users\migue\.m2\repository\com\h2database\h2\2.2.224\h2-2.2.224.jar;C:\Users\migue\.m2\repository\org\projectlombok\lombok\1.18.30\lombok-1.18.30.jar;C:\Users\migue\.m2\repository\org\springframework\boot\spring-boot-starter-test\3.2.1\spring-boot-starter-test-3.2.1.jar;C:\Users\migue\.m2\repository\org\springframework\boot\spring-boot-test\3.2.1\spring-boot-test-3.2.1.jar;C:\Users\migue\.m2\repository\org\springframework\boot\spring-boot-test-autoconfigure\3.2.1\spring-boot-test-autoconfigure-3.2.1.jar;C:\Users\migue\.m2\repository\com\jayway\jsonpath\json-path\2.8.0\json-path-2.8.0.jar;C:\Users\migue\.m2\repository\jakarta\xml\bind\jakarta.xml.bind-api\4.0.1\jakarta.xml.bind-api-4.0.1.jar;C:\Users\migue\.m2\repository\jakarta\activation\jakarta.activation-api\2.1.2\jakarta.activation-api-2.1.2.jar;C:\Users\migue\.m2\repository\net\minidev\json-smart\2.5.0\json-smart-2.5.0.jar;C:\Users\migue\.m2\repository\net\minidev\accessors-smart\2.5.0\accessors-smart-2.5.0.jar;C:\Users\migue\.m2\repository\org\ow2\asm\asm\9.3\asm-9.3.jar;C:\Users\migue\.m2\repository\org\assertj\assertj-core\3.24.2\assertj-core-3.24.2.jar;C:\Users\migue\.m2\repository\org\awaitility\awaitility\4.2.0\awaitility-4.2.0.jar;C:\Users\migue\.m2\repository\org\hamcrest\hamcrest\2.2\hamcrest-2.2.jar;C:\Users\migue\.m2\repository\org\junit\jupiter\junit-jupiter\5.10.1\junit-jupiter-5.10.1.jar;C:\Users\migue\.m2\repository\org\junit\jupiter\junit-jupiter-api\5.10.1\junit-jupiter-api-5.10.1.jar;C:\Users\migue\.m2\repository\org\opentest4j\opentest4j\1.3.0\opentest4j-1.3.0.jar;C:\Users\migue\.m2\repository\org\junit\platform\junit-platform-commons\1.10.1\junit-platform-commons-1.10.1.jar;C:\Users\migue\.m2\repository\org\apiguardian\apiguardian-api\1.1.2\apiguardian-api-1.1.2.jar;C:\Users\migue\.m2\repository\org\junit\jupiter\junit-jupiter-params\5.10.1\junit-jupiter-params-5.10.1.jar;C:\Users\migue\.m2\repository\org\junit\jupiter\junit-jupiter-engine\5.10.1\junit-jupiter-engine-5.10.1.jar;C:\Users\migue\.m2\repository\org\junit\platform\junit-platform-engine\1.10.1\junit-platform-engine-1.10.1.jar;C:\Users\migue\.m2\repository\org\mockito\mockito-core\5.7.0\mockito-core-5.7.0.jar;C:\Users\migue\.m2\repository\net\bytebuddy\byte-buddy-agent\1.14.10\byte-buddy-agent-1.14.10.jar;C:\Users\migue\.m2\repository\org\objenesis\objenesis\3.3\objenesis-3.3.jar;C:\Users\migue\.m2\repository\org\mockito\mockito-junit-jupiter\5.7.0\mockito-junit-jupiter-5.7.0.jar;C:\Users\migue\.m2\repository\org\skyscreamer\jsonassert\1.5.1\jsonassert-1.5.1.jar;C:\Users\migue\.m2\repository\com\vaadin\external\google\android-json\0.0.20131108.vaadin1\android-json-0.0.20131108.vaadin1.jar;C:\Users\migue\.m2\repository\org\springframework\spring-core\6.1.2\spring-core-6.1.2.jar;C:\Users\migue\.m2\repository\org\springframework\spring-jcl\6.1.2\spring-jcl-6.1.2.jar;C:\Users\migue\.m2\repository\org\springframework\spring-test\6.1.2\spring-test-6.1.2.jar;C:\Users\migue\.m2\repository\org\xmlunit\xmlunit-core\2.9.1\xmlunit-core-2.9.1.jar;C:\Users\migue\.m2\repository\org\springframework\boot\spring-boot-starter-security\3.2.1\spring-boot-starter-security-3.2.1.jar;C:\Users\migue\.m2\repository\org\springframework\spring-aop\6.1.2\spring-aop-6.1.2.jar;C:\Users\migue\.m2\repository\org\springframework\security\spring-security-web\6.2.1\spring-security-web-6.2.1.jar;C:\Users\migue\.m2\repository\org\springframework\security\spring-security-test\6.0.0\spring-security-test-6.0.0.jar;C:\Users\migue\.m2\repository\org\springframework\security\spring-security-core\6.2.1\spring-security-core-6.2.1.jar;C:\Users\migue\.m2\repository\org\springframework\security\spring-security-crypto\6.2.1\spring-security-crypto-6.2.1.jar;C:\Users\migue\.m2\repository\org\springframework\security\spring-security-config\6.0.8\spring-security-config-6.0.8.jar;C:\Users\migue\.m2\repository\org\springframework\spring-beans\6.1.2\spring-beans-6.1.2.jar;C:\Users\migue\.m2\repository\org\springframework\spring-context\6.1.2\spring-context-6.1.2.jar;C:\Users\migue\.m2\repository\io\jsonwebtoken\jjwt\0.9.1\jjwt-0.9.1.jar;C:\Users\migue\.m2\repository\com\fasterxml\jackson\core\jackson-databind\2.15.3\jackson-databind-2.15.3.jar;C:\Users\migue\.m2\repository\com\fasterxml\jackson\core\jackson-annotations\2.15.3\jackson-annotations-2.15.3.jar;C:\Users\migue\.m2\repository\com\fasterxml\jackson\core\jackson-core\2.15.3\jackson-core-2.15.3.jar;C:\Users\migue\.m2\repository\javax\xml\bind\jaxb-api\2.4.0-b180830.0359\jaxb-api-2.4.0-b180830.0359.jar;C:\Users\migue\.m2\repository\javax\activation\javax.activation-api\1.2.0\javax.activation-api-1.2.0.jar;C:\Users\migue\.m2\repository\org\springframework\spring-web\6.1.2\spring-web-6.1.2.jar;C:\Users\migue\.m2\repository\io\micrometer\micrometer-observation\1.12.1\micrometer-observation-1.12.1.jar;C:\Users\migue\.m2\repository\io\micrometer\micrometer-commons\1.12.1\micrometer-commons-1.12.1.jar;C:\Users\migue\.m2\repository\com\cloudinary\cloudinary-http44\1.34.0\cloudinary-http44-1.34.0.jar;C:\Users\migue\.m2\repository\com\cloudinary\cloudinary-core\1.34.0\cloudinary-core-1.34.0.jar;C:\Users\migue\.m2\repository\org\apache\commons\commons-lang3\3.13.0\commons-lang3-3.13.0.jar;C:\Users\migue\.m2\repository\org\apache\httpcomponents\httpclient\4.4\httpclient-4.4.jar;C:\Users\migue\.m2\repository\org\apache\httpcomponents\httpcore\4.4.16\httpcore-4.4.16.jar;C:\Users\migue\.m2\repository\commons-logging\commons-logging\1.2\commons-logging-1.2.jar;C:\Users\migue\.m2\repository\commons-codec\commons-codec\1.16.0\commons-codec-1.16.0.jar;C:\Users\migue\.m2\repository\org\apache\httpcomponents\httpmime\4.4\httpmime-4.4.jar;C:\Users\migue\.m2\repository\org\springdoc\springdoc-openapi-starter-webmvc-ui\2.3.0\springdoc-openapi-starter-webmvc-ui-2.3.0.jar;C:\Users\migue\.m2\repository\org\springdoc\springdoc-openapi-starter-webmvc-api\2.3.0\springdoc-openapi-starter-webmvc-api-2.3.0.jar;C:\Users\migue\.m2\repository\org\springdoc\springdoc-openapi-starter-common\2.3.0\springdoc-openapi-starter-common-2.3.0.jar;C:\Users\migue\.m2\repository\io\swagger\core\v3\swagger-core-jakarta\2.2.19\swagger-core-jakarta-2.2.19.jar;C:\Users\migue\.m2\repository\io\swagger\core\v3\swagger-annotations-jakarta\2.2.19\swagger-annotations-jakarta-2.2.19.jar;C:\Users\migue\.m2\repository\io\swagger\core\v3\swagger-models-jakarta\2.2.19\swagger-models-jakarta-2.2.19.jar;C:\Users\migue\.m2\repository\com\fasterxml\jackson\dataformat\jackson-dataformat-yaml\2.15.3\jackson-dataformat-yaml-2.15.3.jar;C:\Users\migue\.m2\repository\org\webjars\swagger-ui\5.10.3\swagger-ui-5.10.3.jar;"/>
    <property name="sun.cpu.endian" value="little"/>
    <property name="user.home" value="C:\Users\migue"/>
    <property name="user.language" value="es"/>
    <property name="java.specification.vendor" value="Oracle Corporation"/>
    <property name="java.version.date" value="2023-10-17"/>
    <property name="java.home" value="C:\Program Files\Java\jdk-17"/>
    <property name="file.separator" value="\"/>
    <property name="basedir" value="C:\Users\migue\Desktop\Huerta\agro-plantation-app-1\agro-plantation-app"/>
    <property name="java.vm.compressedOopsMode" value="Zero based"/>
    <property name="line.separator" value="&#10;"/>
    <property name="java.vm.specification.vendor" value="Oracle Corporation"/>
    <property name="java.specification.name" value="Java Platform API Specification"/>
    <property name="FILE_LOG_CHARSET" value="UTF-8"/>
    <property name="java.awt.headless" value="true"/>
    <property name="surefire.real.class.path" value="C:\Users\migue\AppData\Local\Temp\surefire11127131528214509035\surefirebooter-20240717081437202_3.jar"/>
    <property name="user.script" value=""/>
    <property name="sun.management.compiler" value="HotSpot 64-Bit Tiered Compilers"/>
    <property name="java.runtime.version" value="17.0.9+11-LTS-201"/>
    <property name="user.name" value="migue"/>
    <property name="path.separator" value=";"/>
    <property name="os.version" value="10.0"/>
    <property name="java.runtime.name" value="Java(TM) SE Runtime Environment"/>
    <property name="file.encoding" value="Cp1252"/>
    <property name="java.vm.name" value="Java HotSpot(TM) 64-Bit Server VM"/>
    <property name="localRepository" value="C:\Users\migue\.m2\repository"/>
    <property name="java.vendor.url.bug" value="https://bugreport.java.com/bugreport/"/>
    <property name="java.io.tmpdir" value="C:\Users\migue\AppData\Local\Temp\"/>
    <property name="com.zaxxer.hikari.pool_number" value="1"/>
    <property name="java.version" value="17.0.9"/>
    <property name="user.dir" value="C:\Users\migue\Desktop\Huerta\agro-plantation-app-1\agro-plantation-app"/>
    <property name="os.arch" value="amd64"/>
    <property name="java.vm.specification.name" value="Java Virtual Machine Specification"/>
    <property name="PID" value="4376"/>
    <property name="sun.os.patch.level" value=""/>
    <property name="CONSOLE_LOG_CHARSET" value="UTF-8"/>
    <property name="native.encoding" value="Cp1252"/>
    <property name="java.library.path" value="C:\Program Files\Java\jdk-17\bin;C:\WINDOWS\Sun\Java\bin;C:\WINDOWS\system32;C:\WINDOWS;C:\Program Files\Common Files\Oracle\Java\javapath;C:\Windows\system32;C:\Windows;C:\Windows\System32\Wbem;C:\Windows\System32\WindowsPowerShell\v1.0\;C:\Windows\System32\OpenSSH\;C:\Program Files (x86)\NVIDIA Corporation\PhysX\Common;C:\Program Files\NVIDIA Corporation\NVIDIA NvDLISR;C:\WINDOWS\system32;C:\WINDOWS;C:\WINDOWS\System32\Wbem;C:\WINDOWS\System32\WindowsPowerShell\v1.0\;C:\WINDOWS\System32\OpenSSH\;C:\Program Files\Git\cmd;C:\Users\migue\Desktop\Desarrollo\apache-maven-3.9.6\bin;C:\Program Files\Docker\Docker\resources\bin;C:\Program Files\nodejs\;C:\Users\migue\Desktop\Desarrollo\gradle-8.2\bin;C:\Program Files\MySQL\MySQL Shell 8.0\bin\;C:\Users\migue\AppData\Local\Microsoft\WindowsApps;C:\Users\migue\AppData\Local\gitkraken\bin;C:\Users\migue\AppData\Local\Programs\Microsoft VS Code\bin;C:\Users\migue\AppData\Local\Microsoft\WindowsApps;C:\Users\migue\AppData\Roaming\npm;C:\Users\migue\AppData\Local\GitHubDesktop\bin;;C:\Program Files\JetBrains\IntelliJ IDEA 2024.1.1\bin;;."/>
    <property name="java.vm.info" value="mixed mode, sharing"/>
    <property name="java.vendor" value="Oracle Corporation"/>
    <property name="java.vm.version" value="17.0.9+11-LTS-201"/>
    <property name="sun.io.unicode.encoding" value="UnicodeLittle"/>
    <property name="java.class.version" value="61.0"/>
    <property name="LOGGED_APPLICATION_NAME" value="[AgroLogs] "/>
  </properties>
  <testcase name="shouldSavePublication" classname="com.gardengroup.agroplantationapp.PublicationTests.PublicationTest" time="0.974">
    <failure message="Status expected:&lt;201&gt; but was:&lt;501&gt;" type="java.lang.AssertionError"><![CDATA[java.lang.AssertionError: Status expected:<201> but was:<501>
	at org.springframework.test.util.AssertionErrors.fail(AssertionErrors.java:59)
	at org.springframework.test.util.AssertionErrors.assertEquals(AssertionErrors.java:122)
	at org.springframework.test.web.servlet.result.StatusResultMatchers.lambda$matcher$9(StatusResultMatchers.java:637)
	at org.springframework.test.web.servlet.MockMvc$1.andExpect(MockMvc.java:214)
	at com.gardengroup.agroplantationapp.PublicationTests.PublicationTest.shouldSavePublication(PublicationTest.java:111)
	at java.base/java.lang.reflect.Method.invoke(Method.java:568)
	at java.base/java.util.ArrayList.forEach(ArrayList.java:1511)
	at java.base/java.util.ArrayList.forEach(ArrayList.java:1511)
]]></failure>
    <system-out><![CDATA[
  .   ____          _            __ _ _
 /\\ / ___'_ __ _ _(_)_ __  __ _ \ \ \ \
( ( )\___ | '_ | '_| | '_ \/ _` | \ \ \ \
 \\/  ___)| |_)| | | | | || (_| |  ) ) ) )
  '  |____| .__|_| |_|_| |_\__, | / / / /
 =========|_|==============|___/=/_/_/_/
 :: Spring Boot ::                (v3.2.1)

2024-07-17 08:14:48,892 WARN o.h.e.j.d.i.DialectFactoryImpl [main] HHH90000025: MySQLDialect does not need to be specified explicitly using 'hibernate.dialect' (remove the property setting and it will be selected by default)
Hibernate: 
    alter table producer_request 
       drop 
       foreign key FKe12r6kp9fhpv5ro5oa9axsf0g
2024-07-17 08:14:51,046 WARN o.h.t.s.i.ExceptionHandlerLoggedImpl [main] GenerationTarget encountered exception accepting command : Error executing DDL "
    alter table producer_request 
       drop 
       foreign key FKe12r6kp9fhpv5ro5oa9axsf0g" via JDBC [Table 'agroplantationapp.producer_request' doesn't exist]
org.hibernate.tool.schema.spi.CommandAcceptanceException: Error executing DDL "
    alter table producer_request 
       drop 
       foreign key FKe12r6kp9fhpv5ro5oa9axsf0g" via JDBC [Table 'agroplantationapp.producer_request' doesn't exist]
	at org.hibernate.tool.schema.internal.exec.GenerationTargetToDatabase.accept(GenerationTargetToDatabase.java:94) ~[hibernate-core-6.4.1.Final.jar:6.4.1.Final]
	at org.hibernate.tool.schema.internal.Helper.applySqlString(Helper.java:233) ~[hibernate-core-6.4.1.Final.jar:6.4.1.Final]
	at org.hibernate.tool.schema.internal.Helper.applySqlStrings(Helper.java:217) ~[hibernate-core-6.4.1.Final.jar:6.4.1.Final]
	at org.hibernate.tool.schema.internal.SchemaDropperImpl.applyConstraintDropping(SchemaDropperImpl.java:470) ~[hibernate-core-6.4.1.Final.jar:6.4.1.Final]
	at org.hibernate.tool.schema.internal.SchemaDropperImpl.dropConstraintsTablesSequences(SchemaDropperImpl.java:242) ~[hibernate-core-6.4.1.Final.jar:6.4.1.Final]
	at org.hibernate.tool.schema.internal.SchemaDropperImpl.dropFromMetadata(SchemaDropperImpl.java:215) ~[hibernate-core-6.4.1.Final.jar:6.4.1.Final]
	at org.hibernate.tool.schema.internal.SchemaDropperImpl.performDrop(SchemaDropperImpl.java:185) ~[hibernate-core-6.4.1.Final.jar:6.4.1.Final]
	at org.hibernate.tool.schema.internal.SchemaDropperImpl.doDrop(SchemaDropperImpl.java:155) ~[hibernate-core-6.4.1.Final.jar:6.4.1.Final]
	at org.hibernate.tool.schema.internal.SchemaDropperImpl.doDrop(SchemaDropperImpl.java:115) ~[hibernate-core-6.4.1.Final.jar:6.4.1.Final]
	at org.hibernate.tool.schema.spi.SchemaManagementToolCoordinator.performDatabaseAction(SchemaManagementToolCoordinator.java:244) ~[hibernate-core-6.4.1.Final.jar:6.4.1.Final]
	at org.hibernate.tool.schema.spi.SchemaManagementToolCoordinator.lambda$process$5(SchemaManagementToolCoordinator.java:145) ~[hibernate-core-6.4.1.Final.jar:6.4.1.Final]
	at java.base/java.util.HashMap.forEach(HashMap.java:1421) ~[?:?]
	at org.hibernate.tool.schema.spi.SchemaManagementToolCoordinator.process(SchemaManagementToolCoordinator.java:142) ~[hibernate-core-6.4.1.Final.jar:6.4.1.Final]
	at org.hibernate.boot.internal.SessionFactoryObserverForSchemaExport.sessionFactoryCreated(SessionFactoryObserverForSchemaExport.java:37) ~[hibernate-core-6.4.1.Final.jar:6.4.1.Final]
	at org.hibernate.internal.SessionFactoryObserverChain.sessionFactoryCreated(SessionFactoryObserverChain.java:35) ~[hibernate-core-6.4.1.Final.jar:6.4.1.Final]
	at org.hibernate.internal.SessionFactoryImpl.<init>(SessionFactoryImpl.java:315) ~[hibernate-core-6.4.1.Final.jar:6.4.1.Final]
	at org.hibernate.boot.internal.SessionFactoryBuilderImpl.build(SessionFactoryBuilderImpl.java:450) ~[hibernate-core-6.4.1.Final.jar:6.4.1.Final]
	at org.hibernate.jpa.boot.internal.EntityManagerFactoryBuilderImpl.build(EntityManagerFactoryBuilderImpl.java:1507) ~[hibernate-core-6.4.1.Final.jar:6.4.1.Final]
	at org.springframework.orm.jpa.vendor.SpringHibernateJpaPersistenceProvider.createContainerEntityManagerFactory(SpringHibernateJpaPersistenceProvider.java:75) ~[spring-orm-6.1.2.jar:6.1.2]
	at org.springframework.orm.jpa.LocalContainerEntityManagerFactoryBean.createNativeEntityManagerFactory(LocalContainerEntityManagerFactoryBean.java:376) ~[spring-orm-6.1.2.jar:6.1.2]
	at org.springframework.orm.jpa.AbstractEntityManagerFactoryBean.buildNativeEntityManagerFactory(AbstractEntityManagerFactoryBean.java:409) ~[spring-orm-6.1.2.jar:6.1.2]
	at org.springframework.orm.jpa.AbstractEntityManagerFactoryBean.afterPropertiesSet(AbstractEntityManagerFactoryBean.java:396) ~[spring-orm-6.1.2.jar:6.1.2]
	at org.springframework.orm.jpa.LocalContainerEntityManagerFactoryBean.afterPropertiesSet(LocalContainerEntityManagerFactoryBean.java:352) ~[spring-orm-6.1.2.jar:6.1.2]
	at org.springframework.beans.factory.support.AbstractAutowireCapableBeanFactory.invokeInitMethods(AbstractAutowireCapableBeanFactory.java:1820) ~[spring-beans-6.1.2.jar:6.1.2]
	at org.springframework.beans.factory.support.AbstractAutowireCapableBeanFactory.initializeBean(AbstractAutowireCapableBeanFactory.java:1769) ~[spring-beans-6.1.2.jar:6.1.2]
	at org.springframework.beans.factory.support.AbstractAutowireCapableBeanFactory.doCreateBean(AbstractAutowireCapableBeanFactory.java:599) ~[spring-beans-6.1.2.jar:6.1.2]
	at org.springframework.beans.factory.support.AbstractAutowireCapableBeanFactory.createBean(AbstractAutowireCapableBeanFactory.java:521) ~[spring-beans-6.1.2.jar:6.1.2]
	at org.springframework.beans.factory.support.AbstractBeanFactory.lambda$doGetBean$0(AbstractBeanFactory.java:325) ~[spring-beans-6.1.2.jar:6.1.2]
	at org.springframework.beans.factory.support.DefaultSingletonBeanRegistry.getSingleton(DefaultSingletonBeanRegistry.java:234) ~[spring-beans-6.1.2.jar:6.1.2]
	at org.springframework.beans.factory.support.AbstractBeanFactory.doGetBean(AbstractBeanFactory.java:323) ~[spring-beans-6.1.2.jar:6.1.2]
	at org.springframework.beans.factory.support.AbstractBeanFactory.getBean(AbstractBeanFactory.java:199) ~[spring-beans-6.1.2.jar:6.1.2]
	at org.springframework.context.support.AbstractApplicationContext.getBean(AbstractApplicationContext.java:1232) ~[spring-context-6.1.2.jar:6.1.2]
	at org.springframework.context.support.AbstractApplicationContext.finishBeanFactoryInitialization(AbstractApplicationContext.java:950) ~[spring-context-6.1.2.jar:6.1.2]
	at org.springframework.context.support.AbstractApplicationContext.refresh(AbstractApplicationContext.java:625) ~[spring-context-6.1.2.jar:6.1.2]
	at org.springframework.boot.SpringApplication.refresh(SpringApplication.java:762) ~[spring-boot-3.2.1.jar:3.2.1]
	at org.springframework.boot.SpringApplication.refreshContext(SpringApplication.java:464) ~[spring-boot-3.2.1.jar:3.2.1]
	at org.springframework.boot.SpringApplication.run(SpringApplication.java:334) ~[spring-boot-3.2.1.jar:3.2.1]
	at org.springframework.boot.test.context.SpringBootContextLoader.lambda$loadContext$3(SpringBootContextLoader.java:137) ~[spring-boot-test-3.2.1.jar:3.2.1]
	at org.springframework.util.function.ThrowingSupplier.get(ThrowingSupplier.java:58) ~[spring-core-6.1.2.jar:6.1.2]
	at org.springframework.util.function.ThrowingSupplier.get(ThrowingSupplier.java:46) ~[spring-core-6.1.2.jar:6.1.2]
	at org.springframework.boot.SpringApplication.withHook(SpringApplication.java:1458) ~[spring-boot-3.2.1.jar:3.2.1]
	at org.springframework.boot.test.context.SpringBootContextLoader$ContextLoaderHook.run(SpringBootContextLoader.java:552) ~[spring-boot-test-3.2.1.jar:3.2.1]
	at org.springframework.boot.test.context.SpringBootContextLoader.loadContext(SpringBootContextLoader.java:137) ~[spring-boot-test-3.2.1.jar:3.2.1]
	at org.springframework.boot.test.context.SpringBootContextLoader.loadContext(SpringBootContextLoader.java:108) ~[spring-boot-test-3.2.1.jar:3.2.1]
	at org.springframework.test.context.cache.DefaultCacheAwareContextLoaderDelegate.loadContextInternal(DefaultCacheAwareContextLoaderDelegate.java:225) ~[spring-test-6.1.2.jar:6.1.2]
	at org.springframework.test.context.cache.DefaultCacheAwareContextLoaderDelegate.loadContext(DefaultCacheAwareContextLoaderDelegate.java:152) ~[spring-test-6.1.2.jar:6.1.2]
	at org.springframework.test.context.support.DefaultTestContext.getApplicationContext(DefaultTestContext.java:130) ~[spring-test-6.1.2.jar:6.1.2]
	at org.springframework.test.context.web.ServletTestExecutionListener.setUpRequestContextIfNecessary(ServletTestExecutionListener.java:191) ~[spring-test-6.1.2.jar:6.1.2]
	at org.springframework.test.context.web.ServletTestExecutionListener.prepareTestInstance(ServletTestExecutionListener.java:130) ~[spring-test-6.1.2.jar:6.1.2]
	at org.springframework.test.context.TestContextManager.prepareTestInstance(TestContextManager.java:260) ~[spring-test-6.1.2.jar:6.1.2]
	at org.springframework.test.context.junit.jupiter.SpringExtension.postProcessTestInstance(SpringExtension.java:163) ~[spring-test-6.1.2.jar:6.1.2]
	at org.junit.jupiter.engine.descriptor.ClassBasedTestDescriptor.lambda$invokeTestInstancePostProcessors$10(ClassBasedTestDescriptor.java:378) ~[junit-jupiter-engine-5.10.1.jar:5.10.1]
	at org.junit.jupiter.engine.descriptor.ClassBasedTestDescriptor.executeAndMaskThrowable(ClassBasedTestDescriptor.java:383) ~[junit-jupiter-engine-5.10.1.jar:5.10.1]
	at org.junit.jupiter.engine.descriptor.ClassBasedTestDescriptor.lambda$invokeTestInstancePostProcessors$11(ClassBasedTestDescriptor.java:378) ~[junit-jupiter-engine-5.10.1.jar:5.10.1]
	at java.base/java.util.stream.ReferencePipeline$3$1.accept(ReferencePipeline.java:197) ~[?:?]
	at java.base/java.util.stream.ReferencePipeline$2$1.accept(ReferencePipeline.java:179) ~[?:?]
	at java.base/java.util.ArrayList$ArrayListSpliterator.forEachRemaining(ArrayList.java:1625) ~[?:?]
	at java.base/java.util.stream.AbstractPipeline.copyInto(AbstractPipeline.java:509) ~[?:?]
	at java.base/java.util.stream.AbstractPipeline.wrapAndCopyInto(AbstractPipeline.java:499) ~[?:?]
	at java.base/java.util.stream.StreamSpliterators$WrappingSpliterator.forEachRemaining(StreamSpliterators.java:310) ~[?:?]
	at java.base/java.util.stream.Streams$ConcatSpliterator.forEachRemaining(Streams.java:735) ~[?:?]
	at java.base/java.util.stream.ReferencePipeline$Head.forEach(ReferencePipeline.java:762) ~[?:?]
	at org.junit.jupiter.engine.descriptor.ClassBasedTestDescriptor.invokeTestInstancePostProcessors(ClassBasedTestDescriptor.java:377) ~[junit-jupiter-engine-5.10.1.jar:5.10.1]
	at org.junit.jupiter.engine.descriptor.ClassBasedTestDescriptor.lambda$instantiateAndPostProcessTestInstance$6(ClassBasedTestDescriptor.java:290) ~[junit-jupiter-engine-5.10.1.jar:5.10.1]
	at org.junit.platform.engine.support.hierarchical.ThrowableCollector.execute(ThrowableCollector.java:73) ~[junit-platform-engine-1.10.1.jar:1.10.1]
	at org.junit.jupiter.engine.descriptor.ClassBasedTestDescriptor.instantiateAndPostProcessTestInstance(ClassBasedTestDescriptor.java:289) ~[junit-jupiter-engine-5.10.1.jar:5.10.1]
	at org.junit.jupiter.engine.descriptor.ClassBasedTestDescriptor.lambda$testInstancesProvider$4(ClassBasedTestDescriptor.java:279) ~[junit-jupiter-engine-5.10.1.jar:5.10.1]
	at java.base/java.util.Optional.orElseGet(Optional.java:364) ~[?:?]
	at org.junit.jupiter.engine.descriptor.ClassBasedTestDescriptor.lambda$testInstancesProvider$5(ClassBasedTestDescriptor.java:278) ~[junit-jupiter-engine-5.10.1.jar:5.10.1]
	at org.junit.jupiter.engine.execution.TestInstancesProvider.getTestInstances(TestInstancesProvider.java:31) ~[junit-jupiter-engine-5.10.1.jar:5.10.1]
	at org.junit.jupiter.engine.descriptor.ClassBasedTestDescriptor.lambda$before$2(ClassBasedTestDescriptor.java:204) ~[junit-jupiter-engine-5.10.1.jar:5.10.1]
	at org.junit.platform.engine.support.hierarchical.ThrowableCollector.execute(ThrowableCollector.java:73) ~[junit-platform-engine-1.10.1.jar:1.10.1]
	at org.junit.jupiter.engine.descriptor.ClassBasedTestDescriptor.before(ClassBasedTestDescriptor.java:203) ~[junit-jupiter-engine-5.10.1.jar:5.10.1]
	at org.junit.jupiter.engine.descriptor.ClassBasedTestDescriptor.before(ClassBasedTestDescriptor.java:85) ~[junit-jupiter-engine-5.10.1.jar:5.10.1]
	at org.junit.platform.engine.support.hierarchical.NodeTestTask.lambda$executeRecursively$6(NodeTestTask.java:148) ~[junit-platform-engine-1.10.1.jar:1.10.1]
	at org.junit.platform.engine.support.hierarchical.ThrowableCollector.execute(ThrowableCollector.java:73) ~[junit-platform-engine-1.10.1.jar:1.10.1]
	at org.junit.platform.engine.support.hierarchical.NodeTestTask.lambda$executeRecursively$8(NodeTestTask.java:141) ~[junit-platform-engine-1.10.1.jar:1.10.1]
	at org.junit.platform.engine.support.hierarchical.Node.around(Node.java:137) ~[junit-platform-engine-1.10.1.jar:1.10.1]
	at org.junit.platform.engine.support.hierarchical.NodeTestTask.lambda$executeRecursively$9(NodeTestTask.java:139) ~[junit-platform-engine-1.10.1.jar:1.10.1]
	at org.junit.platform.engine.support.hierarchical.ThrowableCollector.execute(ThrowableCollector.java:73) ~[junit-platform-engine-1.10.1.jar:1.10.1]
	at org.junit.platform.engine.support.hierarchical.NodeTestTask.executeRecursively(NodeTestTask.java:138) ~[junit-platform-engine-1.10.1.jar:1.10.1]
	at org.junit.platform.engine.support.hierarchical.NodeTestTask.execute(NodeTestTask.java:95) ~[junit-platform-engine-1.10.1.jar:1.10.1]
	at java.base/java.util.ArrayList.forEach(ArrayList.java:1511) ~[?:?]
	at org.junit.platform.engine.support.hierarchical.SameThreadHierarchicalTestExecutorService.invokeAll(SameThreadHierarchicalTestExecutorService.java:41) ~[junit-platform-engine-1.10.1.jar:1.10.1]
	at org.junit.platform.engine.support.hierarchical.NodeTestTask.lambda$executeRecursively$6(NodeTestTask.java:155) ~[junit-platform-engine-1.10.1.jar:1.10.1]
	at org.junit.platform.engine.support.hierarchical.ThrowableCollector.execute(ThrowableCollector.java:73) ~[junit-platform-engine-1.10.1.jar:1.10.1]
	at org.junit.platform.engine.support.hierarchical.NodeTestTask.lambda$executeRecursively$8(NodeTestTask.java:141) ~[junit-platform-engine-1.10.1.jar:1.10.1]
	at org.junit.platform.engine.support.hierarchical.Node.around(Node.java:137) ~[junit-platform-engine-1.10.1.jar:1.10.1]
	at org.junit.platform.engine.support.hierarchical.NodeTestTask.lambda$executeRecursively$9(NodeTestTask.java:139) ~[junit-platform-engine-1.10.1.jar:1.10.1]
	at org.junit.platform.engine.support.hierarchical.ThrowableCollector.execute(ThrowableCollector.java:73) ~[junit-platform-engine-1.10.1.jar:1.10.1]
	at org.junit.platform.engine.support.hierarchical.NodeTestTask.executeRecursively(NodeTestTask.java:138) ~[junit-platform-engine-1.10.1.jar:1.10.1]
	at org.junit.platform.engine.support.hierarchical.NodeTestTask.execute(NodeTestTask.java:95) ~[junit-platform-engine-1.10.1.jar:1.10.1]
	at org.junit.platform.engine.support.hierarchical.SameThreadHierarchicalTestExecutorService.submit(SameThreadHierarchicalTestExecutorService.java:35) ~[junit-platform-engine-1.10.1.jar:1.10.1]
	at org.junit.platform.engine.support.hierarchical.HierarchicalTestExecutor.execute(HierarchicalTestExecutor.java:57) ~[junit-platform-engine-1.10.1.jar:1.10.1]
	at org.junit.platform.engine.support.hierarchical.HierarchicalTestEngine.execute(HierarchicalTestEngine.java:54) ~[junit-platform-engine-1.10.1.jar:1.10.1]
	at org.junit.platform.launcher.core.EngineExecutionOrchestrator.execute(EngineExecutionOrchestrator.java:198) ~[junit-platform-launcher-1.10.1.jar:1.10.1]
	at org.junit.platform.launcher.core.EngineExecutionOrchestrator.execute(EngineExecutionOrchestrator.java:169) ~[junit-platform-launcher-1.10.1.jar:1.10.1]
	at org.junit.platform.launcher.core.EngineExecutionOrchestrator.execute(EngineExecutionOrchestrator.java:93) ~[junit-platform-launcher-1.10.1.jar:1.10.1]
	at org.junit.platform.launcher.core.EngineExecutionOrchestrator.lambda$execute$0(EngineExecutionOrchestrator.java:58) ~[junit-platform-launcher-1.10.1.jar:1.10.1]
	at org.junit.platform.launcher.core.EngineExecutionOrchestrator.withInterceptedStreams(EngineExecutionOrchestrator.java:141) [junit-platform-launcher-1.10.1.jar:1.10.1]
	at org.junit.platform.launcher.core.EngineExecutionOrchestrator.execute(EngineExecutionOrchestrator.java:57) [junit-platform-launcher-1.10.1.jar:1.10.1]
	at org.junit.platform.launcher.core.DefaultLauncher.execute(DefaultLauncher.java:103) [junit-platform-launcher-1.10.1.jar:1.10.1]
	at org.junit.platform.launcher.core.DefaultLauncher.execute(DefaultLauncher.java:85) [junit-platform-launcher-1.10.1.jar:1.10.1]
	at org.junit.platform.launcher.core.DelegatingLauncher.execute(DelegatingLauncher.java:47) [junit-platform-launcher-1.10.1.jar:1.10.1]
	at org.apache.maven.surefire.junitplatform.LazyLauncher.execute(LazyLauncher.java:56) [surefire-junit-platform-3.1.2.jar:3.1.2]
	at org.apache.maven.surefire.junitplatform.JUnitPlatformProvider.execute(JUnitPlatformProvider.java:184) [surefire-junit-platform-3.1.2.jar:3.1.2]
	at org.apache.maven.surefire.junitplatform.JUnitPlatformProvider.invokeAllTests(JUnitPlatformProvider.java:148) [surefire-junit-platform-3.1.2.jar:3.1.2]
	at org.apache.maven.surefire.junitplatform.JUnitPlatformProvider.invoke(JUnitPlatformProvider.java:122) [surefire-junit-platform-3.1.2.jar:3.1.2]
	at org.apache.maven.surefire.booter.ForkedBooter.runSuitesInProcess(ForkedBooter.java:385) [surefire-booter-3.1.2.jar:3.1.2]
	at org.apache.maven.surefire.booter.ForkedBooter.execute(ForkedBooter.java:162) [surefire-booter-3.1.2.jar:3.1.2]
	at org.apache.maven.surefire.booter.ForkedBooter.run(ForkedBooter.java:507) [surefire-booter-3.1.2.jar:3.1.2]
	at org.apache.maven.surefire.booter.ForkedBooter.main(ForkedBooter.java:495) [surefire-booter-3.1.2.jar:3.1.2]
Caused by: java.sql.SQLSyntaxErrorException: Table 'agroplantationapp.producer_request' doesn't exist
	at com.mysql.cj.jdbc.exceptions.SQLError.createSQLException(SQLError.java:121) ~[mysql-connector-j-8.1.0.jar:8.1.0]
	at com.mysql.cj.jdbc.exceptions.SQLExceptionsMapping.translateException(SQLExceptionsMapping.java:122) ~[mysql-connector-j-8.1.0.jar:8.1.0]
	at com.mysql.cj.jdbc.StatementImpl.executeInternal(StatementImpl.java:763) ~[mysql-connector-j-8.1.0.jar:8.1.0]
	at com.mysql.cj.jdbc.StatementImpl.execute(StatementImpl.java:648) ~[mysql-connector-j-8.1.0.jar:8.1.0]
	at com.zaxxer.hikari.pool.ProxyStatement.execute(ProxyStatement.java:94) ~[HikariCP-5.0.1.jar:?]
	at com.zaxxer.hikari.pool.HikariProxyStatement.execute(HikariProxyStatement.java) ~[HikariCP-5.0.1.jar:?]
	at org.hibernate.tool.schema.internal.exec.GenerationTargetToDatabase.accept(GenerationTargetToDatabase.java:80) ~[hibernate-core-6.4.1.Final.jar:6.4.1.Final]
	... 111 more
Hibernate: 
    alter table producer_request 
       drop 
       foreign key FKqd0nac3er2495ojj3pscgyqjh
2024-07-17 08:14:51,057 WARN o.h.t.s.i.ExceptionHandlerLoggedImpl [main] GenerationTarget encountered exception accepting command : Error executing DDL "
    alter table producer_request 
       drop 
       foreign key FKqd0nac3er2495ojj3pscgyqjh" via JDBC [Table 'agroplantationapp.producer_request' doesn't exist]
org.hibernate.tool.schema.spi.CommandAcceptanceException: Error executing DDL "
    alter table producer_request 
       drop 
       foreign key FKqd0nac3er2495ojj3pscgyqjh" via JDBC [Table 'agroplantationapp.producer_request' doesn't exist]
	at org.hibernate.tool.schema.internal.exec.GenerationTargetToDatabase.accept(GenerationTargetToDatabase.java:94) ~[hibernate-core-6.4.1.Final.jar:6.4.1.Final]
	at org.hibernate.tool.schema.internal.Helper.applySqlString(Helper.java:233) ~[hibernate-core-6.4.1.Final.jar:6.4.1.Final]
	at org.hibernate.tool.schema.internal.Helper.applySqlStrings(Helper.java:217) ~[hibernate-core-6.4.1.Final.jar:6.4.1.Final]
	at org.hibernate.tool.schema.internal.SchemaDropperImpl.applyConstraintDropping(SchemaDropperImpl.java:470) ~[hibernate-core-6.4.1.Final.jar:6.4.1.Final]
	at org.hibernate.tool.schema.internal.SchemaDropperImpl.dropConstraintsTablesSequences(SchemaDropperImpl.java:242) ~[hibernate-core-6.4.1.Final.jar:6.4.1.Final]
	at org.hibernate.tool.schema.internal.SchemaDropperImpl.dropFromMetadata(SchemaDropperImpl.java:215) ~[hibernate-core-6.4.1.Final.jar:6.4.1.Final]
	at org.hibernate.tool.schema.internal.SchemaDropperImpl.performDrop(SchemaDropperImpl.java:185) ~[hibernate-core-6.4.1.Final.jar:6.4.1.Final]
	at org.hibernate.tool.schema.internal.SchemaDropperImpl.doDrop(SchemaDropperImpl.java:155) ~[hibernate-core-6.4.1.Final.jar:6.4.1.Final]
	at org.hibernate.tool.schema.internal.SchemaDropperImpl.doDrop(SchemaDropperImpl.java:115) ~[hibernate-core-6.4.1.Final.jar:6.4.1.Final]
	at org.hibernate.tool.schema.spi.SchemaManagementToolCoordinator.performDatabaseAction(SchemaManagementToolCoordinator.java:244) ~[hibernate-core-6.4.1.Final.jar:6.4.1.Final]
	at org.hibernate.tool.schema.spi.SchemaManagementToolCoordinator.lambda$process$5(SchemaManagementToolCoordinator.java:145) ~[hibernate-core-6.4.1.Final.jar:6.4.1.Final]
	at java.base/java.util.HashMap.forEach(HashMap.java:1421) ~[?:?]
	at org.hibernate.tool.schema.spi.SchemaManagementToolCoordinator.process(SchemaManagementToolCoordinator.java:142) ~[hibernate-core-6.4.1.Final.jar:6.4.1.Final]
	at org.hibernate.boot.internal.SessionFactoryObserverForSchemaExport.sessionFactoryCreated(SessionFactoryObserverForSchemaExport.java:37) ~[hibernate-core-6.4.1.Final.jar:6.4.1.Final]
	at org.hibernate.internal.SessionFactoryObserverChain.sessionFactoryCreated(SessionFactoryObserverChain.java:35) ~[hibernate-core-6.4.1.Final.jar:6.4.1.Final]
	at org.hibernate.internal.SessionFactoryImpl.<init>(SessionFactoryImpl.java:315) ~[hibernate-core-6.4.1.Final.jar:6.4.1.Final]
	at org.hibernate.boot.internal.SessionFactoryBuilderImpl.build(SessionFactoryBuilderImpl.java:450) ~[hibernate-core-6.4.1.Final.jar:6.4.1.Final]
	at org.hibernate.jpa.boot.internal.EntityManagerFactoryBuilderImpl.build(EntityManagerFactoryBuilderImpl.java:1507) ~[hibernate-core-6.4.1.Final.jar:6.4.1.Final]
	at org.springframework.orm.jpa.vendor.SpringHibernateJpaPersistenceProvider.createContainerEntityManagerFactory(SpringHibernateJpaPersistenceProvider.java:75) ~[spring-orm-6.1.2.jar:6.1.2]
	at org.springframework.orm.jpa.LocalContainerEntityManagerFactoryBean.createNativeEntityManagerFactory(LocalContainerEntityManagerFactoryBean.java:376) ~[spring-orm-6.1.2.jar:6.1.2]
	at org.springframework.orm.jpa.AbstractEntityManagerFactoryBean.buildNativeEntityManagerFactory(AbstractEntityManagerFactoryBean.java:409) ~[spring-orm-6.1.2.jar:6.1.2]
	at org.springframework.orm.jpa.AbstractEntityManagerFactoryBean.afterPropertiesSet(AbstractEntityManagerFactoryBean.java:396) ~[spring-orm-6.1.2.jar:6.1.2]
	at org.springframework.orm.jpa.LocalContainerEntityManagerFactoryBean.afterPropertiesSet(LocalContainerEntityManagerFactoryBean.java:352) ~[spring-orm-6.1.2.jar:6.1.2]
	at org.springframework.beans.factory.support.AbstractAutowireCapableBeanFactory.invokeInitMethods(AbstractAutowireCapableBeanFactory.java:1820) ~[spring-beans-6.1.2.jar:6.1.2]
	at org.springframework.beans.factory.support.AbstractAutowireCapableBeanFactory.initializeBean(AbstractAutowireCapableBeanFactory.java:1769) ~[spring-beans-6.1.2.jar:6.1.2]
	at org.springframework.beans.factory.support.AbstractAutowireCapableBeanFactory.doCreateBean(AbstractAutowireCapableBeanFactory.java:599) ~[spring-beans-6.1.2.jar:6.1.2]
	at org.springframework.beans.factory.support.AbstractAutowireCapableBeanFactory.createBean(AbstractAutowireCapableBeanFactory.java:521) ~[spring-beans-6.1.2.jar:6.1.2]
	at org.springframework.beans.factory.support.AbstractBeanFactory.lambda$doGetBean$0(AbstractBeanFactory.java:325) ~[spring-beans-6.1.2.jar:6.1.2]
	at org.springframework.beans.factory.support.DefaultSingletonBeanRegistry.getSingleton(DefaultSingletonBeanRegistry.java:234) ~[spring-beans-6.1.2.jar:6.1.2]
	at org.springframework.beans.factory.support.AbstractBeanFactory.doGetBean(AbstractBeanFactory.java:323) ~[spring-beans-6.1.2.jar:6.1.2]
	at org.springframework.beans.factory.support.AbstractBeanFactory.getBean(AbstractBeanFactory.java:199) ~[spring-beans-6.1.2.jar:6.1.2]
	at org.springframework.context.support.AbstractApplicationContext.getBean(AbstractApplicationContext.java:1232) ~[spring-context-6.1.2.jar:6.1.2]
	at org.springframework.context.support.AbstractApplicationContext.finishBeanFactoryInitialization(AbstractApplicationContext.java:950) ~[spring-context-6.1.2.jar:6.1.2]
	at org.springframework.context.support.AbstractApplicationContext.refresh(AbstractApplicationContext.java:625) ~[spring-context-6.1.2.jar:6.1.2]
	at org.springframework.boot.SpringApplication.refresh(SpringApplication.java:762) ~[spring-boot-3.2.1.jar:3.2.1]
	at org.springframework.boot.SpringApplication.refreshContext(SpringApplication.java:464) ~[spring-boot-3.2.1.jar:3.2.1]
	at org.springframework.boot.SpringApplication.run(SpringApplication.java:334) ~[spring-boot-3.2.1.jar:3.2.1]
	at org.springframework.boot.test.context.SpringBootContextLoader.lambda$loadContext$3(SpringBootContextLoader.java:137) ~[spring-boot-test-3.2.1.jar:3.2.1]
	at org.springframework.util.function.ThrowingSupplier.get(ThrowingSupplier.java:58) ~[spring-core-6.1.2.jar:6.1.2]
	at org.springframework.util.function.ThrowingSupplier.get(ThrowingSupplier.java:46) ~[spring-core-6.1.2.jar:6.1.2]
	at org.springframework.boot.SpringApplication.withHook(SpringApplication.java:1458) ~[spring-boot-3.2.1.jar:3.2.1]
	at org.springframework.boot.test.context.SpringBootContextLoader$ContextLoaderHook.run(SpringBootContextLoader.java:552) ~[spring-boot-test-3.2.1.jar:3.2.1]
	at org.springframework.boot.test.context.SpringBootContextLoader.loadContext(SpringBootContextLoader.java:137) ~[spring-boot-test-3.2.1.jar:3.2.1]
	at org.springframework.boot.test.context.SpringBootContextLoader.loadContext(SpringBootContextLoader.java:108) ~[spring-boot-test-3.2.1.jar:3.2.1]
	at org.springframework.test.context.cache.DefaultCacheAwareContextLoaderDelegate.loadContextInternal(DefaultCacheAwareContextLoaderDelegate.java:225) ~[spring-test-6.1.2.jar:6.1.2]
	at org.springframework.test.context.cache.DefaultCacheAwareContextLoaderDelegate.loadContext(DefaultCacheAwareContextLoaderDelegate.java:152) ~[spring-test-6.1.2.jar:6.1.2]
	at org.springframework.test.context.support.DefaultTestContext.getApplicationContext(DefaultTestContext.java:130) ~[spring-test-6.1.2.jar:6.1.2]
	at org.springframework.test.context.web.ServletTestExecutionListener.setUpRequestContextIfNecessary(ServletTestExecutionListener.java:191) ~[spring-test-6.1.2.jar:6.1.2]
	at org.springframework.test.context.web.ServletTestExecutionListener.prepareTestInstance(ServletTestExecutionListener.java:130) ~[spring-test-6.1.2.jar:6.1.2]
	at org.springframework.test.context.TestContextManager.prepareTestInstance(TestContextManager.java:260) ~[spring-test-6.1.2.jar:6.1.2]
	at org.springframework.test.context.junit.jupiter.SpringExtension.postProcessTestInstance(SpringExtension.java:163) ~[spring-test-6.1.2.jar:6.1.2]
	at org.junit.jupiter.engine.descriptor.ClassBasedTestDescriptor.lambda$invokeTestInstancePostProcessors$10(ClassBasedTestDescriptor.java:378) ~[junit-jupiter-engine-5.10.1.jar:5.10.1]
	at org.junit.jupiter.engine.descriptor.ClassBasedTestDescriptor.executeAndMaskThrowable(ClassBasedTestDescriptor.java:383) ~[junit-jupiter-engine-5.10.1.jar:5.10.1]
	at org.junit.jupiter.engine.descriptor.ClassBasedTestDescriptor.lambda$invokeTestInstancePostProcessors$11(ClassBasedTestDescriptor.java:378) ~[junit-jupiter-engine-5.10.1.jar:5.10.1]
	at java.base/java.util.stream.ReferencePipeline$3$1.accept(ReferencePipeline.java:197) ~[?:?]
	at java.base/java.util.stream.ReferencePipeline$2$1.accept(ReferencePipeline.java:179) ~[?:?]
	at java.base/java.util.ArrayList$ArrayListSpliterator.forEachRemaining(ArrayList.java:1625) ~[?:?]
	at java.base/java.util.stream.AbstractPipeline.copyInto(AbstractPipeline.java:509) ~[?:?]
	at java.base/java.util.stream.AbstractPipeline.wrapAndCopyInto(AbstractPipeline.java:499) ~[?:?]
	at java.base/java.util.stream.StreamSpliterators$WrappingSpliterator.forEachRemaining(StreamSpliterators.java:310) ~[?:?]
	at java.base/java.util.stream.Streams$ConcatSpliterator.forEachRemaining(Streams.java:735) ~[?:?]
	at java.base/java.util.stream.ReferencePipeline$Head.forEach(ReferencePipeline.java:762) ~[?:?]
	at org.junit.jupiter.engine.descriptor.ClassBasedTestDescriptor.invokeTestInstancePostProcessors(ClassBasedTestDescriptor.java:377) ~[junit-jupiter-engine-5.10.1.jar:5.10.1]
	at org.junit.jupiter.engine.descriptor.ClassBasedTestDescriptor.lambda$instantiateAndPostProcessTestInstance$6(ClassBasedTestDescriptor.java:290) ~[junit-jupiter-engine-5.10.1.jar:5.10.1]
	at org.junit.platform.engine.support.hierarchical.ThrowableCollector.execute(ThrowableCollector.java:73) ~[junit-platform-engine-1.10.1.jar:1.10.1]
	at org.junit.jupiter.engine.descriptor.ClassBasedTestDescriptor.instantiateAndPostProcessTestInstance(ClassBasedTestDescriptor.java:289) ~[junit-jupiter-engine-5.10.1.jar:5.10.1]
	at org.junit.jupiter.engine.descriptor.ClassBasedTestDescriptor.lambda$testInstancesProvider$4(ClassBasedTestDescriptor.java:279) ~[junit-jupiter-engine-5.10.1.jar:5.10.1]
	at java.base/java.util.Optional.orElseGet(Optional.java:364) ~[?:?]
	at org.junit.jupiter.engine.descriptor.ClassBasedTestDescriptor.lambda$testInstancesProvider$5(ClassBasedTestDescriptor.java:278) ~[junit-jupiter-engine-5.10.1.jar:5.10.1]
	at org.junit.jupiter.engine.execution.TestInstancesProvider.getTestInstances(TestInstancesProvider.java:31) ~[junit-jupiter-engine-5.10.1.jar:5.10.1]
	at org.junit.jupiter.engine.descriptor.ClassBasedTestDescriptor.lambda$before$2(ClassBasedTestDescriptor.java:204) ~[junit-jupiter-engine-5.10.1.jar:5.10.1]
	at org.junit.platform.engine.support.hierarchical.ThrowableCollector.execute(ThrowableCollector.java:73) ~[junit-platform-engine-1.10.1.jar:1.10.1]
	at org.junit.jupiter.engine.descriptor.ClassBasedTestDescriptor.before(ClassBasedTestDescriptor.java:203) ~[junit-jupiter-engine-5.10.1.jar:5.10.1]
	at org.junit.jupiter.engine.descriptor.ClassBasedTestDescriptor.before(ClassBasedTestDescriptor.java:85) ~[junit-jupiter-engine-5.10.1.jar:5.10.1]
	at org.junit.platform.engine.support.hierarchical.NodeTestTask.lambda$executeRecursively$6(NodeTestTask.java:148) ~[junit-platform-engine-1.10.1.jar:1.10.1]
	at org.junit.platform.engine.support.hierarchical.ThrowableCollector.execute(ThrowableCollector.java:73) ~[junit-platform-engine-1.10.1.jar:1.10.1]
	at org.junit.platform.engine.support.hierarchical.NodeTestTask.lambda$executeRecursively$8(NodeTestTask.java:141) ~[junit-platform-engine-1.10.1.jar:1.10.1]
	at org.junit.platform.engine.support.hierarchical.Node.around(Node.java:137) ~[junit-platform-engine-1.10.1.jar:1.10.1]
	at org.junit.platform.engine.support.hierarchical.NodeTestTask.lambda$executeRecursively$9(NodeTestTask.java:139) ~[junit-platform-engine-1.10.1.jar:1.10.1]
	at org.junit.platform.engine.support.hierarchical.ThrowableCollector.execute(ThrowableCollector.java:73) ~[junit-platform-engine-1.10.1.jar:1.10.1]
	at org.junit.platform.engine.support.hierarchical.NodeTestTask.executeRecursively(NodeTestTask.java:138) ~[junit-platform-engine-1.10.1.jar:1.10.1]
	at org.junit.platform.engine.support.hierarchical.NodeTestTask.execute(NodeTestTask.java:95) ~[junit-platform-engine-1.10.1.jar:1.10.1]
	at java.base/java.util.ArrayList.forEach(ArrayList.java:1511) ~[?:?]
	at org.junit.platform.engine.support.hierarchical.SameThreadHierarchicalTestExecutorService.invokeAll(SameThreadHierarchicalTestExecutorService.java:41) ~[junit-platform-engine-1.10.1.jar:1.10.1]
	at org.junit.platform.engine.support.hierarchical.NodeTestTask.lambda$executeRecursively$6(NodeTestTask.java:155) ~[junit-platform-engine-1.10.1.jar:1.10.1]
	at org.junit.platform.engine.support.hierarchical.ThrowableCollector.execute(ThrowableCollector.java:73) ~[junit-platform-engine-1.10.1.jar:1.10.1]
	at org.junit.platform.engine.support.hierarchical.NodeTestTask.lambda$executeRecursively$8(NodeTestTask.java:141) ~[junit-platform-engine-1.10.1.jar:1.10.1]
	at org.junit.platform.engine.support.hierarchical.Node.around(Node.java:137) ~[junit-platform-engine-1.10.1.jar:1.10.1]
	at org.junit.platform.engine.support.hierarchical.NodeTestTask.lambda$executeRecursively$9(NodeTestTask.java:139) ~[junit-platform-engine-1.10.1.jar:1.10.1]
	at org.junit.platform.engine.support.hierarchical.ThrowableCollector.execute(ThrowableCollector.java:73) ~[junit-platform-engine-1.10.1.jar:1.10.1]
	at org.junit.platform.engine.support.hierarchical.NodeTestTask.executeRecursively(NodeTestTask.java:138) ~[junit-platform-engine-1.10.1.jar:1.10.1]
	at org.junit.platform.engine.support.hierarchical.NodeTestTask.execute(NodeTestTask.java:95) ~[junit-platform-engine-1.10.1.jar:1.10.1]
	at org.junit.platform.engine.support.hierarchical.SameThreadHierarchicalTestExecutorService.submit(SameThreadHierarchicalTestExecutorService.java:35) ~[junit-platform-engine-1.10.1.jar:1.10.1]
	at org.junit.platform.engine.support.hierarchical.HierarchicalTestExecutor.execute(HierarchicalTestExecutor.java:57) ~[junit-platform-engine-1.10.1.jar:1.10.1]
	at org.junit.platform.engine.support.hierarchical.HierarchicalTestEngine.execute(HierarchicalTestEngine.java:54) ~[junit-platform-engine-1.10.1.jar:1.10.1]
	at org.junit.platform.launcher.core.EngineExecutionOrchestrator.execute(EngineExecutionOrchestrator.java:198) ~[junit-platform-launcher-1.10.1.jar:1.10.1]
	at org.junit.platform.launcher.core.EngineExecutionOrchestrator.execute(EngineExecutionOrchestrator.java:169) ~[junit-platform-launcher-1.10.1.jar:1.10.1]
	at org.junit.platform.launcher.core.EngineExecutionOrchestrator.execute(EngineExecutionOrchestrator.java:93) ~[junit-platform-launcher-1.10.1.jar:1.10.1]
	at org.junit.platform.launcher.core.EngineExecutionOrchestrator.lambda$execute$0(EngineExecutionOrchestrator.java:58) ~[junit-platform-launcher-1.10.1.jar:1.10.1]
	at org.junit.platform.launcher.core.EngineExecutionOrchestrator.withInterceptedStreams(EngineExecutionOrchestrator.java:141) [junit-platform-launcher-1.10.1.jar:1.10.1]
	at org.junit.platform.launcher.core.EngineExecutionOrchestrator.execute(EngineExecutionOrchestrator.java:57) [junit-platform-launcher-1.10.1.jar:1.10.1]
	at org.junit.platform.launcher.core.DefaultLauncher.execute(DefaultLauncher.java:103) [junit-platform-launcher-1.10.1.jar:1.10.1]
	at org.junit.platform.launcher.core.DefaultLauncher.execute(DefaultLauncher.java:85) [junit-platform-launcher-1.10.1.jar:1.10.1]
	at org.junit.platform.launcher.core.DelegatingLauncher.execute(DelegatingLauncher.java:47) [junit-platform-launcher-1.10.1.jar:1.10.1]
	at org.apache.maven.surefire.junitplatform.LazyLauncher.execute(LazyLauncher.java:56) [surefire-junit-platform-3.1.2.jar:3.1.2]
	at org.apache.maven.surefire.junitplatform.JUnitPlatformProvider.execute(JUnitPlatformProvider.java:184) [surefire-junit-platform-3.1.2.jar:3.1.2]
	at org.apache.maven.surefire.junitplatform.JUnitPlatformProvider.invokeAllTests(JUnitPlatformProvider.java:148) [surefire-junit-platform-3.1.2.jar:3.1.2]
	at org.apache.maven.surefire.junitplatform.JUnitPlatformProvider.invoke(JUnitPlatformProvider.java:122) [surefire-junit-platform-3.1.2.jar:3.1.2]
	at org.apache.maven.surefire.booter.ForkedBooter.runSuitesInProcess(ForkedBooter.java:385) [surefire-booter-3.1.2.jar:3.1.2]
	at org.apache.maven.surefire.booter.ForkedBooter.execute(ForkedBooter.java:162) [surefire-booter-3.1.2.jar:3.1.2]
	at org.apache.maven.surefire.booter.ForkedBooter.run(ForkedBooter.java:507) [surefire-booter-3.1.2.jar:3.1.2]
	at org.apache.maven.surefire.booter.ForkedBooter.main(ForkedBooter.java:495) [surefire-booter-3.1.2.jar:3.1.2]
Caused by: java.sql.SQLSyntaxErrorException: Table 'agroplantationapp.producer_request' doesn't exist
	at com.mysql.cj.jdbc.exceptions.SQLError.createSQLException(SQLError.java:121) ~[mysql-connector-j-8.1.0.jar:8.1.0]
	at com.mysql.cj.jdbc.exceptions.SQLExceptionsMapping.translateException(SQLExceptionsMapping.java:122) ~[mysql-connector-j-8.1.0.jar:8.1.0]
	at com.mysql.cj.jdbc.StatementImpl.executeInternal(StatementImpl.java:763) ~[mysql-connector-j-8.1.0.jar:8.1.0]
	at com.mysql.cj.jdbc.StatementImpl.execute(StatementImpl.java:648) ~[mysql-connector-j-8.1.0.jar:8.1.0]
	at com.zaxxer.hikari.pool.ProxyStatement.execute(ProxyStatement.java:94) ~[HikariCP-5.0.1.jar:?]
	at com.zaxxer.hikari.pool.HikariProxyStatement.execute(HikariProxyStatement.java) ~[HikariCP-5.0.1.jar:?]
	at org.hibernate.tool.schema.internal.exec.GenerationTargetToDatabase.accept(GenerationTargetToDatabase.java:80) ~[hibernate-core-6.4.1.Final.jar:6.4.1.Final]
	... 111 more
Hibernate: 
    alter table publication 
       drop 
       foreign key FK2o4jxy4fxg8cdqrvp8matpo1e
2024-07-17 08:14:51,061 WARN o.h.t.s.i.ExceptionHandlerLoggedImpl [main] GenerationTarget encountered exception accepting command : Error executing DDL "
    alter table publication 
       drop 
       foreign key FK2o4jxy4fxg8cdqrvp8matpo1e" via JDBC [Table 'agroplantationapp.publication' doesn't exist]
org.hibernate.tool.schema.spi.CommandAcceptanceException: Error executing DDL "
    alter table publication 
       drop 
       foreign key FK2o4jxy4fxg8cdqrvp8matpo1e" via JDBC [Table 'agroplantationapp.publication' doesn't exist]
	at org.hibernate.tool.schema.internal.exec.GenerationTargetToDatabase.accept(GenerationTargetToDatabase.java:94) ~[hibernate-core-6.4.1.Final.jar:6.4.1.Final]
	at org.hibernate.tool.schema.internal.Helper.applySqlString(Helper.java:233) ~[hibernate-core-6.4.1.Final.jar:6.4.1.Final]
	at org.hibernate.tool.schema.internal.Helper.applySqlStrings(Helper.java:217) ~[hibernate-core-6.4.1.Final.jar:6.4.1.Final]
	at org.hibernate.tool.schema.internal.SchemaDropperImpl.applyConstraintDropping(SchemaDropperImpl.java:470) ~[hibernate-core-6.4.1.Final.jar:6.4.1.Final]
	at org.hibernate.tool.schema.internal.SchemaDropperImpl.dropConstraintsTablesSequences(SchemaDropperImpl.java:242) ~[hibernate-core-6.4.1.Final.jar:6.4.1.Final]
	at org.hibernate.tool.schema.internal.SchemaDropperImpl.dropFromMetadata(SchemaDropperImpl.java:215) ~[hibernate-core-6.4.1.Final.jar:6.4.1.Final]
	at org.hibernate.tool.schema.internal.SchemaDropperImpl.performDrop(SchemaDropperImpl.java:185) ~[hibernate-core-6.4.1.Final.jar:6.4.1.Final]
	at org.hibernate.tool.schema.internal.SchemaDropperImpl.doDrop(SchemaDropperImpl.java:155) ~[hibernate-core-6.4.1.Final.jar:6.4.1.Final]
	at org.hibernate.tool.schema.internal.SchemaDropperImpl.doDrop(SchemaDropperImpl.java:115) ~[hibernate-core-6.4.1.Final.jar:6.4.1.Final]
	at org.hibernate.tool.schema.spi.SchemaManagementToolCoordinator.performDatabaseAction(SchemaManagementToolCoordinator.java:244) ~[hibernate-core-6.4.1.Final.jar:6.4.1.Final]
	at org.hibernate.tool.schema.spi.SchemaManagementToolCoordinator.lambda$process$5(SchemaManagementToolCoordinator.java:145) ~[hibernate-core-6.4.1.Final.jar:6.4.1.Final]
	at java.base/java.util.HashMap.forEach(HashMap.java:1421) ~[?:?]
	at org.hibernate.tool.schema.spi.SchemaManagementToolCoordinator.process(SchemaManagementToolCoordinator.java:142) ~[hibernate-core-6.4.1.Final.jar:6.4.1.Final]
	at org.hibernate.boot.internal.SessionFactoryObserverForSchemaExport.sessionFactoryCreated(SessionFactoryObserverForSchemaExport.java:37) ~[hibernate-core-6.4.1.Final.jar:6.4.1.Final]
	at org.hibernate.internal.SessionFactoryObserverChain.sessionFactoryCreated(SessionFactoryObserverChain.java:35) ~[hibernate-core-6.4.1.Final.jar:6.4.1.Final]
	at org.hibernate.internal.SessionFactoryImpl.<init>(SessionFactoryImpl.java:315) ~[hibernate-core-6.4.1.Final.jar:6.4.1.Final]
	at org.hibernate.boot.internal.SessionFactoryBuilderImpl.build(SessionFactoryBuilderImpl.java:450) ~[hibernate-core-6.4.1.Final.jar:6.4.1.Final]
	at org.hibernate.jpa.boot.internal.EntityManagerFactoryBuilderImpl.build(EntityManagerFactoryBuilderImpl.java:1507) ~[hibernate-core-6.4.1.Final.jar:6.4.1.Final]
	at org.springframework.orm.jpa.vendor.SpringHibernateJpaPersistenceProvider.createContainerEntityManagerFactory(SpringHibernateJpaPersistenceProvider.java:75) ~[spring-orm-6.1.2.jar:6.1.2]
	at org.springframework.orm.jpa.LocalContainerEntityManagerFactoryBean.createNativeEntityManagerFactory(LocalContainerEntityManagerFactoryBean.java:376) ~[spring-orm-6.1.2.jar:6.1.2]
	at org.springframework.orm.jpa.AbstractEntityManagerFactoryBean.buildNativeEntityManagerFactory(AbstractEntityManagerFactoryBean.java:409) ~[spring-orm-6.1.2.jar:6.1.2]
	at org.springframework.orm.jpa.AbstractEntityManagerFactoryBean.afterPropertiesSet(AbstractEntityManagerFactoryBean.java:396) ~[spring-orm-6.1.2.jar:6.1.2]
	at org.springframework.orm.jpa.LocalContainerEntityManagerFactoryBean.afterPropertiesSet(LocalContainerEntityManagerFactoryBean.java:352) ~[spring-orm-6.1.2.jar:6.1.2]
	at org.springframework.beans.factory.support.AbstractAutowireCapableBeanFactory.invokeInitMethods(AbstractAutowireCapableBeanFactory.java:1820) ~[spring-beans-6.1.2.jar:6.1.2]
	at org.springframework.beans.factory.support.AbstractAutowireCapableBeanFactory.initializeBean(AbstractAutowireCapableBeanFactory.java:1769) ~[spring-beans-6.1.2.jar:6.1.2]
	at org.springframework.beans.factory.support.AbstractAutowireCapableBeanFactory.doCreateBean(AbstractAutowireCapableBeanFactory.java:599) ~[spring-beans-6.1.2.jar:6.1.2]
	at org.springframework.beans.factory.support.AbstractAutowireCapableBeanFactory.createBean(AbstractAutowireCapableBeanFactory.java:521) ~[spring-beans-6.1.2.jar:6.1.2]
	at org.springframework.beans.factory.support.AbstractBeanFactory.lambda$doGetBean$0(AbstractBeanFactory.java:325) ~[spring-beans-6.1.2.jar:6.1.2]
	at org.springframework.beans.factory.support.DefaultSingletonBeanRegistry.getSingleton(DefaultSingletonBeanRegistry.java:234) ~[spring-beans-6.1.2.jar:6.1.2]
	at org.springframework.beans.factory.support.AbstractBeanFactory.doGetBean(AbstractBeanFactory.java:323) ~[spring-beans-6.1.2.jar:6.1.2]
	at org.springframework.beans.factory.support.AbstractBeanFactory.getBean(AbstractBeanFactory.java:199) ~[spring-beans-6.1.2.jar:6.1.2]
	at org.springframework.context.support.AbstractApplicationContext.getBean(AbstractApplicationContext.java:1232) ~[spring-context-6.1.2.jar:6.1.2]
	at org.springframework.context.support.AbstractApplicationContext.finishBeanFactoryInitialization(AbstractApplicationContext.java:950) ~[spring-context-6.1.2.jar:6.1.2]
	at org.springframework.context.support.AbstractApplicationContext.refresh(AbstractApplicationContext.java:625) ~[spring-context-6.1.2.jar:6.1.2]
	at org.springframework.boot.SpringApplication.refresh(SpringApplication.java:762) ~[spring-boot-3.2.1.jar:3.2.1]
	at org.springframework.boot.SpringApplication.refreshContext(SpringApplication.java:464) ~[spring-boot-3.2.1.jar:3.2.1]
	at org.springframework.boot.SpringApplication.run(SpringApplication.java:334) ~[spring-boot-3.2.1.jar:3.2.1]
	at org.springframework.boot.test.context.SpringBootContextLoader.lambda$loadContext$3(SpringBootContextLoader.java:137) ~[spring-boot-test-3.2.1.jar:3.2.1]
	at org.springframework.util.function.ThrowingSupplier.get(ThrowingSupplier.java:58) ~[spring-core-6.1.2.jar:6.1.2]
	at org.springframework.util.function.ThrowingSupplier.get(ThrowingSupplier.java:46) ~[spring-core-6.1.2.jar:6.1.2]
	at org.springframework.boot.SpringApplication.withHook(SpringApplication.java:1458) ~[spring-boot-3.2.1.jar:3.2.1]
	at org.springframework.boot.test.context.SpringBootContextLoader$ContextLoaderHook.run(SpringBootContextLoader.java:552) ~[spring-boot-test-3.2.1.jar:3.2.1]
	at org.springframework.boot.test.context.SpringBootContextLoader.loadContext(SpringBootContextLoader.java:137) ~[spring-boot-test-3.2.1.jar:3.2.1]
	at org.springframework.boot.test.context.SpringBootContextLoader.loadContext(SpringBootContextLoader.java:108) ~[spring-boot-test-3.2.1.jar:3.2.1]
	at org.springframework.test.context.cache.DefaultCacheAwareContextLoaderDelegate.loadContextInternal(DefaultCacheAwareContextLoaderDelegate.java:225) ~[spring-test-6.1.2.jar:6.1.2]
	at org.springframework.test.context.cache.DefaultCacheAwareContextLoaderDelegate.loadContext(DefaultCacheAwareContextLoaderDelegate.java:152) ~[spring-test-6.1.2.jar:6.1.2]
	at org.springframework.test.context.support.DefaultTestContext.getApplicationContext(DefaultTestContext.java:130) ~[spring-test-6.1.2.jar:6.1.2]
	at org.springframework.test.context.web.ServletTestExecutionListener.setUpRequestContextIfNecessary(ServletTestExecutionListener.java:191) ~[spring-test-6.1.2.jar:6.1.2]
	at org.springframework.test.context.web.ServletTestExecutionListener.prepareTestInstance(ServletTestExecutionListener.java:130) ~[spring-test-6.1.2.jar:6.1.2]
	at org.springframework.test.context.TestContextManager.prepareTestInstance(TestContextManager.java:260) ~[spring-test-6.1.2.jar:6.1.2]
	at org.springframework.test.context.junit.jupiter.SpringExtension.postProcessTestInstance(SpringExtension.java:163) ~[spring-test-6.1.2.jar:6.1.2]
	at org.junit.jupiter.engine.descriptor.ClassBasedTestDescriptor.lambda$invokeTestInstancePostProcessors$10(ClassBasedTestDescriptor.java:378) ~[junit-jupiter-engine-5.10.1.jar:5.10.1]
	at org.junit.jupiter.engine.descriptor.ClassBasedTestDescriptor.executeAndMaskThrowable(ClassBasedTestDescriptor.java:383) ~[junit-jupiter-engine-5.10.1.jar:5.10.1]
	at org.junit.jupiter.engine.descriptor.ClassBasedTestDescriptor.lambda$invokeTestInstancePostProcessors$11(ClassBasedTestDescriptor.java:378) ~[junit-jupiter-engine-5.10.1.jar:5.10.1]
	at java.base/java.util.stream.ReferencePipeline$3$1.accept(ReferencePipeline.java:197) ~[?:?]
	at java.base/java.util.stream.ReferencePipeline$2$1.accept(ReferencePipeline.java:179) ~[?:?]
	at java.base/java.util.ArrayList$ArrayListSpliterator.forEachRemaining(ArrayList.java:1625) ~[?:?]
	at java.base/java.util.stream.AbstractPipeline.copyInto(AbstractPipeline.java:509) ~[?:?]
	at java.base/java.util.stream.AbstractPipeline.wrapAndCopyInto(AbstractPipeline.java:499) ~[?:?]
	at java.base/java.util.stream.StreamSpliterators$WrappingSpliterator.forEachRemaining(StreamSpliterators.java:310) ~[?:?]
	at java.base/java.util.stream.Streams$ConcatSpliterator.forEachRemaining(Streams.java:735) ~[?:?]
	at java.base/java.util.stream.ReferencePipeline$Head.forEach(ReferencePipeline.java:762) ~[?:?]
	at org.junit.jupiter.engine.descriptor.ClassBasedTestDescriptor.invokeTestInstancePostProcessors(ClassBasedTestDescriptor.java:377) ~[junit-jupiter-engine-5.10.1.jar:5.10.1]
	at org.junit.jupiter.engine.descriptor.ClassBasedTestDescriptor.lambda$instantiateAndPostProcessTestInstance$6(ClassBasedTestDescriptor.java:290) ~[junit-jupiter-engine-5.10.1.jar:5.10.1]
	at org.junit.platform.engine.support.hierarchical.ThrowableCollector.execute(ThrowableCollector.java:73) ~[junit-platform-engine-1.10.1.jar:1.10.1]
	at org.junit.jupiter.engine.descriptor.ClassBasedTestDescriptor.instantiateAndPostProcessTestInstance(ClassBasedTestDescriptor.java:289) ~[junit-jupiter-engine-5.10.1.jar:5.10.1]
	at org.junit.jupiter.engine.descriptor.ClassBasedTestDescriptor.lambda$testInstancesProvider$4(ClassBasedTestDescriptor.java:279) ~[junit-jupiter-engine-5.10.1.jar:5.10.1]
	at java.base/java.util.Optional.orElseGet(Optional.java:364) ~[?:?]
	at org.junit.jupiter.engine.descriptor.ClassBasedTestDescriptor.lambda$testInstancesProvider$5(ClassBasedTestDescriptor.java:278) ~[junit-jupiter-engine-5.10.1.jar:5.10.1]
	at org.junit.jupiter.engine.execution.TestInstancesProvider.getTestInstances(TestInstancesProvider.java:31) ~[junit-jupiter-engine-5.10.1.jar:5.10.1]
	at org.junit.jupiter.engine.descriptor.ClassBasedTestDescriptor.lambda$before$2(ClassBasedTestDescriptor.java:204) ~[junit-jupiter-engine-5.10.1.jar:5.10.1]
	at org.junit.platform.engine.support.hierarchical.ThrowableCollector.execute(ThrowableCollector.java:73) ~[junit-platform-engine-1.10.1.jar:1.10.1]
	at org.junit.jupiter.engine.descriptor.ClassBasedTestDescriptor.before(ClassBasedTestDescriptor.java:203) ~[junit-jupiter-engine-5.10.1.jar:5.10.1]
	at org.junit.jupiter.engine.descriptor.ClassBasedTestDescriptor.before(ClassBasedTestDescriptor.java:85) ~[junit-jupiter-engine-5.10.1.jar:5.10.1]
	at org.junit.platform.engine.support.hierarchical.NodeTestTask.lambda$executeRecursively$6(NodeTestTask.java:148) ~[junit-platform-engine-1.10.1.jar:1.10.1]
	at org.junit.platform.engine.support.hierarchical.ThrowableCollector.execute(ThrowableCollector.java:73) ~[junit-platform-engine-1.10.1.jar:1.10.1]
	at org.junit.platform.engine.support.hierarchical.NodeTestTask.lambda$executeRecursively$8(NodeTestTask.java:141) ~[junit-platform-engine-1.10.1.jar:1.10.1]
	at org.junit.platform.engine.support.hierarchical.Node.around(Node.java:137) ~[junit-platform-engine-1.10.1.jar:1.10.1]
	at org.junit.platform.engine.support.hierarchical.NodeTestTask.lambda$executeRecursively$9(NodeTestTask.java:139) ~[junit-platform-engine-1.10.1.jar:1.10.1]
	at org.junit.platform.engine.support.hierarchical.ThrowableCollector.execute(ThrowableCollector.java:73) ~[junit-platform-engine-1.10.1.jar:1.10.1]
	at org.junit.platform.engine.support.hierarchical.NodeTestTask.executeRecursively(NodeTestTask.java:138) ~[junit-platform-engine-1.10.1.jar:1.10.1]
	at org.junit.platform.engine.support.hierarchical.NodeTestTask.execute(NodeTestTask.java:95) ~[junit-platform-engine-1.10.1.jar:1.10.1]
	at java.base/java.util.ArrayList.forEach(ArrayList.java:1511) ~[?:?]
	at org.junit.platform.engine.support.hierarchical.SameThreadHierarchicalTestExecutorService.invokeAll(SameThreadHierarchicalTestExecutorService.java:41) ~[junit-platform-engine-1.10.1.jar:1.10.1]
	at org.junit.platform.engine.support.hierarchical.NodeTestTask.lambda$executeRecursively$6(NodeTestTask.java:155) ~[junit-platform-engine-1.10.1.jar:1.10.1]
	at org.junit.platform.engine.support.hierarchical.ThrowableCollector.execute(ThrowableCollector.java:73) ~[junit-platform-engine-1.10.1.jar:1.10.1]
	at org.junit.platform.engine.support.hierarchical.NodeTestTask.lambda$executeRecursively$8(NodeTestTask.java:141) ~[junit-platform-engine-1.10.1.jar:1.10.1]
	at org.junit.platform.engine.support.hierarchical.Node.around(Node.java:137) ~[junit-platform-engine-1.10.1.jar:1.10.1]
	at org.junit.platform.engine.support.hierarchical.NodeTestTask.lambda$executeRecursively$9(NodeTestTask.java:139) ~[junit-platform-engine-1.10.1.jar:1.10.1]
	at org.junit.platform.engine.support.hierarchical.ThrowableCollector.execute(ThrowableCollector.java:73) ~[junit-platform-engine-1.10.1.jar:1.10.1]
	at org.junit.platform.engine.support.hierarchical.NodeTestTask.executeRecursively(NodeTestTask.java:138) ~[junit-platform-engine-1.10.1.jar:1.10.1]
	at org.junit.platform.engine.support.hierarchical.NodeTestTask.execute(NodeTestTask.java:95) ~[junit-platform-engine-1.10.1.jar:1.10.1]
	at org.junit.platform.engine.support.hierarchical.SameThreadHierarchicalTestExecutorService.submit(SameThreadHierarchicalTestExecutorService.java:35) ~[junit-platform-engine-1.10.1.jar:1.10.1]
	at org.junit.platform.engine.support.hierarchical.HierarchicalTestExecutor.execute(HierarchicalTestExecutor.java:57) ~[junit-platform-engine-1.10.1.jar:1.10.1]
	at org.junit.platform.engine.support.hierarchical.HierarchicalTestEngine.execute(HierarchicalTestEngine.java:54) ~[junit-platform-engine-1.10.1.jar:1.10.1]
	at org.junit.platform.launcher.core.EngineExecutionOrchestrator.execute(EngineExecutionOrchestrator.java:198) ~[junit-platform-launcher-1.10.1.jar:1.10.1]
	at org.junit.platform.launcher.core.EngineExecutionOrchestrator.execute(EngineExecutionOrchestrator.java:169) ~[junit-platform-launcher-1.10.1.jar:1.10.1]
	at org.junit.platform.launcher.core.EngineExecutionOrchestrator.execute(EngineExecutionOrchestrator.java:93) ~[junit-platform-launcher-1.10.1.jar:1.10.1]
	at org.junit.platform.launcher.core.EngineExecutionOrchestrator.lambda$execute$0(EngineExecutionOrchestrator.java:58) ~[junit-platform-launcher-1.10.1.jar:1.10.1]
	at org.junit.platform.launcher.core.EngineExecutionOrchestrator.withInterceptedStreams(EngineExecutionOrchestrator.java:141) [junit-platform-launcher-1.10.1.jar:1.10.1]
	at org.junit.platform.launcher.core.EngineExecutionOrchestrator.execute(EngineExecutionOrchestrator.java:57) [junit-platform-launcher-1.10.1.jar:1.10.1]
	at org.junit.platform.launcher.core.DefaultLauncher.execute(DefaultLauncher.java:103) [junit-platform-launcher-1.10.1.jar:1.10.1]
	at org.junit.platform.launcher.core.DefaultLauncher.execute(DefaultLauncher.java:85) [junit-platform-launcher-1.10.1.jar:1.10.1]
	at org.junit.platform.launcher.core.DelegatingLauncher.execute(DelegatingLauncher.java:47) [junit-platform-launcher-1.10.1.jar:1.10.1]
	at org.apache.maven.surefire.junitplatform.LazyLauncher.execute(LazyLauncher.java:56) [surefire-junit-platform-3.1.2.jar:3.1.2]
	at org.apache.maven.surefire.junitplatform.JUnitPlatformProvider.execute(JUnitPlatformProvider.java:184) [surefire-junit-platform-3.1.2.jar:3.1.2]
	at org.apache.maven.surefire.junitplatform.JUnitPlatformProvider.invokeAllTests(JUnitPlatformProvider.java:148) [surefire-junit-platform-3.1.2.jar:3.1.2]
	at org.apache.maven.surefire.junitplatform.JUnitPlatformProvider.invoke(JUnitPlatformProvider.java:122) [surefire-junit-platform-3.1.2.jar:3.1.2]
	at org.apache.maven.surefire.booter.ForkedBooter.runSuitesInProcess(ForkedBooter.java:385) [surefire-booter-3.1.2.jar:3.1.2]
	at org.apache.maven.surefire.booter.ForkedBooter.execute(ForkedBooter.java:162) [surefire-booter-3.1.2.jar:3.1.2]
	at org.apache.maven.surefire.booter.ForkedBooter.run(ForkedBooter.java:507) [surefire-booter-3.1.2.jar:3.1.2]
	at org.apache.maven.surefire.booter.ForkedBooter.main(ForkedBooter.java:495) [surefire-booter-3.1.2.jar:3.1.2]
Caused by: java.sql.SQLSyntaxErrorException: Table 'agroplantationapp.publication' doesn't exist
	at com.mysql.cj.jdbc.exceptions.SQLError.createSQLException(SQLError.java:121) ~[mysql-connector-j-8.1.0.jar:8.1.0]
	at com.mysql.cj.jdbc.exceptions.SQLExceptionsMapping.translateException(SQLExceptionsMapping.java:122) ~[mysql-connector-j-8.1.0.jar:8.1.0]
	at com.mysql.cj.jdbc.StatementImpl.executeInternal(StatementImpl.java:763) ~[mysql-connector-j-8.1.0.jar:8.1.0]
	at com.mysql.cj.jdbc.StatementImpl.execute(StatementImpl.java:648) ~[mysql-connector-j-8.1.0.jar:8.1.0]
	at com.zaxxer.hikari.pool.ProxyStatement.execute(ProxyStatement.java:94) ~[HikariCP-5.0.1.jar:?]
	at com.zaxxer.hikari.pool.HikariProxyStatement.execute(HikariProxyStatement.java) ~[HikariCP-5.0.1.jar:?]
	at org.hibernate.tool.schema.internal.exec.GenerationTargetToDatabase.accept(GenerationTargetToDatabase.java:80) ~[hibernate-core-6.4.1.Final.jar:6.4.1.Final]
	... 111 more
Hibernate: 
    alter table publication 
       drop 
       foreign key FKoocmorjpnfb78jb3fa2xlhe18
2024-07-17 08:14:51,064 WARN o.h.t.s.i.ExceptionHandlerLoggedImpl [main] GenerationTarget encountered exception accepting command : Error executing DDL "
    alter table publication 
       drop 
       foreign key FKoocmorjpnfb78jb3fa2xlhe18" via JDBC [Table 'agroplantationapp.publication' doesn't exist]
org.hibernate.tool.schema.spi.CommandAcceptanceException: Error executing DDL "
    alter table publication 
       drop 
       foreign key FKoocmorjpnfb78jb3fa2xlhe18" via JDBC [Table 'agroplantationapp.publication' doesn't exist]
	at org.hibernate.tool.schema.internal.exec.GenerationTargetToDatabase.accept(GenerationTargetToDatabase.java:94) ~[hibernate-core-6.4.1.Final.jar:6.4.1.Final]
	at org.hibernate.tool.schema.internal.Helper.applySqlString(Helper.java:233) ~[hibernate-core-6.4.1.Final.jar:6.4.1.Final]
	at org.hibernate.tool.schema.internal.Helper.applySqlStrings(Helper.java:217) ~[hibernate-core-6.4.1.Final.jar:6.4.1.Final]
	at org.hibernate.tool.schema.internal.SchemaDropperImpl.applyConstraintDropping(SchemaDropperImpl.java:470) ~[hibernate-core-6.4.1.Final.jar:6.4.1.Final]
	at org.hibernate.tool.schema.internal.SchemaDropperImpl.dropConstraintsTablesSequences(SchemaDropperImpl.java:242) ~[hibernate-core-6.4.1.Final.jar:6.4.1.Final]
	at org.hibernate.tool.schema.internal.SchemaDropperImpl.dropFromMetadata(SchemaDropperImpl.java:215) ~[hibernate-core-6.4.1.Final.jar:6.4.1.Final]
	at org.hibernate.tool.schema.internal.SchemaDropperImpl.performDrop(SchemaDropperImpl.java:185) ~[hibernate-core-6.4.1.Final.jar:6.4.1.Final]
	at org.hibernate.tool.schema.internal.SchemaDropperImpl.doDrop(SchemaDropperImpl.java:155) ~[hibernate-core-6.4.1.Final.jar:6.4.1.Final]
	at org.hibernate.tool.schema.internal.SchemaDropperImpl.doDrop(SchemaDropperImpl.java:115) ~[hibernate-core-6.4.1.Final.jar:6.4.1.Final]
	at org.hibernate.tool.schema.spi.SchemaManagementToolCoordinator.performDatabaseAction(SchemaManagementToolCoordinator.java:244) ~[hibernate-core-6.4.1.Final.jar:6.4.1.Final]
	at org.hibernate.tool.schema.spi.SchemaManagementToolCoordinator.lambda$process$5(SchemaManagementToolCoordinator.java:145) ~[hibernate-core-6.4.1.Final.jar:6.4.1.Final]
	at java.base/java.util.HashMap.forEach(HashMap.java:1421) ~[?:?]
	at org.hibernate.tool.schema.spi.SchemaManagementToolCoordinator.process(SchemaManagementToolCoordinator.java:142) ~[hibernate-core-6.4.1.Final.jar:6.4.1.Final]
	at org.hibernate.boot.internal.SessionFactoryObserverForSchemaExport.sessionFactoryCreated(SessionFactoryObserverForSchemaExport.java:37) ~[hibernate-core-6.4.1.Final.jar:6.4.1.Final]
	at org.hibernate.internal.SessionFactoryObserverChain.sessionFactoryCreated(SessionFactoryObserverChain.java:35) ~[hibernate-core-6.4.1.Final.jar:6.4.1.Final]
	at org.hibernate.internal.SessionFactoryImpl.<init>(SessionFactoryImpl.java:315) ~[hibernate-core-6.4.1.Final.jar:6.4.1.Final]
	at org.hibernate.boot.internal.SessionFactoryBuilderImpl.build(SessionFactoryBuilderImpl.java:450) ~[hibernate-core-6.4.1.Final.jar:6.4.1.Final]
	at org.hibernate.jpa.boot.internal.EntityManagerFactoryBuilderImpl.build(EntityManagerFactoryBuilderImpl.java:1507) ~[hibernate-core-6.4.1.Final.jar:6.4.1.Final]
	at org.springframework.orm.jpa.vendor.SpringHibernateJpaPersistenceProvider.createContainerEntityManagerFactory(SpringHibernateJpaPersistenceProvider.java:75) ~[spring-orm-6.1.2.jar:6.1.2]
	at org.springframework.orm.jpa.LocalContainerEntityManagerFactoryBean.createNativeEntityManagerFactory(LocalContainerEntityManagerFactoryBean.java:376) ~[spring-orm-6.1.2.jar:6.1.2]
	at org.springframework.orm.jpa.AbstractEntityManagerFactoryBean.buildNativeEntityManagerFactory(AbstractEntityManagerFactoryBean.java:409) ~[spring-orm-6.1.2.jar:6.1.2]
	at org.springframework.orm.jpa.AbstractEntityManagerFactoryBean.afterPropertiesSet(AbstractEntityManagerFactoryBean.java:396) ~[spring-orm-6.1.2.jar:6.1.2]
	at org.springframework.orm.jpa.LocalContainerEntityManagerFactoryBean.afterPropertiesSet(LocalContainerEntityManagerFactoryBean.java:352) ~[spring-orm-6.1.2.jar:6.1.2]
	at org.springframework.beans.factory.support.AbstractAutowireCapableBeanFactory.invokeInitMethods(AbstractAutowireCapableBeanFactory.java:1820) ~[spring-beans-6.1.2.jar:6.1.2]
	at org.springframework.beans.factory.support.AbstractAutowireCapableBeanFactory.initializeBean(AbstractAutowireCapableBeanFactory.java:1769) ~[spring-beans-6.1.2.jar:6.1.2]
	at org.springframework.beans.factory.support.AbstractAutowireCapableBeanFactory.doCreateBean(AbstractAutowireCapableBeanFactory.java:599) ~[spring-beans-6.1.2.jar:6.1.2]
	at org.springframework.beans.factory.support.AbstractAutowireCapableBeanFactory.createBean(AbstractAutowireCapableBeanFactory.java:521) ~[spring-beans-6.1.2.jar:6.1.2]
	at org.springframework.beans.factory.support.AbstractBeanFactory.lambda$doGetBean$0(AbstractBeanFactory.java:325) ~[spring-beans-6.1.2.jar:6.1.2]
	at org.springframework.beans.factory.support.DefaultSingletonBeanRegistry.getSingleton(DefaultSingletonBeanRegistry.java:234) ~[spring-beans-6.1.2.jar:6.1.2]
	at org.springframework.beans.factory.support.AbstractBeanFactory.doGetBean(AbstractBeanFactory.java:323) ~[spring-beans-6.1.2.jar:6.1.2]
	at org.springframework.beans.factory.support.AbstractBeanFactory.getBean(AbstractBeanFactory.java:199) ~[spring-beans-6.1.2.jar:6.1.2]
	at org.springframework.context.support.AbstractApplicationContext.getBean(AbstractApplicationContext.java:1232) ~[spring-context-6.1.2.jar:6.1.2]
	at org.springframework.context.support.AbstractApplicationContext.finishBeanFactoryInitialization(AbstractApplicationContext.java:950) ~[spring-context-6.1.2.jar:6.1.2]
	at org.springframework.context.support.AbstractApplicationContext.refresh(AbstractApplicationContext.java:625) ~[spring-context-6.1.2.jar:6.1.2]
	at org.springframework.boot.SpringApplication.refresh(SpringApplication.java:762) ~[spring-boot-3.2.1.jar:3.2.1]
	at org.springframework.boot.SpringApplication.refreshContext(SpringApplication.java:464) ~[spring-boot-3.2.1.jar:3.2.1]
	at org.springframework.boot.SpringApplication.run(SpringApplication.java:334) ~[spring-boot-3.2.1.jar:3.2.1]
	at org.springframework.boot.test.context.SpringBootContextLoader.lambda$loadContext$3(SpringBootContextLoader.java:137) ~[spring-boot-test-3.2.1.jar:3.2.1]
	at org.springframework.util.function.ThrowingSupplier.get(ThrowingSupplier.java:58) ~[spring-core-6.1.2.jar:6.1.2]
	at org.springframework.util.function.ThrowingSupplier.get(ThrowingSupplier.java:46) ~[spring-core-6.1.2.jar:6.1.2]
	at org.springframework.boot.SpringApplication.withHook(SpringApplication.java:1458) ~[spring-boot-3.2.1.jar:3.2.1]
	at org.springframework.boot.test.context.SpringBootContextLoader$ContextLoaderHook.run(SpringBootContextLoader.java:552) ~[spring-boot-test-3.2.1.jar:3.2.1]
	at org.springframework.boot.test.context.SpringBootContextLoader.loadContext(SpringBootContextLoader.java:137) ~[spring-boot-test-3.2.1.jar:3.2.1]
	at org.springframework.boot.test.context.SpringBootContextLoader.loadContext(SpringBootContextLoader.java:108) ~[spring-boot-test-3.2.1.jar:3.2.1]
	at org.springframework.test.context.cache.DefaultCacheAwareContextLoaderDelegate.loadContextInternal(DefaultCacheAwareContextLoaderDelegate.java:225) ~[spring-test-6.1.2.jar:6.1.2]
	at org.springframework.test.context.cache.DefaultCacheAwareContextLoaderDelegate.loadContext(DefaultCacheAwareContextLoaderDelegate.java:152) ~[spring-test-6.1.2.jar:6.1.2]
	at org.springframework.test.context.support.DefaultTestContext.getApplicationContext(DefaultTestContext.java:130) ~[spring-test-6.1.2.jar:6.1.2]
	at org.springframework.test.context.web.ServletTestExecutionListener.setUpRequestContextIfNecessary(ServletTestExecutionListener.java:191) ~[spring-test-6.1.2.jar:6.1.2]
	at org.springframework.test.context.web.ServletTestExecutionListener.prepareTestInstance(ServletTestExecutionListener.java:130) ~[spring-test-6.1.2.jar:6.1.2]
	at org.springframework.test.context.TestContextManager.prepareTestInstance(TestContextManager.java:260) ~[spring-test-6.1.2.jar:6.1.2]
	at org.springframework.test.context.junit.jupiter.SpringExtension.postProcessTestInstance(SpringExtension.java:163) ~[spring-test-6.1.2.jar:6.1.2]
	at org.junit.jupiter.engine.descriptor.ClassBasedTestDescriptor.lambda$invokeTestInstancePostProcessors$10(ClassBasedTestDescriptor.java:378) ~[junit-jupiter-engine-5.10.1.jar:5.10.1]
	at org.junit.jupiter.engine.descriptor.ClassBasedTestDescriptor.executeAndMaskThrowable(ClassBasedTestDescriptor.java:383) ~[junit-jupiter-engine-5.10.1.jar:5.10.1]
	at org.junit.jupiter.engine.descriptor.ClassBasedTestDescriptor.lambda$invokeTestInstancePostProcessors$11(ClassBasedTestDescriptor.java:378) ~[junit-jupiter-engine-5.10.1.jar:5.10.1]
	at java.base/java.util.stream.ReferencePipeline$3$1.accept(ReferencePipeline.java:197) ~[?:?]
	at java.base/java.util.stream.ReferencePipeline$2$1.accept(ReferencePipeline.java:179) ~[?:?]
	at java.base/java.util.ArrayList$ArrayListSpliterator.forEachRemaining(ArrayList.java:1625) ~[?:?]
	at java.base/java.util.stream.AbstractPipeline.copyInto(AbstractPipeline.java:509) ~[?:?]
	at java.base/java.util.stream.AbstractPipeline.wrapAndCopyInto(AbstractPipeline.java:499) ~[?:?]
	at java.base/java.util.stream.StreamSpliterators$WrappingSpliterator.forEachRemaining(StreamSpliterators.java:310) ~[?:?]
	at java.base/java.util.stream.Streams$ConcatSpliterator.forEachRemaining(Streams.java:735) ~[?:?]
	at java.base/java.util.stream.ReferencePipeline$Head.forEach(ReferencePipeline.java:762) ~[?:?]
	at org.junit.jupiter.engine.descriptor.ClassBasedTestDescriptor.invokeTestInstancePostProcessors(ClassBasedTestDescriptor.java:377) ~[junit-jupiter-engine-5.10.1.jar:5.10.1]
	at org.junit.jupiter.engine.descriptor.ClassBasedTestDescriptor.lambda$instantiateAndPostProcessTestInstance$6(ClassBasedTestDescriptor.java:290) ~[junit-jupiter-engine-5.10.1.jar:5.10.1]
	at org.junit.platform.engine.support.hierarchical.ThrowableCollector.execute(ThrowableCollector.java:73) ~[junit-platform-engine-1.10.1.jar:1.10.1]
	at org.junit.jupiter.engine.descriptor.ClassBasedTestDescriptor.instantiateAndPostProcessTestInstance(ClassBasedTestDescriptor.java:289) ~[junit-jupiter-engine-5.10.1.jar:5.10.1]
	at org.junit.jupiter.engine.descriptor.ClassBasedTestDescriptor.lambda$testInstancesProvider$4(ClassBasedTestDescriptor.java:279) ~[junit-jupiter-engine-5.10.1.jar:5.10.1]
	at java.base/java.util.Optional.orElseGet(Optional.java:364) ~[?:?]
	at org.junit.jupiter.engine.descriptor.ClassBasedTestDescriptor.lambda$testInstancesProvider$5(ClassBasedTestDescriptor.java:278) ~[junit-jupiter-engine-5.10.1.jar:5.10.1]
	at org.junit.jupiter.engine.execution.TestInstancesProvider.getTestInstances(TestInstancesProvider.java:31) ~[junit-jupiter-engine-5.10.1.jar:5.10.1]
	at org.junit.jupiter.engine.descriptor.ClassBasedTestDescriptor.lambda$before$2(ClassBasedTestDescriptor.java:204) ~[junit-jupiter-engine-5.10.1.jar:5.10.1]
	at org.junit.platform.engine.support.hierarchical.ThrowableCollector.execute(ThrowableCollector.java:73) ~[junit-platform-engine-1.10.1.jar:1.10.1]
	at org.junit.jupiter.engine.descriptor.ClassBasedTestDescriptor.before(ClassBasedTestDescriptor.java:203) ~[junit-jupiter-engine-5.10.1.jar:5.10.1]
	at org.junit.jupiter.engine.descriptor.ClassBasedTestDescriptor.before(ClassBasedTestDescriptor.java:85) ~[junit-jupiter-engine-5.10.1.jar:5.10.1]
	at org.junit.platform.engine.support.hierarchical.NodeTestTask.lambda$executeRecursively$6(NodeTestTask.java:148) ~[junit-platform-engine-1.10.1.jar:1.10.1]
	at org.junit.platform.engine.support.hierarchical.ThrowableCollector.execute(ThrowableCollector.java:73) ~[junit-platform-engine-1.10.1.jar:1.10.1]
	at org.junit.platform.engine.support.hierarchical.NodeTestTask.lambda$executeRecursively$8(NodeTestTask.java:141) ~[junit-platform-engine-1.10.1.jar:1.10.1]
	at org.junit.platform.engine.support.hierarchical.Node.around(Node.java:137) ~[junit-platform-engine-1.10.1.jar:1.10.1]
	at org.junit.platform.engine.support.hierarchical.NodeTestTask.lambda$executeRecursively$9(NodeTestTask.java:139) ~[junit-platform-engine-1.10.1.jar:1.10.1]
	at org.junit.platform.engine.support.hierarchical.ThrowableCollector.execute(ThrowableCollector.java:73) ~[junit-platform-engine-1.10.1.jar:1.10.1]
	at org.junit.platform.engine.support.hierarchical.NodeTestTask.executeRecursively(NodeTestTask.java:138) ~[junit-platform-engine-1.10.1.jar:1.10.1]
	at org.junit.platform.engine.support.hierarchical.NodeTestTask.execute(NodeTestTask.java:95) ~[junit-platform-engine-1.10.1.jar:1.10.1]
	at java.base/java.util.ArrayList.forEach(ArrayList.java:1511) ~[?:?]
	at org.junit.platform.engine.support.hierarchical.SameThreadHierarchicalTestExecutorService.invokeAll(SameThreadHierarchicalTestExecutorService.java:41) ~[junit-platform-engine-1.10.1.jar:1.10.1]
	at org.junit.platform.engine.support.hierarchical.NodeTestTask.lambda$executeRecursively$6(NodeTestTask.java:155) ~[junit-platform-engine-1.10.1.jar:1.10.1]
	at org.junit.platform.engine.support.hierarchical.ThrowableCollector.execute(ThrowableCollector.java:73) ~[junit-platform-engine-1.10.1.jar:1.10.1]
	at org.junit.platform.engine.support.hierarchical.NodeTestTask.lambda$executeRecursively$8(NodeTestTask.java:141) ~[junit-platform-engine-1.10.1.jar:1.10.1]
	at org.junit.platform.engine.support.hierarchical.Node.around(Node.java:137) ~[junit-platform-engine-1.10.1.jar:1.10.1]
	at org.junit.platform.engine.support.hierarchical.NodeTestTask.lambda$executeRecursively$9(NodeTestTask.java:139) ~[junit-platform-engine-1.10.1.jar:1.10.1]
	at org.junit.platform.engine.support.hierarchical.ThrowableCollector.execute(ThrowableCollector.java:73) ~[junit-platform-engine-1.10.1.jar:1.10.1]
	at org.junit.platform.engine.support.hierarchical.NodeTestTask.executeRecursively(NodeTestTask.java:138) ~[junit-platform-engine-1.10.1.jar:1.10.1]
	at org.junit.platform.engine.support.hierarchical.NodeTestTask.execute(NodeTestTask.java:95) ~[junit-platform-engine-1.10.1.jar:1.10.1]
	at org.junit.platform.engine.support.hierarchical.SameThreadHierarchicalTestExecutorService.submit(SameThreadHierarchicalTestExecutorService.java:35) ~[junit-platform-engine-1.10.1.jar:1.10.1]
	at org.junit.platform.engine.support.hierarchical.HierarchicalTestExecutor.execute(HierarchicalTestExecutor.java:57) ~[junit-platform-engine-1.10.1.jar:1.10.1]
	at org.junit.platform.engine.support.hierarchical.HierarchicalTestEngine.execute(HierarchicalTestEngine.java:54) ~[junit-platform-engine-1.10.1.jar:1.10.1]
	at org.junit.platform.launcher.core.EngineExecutionOrchestrator.execute(EngineExecutionOrchestrator.java:198) ~[junit-platform-launcher-1.10.1.jar:1.10.1]
	at org.junit.platform.launcher.core.EngineExecutionOrchestrator.execute(EngineExecutionOrchestrator.java:169) ~[junit-platform-launcher-1.10.1.jar:1.10.1]
	at org.junit.platform.launcher.core.EngineExecutionOrchestrator.execute(EngineExecutionOrchestrator.java:93) ~[junit-platform-launcher-1.10.1.jar:1.10.1]
	at org.junit.platform.launcher.core.EngineExecutionOrchestrator.lambda$execute$0(EngineExecutionOrchestrator.java:58) ~[junit-platform-launcher-1.10.1.jar:1.10.1]
	at org.junit.platform.launcher.core.EngineExecutionOrchestrator.withInterceptedStreams(EngineExecutionOrchestrator.java:141) [junit-platform-launcher-1.10.1.jar:1.10.1]
	at org.junit.platform.launcher.core.EngineExecutionOrchestrator.execute(EngineExecutionOrchestrator.java:57) [junit-platform-launcher-1.10.1.jar:1.10.1]
	at org.junit.platform.launcher.core.DefaultLauncher.execute(DefaultLauncher.java:103) [junit-platform-launcher-1.10.1.jar:1.10.1]
	at org.junit.platform.launcher.core.DefaultLauncher.execute(DefaultLauncher.java:85) [junit-platform-launcher-1.10.1.jar:1.10.1]
	at org.junit.platform.launcher.core.DelegatingLauncher.execute(DelegatingLauncher.java:47) [junit-platform-launcher-1.10.1.jar:1.10.1]
	at org.apache.maven.surefire.junitplatform.LazyLauncher.execute(LazyLauncher.java:56) [surefire-junit-platform-3.1.2.jar:3.1.2]
	at org.apache.maven.surefire.junitplatform.JUnitPlatformProvider.execute(JUnitPlatformProvider.java:184) [surefire-junit-platform-3.1.2.jar:3.1.2]
	at org.apache.maven.surefire.junitplatform.JUnitPlatformProvider.invokeAllTests(JUnitPlatformProvider.java:148) [surefire-junit-platform-3.1.2.jar:3.1.2]
	at org.apache.maven.surefire.junitplatform.JUnitPlatformProvider.invoke(JUnitPlatformProvider.java:122) [surefire-junit-platform-3.1.2.jar:3.1.2]
	at org.apache.maven.surefire.booter.ForkedBooter.runSuitesInProcess(ForkedBooter.java:385) [surefire-booter-3.1.2.jar:3.1.2]
	at org.apache.maven.surefire.booter.ForkedBooter.execute(ForkedBooter.java:162) [surefire-booter-3.1.2.jar:3.1.2]
	at org.apache.maven.surefire.booter.ForkedBooter.run(ForkedBooter.java:507) [surefire-booter-3.1.2.jar:3.1.2]
	at org.apache.maven.surefire.booter.ForkedBooter.main(ForkedBooter.java:495) [surefire-booter-3.1.2.jar:3.1.2]
Caused by: java.sql.SQLSyntaxErrorException: Table 'agroplantationapp.publication' doesn't exist
	at com.mysql.cj.jdbc.exceptions.SQLError.createSQLException(SQLError.java:121) ~[mysql-connector-j-8.1.0.jar:8.1.0]
	at com.mysql.cj.jdbc.exceptions.SQLExceptionsMapping.translateException(SQLExceptionsMapping.java:122) ~[mysql-connector-j-8.1.0.jar:8.1.0]
	at com.mysql.cj.jdbc.StatementImpl.executeInternal(StatementImpl.java:763) ~[mysql-connector-j-8.1.0.jar:8.1.0]
	at com.mysql.cj.jdbc.StatementImpl.execute(StatementImpl.java:648) ~[mysql-connector-j-8.1.0.jar:8.1.0]
	at com.zaxxer.hikari.pool.ProxyStatement.execute(ProxyStatement.java:94) ~[HikariCP-5.0.1.jar:?]
	at com.zaxxer.hikari.pool.HikariProxyStatement.execute(HikariProxyStatement.java) ~[HikariCP-5.0.1.jar:?]
	at org.hibernate.tool.schema.internal.exec.GenerationTargetToDatabase.accept(GenerationTargetToDatabase.java:80) ~[hibernate-core-6.4.1.Final.jar:6.4.1.Final]
	... 111 more
Hibernate: 
    alter table publication 
       drop 
       foreign key FKee2f1ol0i4acdeltvjuuf0i7j
2024-07-17 08:14:51,068 WARN o.h.t.s.i.ExceptionHandlerLoggedImpl [main] GenerationTarget encountered exception accepting command : Error executing DDL "
    alter table publication 
       drop 
       foreign key FKee2f1ol0i4acdeltvjuuf0i7j" via JDBC [Table 'agroplantationapp.publication' doesn't exist]
org.hibernate.tool.schema.spi.CommandAcceptanceException: Error executing DDL "
    alter table publication 
       drop 
       foreign key FKee2f1ol0i4acdeltvjuuf0i7j" via JDBC [Table 'agroplantationapp.publication' doesn't exist]
	at org.hibernate.tool.schema.internal.exec.GenerationTargetToDatabase.accept(GenerationTargetToDatabase.java:94) ~[hibernate-core-6.4.1.Final.jar:6.4.1.Final]
	at org.hibernate.tool.schema.internal.Helper.applySqlString(Helper.java:233) ~[hibernate-core-6.4.1.Final.jar:6.4.1.Final]
	at org.hibernate.tool.schema.internal.Helper.applySqlStrings(Helper.java:217) ~[hibernate-core-6.4.1.Final.jar:6.4.1.Final]
	at org.hibernate.tool.schema.internal.SchemaDropperImpl.applyConstraintDropping(SchemaDropperImpl.java:470) ~[hibernate-core-6.4.1.Final.jar:6.4.1.Final]
	at org.hibernate.tool.schema.internal.SchemaDropperImpl.dropConstraintsTablesSequences(SchemaDropperImpl.java:242) ~[hibernate-core-6.4.1.Final.jar:6.4.1.Final]
	at org.hibernate.tool.schema.internal.SchemaDropperImpl.dropFromMetadata(SchemaDropperImpl.java:215) ~[hibernate-core-6.4.1.Final.jar:6.4.1.Final]
	at org.hibernate.tool.schema.internal.SchemaDropperImpl.performDrop(SchemaDropperImpl.java:185) ~[hibernate-core-6.4.1.Final.jar:6.4.1.Final]
	at org.hibernate.tool.schema.internal.SchemaDropperImpl.doDrop(SchemaDropperImpl.java:155) ~[hibernate-core-6.4.1.Final.jar:6.4.1.Final]
	at org.hibernate.tool.schema.internal.SchemaDropperImpl.doDrop(SchemaDropperImpl.java:115) ~[hibernate-core-6.4.1.Final.jar:6.4.1.Final]
	at org.hibernate.tool.schema.spi.SchemaManagementToolCoordinator.performDatabaseAction(SchemaManagementToolCoordinator.java:244) ~[hibernate-core-6.4.1.Final.jar:6.4.1.Final]
	at org.hibernate.tool.schema.spi.SchemaManagementToolCoordinator.lambda$process$5(SchemaManagementToolCoordinator.java:145) ~[hibernate-core-6.4.1.Final.jar:6.4.1.Final]
	at java.base/java.util.HashMap.forEach(HashMap.java:1421) ~[?:?]
	at org.hibernate.tool.schema.spi.SchemaManagementToolCoordinator.process(SchemaManagementToolCoordinator.java:142) ~[hibernate-core-6.4.1.Final.jar:6.4.1.Final]
	at org.hibernate.boot.internal.SessionFactoryObserverForSchemaExport.sessionFactoryCreated(SessionFactoryObserverForSchemaExport.java:37) ~[hibernate-core-6.4.1.Final.jar:6.4.1.Final]
	at org.hibernate.internal.SessionFactoryObserverChain.sessionFactoryCreated(SessionFactoryObserverChain.java:35) ~[hibernate-core-6.4.1.Final.jar:6.4.1.Final]
	at org.hibernate.internal.SessionFactoryImpl.<init>(SessionFactoryImpl.java:315) ~[hibernate-core-6.4.1.Final.jar:6.4.1.Final]
	at org.hibernate.boot.internal.SessionFactoryBuilderImpl.build(SessionFactoryBuilderImpl.java:450) ~[hibernate-core-6.4.1.Final.jar:6.4.1.Final]
	at org.hibernate.jpa.boot.internal.EntityManagerFactoryBuilderImpl.build(EntityManagerFactoryBuilderImpl.java:1507) ~[hibernate-core-6.4.1.Final.jar:6.4.1.Final]
	at org.springframework.orm.jpa.vendor.SpringHibernateJpaPersistenceProvider.createContainerEntityManagerFactory(SpringHibernateJpaPersistenceProvider.java:75) ~[spring-orm-6.1.2.jar:6.1.2]
	at org.springframework.orm.jpa.LocalContainerEntityManagerFactoryBean.createNativeEntityManagerFactory(LocalContainerEntityManagerFactoryBean.java:376) ~[spring-orm-6.1.2.jar:6.1.2]
	at org.springframework.orm.jpa.AbstractEntityManagerFactoryBean.buildNativeEntityManagerFactory(AbstractEntityManagerFactoryBean.java:409) ~[spring-orm-6.1.2.jar:6.1.2]
	at org.springframework.orm.jpa.AbstractEntityManagerFactoryBean.afterPropertiesSet(AbstractEntityManagerFactoryBean.java:396) ~[spring-orm-6.1.2.jar:6.1.2]
	at org.springframework.orm.jpa.LocalContainerEntityManagerFactoryBean.afterPropertiesSet(LocalContainerEntityManagerFactoryBean.java:352) ~[spring-orm-6.1.2.jar:6.1.2]
	at org.springframework.beans.factory.support.AbstractAutowireCapableBeanFactory.invokeInitMethods(AbstractAutowireCapableBeanFactory.java:1820) ~[spring-beans-6.1.2.jar:6.1.2]
	at org.springframework.beans.factory.support.AbstractAutowireCapableBeanFactory.initializeBean(AbstractAutowireCapableBeanFactory.java:1769) ~[spring-beans-6.1.2.jar:6.1.2]
	at org.springframework.beans.factory.support.AbstractAutowireCapableBeanFactory.doCreateBean(AbstractAutowireCapableBeanFactory.java:599) ~[spring-beans-6.1.2.jar:6.1.2]
	at org.springframework.beans.factory.support.AbstractAutowireCapableBeanFactory.createBean(AbstractAutowireCapableBeanFactory.java:521) ~[spring-beans-6.1.2.jar:6.1.2]
	at org.springframework.beans.factory.support.AbstractBeanFactory.lambda$doGetBean$0(AbstractBeanFactory.java:325) ~[spring-beans-6.1.2.jar:6.1.2]
	at org.springframework.beans.factory.support.DefaultSingletonBeanRegistry.getSingleton(DefaultSingletonBeanRegistry.java:234) ~[spring-beans-6.1.2.jar:6.1.2]
	at org.springframework.beans.factory.support.AbstractBeanFactory.doGetBean(AbstractBeanFactory.java:323) ~[spring-beans-6.1.2.jar:6.1.2]
	at org.springframework.beans.factory.support.AbstractBeanFactory.getBean(AbstractBeanFactory.java:199) ~[spring-beans-6.1.2.jar:6.1.2]
	at org.springframework.context.support.AbstractApplicationContext.getBean(AbstractApplicationContext.java:1232) ~[spring-context-6.1.2.jar:6.1.2]
	at org.springframework.context.support.AbstractApplicationContext.finishBeanFactoryInitialization(AbstractApplicationContext.java:950) ~[spring-context-6.1.2.jar:6.1.2]
	at org.springframework.context.support.AbstractApplicationContext.refresh(AbstractApplicationContext.java:625) ~[spring-context-6.1.2.jar:6.1.2]
	at org.springframework.boot.SpringApplication.refresh(SpringApplication.java:762) ~[spring-boot-3.2.1.jar:3.2.1]
	at org.springframework.boot.SpringApplication.refreshContext(SpringApplication.java:464) ~[spring-boot-3.2.1.jar:3.2.1]
	at org.springframework.boot.SpringApplication.run(SpringApplication.java:334) ~[spring-boot-3.2.1.jar:3.2.1]
	at org.springframework.boot.test.context.SpringBootContextLoader.lambda$loadContext$3(SpringBootContextLoader.java:137) ~[spring-boot-test-3.2.1.jar:3.2.1]
	at org.springframework.util.function.ThrowingSupplier.get(ThrowingSupplier.java:58) ~[spring-core-6.1.2.jar:6.1.2]
	at org.springframework.util.function.ThrowingSupplier.get(ThrowingSupplier.java:46) ~[spring-core-6.1.2.jar:6.1.2]
	at org.springframework.boot.SpringApplication.withHook(SpringApplication.java:1458) ~[spring-boot-3.2.1.jar:3.2.1]
	at org.springframework.boot.test.context.SpringBootContextLoader$ContextLoaderHook.run(SpringBootContextLoader.java:552) ~[spring-boot-test-3.2.1.jar:3.2.1]
	at org.springframework.boot.test.context.SpringBootContextLoader.loadContext(SpringBootContextLoader.java:137) ~[spring-boot-test-3.2.1.jar:3.2.1]
	at org.springframework.boot.test.context.SpringBootContextLoader.loadContext(SpringBootContextLoader.java:108) ~[spring-boot-test-3.2.1.jar:3.2.1]
	at org.springframework.test.context.cache.DefaultCacheAwareContextLoaderDelegate.loadContextInternal(DefaultCacheAwareContextLoaderDelegate.java:225) ~[spring-test-6.1.2.jar:6.1.2]
	at org.springframework.test.context.cache.DefaultCacheAwareContextLoaderDelegate.loadContext(DefaultCacheAwareContextLoaderDelegate.java:152) ~[spring-test-6.1.2.jar:6.1.2]
	at org.springframework.test.context.support.DefaultTestContext.getApplicationContext(DefaultTestContext.java:130) ~[spring-test-6.1.2.jar:6.1.2]
	at org.springframework.test.context.web.ServletTestExecutionListener.setUpRequestContextIfNecessary(ServletTestExecutionListener.java:191) ~[spring-test-6.1.2.jar:6.1.2]
	at org.springframework.test.context.web.ServletTestExecutionListener.prepareTestInstance(ServletTestExecutionListener.java:130) ~[spring-test-6.1.2.jar:6.1.2]
	at org.springframework.test.context.TestContextManager.prepareTestInstance(TestContextManager.java:260) ~[spring-test-6.1.2.jar:6.1.2]
	at org.springframework.test.context.junit.jupiter.SpringExtension.postProcessTestInstance(SpringExtension.java:163) ~[spring-test-6.1.2.jar:6.1.2]
	at org.junit.jupiter.engine.descriptor.ClassBasedTestDescriptor.lambda$invokeTestInstancePostProcessors$10(ClassBasedTestDescriptor.java:378) ~[junit-jupiter-engine-5.10.1.jar:5.10.1]
	at org.junit.jupiter.engine.descriptor.ClassBasedTestDescriptor.executeAndMaskThrowable(ClassBasedTestDescriptor.java:383) ~[junit-jupiter-engine-5.10.1.jar:5.10.1]
	at org.junit.jupiter.engine.descriptor.ClassBasedTestDescriptor.lambda$invokeTestInstancePostProcessors$11(ClassBasedTestDescriptor.java:378) ~[junit-jupiter-engine-5.10.1.jar:5.10.1]
	at java.base/java.util.stream.ReferencePipeline$3$1.accept(ReferencePipeline.java:197) ~[?:?]
	at java.base/java.util.stream.ReferencePipeline$2$1.accept(ReferencePipeline.java:179) ~[?:?]
	at java.base/java.util.ArrayList$ArrayListSpliterator.forEachRemaining(ArrayList.java:1625) ~[?:?]
	at java.base/java.util.stream.AbstractPipeline.copyInto(AbstractPipeline.java:509) ~[?:?]
	at java.base/java.util.stream.AbstractPipeline.wrapAndCopyInto(AbstractPipeline.java:499) ~[?:?]
	at java.base/java.util.stream.StreamSpliterators$WrappingSpliterator.forEachRemaining(StreamSpliterators.java:310) ~[?:?]
	at java.base/java.util.stream.Streams$ConcatSpliterator.forEachRemaining(Streams.java:735) ~[?:?]
	at java.base/java.util.stream.ReferencePipeline$Head.forEach(ReferencePipeline.java:762) ~[?:?]
	at org.junit.jupiter.engine.descriptor.ClassBasedTestDescriptor.invokeTestInstancePostProcessors(ClassBasedTestDescriptor.java:377) ~[junit-jupiter-engine-5.10.1.jar:5.10.1]
	at org.junit.jupiter.engine.descriptor.ClassBasedTestDescriptor.lambda$instantiateAndPostProcessTestInstance$6(ClassBasedTestDescriptor.java:290) ~[junit-jupiter-engine-5.10.1.jar:5.10.1]
	at org.junit.platform.engine.support.hierarchical.ThrowableCollector.execute(ThrowableCollector.java:73) ~[junit-platform-engine-1.10.1.jar:1.10.1]
	at org.junit.jupiter.engine.descriptor.ClassBasedTestDescriptor.instantiateAndPostProcessTestInstance(ClassBasedTestDescriptor.java:289) ~[junit-jupiter-engine-5.10.1.jar:5.10.1]
	at org.junit.jupiter.engine.descriptor.ClassBasedTestDescriptor.lambda$testInstancesProvider$4(ClassBasedTestDescriptor.java:279) ~[junit-jupiter-engine-5.10.1.jar:5.10.1]
	at java.base/java.util.Optional.orElseGet(Optional.java:364) ~[?:?]
	at org.junit.jupiter.engine.descriptor.ClassBasedTestDescriptor.lambda$testInstancesProvider$5(ClassBasedTestDescriptor.java:278) ~[junit-jupiter-engine-5.10.1.jar:5.10.1]
	at org.junit.jupiter.engine.execution.TestInstancesProvider.getTestInstances(TestInstancesProvider.java:31) ~[junit-jupiter-engine-5.10.1.jar:5.10.1]
	at org.junit.jupiter.engine.descriptor.ClassBasedTestDescriptor.lambda$before$2(ClassBasedTestDescriptor.java:204) ~[junit-jupiter-engine-5.10.1.jar:5.10.1]
	at org.junit.platform.engine.support.hierarchical.ThrowableCollector.execute(ThrowableCollector.java:73) ~[junit-platform-engine-1.10.1.jar:1.10.1]
	at org.junit.jupiter.engine.descriptor.ClassBasedTestDescriptor.before(ClassBasedTestDescriptor.java:203) ~[junit-jupiter-engine-5.10.1.jar:5.10.1]
	at org.junit.jupiter.engine.descriptor.ClassBasedTestDescriptor.before(ClassBasedTestDescriptor.java:85) ~[junit-jupiter-engine-5.10.1.jar:5.10.1]
	at org.junit.platform.engine.support.hierarchical.NodeTestTask.lambda$executeRecursively$6(NodeTestTask.java:148) ~[junit-platform-engine-1.10.1.jar:1.10.1]
	at org.junit.platform.engine.support.hierarchical.ThrowableCollector.execute(ThrowableCollector.java:73) ~[junit-platform-engine-1.10.1.jar:1.10.1]
	at org.junit.platform.engine.support.hierarchical.NodeTestTask.lambda$executeRecursively$8(NodeTestTask.java:141) ~[junit-platform-engine-1.10.1.jar:1.10.1]
	at org.junit.platform.engine.support.hierarchical.Node.around(Node.java:137) ~[junit-platform-engine-1.10.1.jar:1.10.1]
	at org.junit.platform.engine.support.hierarchical.NodeTestTask.lambda$executeRecursively$9(NodeTestTask.java:139) ~[junit-platform-engine-1.10.1.jar:1.10.1]
	at org.junit.platform.engine.support.hierarchical.ThrowableCollector.execute(ThrowableCollector.java:73) ~[junit-platform-engine-1.10.1.jar:1.10.1]
	at org.junit.platform.engine.support.hierarchical.NodeTestTask.executeRecursively(NodeTestTask.java:138) ~[junit-platform-engine-1.10.1.jar:1.10.1]
	at org.junit.platform.engine.support.hierarchical.NodeTestTask.execute(NodeTestTask.java:95) ~[junit-platform-engine-1.10.1.jar:1.10.1]
	at java.base/java.util.ArrayList.forEach(ArrayList.java:1511) ~[?:?]
	at org.junit.platform.engine.support.hierarchical.SameThreadHierarchicalTestExecutorService.invokeAll(SameThreadHierarchicalTestExecutorService.java:41) ~[junit-platform-engine-1.10.1.jar:1.10.1]
	at org.junit.platform.engine.support.hierarchical.NodeTestTask.lambda$executeRecursively$6(NodeTestTask.java:155) ~[junit-platform-engine-1.10.1.jar:1.10.1]
	at org.junit.platform.engine.support.hierarchical.ThrowableCollector.execute(ThrowableCollector.java:73) ~[junit-platform-engine-1.10.1.jar:1.10.1]
	at org.junit.platform.engine.support.hierarchical.NodeTestTask.lambda$executeRecursively$8(NodeTestTask.java:141) ~[junit-platform-engine-1.10.1.jar:1.10.1]
	at org.junit.platform.engine.support.hierarchical.Node.around(Node.java:137) ~[junit-platform-engine-1.10.1.jar:1.10.1]
	at org.junit.platform.engine.support.hierarchical.NodeTestTask.lambda$executeRecursively$9(NodeTestTask.java:139) ~[junit-platform-engine-1.10.1.jar:1.10.1]
	at org.junit.platform.engine.support.hierarchical.ThrowableCollector.execute(ThrowableCollector.java:73) ~[junit-platform-engine-1.10.1.jar:1.10.1]
	at org.junit.platform.engine.support.hierarchical.NodeTestTask.executeRecursively(NodeTestTask.java:138) ~[junit-platform-engine-1.10.1.jar:1.10.1]
	at org.junit.platform.engine.support.hierarchical.NodeTestTask.execute(NodeTestTask.java:95) ~[junit-platform-engine-1.10.1.jar:1.10.1]
	at org.junit.platform.engine.support.hierarchical.SameThreadHierarchicalTestExecutorService.submit(SameThreadHierarchicalTestExecutorService.java:35) ~[junit-platform-engine-1.10.1.jar:1.10.1]
	at org.junit.platform.engine.support.hierarchical.HierarchicalTestExecutor.execute(HierarchicalTestExecutor.java:57) ~[junit-platform-engine-1.10.1.jar:1.10.1]
	at org.junit.platform.engine.support.hierarchical.HierarchicalTestEngine.execute(HierarchicalTestEngine.java:54) ~[junit-platform-engine-1.10.1.jar:1.10.1]
	at org.junit.platform.launcher.core.EngineExecutionOrchestrator.execute(EngineExecutionOrchestrator.java:198) ~[junit-platform-launcher-1.10.1.jar:1.10.1]
	at org.junit.platform.launcher.core.EngineExecutionOrchestrator.execute(EngineExecutionOrchestrator.java:169) ~[junit-platform-launcher-1.10.1.jar:1.10.1]
	at org.junit.platform.launcher.core.EngineExecutionOrchestrator.execute(EngineExecutionOrchestrator.java:93) ~[junit-platform-launcher-1.10.1.jar:1.10.1]
	at org.junit.platform.launcher.core.EngineExecutionOrchestrator.lambda$execute$0(EngineExecutionOrchestrator.java:58) ~[junit-platform-launcher-1.10.1.jar:1.10.1]
	at org.junit.platform.launcher.core.EngineExecutionOrchestrator.withInterceptedStreams(EngineExecutionOrchestrator.java:141) [junit-platform-launcher-1.10.1.jar:1.10.1]
	at org.junit.platform.launcher.core.EngineExecutionOrchestrator.execute(EngineExecutionOrchestrator.java:57) [junit-platform-launcher-1.10.1.jar:1.10.1]
	at org.junit.platform.launcher.core.DefaultLauncher.execute(DefaultLauncher.java:103) [junit-platform-launcher-1.10.1.jar:1.10.1]
	at org.junit.platform.launcher.core.DefaultLauncher.execute(DefaultLauncher.java:85) [junit-platform-launcher-1.10.1.jar:1.10.1]
	at org.junit.platform.launcher.core.DelegatingLauncher.execute(DelegatingLauncher.java:47) [junit-platform-launcher-1.10.1.jar:1.10.1]
	at org.apache.maven.surefire.junitplatform.LazyLauncher.execute(LazyLauncher.java:56) [surefire-junit-platform-3.1.2.jar:3.1.2]
	at org.apache.maven.surefire.junitplatform.JUnitPlatformProvider.execute(JUnitPlatformProvider.java:184) [surefire-junit-platform-3.1.2.jar:3.1.2]
	at org.apache.maven.surefire.junitplatform.JUnitPlatformProvider.invokeAllTests(JUnitPlatformProvider.java:148) [surefire-junit-platform-3.1.2.jar:3.1.2]
	at org.apache.maven.surefire.junitplatform.JUnitPlatformProvider.invoke(JUnitPlatformProvider.java:122) [surefire-junit-platform-3.1.2.jar:3.1.2]
	at org.apache.maven.surefire.booter.ForkedBooter.runSuitesInProcess(ForkedBooter.java:385) [surefire-booter-3.1.2.jar:3.1.2]
	at org.apache.maven.surefire.booter.ForkedBooter.execute(ForkedBooter.java:162) [surefire-booter-3.1.2.jar:3.1.2]
	at org.apache.maven.surefire.booter.ForkedBooter.run(ForkedBooter.java:507) [surefire-booter-3.1.2.jar:3.1.2]
	at org.apache.maven.surefire.booter.ForkedBooter.main(ForkedBooter.java:495) [surefire-booter-3.1.2.jar:3.1.2]
Caused by: java.sql.SQLSyntaxErrorException: Table 'agroplantationapp.publication' doesn't exist
	at com.mysql.cj.jdbc.exceptions.SQLError.createSQLException(SQLError.java:121) ~[mysql-connector-j-8.1.0.jar:8.1.0]
	at com.mysql.cj.jdbc.exceptions.SQLExceptionsMapping.translateException(SQLExceptionsMapping.java:122) ~[mysql-connector-j-8.1.0.jar:8.1.0]
	at com.mysql.cj.jdbc.StatementImpl.executeInternal(StatementImpl.java:763) ~[mysql-connector-j-8.1.0.jar:8.1.0]
	at com.mysql.cj.jdbc.StatementImpl.execute(StatementImpl.java:648) ~[mysql-connector-j-8.1.0.jar:8.1.0]
	at com.zaxxer.hikari.pool.ProxyStatement.execute(ProxyStatement.java:94) ~[HikariCP-5.0.1.jar:?]
	at com.zaxxer.hikari.pool.HikariProxyStatement.execute(HikariProxyStatement.java) ~[HikariCP-5.0.1.jar:?]
	at org.hibernate.tool.schema.internal.exec.GenerationTargetToDatabase.accept(GenerationTargetToDatabase.java:80) ~[hibernate-core-6.4.1.Final.jar:6.4.1.Final]
	... 111 more
Hibernate: 
    alter table publication 
       drop 
       foreign key FK1ufuxqp3nxjwydq2b3qlqj5by
2024-07-17 08:14:51,072 WARN o.h.t.s.i.ExceptionHandlerLoggedImpl [main] GenerationTarget encountered exception accepting command : Error executing DDL "
    alter table publication 
       drop 
       foreign key FK1ufuxqp3nxjwydq2b3qlqj5by" via JDBC [Table 'agroplantationapp.publication' doesn't exist]
org.hibernate.tool.schema.spi.CommandAcceptanceException: Error executing DDL "
    alter table publication 
       drop 
       foreign key FK1ufuxqp3nxjwydq2b3qlqj5by" via JDBC [Table 'agroplantationapp.publication' doesn't exist]
	at org.hibernate.tool.schema.internal.exec.GenerationTargetToDatabase.accept(GenerationTargetToDatabase.java:94) ~[hibernate-core-6.4.1.Final.jar:6.4.1.Final]
	at org.hibernate.tool.schema.internal.Helper.applySqlString(Helper.java:233) ~[hibernate-core-6.4.1.Final.jar:6.4.1.Final]
	at org.hibernate.tool.schema.internal.Helper.applySqlStrings(Helper.java:217) ~[hibernate-core-6.4.1.Final.jar:6.4.1.Final]
	at org.hibernate.tool.schema.internal.SchemaDropperImpl.applyConstraintDropping(SchemaDropperImpl.java:470) ~[hibernate-core-6.4.1.Final.jar:6.4.1.Final]
	at org.hibernate.tool.schema.internal.SchemaDropperImpl.dropConstraintsTablesSequences(SchemaDropperImpl.java:242) ~[hibernate-core-6.4.1.Final.jar:6.4.1.Final]
	at org.hibernate.tool.schema.internal.SchemaDropperImpl.dropFromMetadata(SchemaDropperImpl.java:215) ~[hibernate-core-6.4.1.Final.jar:6.4.1.Final]
	at org.hibernate.tool.schema.internal.SchemaDropperImpl.performDrop(SchemaDropperImpl.java:185) ~[hibernate-core-6.4.1.Final.jar:6.4.1.Final]
	at org.hibernate.tool.schema.internal.SchemaDropperImpl.doDrop(SchemaDropperImpl.java:155) ~[hibernate-core-6.4.1.Final.jar:6.4.1.Final]
	at org.hibernate.tool.schema.internal.SchemaDropperImpl.doDrop(SchemaDropperImpl.java:115) ~[hibernate-core-6.4.1.Final.jar:6.4.1.Final]
	at org.hibernate.tool.schema.spi.SchemaManagementToolCoordinator.performDatabaseAction(SchemaManagementToolCoordinator.java:244) ~[hibernate-core-6.4.1.Final.jar:6.4.1.Final]
	at org.hibernate.tool.schema.spi.SchemaManagementToolCoordinator.lambda$process$5(SchemaManagementToolCoordinator.java:145) ~[hibernate-core-6.4.1.Final.jar:6.4.1.Final]
	at java.base/java.util.HashMap.forEach(HashMap.java:1421) ~[?:?]
	at org.hibernate.tool.schema.spi.SchemaManagementToolCoordinator.process(SchemaManagementToolCoordinator.java:142) ~[hibernate-core-6.4.1.Final.jar:6.4.1.Final]
	at org.hibernate.boot.internal.SessionFactoryObserverForSchemaExport.sessionFactoryCreated(SessionFactoryObserverForSchemaExport.java:37) ~[hibernate-core-6.4.1.Final.jar:6.4.1.Final]
	at org.hibernate.internal.SessionFactoryObserverChain.sessionFactoryCreated(SessionFactoryObserverChain.java:35) ~[hibernate-core-6.4.1.Final.jar:6.4.1.Final]
	at org.hibernate.internal.SessionFactoryImpl.<init>(SessionFactoryImpl.java:315) ~[hibernate-core-6.4.1.Final.jar:6.4.1.Final]
	at org.hibernate.boot.internal.SessionFactoryBuilderImpl.build(SessionFactoryBuilderImpl.java:450) ~[hibernate-core-6.4.1.Final.jar:6.4.1.Final]
	at org.hibernate.jpa.boot.internal.EntityManagerFactoryBuilderImpl.build(EntityManagerFactoryBuilderImpl.java:1507) ~[hibernate-core-6.4.1.Final.jar:6.4.1.Final]
	at org.springframework.orm.jpa.vendor.SpringHibernateJpaPersistenceProvider.createContainerEntityManagerFactory(SpringHibernateJpaPersistenceProvider.java:75) ~[spring-orm-6.1.2.jar:6.1.2]
	at org.springframework.orm.jpa.LocalContainerEntityManagerFactoryBean.createNativeEntityManagerFactory(LocalContainerEntityManagerFactoryBean.java:376) ~[spring-orm-6.1.2.jar:6.1.2]
	at org.springframework.orm.jpa.AbstractEntityManagerFactoryBean.buildNativeEntityManagerFactory(AbstractEntityManagerFactoryBean.java:409) ~[spring-orm-6.1.2.jar:6.1.2]
	at org.springframework.orm.jpa.AbstractEntityManagerFactoryBean.afterPropertiesSet(AbstractEntityManagerFactoryBean.java:396) ~[spring-orm-6.1.2.jar:6.1.2]
	at org.springframework.orm.jpa.LocalContainerEntityManagerFactoryBean.afterPropertiesSet(LocalContainerEntityManagerFactoryBean.java:352) ~[spring-orm-6.1.2.jar:6.1.2]
	at org.springframework.beans.factory.support.AbstractAutowireCapableBeanFactory.invokeInitMethods(AbstractAutowireCapableBeanFactory.java:1820) ~[spring-beans-6.1.2.jar:6.1.2]
	at org.springframework.beans.factory.support.AbstractAutowireCapableBeanFactory.initializeBean(AbstractAutowireCapableBeanFactory.java:1769) ~[spring-beans-6.1.2.jar:6.1.2]
	at org.springframework.beans.factory.support.AbstractAutowireCapableBeanFactory.doCreateBean(AbstractAutowireCapableBeanFactory.java:599) ~[spring-beans-6.1.2.jar:6.1.2]
	at org.springframework.beans.factory.support.AbstractAutowireCapableBeanFactory.createBean(AbstractAutowireCapableBeanFactory.java:521) ~[spring-beans-6.1.2.jar:6.1.2]
	at org.springframework.beans.factory.support.AbstractBeanFactory.lambda$doGetBean$0(AbstractBeanFactory.java:325) ~[spring-beans-6.1.2.jar:6.1.2]
	at org.springframework.beans.factory.support.DefaultSingletonBeanRegistry.getSingleton(DefaultSingletonBeanRegistry.java:234) ~[spring-beans-6.1.2.jar:6.1.2]
	at org.springframework.beans.factory.support.AbstractBeanFactory.doGetBean(AbstractBeanFactory.java:323) ~[spring-beans-6.1.2.jar:6.1.2]
	at org.springframework.beans.factory.support.AbstractBeanFactory.getBean(AbstractBeanFactory.java:199) ~[spring-beans-6.1.2.jar:6.1.2]
	at org.springframework.context.support.AbstractApplicationContext.getBean(AbstractApplicationContext.java:1232) ~[spring-context-6.1.2.jar:6.1.2]
	at org.springframework.context.support.AbstractApplicationContext.finishBeanFactoryInitialization(AbstractApplicationContext.java:950) ~[spring-context-6.1.2.jar:6.1.2]
	at org.springframework.context.support.AbstractApplicationContext.refresh(AbstractApplicationContext.java:625) ~[spring-context-6.1.2.jar:6.1.2]
	at org.springframework.boot.SpringApplication.refresh(SpringApplication.java:762) ~[spring-boot-3.2.1.jar:3.2.1]
	at org.springframework.boot.SpringApplication.refreshContext(SpringApplication.java:464) ~[spring-boot-3.2.1.jar:3.2.1]
	at org.springframework.boot.SpringApplication.run(SpringApplication.java:334) ~[spring-boot-3.2.1.jar:3.2.1]
	at org.springframework.boot.test.context.SpringBootContextLoader.lambda$loadContext$3(SpringBootContextLoader.java:137) ~[spring-boot-test-3.2.1.jar:3.2.1]
	at org.springframework.util.function.ThrowingSupplier.get(ThrowingSupplier.java:58) ~[spring-core-6.1.2.jar:6.1.2]
	at org.springframework.util.function.ThrowingSupplier.get(ThrowingSupplier.java:46) ~[spring-core-6.1.2.jar:6.1.2]
	at org.springframework.boot.SpringApplication.withHook(SpringApplication.java:1458) ~[spring-boot-3.2.1.jar:3.2.1]
	at org.springframework.boot.test.context.SpringBootContextLoader$ContextLoaderHook.run(SpringBootContextLoader.java:552) ~[spring-boot-test-3.2.1.jar:3.2.1]
	at org.springframework.boot.test.context.SpringBootContextLoader.loadContext(SpringBootContextLoader.java:137) ~[spring-boot-test-3.2.1.jar:3.2.1]
	at org.springframework.boot.test.context.SpringBootContextLoader.loadContext(SpringBootContextLoader.java:108) ~[spring-boot-test-3.2.1.jar:3.2.1]
	at org.springframework.test.context.cache.DefaultCacheAwareContextLoaderDelegate.loadContextInternal(DefaultCacheAwareContextLoaderDelegate.java:225) ~[spring-test-6.1.2.jar:6.1.2]
	at org.springframework.test.context.cache.DefaultCacheAwareContextLoaderDelegate.loadContext(DefaultCacheAwareContextLoaderDelegate.java:152) ~[spring-test-6.1.2.jar:6.1.2]
	at org.springframework.test.context.support.DefaultTestContext.getApplicationContext(DefaultTestContext.java:130) ~[spring-test-6.1.2.jar:6.1.2]
	at org.springframework.test.context.web.ServletTestExecutionListener.setUpRequestContextIfNecessary(ServletTestExecutionListener.java:191) ~[spring-test-6.1.2.jar:6.1.2]
	at org.springframework.test.context.web.ServletTestExecutionListener.prepareTestInstance(ServletTestExecutionListener.java:130) ~[spring-test-6.1.2.jar:6.1.2]
	at org.springframework.test.context.TestContextManager.prepareTestInstance(TestContextManager.java:260) ~[spring-test-6.1.2.jar:6.1.2]
	at org.springframework.test.context.junit.jupiter.SpringExtension.postProcessTestInstance(SpringExtension.java:163) ~[spring-test-6.1.2.jar:6.1.2]
	at org.junit.jupiter.engine.descriptor.ClassBasedTestDescriptor.lambda$invokeTestInstancePostProcessors$10(ClassBasedTestDescriptor.java:378) ~[junit-jupiter-engine-5.10.1.jar:5.10.1]
	at org.junit.jupiter.engine.descriptor.ClassBasedTestDescriptor.executeAndMaskThrowable(ClassBasedTestDescriptor.java:383) ~[junit-jupiter-engine-5.10.1.jar:5.10.1]
	at org.junit.jupiter.engine.descriptor.ClassBasedTestDescriptor.lambda$invokeTestInstancePostProcessors$11(ClassBasedTestDescriptor.java:378) ~[junit-jupiter-engine-5.10.1.jar:5.10.1]
	at java.base/java.util.stream.ReferencePipeline$3$1.accept(ReferencePipeline.java:197) ~[?:?]
	at java.base/java.util.stream.ReferencePipeline$2$1.accept(ReferencePipeline.java:179) ~[?:?]
	at java.base/java.util.ArrayList$ArrayListSpliterator.forEachRemaining(ArrayList.java:1625) ~[?:?]
	at java.base/java.util.stream.AbstractPipeline.copyInto(AbstractPipeline.java:509) ~[?:?]
	at java.base/java.util.stream.AbstractPipeline.wrapAndCopyInto(AbstractPipeline.java:499) ~[?:?]
	at java.base/java.util.stream.StreamSpliterators$WrappingSpliterator.forEachRemaining(StreamSpliterators.java:310) ~[?:?]
	at java.base/java.util.stream.Streams$ConcatSpliterator.forEachRemaining(Streams.java:735) ~[?:?]
	at java.base/java.util.stream.ReferencePipeline$Head.forEach(ReferencePipeline.java:762) ~[?:?]
	at org.junit.jupiter.engine.descriptor.ClassBasedTestDescriptor.invokeTestInstancePostProcessors(ClassBasedTestDescriptor.java:377) ~[junit-jupiter-engine-5.10.1.jar:5.10.1]
	at org.junit.jupiter.engine.descriptor.ClassBasedTestDescriptor.lambda$instantiateAndPostProcessTestInstance$6(ClassBasedTestDescriptor.java:290) ~[junit-jupiter-engine-5.10.1.jar:5.10.1]
	at org.junit.platform.engine.support.hierarchical.ThrowableCollector.execute(ThrowableCollector.java:73) ~[junit-platform-engine-1.10.1.jar:1.10.1]
	at org.junit.jupiter.engine.descriptor.ClassBasedTestDescriptor.instantiateAndPostProcessTestInstance(ClassBasedTestDescriptor.java:289) ~[junit-jupiter-engine-5.10.1.jar:5.10.1]
	at org.junit.jupiter.engine.descriptor.ClassBasedTestDescriptor.lambda$testInstancesProvider$4(ClassBasedTestDescriptor.java:279) ~[junit-jupiter-engine-5.10.1.jar:5.10.1]
	at java.base/java.util.Optional.orElseGet(Optional.java:364) ~[?:?]
	at org.junit.jupiter.engine.descriptor.ClassBasedTestDescriptor.lambda$testInstancesProvider$5(ClassBasedTestDescriptor.java:278) ~[junit-jupiter-engine-5.10.1.jar:5.10.1]
	at org.junit.jupiter.engine.execution.TestInstancesProvider.getTestInstances(TestInstancesProvider.java:31) ~[junit-jupiter-engine-5.10.1.jar:5.10.1]
	at org.junit.jupiter.engine.descriptor.ClassBasedTestDescriptor.lambda$before$2(ClassBasedTestDescriptor.java:204) ~[junit-jupiter-engine-5.10.1.jar:5.10.1]
	at org.junit.platform.engine.support.hierarchical.ThrowableCollector.execute(ThrowableCollector.java:73) ~[junit-platform-engine-1.10.1.jar:1.10.1]
	at org.junit.jupiter.engine.descriptor.ClassBasedTestDescriptor.before(ClassBasedTestDescriptor.java:203) ~[junit-jupiter-engine-5.10.1.jar:5.10.1]
	at org.junit.jupiter.engine.descriptor.ClassBasedTestDescriptor.before(ClassBasedTestDescriptor.java:85) ~[junit-jupiter-engine-5.10.1.jar:5.10.1]
	at org.junit.platform.engine.support.hierarchical.NodeTestTask.lambda$executeRecursively$6(NodeTestTask.java:148) ~[junit-platform-engine-1.10.1.jar:1.10.1]
	at org.junit.platform.engine.support.hierarchical.ThrowableCollector.execute(ThrowableCollector.java:73) ~[junit-platform-engine-1.10.1.jar:1.10.1]
	at org.junit.platform.engine.support.hierarchical.NodeTestTask.lambda$executeRecursively$8(NodeTestTask.java:141) ~[junit-platform-engine-1.10.1.jar:1.10.1]
	at org.junit.platform.engine.support.hierarchical.Node.around(Node.java:137) ~[junit-platform-engine-1.10.1.jar:1.10.1]
	at org.junit.platform.engine.support.hierarchical.NodeTestTask.lambda$executeRecursively$9(NodeTestTask.java:139) ~[junit-platform-engine-1.10.1.jar:1.10.1]
	at org.junit.platform.engine.support.hierarchical.ThrowableCollector.execute(ThrowableCollector.java:73) ~[junit-platform-engine-1.10.1.jar:1.10.1]
	at org.junit.platform.engine.support.hierarchical.NodeTestTask.executeRecursively(NodeTestTask.java:138) ~[junit-platform-engine-1.10.1.jar:1.10.1]
	at org.junit.platform.engine.support.hierarchical.NodeTestTask.execute(NodeTestTask.java:95) ~[junit-platform-engine-1.10.1.jar:1.10.1]
	at java.base/java.util.ArrayList.forEach(ArrayList.java:1511) ~[?:?]
	at org.junit.platform.engine.support.hierarchical.SameThreadHierarchicalTestExecutorService.invokeAll(SameThreadHierarchicalTestExecutorService.java:41) ~[junit-platform-engine-1.10.1.jar:1.10.1]
	at org.junit.platform.engine.support.hierarchical.NodeTestTask.lambda$executeRecursively$6(NodeTestTask.java:155) ~[junit-platform-engine-1.10.1.jar:1.10.1]
	at org.junit.platform.engine.support.hierarchical.ThrowableCollector.execute(ThrowableCollector.java:73) ~[junit-platform-engine-1.10.1.jar:1.10.1]
	at org.junit.platform.engine.support.hierarchical.NodeTestTask.lambda$executeRecursively$8(NodeTestTask.java:141) ~[junit-platform-engine-1.10.1.jar:1.10.1]
	at org.junit.platform.engine.support.hierarchical.Node.around(Node.java:137) ~[junit-platform-engine-1.10.1.jar:1.10.1]
	at org.junit.platform.engine.support.hierarchical.NodeTestTask.lambda$executeRecursively$9(NodeTestTask.java:139) ~[junit-platform-engine-1.10.1.jar:1.10.1]
	at org.junit.platform.engine.support.hierarchical.ThrowableCollector.execute(ThrowableCollector.java:73) ~[junit-platform-engine-1.10.1.jar:1.10.1]
	at org.junit.platform.engine.support.hierarchical.NodeTestTask.executeRecursively(NodeTestTask.java:138) ~[junit-platform-engine-1.10.1.jar:1.10.1]
	at org.junit.platform.engine.support.hierarchical.NodeTestTask.execute(NodeTestTask.java:95) ~[junit-platform-engine-1.10.1.jar:1.10.1]
	at org.junit.platform.engine.support.hierarchical.SameThreadHierarchicalTestExecutorService.submit(SameThreadHierarchicalTestExecutorService.java:35) ~[junit-platform-engine-1.10.1.jar:1.10.1]
	at org.junit.platform.engine.support.hierarchical.HierarchicalTestExecutor.execute(HierarchicalTestExecutor.java:57) ~[junit-platform-engine-1.10.1.jar:1.10.1]
	at org.junit.platform.engine.support.hierarchical.HierarchicalTestEngine.execute(HierarchicalTestEngine.java:54) ~[junit-platform-engine-1.10.1.jar:1.10.1]
	at org.junit.platform.launcher.core.EngineExecutionOrchestrator.execute(EngineExecutionOrchestrator.java:198) ~[junit-platform-launcher-1.10.1.jar:1.10.1]
	at org.junit.platform.launcher.core.EngineExecutionOrchestrator.execute(EngineExecutionOrchestrator.java:169) ~[junit-platform-launcher-1.10.1.jar:1.10.1]
	at org.junit.platform.launcher.core.EngineExecutionOrchestrator.execute(EngineExecutionOrchestrator.java:93) ~[junit-platform-launcher-1.10.1.jar:1.10.1]
	at org.junit.platform.launcher.core.EngineExecutionOrchestrator.lambda$execute$0(EngineExecutionOrchestrator.java:58) ~[junit-platform-launcher-1.10.1.jar:1.10.1]
	at org.junit.platform.launcher.core.EngineExecutionOrchestrator.withInterceptedStreams(EngineExecutionOrchestrator.java:141) [junit-platform-launcher-1.10.1.jar:1.10.1]
	at org.junit.platform.launcher.core.EngineExecutionOrchestrator.execute(EngineExecutionOrchestrator.java:57) [junit-platform-launcher-1.10.1.jar:1.10.1]
	at org.junit.platform.launcher.core.DefaultLauncher.execute(DefaultLauncher.java:103) [junit-platform-launcher-1.10.1.jar:1.10.1]
	at org.junit.platform.launcher.core.DefaultLauncher.execute(DefaultLauncher.java:85) [junit-platform-launcher-1.10.1.jar:1.10.1]
	at org.junit.platform.launcher.core.DelegatingLauncher.execute(DelegatingLauncher.java:47) [junit-platform-launcher-1.10.1.jar:1.10.1]
	at org.apache.maven.surefire.junitplatform.LazyLauncher.execute(LazyLauncher.java:56) [surefire-junit-platform-3.1.2.jar:3.1.2]
	at org.apache.maven.surefire.junitplatform.JUnitPlatformProvider.execute(JUnitPlatformProvider.java:184) [surefire-junit-platform-3.1.2.jar:3.1.2]
	at org.apache.maven.surefire.junitplatform.JUnitPlatformProvider.invokeAllTests(JUnitPlatformProvider.java:148) [surefire-junit-platform-3.1.2.jar:3.1.2]
	at org.apache.maven.surefire.junitplatform.JUnitPlatformProvider.invoke(JUnitPlatformProvider.java:122) [surefire-junit-platform-3.1.2.jar:3.1.2]
	at org.apache.maven.surefire.booter.ForkedBooter.runSuitesInProcess(ForkedBooter.java:385) [surefire-booter-3.1.2.jar:3.1.2]
	at org.apache.maven.surefire.booter.ForkedBooter.execute(ForkedBooter.java:162) [surefire-booter-3.1.2.jar:3.1.2]
	at org.apache.maven.surefire.booter.ForkedBooter.run(ForkedBooter.java:507) [surefire-booter-3.1.2.jar:3.1.2]
	at org.apache.maven.surefire.booter.ForkedBooter.main(ForkedBooter.java:495) [surefire-booter-3.1.2.jar:3.1.2]
Caused by: java.sql.SQLSyntaxErrorException: Table 'agroplantationapp.publication' doesn't exist
	at com.mysql.cj.jdbc.exceptions.SQLError.createSQLException(SQLError.java:121) ~[mysql-connector-j-8.1.0.jar:8.1.0]
	at com.mysql.cj.jdbc.exceptions.SQLExceptionsMapping.translateException(SQLExceptionsMapping.java:122) ~[mysql-connector-j-8.1.0.jar:8.1.0]
	at com.mysql.cj.jdbc.StatementImpl.executeInternal(StatementImpl.java:763) ~[mysql-connector-j-8.1.0.jar:8.1.0]
	at com.mysql.cj.jdbc.StatementImpl.execute(StatementImpl.java:648) ~[mysql-connector-j-8.1.0.jar:8.1.0]
	at com.zaxxer.hikari.pool.ProxyStatement.execute(ProxyStatement.java:94) ~[HikariCP-5.0.1.jar:?]
	at com.zaxxer.hikari.pool.HikariProxyStatement.execute(HikariProxyStatement.java) ~[HikariCP-5.0.1.jar:?]
	at org.hibernate.tool.schema.internal.exec.GenerationTargetToDatabase.accept(GenerationTargetToDatabase.java:80) ~[hibernate-core-6.4.1.Final.jar:6.4.1.Final]
	... 111 more
Hibernate: 
    alter table publication_images 
       drop 
       foreign key FK79gnersfnrys0g9xuf538v2pf
2024-07-17 08:14:51,077 WARN o.h.t.s.i.ExceptionHandlerLoggedImpl [main] GenerationTarget encountered exception accepting command : Error executing DDL "
    alter table publication_images 
       drop 
       foreign key FK79gnersfnrys0g9xuf538v2pf" via JDBC [Table 'agroplantationapp.publication_images' doesn't exist]
org.hibernate.tool.schema.spi.CommandAcceptanceException: Error executing DDL "
    alter table publication_images 
       drop 
       foreign key FK79gnersfnrys0g9xuf538v2pf" via JDBC [Table 'agroplantationapp.publication_images' doesn't exist]
	at org.hibernate.tool.schema.internal.exec.GenerationTargetToDatabase.accept(GenerationTargetToDatabase.java:94) ~[hibernate-core-6.4.1.Final.jar:6.4.1.Final]
	at org.hibernate.tool.schema.internal.Helper.applySqlString(Helper.java:233) ~[hibernate-core-6.4.1.Final.jar:6.4.1.Final]
	at org.hibernate.tool.schema.internal.Helper.applySqlStrings(Helper.java:217) ~[hibernate-core-6.4.1.Final.jar:6.4.1.Final]
	at org.hibernate.tool.schema.internal.SchemaDropperImpl.applyConstraintDropping(SchemaDropperImpl.java:470) ~[hibernate-core-6.4.1.Final.jar:6.4.1.Final]
	at org.hibernate.tool.schema.internal.SchemaDropperImpl.dropConstraintsTablesSequences(SchemaDropperImpl.java:242) ~[hibernate-core-6.4.1.Final.jar:6.4.1.Final]
	at org.hibernate.tool.schema.internal.SchemaDropperImpl.dropFromMetadata(SchemaDropperImpl.java:215) ~[hibernate-core-6.4.1.Final.jar:6.4.1.Final]
	at org.hibernate.tool.schema.internal.SchemaDropperImpl.performDrop(SchemaDropperImpl.java:185) ~[hibernate-core-6.4.1.Final.jar:6.4.1.Final]
	at org.hibernate.tool.schema.internal.SchemaDropperImpl.doDrop(SchemaDropperImpl.java:155) ~[hibernate-core-6.4.1.Final.jar:6.4.1.Final]
	at org.hibernate.tool.schema.internal.SchemaDropperImpl.doDrop(SchemaDropperImpl.java:115) ~[hibernate-core-6.4.1.Final.jar:6.4.1.Final]
	at org.hibernate.tool.schema.spi.SchemaManagementToolCoordinator.performDatabaseAction(SchemaManagementToolCoordinator.java:244) ~[hibernate-core-6.4.1.Final.jar:6.4.1.Final]
	at org.hibernate.tool.schema.spi.SchemaManagementToolCoordinator.lambda$process$5(SchemaManagementToolCoordinator.java:145) ~[hibernate-core-6.4.1.Final.jar:6.4.1.Final]
	at java.base/java.util.HashMap.forEach(HashMap.java:1421) ~[?:?]
	at org.hibernate.tool.schema.spi.SchemaManagementToolCoordinator.process(SchemaManagementToolCoordinator.java:142) ~[hibernate-core-6.4.1.Final.jar:6.4.1.Final]
	at org.hibernate.boot.internal.SessionFactoryObserverForSchemaExport.sessionFactoryCreated(SessionFactoryObserverForSchemaExport.java:37) ~[hibernate-core-6.4.1.Final.jar:6.4.1.Final]
	at org.hibernate.internal.SessionFactoryObserverChain.sessionFactoryCreated(SessionFactoryObserverChain.java:35) ~[hibernate-core-6.4.1.Final.jar:6.4.1.Final]
	at org.hibernate.internal.SessionFactoryImpl.<init>(SessionFactoryImpl.java:315) ~[hibernate-core-6.4.1.Final.jar:6.4.1.Final]
	at org.hibernate.boot.internal.SessionFactoryBuilderImpl.build(SessionFactoryBuilderImpl.java:450) ~[hibernate-core-6.4.1.Final.jar:6.4.1.Final]
	at org.hibernate.jpa.boot.internal.EntityManagerFactoryBuilderImpl.build(EntityManagerFactoryBuilderImpl.java:1507) ~[hibernate-core-6.4.1.Final.jar:6.4.1.Final]
	at org.springframework.orm.jpa.vendor.SpringHibernateJpaPersistenceProvider.createContainerEntityManagerFactory(SpringHibernateJpaPersistenceProvider.java:75) ~[spring-orm-6.1.2.jar:6.1.2]
	at org.springframework.orm.jpa.LocalContainerEntityManagerFactoryBean.createNativeEntityManagerFactory(LocalContainerEntityManagerFactoryBean.java:376) ~[spring-orm-6.1.2.jar:6.1.2]
	at org.springframework.orm.jpa.AbstractEntityManagerFactoryBean.buildNativeEntityManagerFactory(AbstractEntityManagerFactoryBean.java:409) ~[spring-orm-6.1.2.jar:6.1.2]
	at org.springframework.orm.jpa.AbstractEntityManagerFactoryBean.afterPropertiesSet(AbstractEntityManagerFactoryBean.java:396) ~[spring-orm-6.1.2.jar:6.1.2]
	at org.springframework.orm.jpa.LocalContainerEntityManagerFactoryBean.afterPropertiesSet(LocalContainerEntityManagerFactoryBean.java:352) ~[spring-orm-6.1.2.jar:6.1.2]
	at org.springframework.beans.factory.support.AbstractAutowireCapableBeanFactory.invokeInitMethods(AbstractAutowireCapableBeanFactory.java:1820) ~[spring-beans-6.1.2.jar:6.1.2]
	at org.springframework.beans.factory.support.AbstractAutowireCapableBeanFactory.initializeBean(AbstractAutowireCapableBeanFactory.java:1769) ~[spring-beans-6.1.2.jar:6.1.2]
	at org.springframework.beans.factory.support.AbstractAutowireCapableBeanFactory.doCreateBean(AbstractAutowireCapableBeanFactory.java:599) ~[spring-beans-6.1.2.jar:6.1.2]
	at org.springframework.beans.factory.support.AbstractAutowireCapableBeanFactory.createBean(AbstractAutowireCapableBeanFactory.java:521) ~[spring-beans-6.1.2.jar:6.1.2]
	at org.springframework.beans.factory.support.AbstractBeanFactory.lambda$doGetBean$0(AbstractBeanFactory.java:325) ~[spring-beans-6.1.2.jar:6.1.2]
	at org.springframework.beans.factory.support.DefaultSingletonBeanRegistry.getSingleton(DefaultSingletonBeanRegistry.java:234) ~[spring-beans-6.1.2.jar:6.1.2]
	at org.springframework.beans.factory.support.AbstractBeanFactory.doGetBean(AbstractBeanFactory.java:323) ~[spring-beans-6.1.2.jar:6.1.2]
	at org.springframework.beans.factory.support.AbstractBeanFactory.getBean(AbstractBeanFactory.java:199) ~[spring-beans-6.1.2.jar:6.1.2]
	at org.springframework.context.support.AbstractApplicationContext.getBean(AbstractApplicationContext.java:1232) ~[spring-context-6.1.2.jar:6.1.2]
	at org.springframework.context.support.AbstractApplicationContext.finishBeanFactoryInitialization(AbstractApplicationContext.java:950) ~[spring-context-6.1.2.jar:6.1.2]
	at org.springframework.context.support.AbstractApplicationContext.refresh(AbstractApplicationContext.java:625) ~[spring-context-6.1.2.jar:6.1.2]
	at org.springframework.boot.SpringApplication.refresh(SpringApplication.java:762) ~[spring-boot-3.2.1.jar:3.2.1]
	at org.springframework.boot.SpringApplication.refreshContext(SpringApplication.java:464) ~[spring-boot-3.2.1.jar:3.2.1]
	at org.springframework.boot.SpringApplication.run(SpringApplication.java:334) ~[spring-boot-3.2.1.jar:3.2.1]
	at org.springframework.boot.test.context.SpringBootContextLoader.lambda$loadContext$3(SpringBootContextLoader.java:137) ~[spring-boot-test-3.2.1.jar:3.2.1]
	at org.springframework.util.function.ThrowingSupplier.get(ThrowingSupplier.java:58) ~[spring-core-6.1.2.jar:6.1.2]
	at org.springframework.util.function.ThrowingSupplier.get(ThrowingSupplier.java:46) ~[spring-core-6.1.2.jar:6.1.2]
	at org.springframework.boot.SpringApplication.withHook(SpringApplication.java:1458) ~[spring-boot-3.2.1.jar:3.2.1]
	at org.springframework.boot.test.context.SpringBootContextLoader$ContextLoaderHook.run(SpringBootContextLoader.java:552) ~[spring-boot-test-3.2.1.jar:3.2.1]
	at org.springframework.boot.test.context.SpringBootContextLoader.loadContext(SpringBootContextLoader.java:137) ~[spring-boot-test-3.2.1.jar:3.2.1]
	at org.springframework.boot.test.context.SpringBootContextLoader.loadContext(SpringBootContextLoader.java:108) ~[spring-boot-test-3.2.1.jar:3.2.1]
	at org.springframework.test.context.cache.DefaultCacheAwareContextLoaderDelegate.loadContextInternal(DefaultCacheAwareContextLoaderDelegate.java:225) ~[spring-test-6.1.2.jar:6.1.2]
	at org.springframework.test.context.cache.DefaultCacheAwareContextLoaderDelegate.loadContext(DefaultCacheAwareContextLoaderDelegate.java:152) ~[spring-test-6.1.2.jar:6.1.2]
	at org.springframework.test.context.support.DefaultTestContext.getApplicationContext(DefaultTestContext.java:130) ~[spring-test-6.1.2.jar:6.1.2]
	at org.springframework.test.context.web.ServletTestExecutionListener.setUpRequestContextIfNecessary(ServletTestExecutionListener.java:191) ~[spring-test-6.1.2.jar:6.1.2]
	at org.springframework.test.context.web.ServletTestExecutionListener.prepareTestInstance(ServletTestExecutionListener.java:130) ~[spring-test-6.1.2.jar:6.1.2]
	at org.springframework.test.context.TestContextManager.prepareTestInstance(TestContextManager.java:260) ~[spring-test-6.1.2.jar:6.1.2]
	at org.springframework.test.context.junit.jupiter.SpringExtension.postProcessTestInstance(SpringExtension.java:163) ~[spring-test-6.1.2.jar:6.1.2]
	at org.junit.jupiter.engine.descriptor.ClassBasedTestDescriptor.lambda$invokeTestInstancePostProcessors$10(ClassBasedTestDescriptor.java:378) ~[junit-jupiter-engine-5.10.1.jar:5.10.1]
	at org.junit.jupiter.engine.descriptor.ClassBasedTestDescriptor.executeAndMaskThrowable(ClassBasedTestDescriptor.java:383) ~[junit-jupiter-engine-5.10.1.jar:5.10.1]
	at org.junit.jupiter.engine.descriptor.ClassBasedTestDescriptor.lambda$invokeTestInstancePostProcessors$11(ClassBasedTestDescriptor.java:378) ~[junit-jupiter-engine-5.10.1.jar:5.10.1]
	at java.base/java.util.stream.ReferencePipeline$3$1.accept(ReferencePipeline.java:197) ~[?:?]
	at java.base/java.util.stream.ReferencePipeline$2$1.accept(ReferencePipeline.java:179) ~[?:?]
	at java.base/java.util.ArrayList$ArrayListSpliterator.forEachRemaining(ArrayList.java:1625) ~[?:?]
	at java.base/java.util.stream.AbstractPipeline.copyInto(AbstractPipeline.java:509) ~[?:?]
	at java.base/java.util.stream.AbstractPipeline.wrapAndCopyInto(AbstractPipeline.java:499) ~[?:?]
	at java.base/java.util.stream.StreamSpliterators$WrappingSpliterator.forEachRemaining(StreamSpliterators.java:310) ~[?:?]
	at java.base/java.util.stream.Streams$ConcatSpliterator.forEachRemaining(Streams.java:735) ~[?:?]
	at java.base/java.util.stream.ReferencePipeline$Head.forEach(ReferencePipeline.java:762) ~[?:?]
	at org.junit.jupiter.engine.descriptor.ClassBasedTestDescriptor.invokeTestInstancePostProcessors(ClassBasedTestDescriptor.java:377) ~[junit-jupiter-engine-5.10.1.jar:5.10.1]
	at org.junit.jupiter.engine.descriptor.ClassBasedTestDescriptor.lambda$instantiateAndPostProcessTestInstance$6(ClassBasedTestDescriptor.java:290) ~[junit-jupiter-engine-5.10.1.jar:5.10.1]
	at org.junit.platform.engine.support.hierarchical.ThrowableCollector.execute(ThrowableCollector.java:73) ~[junit-platform-engine-1.10.1.jar:1.10.1]
	at org.junit.jupiter.engine.descriptor.ClassBasedTestDescriptor.instantiateAndPostProcessTestInstance(ClassBasedTestDescriptor.java:289) ~[junit-jupiter-engine-5.10.1.jar:5.10.1]
	at org.junit.jupiter.engine.descriptor.ClassBasedTestDescriptor.lambda$testInstancesProvider$4(ClassBasedTestDescriptor.java:279) ~[junit-jupiter-engine-5.10.1.jar:5.10.1]
	at java.base/java.util.Optional.orElseGet(Optional.java:364) ~[?:?]
	at org.junit.jupiter.engine.descriptor.ClassBasedTestDescriptor.lambda$testInstancesProvider$5(ClassBasedTestDescriptor.java:278) ~[junit-jupiter-engine-5.10.1.jar:5.10.1]
	at org.junit.jupiter.engine.execution.TestInstancesProvider.getTestInstances(TestInstancesProvider.java:31) ~[junit-jupiter-engine-5.10.1.jar:5.10.1]
	at org.junit.jupiter.engine.descriptor.ClassBasedTestDescriptor.lambda$before$2(ClassBasedTestDescriptor.java:204) ~[junit-jupiter-engine-5.10.1.jar:5.10.1]
	at org.junit.platform.engine.support.hierarchical.ThrowableCollector.execute(ThrowableCollector.java:73) ~[junit-platform-engine-1.10.1.jar:1.10.1]
	at org.junit.jupiter.engine.descriptor.ClassBasedTestDescriptor.before(ClassBasedTestDescriptor.java:203) ~[junit-jupiter-engine-5.10.1.jar:5.10.1]
	at org.junit.jupiter.engine.descriptor.ClassBasedTestDescriptor.before(ClassBasedTestDescriptor.java:85) ~[junit-jupiter-engine-5.10.1.jar:5.10.1]
	at org.junit.platform.engine.support.hierarchical.NodeTestTask.lambda$executeRecursively$6(NodeTestTask.java:148) ~[junit-platform-engine-1.10.1.jar:1.10.1]
	at org.junit.platform.engine.support.hierarchical.ThrowableCollector.execute(ThrowableCollector.java:73) ~[junit-platform-engine-1.10.1.jar:1.10.1]
	at org.junit.platform.engine.support.hierarchical.NodeTestTask.lambda$executeRecursively$8(NodeTestTask.java:141) ~[junit-platform-engine-1.10.1.jar:1.10.1]
	at org.junit.platform.engine.support.hierarchical.Node.around(Node.java:137) ~[junit-platform-engine-1.10.1.jar:1.10.1]
	at org.junit.platform.engine.support.hierarchical.NodeTestTask.lambda$executeRecursively$9(NodeTestTask.java:139) ~[junit-platform-engine-1.10.1.jar:1.10.1]
	at org.junit.platform.engine.support.hierarchical.ThrowableCollector.execute(ThrowableCollector.java:73) ~[junit-platform-engine-1.10.1.jar:1.10.1]
	at org.junit.platform.engine.support.hierarchical.NodeTestTask.executeRecursively(NodeTestTask.java:138) ~[junit-platform-engine-1.10.1.jar:1.10.1]
	at org.junit.platform.engine.support.hierarchical.NodeTestTask.execute(NodeTestTask.java:95) ~[junit-platform-engine-1.10.1.jar:1.10.1]
	at java.base/java.util.ArrayList.forEach(ArrayList.java:1511) ~[?:?]
	at org.junit.platform.engine.support.hierarchical.SameThreadHierarchicalTestExecutorService.invokeAll(SameThreadHierarchicalTestExecutorService.java:41) ~[junit-platform-engine-1.10.1.jar:1.10.1]
	at org.junit.platform.engine.support.hierarchical.NodeTestTask.lambda$executeRecursively$6(NodeTestTask.java:155) ~[junit-platform-engine-1.10.1.jar:1.10.1]
	at org.junit.platform.engine.support.hierarchical.ThrowableCollector.execute(ThrowableCollector.java:73) ~[junit-platform-engine-1.10.1.jar:1.10.1]
	at org.junit.platform.engine.support.hierarchical.NodeTestTask.lambda$executeRecursively$8(NodeTestTask.java:141) ~[junit-platform-engine-1.10.1.jar:1.10.1]
	at org.junit.platform.engine.support.hierarchical.Node.around(Node.java:137) ~[junit-platform-engine-1.10.1.jar:1.10.1]
	at org.junit.platform.engine.support.hierarchical.NodeTestTask.lambda$executeRecursively$9(NodeTestTask.java:139) ~[junit-platform-engine-1.10.1.jar:1.10.1]
	at org.junit.platform.engine.support.hierarchical.ThrowableCollector.execute(ThrowableCollector.java:73) ~[junit-platform-engine-1.10.1.jar:1.10.1]
	at org.junit.platform.engine.support.hierarchical.NodeTestTask.executeRecursively(NodeTestTask.java:138) ~[junit-platform-engine-1.10.1.jar:1.10.1]
	at org.junit.platform.engine.support.hierarchical.NodeTestTask.execute(NodeTestTask.java:95) ~[junit-platform-engine-1.10.1.jar:1.10.1]
	at org.junit.platform.engine.support.hierarchical.SameThreadHierarchicalTestExecutorService.submit(SameThreadHierarchicalTestExecutorService.java:35) ~[junit-platform-engine-1.10.1.jar:1.10.1]
	at org.junit.platform.engine.support.hierarchical.HierarchicalTestExecutor.execute(HierarchicalTestExecutor.java:57) ~[junit-platform-engine-1.10.1.jar:1.10.1]
	at org.junit.platform.engine.support.hierarchical.HierarchicalTestEngine.execute(HierarchicalTestEngine.java:54) ~[junit-platform-engine-1.10.1.jar:1.10.1]
	at org.junit.platform.launcher.core.EngineExecutionOrchestrator.execute(EngineExecutionOrchestrator.java:198) ~[junit-platform-launcher-1.10.1.jar:1.10.1]
	at org.junit.platform.launcher.core.EngineExecutionOrchestrator.execute(EngineExecutionOrchestrator.java:169) ~[junit-platform-launcher-1.10.1.jar:1.10.1]
	at org.junit.platform.launcher.core.EngineExecutionOrchestrator.execute(EngineExecutionOrchestrator.java:93) ~[junit-platform-launcher-1.10.1.jar:1.10.1]
	at org.junit.platform.launcher.core.EngineExecutionOrchestrator.lambda$execute$0(EngineExecutionOrchestrator.java:58) ~[junit-platform-launcher-1.10.1.jar:1.10.1]
	at org.junit.platform.launcher.core.EngineExecutionOrchestrator.withInterceptedStreams(EngineExecutionOrchestrator.java:141) [junit-platform-launcher-1.10.1.jar:1.10.1]
	at org.junit.platform.launcher.core.EngineExecutionOrchestrator.execute(EngineExecutionOrchestrator.java:57) [junit-platform-launcher-1.10.1.jar:1.10.1]
	at org.junit.platform.launcher.core.DefaultLauncher.execute(DefaultLauncher.java:103) [junit-platform-launcher-1.10.1.jar:1.10.1]
	at org.junit.platform.launcher.core.DefaultLauncher.execute(DefaultLauncher.java:85) [junit-platform-launcher-1.10.1.jar:1.10.1]
	at org.junit.platform.launcher.core.DelegatingLauncher.execute(DelegatingLauncher.java:47) [junit-platform-launcher-1.10.1.jar:1.10.1]
	at org.apache.maven.surefire.junitplatform.LazyLauncher.execute(LazyLauncher.java:56) [surefire-junit-platform-3.1.2.jar:3.1.2]
	at org.apache.maven.surefire.junitplatform.JUnitPlatformProvider.execute(JUnitPlatformProvider.java:184) [surefire-junit-platform-3.1.2.jar:3.1.2]
	at org.apache.maven.surefire.junitplatform.JUnitPlatformProvider.invokeAllTests(JUnitPlatformProvider.java:148) [surefire-junit-platform-3.1.2.jar:3.1.2]
	at org.apache.maven.surefire.junitplatform.JUnitPlatformProvider.invoke(JUnitPlatformProvider.java:122) [surefire-junit-platform-3.1.2.jar:3.1.2]
	at org.apache.maven.surefire.booter.ForkedBooter.runSuitesInProcess(ForkedBooter.java:385) [surefire-booter-3.1.2.jar:3.1.2]
	at org.apache.maven.surefire.booter.ForkedBooter.execute(ForkedBooter.java:162) [surefire-booter-3.1.2.jar:3.1.2]
	at org.apache.maven.surefire.booter.ForkedBooter.run(ForkedBooter.java:507) [surefire-booter-3.1.2.jar:3.1.2]
	at org.apache.maven.surefire.booter.ForkedBooter.main(ForkedBooter.java:495) [surefire-booter-3.1.2.jar:3.1.2]
Caused by: java.sql.SQLSyntaxErrorException: Table 'agroplantationapp.publication_images' doesn't exist
	at com.mysql.cj.jdbc.exceptions.SQLError.createSQLException(SQLError.java:121) ~[mysql-connector-j-8.1.0.jar:8.1.0]
	at com.mysql.cj.jdbc.exceptions.SQLExceptionsMapping.translateException(SQLExceptionsMapping.java:122) ~[mysql-connector-j-8.1.0.jar:8.1.0]
	at com.mysql.cj.jdbc.StatementImpl.executeInternal(StatementImpl.java:763) ~[mysql-connector-j-8.1.0.jar:8.1.0]
	at com.mysql.cj.jdbc.StatementImpl.execute(StatementImpl.java:648) ~[mysql-connector-j-8.1.0.jar:8.1.0]
	at com.zaxxer.hikari.pool.ProxyStatement.execute(ProxyStatement.java:94) ~[HikariCP-5.0.1.jar:?]
	at com.zaxxer.hikari.pool.HikariProxyStatement.execute(HikariProxyStatement.java) ~[HikariCP-5.0.1.jar:?]
	at org.hibernate.tool.schema.internal.exec.GenerationTargetToDatabase.accept(GenerationTargetToDatabase.java:80) ~[hibernate-core-6.4.1.Final.jar:6.4.1.Final]
	... 111 more
Hibernate: 
    alter table publication_images 
       drop 
       foreign key FKhjtf45id7mjpxt2hmo6jitwqb
2024-07-17 08:14:51,085 WARN o.h.t.s.i.ExceptionHandlerLoggedImpl [main] GenerationTarget encountered exception accepting command : Error executing DDL "
    alter table publication_images 
       drop 
       foreign key FKhjtf45id7mjpxt2hmo6jitwqb" via JDBC [Table 'agroplantationapp.publication_images' doesn't exist]
org.hibernate.tool.schema.spi.CommandAcceptanceException: Error executing DDL "
    alter table publication_images 
       drop 
       foreign key FKhjtf45id7mjpxt2hmo6jitwqb" via JDBC [Table 'agroplantationapp.publication_images' doesn't exist]
	at org.hibernate.tool.schema.internal.exec.GenerationTargetToDatabase.accept(GenerationTargetToDatabase.java:94) ~[hibernate-core-6.4.1.Final.jar:6.4.1.Final]
	at org.hibernate.tool.schema.internal.Helper.applySqlString(Helper.java:233) ~[hibernate-core-6.4.1.Final.jar:6.4.1.Final]
	at org.hibernate.tool.schema.internal.Helper.applySqlStrings(Helper.java:217) ~[hibernate-core-6.4.1.Final.jar:6.4.1.Final]
	at org.hibernate.tool.schema.internal.SchemaDropperImpl.applyConstraintDropping(SchemaDropperImpl.java:470) ~[hibernate-core-6.4.1.Final.jar:6.4.1.Final]
	at org.hibernate.tool.schema.internal.SchemaDropperImpl.dropConstraintsTablesSequences(SchemaDropperImpl.java:242) ~[hibernate-core-6.4.1.Final.jar:6.4.1.Final]
	at org.hibernate.tool.schema.internal.SchemaDropperImpl.dropFromMetadata(SchemaDropperImpl.java:215) ~[hibernate-core-6.4.1.Final.jar:6.4.1.Final]
	at org.hibernate.tool.schema.internal.SchemaDropperImpl.performDrop(SchemaDropperImpl.java:185) ~[hibernate-core-6.4.1.Final.jar:6.4.1.Final]
	at org.hibernate.tool.schema.internal.SchemaDropperImpl.doDrop(SchemaDropperImpl.java:155) ~[hibernate-core-6.4.1.Final.jar:6.4.1.Final]
	at org.hibernate.tool.schema.internal.SchemaDropperImpl.doDrop(SchemaDropperImpl.java:115) ~[hibernate-core-6.4.1.Final.jar:6.4.1.Final]
	at org.hibernate.tool.schema.spi.SchemaManagementToolCoordinator.performDatabaseAction(SchemaManagementToolCoordinator.java:244) ~[hibernate-core-6.4.1.Final.jar:6.4.1.Final]
	at org.hibernate.tool.schema.spi.SchemaManagementToolCoordinator.lambda$process$5(SchemaManagementToolCoordinator.java:145) ~[hibernate-core-6.4.1.Final.jar:6.4.1.Final]
	at java.base/java.util.HashMap.forEach(HashMap.java:1421) ~[?:?]
	at org.hibernate.tool.schema.spi.SchemaManagementToolCoordinator.process(SchemaManagementToolCoordinator.java:142) ~[hibernate-core-6.4.1.Final.jar:6.4.1.Final]
	at org.hibernate.boot.internal.SessionFactoryObserverForSchemaExport.sessionFactoryCreated(SessionFactoryObserverForSchemaExport.java:37) ~[hibernate-core-6.4.1.Final.jar:6.4.1.Final]
	at org.hibernate.internal.SessionFactoryObserverChain.sessionFactoryCreated(SessionFactoryObserverChain.java:35) ~[hibernate-core-6.4.1.Final.jar:6.4.1.Final]
	at org.hibernate.internal.SessionFactoryImpl.<init>(SessionFactoryImpl.java:315) ~[hibernate-core-6.4.1.Final.jar:6.4.1.Final]
	at org.hibernate.boot.internal.SessionFactoryBuilderImpl.build(SessionFactoryBuilderImpl.java:450) ~[hibernate-core-6.4.1.Final.jar:6.4.1.Final]
	at org.hibernate.jpa.boot.internal.EntityManagerFactoryBuilderImpl.build(EntityManagerFactoryBuilderImpl.java:1507) ~[hibernate-core-6.4.1.Final.jar:6.4.1.Final]
	at org.springframework.orm.jpa.vendor.SpringHibernateJpaPersistenceProvider.createContainerEntityManagerFactory(SpringHibernateJpaPersistenceProvider.java:75) ~[spring-orm-6.1.2.jar:6.1.2]
	at org.springframework.orm.jpa.LocalContainerEntityManagerFactoryBean.createNativeEntityManagerFactory(LocalContainerEntityManagerFactoryBean.java:376) ~[spring-orm-6.1.2.jar:6.1.2]
	at org.springframework.orm.jpa.AbstractEntityManagerFactoryBean.buildNativeEntityManagerFactory(AbstractEntityManagerFactoryBean.java:409) ~[spring-orm-6.1.2.jar:6.1.2]
	at org.springframework.orm.jpa.AbstractEntityManagerFactoryBean.afterPropertiesSet(AbstractEntityManagerFactoryBean.java:396) ~[spring-orm-6.1.2.jar:6.1.2]
	at org.springframework.orm.jpa.LocalContainerEntityManagerFactoryBean.afterPropertiesSet(LocalContainerEntityManagerFactoryBean.java:352) ~[spring-orm-6.1.2.jar:6.1.2]
	at org.springframework.beans.factory.support.AbstractAutowireCapableBeanFactory.invokeInitMethods(AbstractAutowireCapableBeanFactory.java:1820) ~[spring-beans-6.1.2.jar:6.1.2]
	at org.springframework.beans.factory.support.AbstractAutowireCapableBeanFactory.initializeBean(AbstractAutowireCapableBeanFactory.java:1769) ~[spring-beans-6.1.2.jar:6.1.2]
	at org.springframework.beans.factory.support.AbstractAutowireCapableBeanFactory.doCreateBean(AbstractAutowireCapableBeanFactory.java:599) ~[spring-beans-6.1.2.jar:6.1.2]
	at org.springframework.beans.factory.support.AbstractAutowireCapableBeanFactory.createBean(AbstractAutowireCapableBeanFactory.java:521) ~[spring-beans-6.1.2.jar:6.1.2]
	at org.springframework.beans.factory.support.AbstractBeanFactory.lambda$doGetBean$0(AbstractBeanFactory.java:325) ~[spring-beans-6.1.2.jar:6.1.2]
	at org.springframework.beans.factory.support.DefaultSingletonBeanRegistry.getSingleton(DefaultSingletonBeanRegistry.java:234) ~[spring-beans-6.1.2.jar:6.1.2]
	at org.springframework.beans.factory.support.AbstractBeanFactory.doGetBean(AbstractBeanFactory.java:323) ~[spring-beans-6.1.2.jar:6.1.2]
	at org.springframework.beans.factory.support.AbstractBeanFactory.getBean(AbstractBeanFactory.java:199) ~[spring-beans-6.1.2.jar:6.1.2]
	at org.springframework.context.support.AbstractApplicationContext.getBean(AbstractApplicationContext.java:1232) ~[spring-context-6.1.2.jar:6.1.2]
	at org.springframework.context.support.AbstractApplicationContext.finishBeanFactoryInitialization(AbstractApplicationContext.java:950) ~[spring-context-6.1.2.jar:6.1.2]
	at org.springframework.context.support.AbstractApplicationContext.refresh(AbstractApplicationContext.java:625) ~[spring-context-6.1.2.jar:6.1.2]
	at org.springframework.boot.SpringApplication.refresh(SpringApplication.java:762) ~[spring-boot-3.2.1.jar:3.2.1]
	at org.springframework.boot.SpringApplication.refreshContext(SpringApplication.java:464) ~[spring-boot-3.2.1.jar:3.2.1]
	at org.springframework.boot.SpringApplication.run(SpringApplication.java:334) ~[spring-boot-3.2.1.jar:3.2.1]
	at org.springframework.boot.test.context.SpringBootContextLoader.lambda$loadContext$3(SpringBootContextLoader.java:137) ~[spring-boot-test-3.2.1.jar:3.2.1]
	at org.springframework.util.function.ThrowingSupplier.get(ThrowingSupplier.java:58) ~[spring-core-6.1.2.jar:6.1.2]
	at org.springframework.util.function.ThrowingSupplier.get(ThrowingSupplier.java:46) ~[spring-core-6.1.2.jar:6.1.2]
	at org.springframework.boot.SpringApplication.withHook(SpringApplication.java:1458) ~[spring-boot-3.2.1.jar:3.2.1]
	at org.springframework.boot.test.context.SpringBootContextLoader$ContextLoaderHook.run(SpringBootContextLoader.java:552) ~[spring-boot-test-3.2.1.jar:3.2.1]
	at org.springframework.boot.test.context.SpringBootContextLoader.loadContext(SpringBootContextLoader.java:137) ~[spring-boot-test-3.2.1.jar:3.2.1]
	at org.springframework.boot.test.context.SpringBootContextLoader.loadContext(SpringBootContextLoader.java:108) ~[spring-boot-test-3.2.1.jar:3.2.1]
	at org.springframework.test.context.cache.DefaultCacheAwareContextLoaderDelegate.loadContextInternal(DefaultCacheAwareContextLoaderDelegate.java:225) ~[spring-test-6.1.2.jar:6.1.2]
	at org.springframework.test.context.cache.DefaultCacheAwareContextLoaderDelegate.loadContext(DefaultCacheAwareContextLoaderDelegate.java:152) ~[spring-test-6.1.2.jar:6.1.2]
	at org.springframework.test.context.support.DefaultTestContext.getApplicationContext(DefaultTestContext.java:130) ~[spring-test-6.1.2.jar:6.1.2]
	at org.springframework.test.context.web.ServletTestExecutionListener.setUpRequestContextIfNecessary(ServletTestExecutionListener.java:191) ~[spring-test-6.1.2.jar:6.1.2]
	at org.springframework.test.context.web.ServletTestExecutionListener.prepareTestInstance(ServletTestExecutionListener.java:130) ~[spring-test-6.1.2.jar:6.1.2]
	at org.springframework.test.context.TestContextManager.prepareTestInstance(TestContextManager.java:260) ~[spring-test-6.1.2.jar:6.1.2]
	at org.springframework.test.context.junit.jupiter.SpringExtension.postProcessTestInstance(SpringExtension.java:163) ~[spring-test-6.1.2.jar:6.1.2]
	at org.junit.jupiter.engine.descriptor.ClassBasedTestDescriptor.lambda$invokeTestInstancePostProcessors$10(ClassBasedTestDescriptor.java:378) ~[junit-jupiter-engine-5.10.1.jar:5.10.1]
	at org.junit.jupiter.engine.descriptor.ClassBasedTestDescriptor.executeAndMaskThrowable(ClassBasedTestDescriptor.java:383) ~[junit-jupiter-engine-5.10.1.jar:5.10.1]
	at org.junit.jupiter.engine.descriptor.ClassBasedTestDescriptor.lambda$invokeTestInstancePostProcessors$11(ClassBasedTestDescriptor.java:378) ~[junit-jupiter-engine-5.10.1.jar:5.10.1]
	at java.base/java.util.stream.ReferencePipeline$3$1.accept(ReferencePipeline.java:197) ~[?:?]
	at java.base/java.util.stream.ReferencePipeline$2$1.accept(ReferencePipeline.java:179) ~[?:?]
	at java.base/java.util.ArrayList$ArrayListSpliterator.forEachRemaining(ArrayList.java:1625) ~[?:?]
	at java.base/java.util.stream.AbstractPipeline.copyInto(AbstractPipeline.java:509) ~[?:?]
	at java.base/java.util.stream.AbstractPipeline.wrapAndCopyInto(AbstractPipeline.java:499) ~[?:?]
	at java.base/java.util.stream.StreamSpliterators$WrappingSpliterator.forEachRemaining(StreamSpliterators.java:310) ~[?:?]
	at java.base/java.util.stream.Streams$ConcatSpliterator.forEachRemaining(Streams.java:735) ~[?:?]
	at java.base/java.util.stream.ReferencePipeline$Head.forEach(ReferencePipeline.java:762) ~[?:?]
	at org.junit.jupiter.engine.descriptor.ClassBasedTestDescriptor.invokeTestInstancePostProcessors(ClassBasedTestDescriptor.java:377) ~[junit-jupiter-engine-5.10.1.jar:5.10.1]
	at org.junit.jupiter.engine.descriptor.ClassBasedTestDescriptor.lambda$instantiateAndPostProcessTestInstance$6(ClassBasedTestDescriptor.java:290) ~[junit-jupiter-engine-5.10.1.jar:5.10.1]
	at org.junit.platform.engine.support.hierarchical.ThrowableCollector.execute(ThrowableCollector.java:73) ~[junit-platform-engine-1.10.1.jar:1.10.1]
	at org.junit.jupiter.engine.descriptor.ClassBasedTestDescriptor.instantiateAndPostProcessTestInstance(ClassBasedTestDescriptor.java:289) ~[junit-jupiter-engine-5.10.1.jar:5.10.1]
	at org.junit.jupiter.engine.descriptor.ClassBasedTestDescriptor.lambda$testInstancesProvider$4(ClassBasedTestDescriptor.java:279) ~[junit-jupiter-engine-5.10.1.jar:5.10.1]
	at java.base/java.util.Optional.orElseGet(Optional.java:364) ~[?:?]
	at org.junit.jupiter.engine.descriptor.ClassBasedTestDescriptor.lambda$testInstancesProvider$5(ClassBasedTestDescriptor.java:278) ~[junit-jupiter-engine-5.10.1.jar:5.10.1]
	at org.junit.jupiter.engine.execution.TestInstancesProvider.getTestInstances(TestInstancesProvider.java:31) ~[junit-jupiter-engine-5.10.1.jar:5.10.1]
	at org.junit.jupiter.engine.descriptor.ClassBasedTestDescriptor.lambda$before$2(ClassBasedTestDescriptor.java:204) ~[junit-jupiter-engine-5.10.1.jar:5.10.1]
	at org.junit.platform.engine.support.hierarchical.ThrowableCollector.execute(ThrowableCollector.java:73) ~[junit-platform-engine-1.10.1.jar:1.10.1]
	at org.junit.jupiter.engine.descriptor.ClassBasedTestDescriptor.before(ClassBasedTestDescriptor.java:203) ~[junit-jupiter-engine-5.10.1.jar:5.10.1]
	at org.junit.jupiter.engine.descriptor.ClassBasedTestDescriptor.before(ClassBasedTestDescriptor.java:85) ~[junit-jupiter-engine-5.10.1.jar:5.10.1]
	at org.junit.platform.engine.support.hierarchical.NodeTestTask.lambda$executeRecursively$6(NodeTestTask.java:148) ~[junit-platform-engine-1.10.1.jar:1.10.1]
	at org.junit.platform.engine.support.hierarchical.ThrowableCollector.execute(ThrowableCollector.java:73) ~[junit-platform-engine-1.10.1.jar:1.10.1]
	at org.junit.platform.engine.support.hierarchical.NodeTestTask.lambda$executeRecursively$8(NodeTestTask.java:141) ~[junit-platform-engine-1.10.1.jar:1.10.1]
	at org.junit.platform.engine.support.hierarchical.Node.around(Node.java:137) ~[junit-platform-engine-1.10.1.jar:1.10.1]
	at org.junit.platform.engine.support.hierarchical.NodeTestTask.lambda$executeRecursively$9(NodeTestTask.java:139) ~[junit-platform-engine-1.10.1.jar:1.10.1]
	at org.junit.platform.engine.support.hierarchical.ThrowableCollector.execute(ThrowableCollector.java:73) ~[junit-platform-engine-1.10.1.jar:1.10.1]
	at org.junit.platform.engine.support.hierarchical.NodeTestTask.executeRecursively(NodeTestTask.java:138) ~[junit-platform-engine-1.10.1.jar:1.10.1]
	at org.junit.platform.engine.support.hierarchical.NodeTestTask.execute(NodeTestTask.java:95) ~[junit-platform-engine-1.10.1.jar:1.10.1]
	at java.base/java.util.ArrayList.forEach(ArrayList.java:1511) ~[?:?]
	at org.junit.platform.engine.support.hierarchical.SameThreadHierarchicalTestExecutorService.invokeAll(SameThreadHierarchicalTestExecutorService.java:41) ~[junit-platform-engine-1.10.1.jar:1.10.1]
	at org.junit.platform.engine.support.hierarchical.NodeTestTask.lambda$executeRecursively$6(NodeTestTask.java:155) ~[junit-platform-engine-1.10.1.jar:1.10.1]
	at org.junit.platform.engine.support.hierarchical.ThrowableCollector.execute(ThrowableCollector.java:73) ~[junit-platform-engine-1.10.1.jar:1.10.1]
	at org.junit.platform.engine.support.hierarchical.NodeTestTask.lambda$executeRecursively$8(NodeTestTask.java:141) ~[junit-platform-engine-1.10.1.jar:1.10.1]
	at org.junit.platform.engine.support.hierarchical.Node.around(Node.java:137) ~[junit-platform-engine-1.10.1.jar:1.10.1]
	at org.junit.platform.engine.support.hierarchical.NodeTestTask.lambda$executeRecursively$9(NodeTestTask.java:139) ~[junit-platform-engine-1.10.1.jar:1.10.1]
	at org.junit.platform.engine.support.hierarchical.ThrowableCollector.execute(ThrowableCollector.java:73) ~[junit-platform-engine-1.10.1.jar:1.10.1]
	at org.junit.platform.engine.support.hierarchical.NodeTestTask.executeRecursively(NodeTestTask.java:138) ~[junit-platform-engine-1.10.1.jar:1.10.1]
	at org.junit.platform.engine.support.hierarchical.NodeTestTask.execute(NodeTestTask.java:95) ~[junit-platform-engine-1.10.1.jar:1.10.1]
	at org.junit.platform.engine.support.hierarchical.SameThreadHierarchicalTestExecutorService.submit(SameThreadHierarchicalTestExecutorService.java:35) ~[junit-platform-engine-1.10.1.jar:1.10.1]
	at org.junit.platform.engine.support.hierarchical.HierarchicalTestExecutor.execute(HierarchicalTestExecutor.java:57) ~[junit-platform-engine-1.10.1.jar:1.10.1]
	at org.junit.platform.engine.support.hierarchical.HierarchicalTestEngine.execute(HierarchicalTestEngine.java:54) ~[junit-platform-engine-1.10.1.jar:1.10.1]
	at org.junit.platform.launcher.core.EngineExecutionOrchestrator.execute(EngineExecutionOrchestrator.java:198) ~[junit-platform-launcher-1.10.1.jar:1.10.1]
	at org.junit.platform.launcher.core.EngineExecutionOrchestrator.execute(EngineExecutionOrchestrator.java:169) ~[junit-platform-launcher-1.10.1.jar:1.10.1]
	at org.junit.platform.launcher.core.EngineExecutionOrchestrator.execute(EngineExecutionOrchestrator.java:93) ~[junit-platform-launcher-1.10.1.jar:1.10.1]
	at org.junit.platform.launcher.core.EngineExecutionOrchestrator.lambda$execute$0(EngineExecutionOrchestrator.java:58) ~[junit-platform-launcher-1.10.1.jar:1.10.1]
	at org.junit.platform.launcher.core.EngineExecutionOrchestrator.withInterceptedStreams(EngineExecutionOrchestrator.java:141) [junit-platform-launcher-1.10.1.jar:1.10.1]
	at org.junit.platform.launcher.core.EngineExecutionOrchestrator.execute(EngineExecutionOrchestrator.java:57) [junit-platform-launcher-1.10.1.jar:1.10.1]
	at org.junit.platform.launcher.core.DefaultLauncher.execute(DefaultLauncher.java:103) [junit-platform-launcher-1.10.1.jar:1.10.1]
	at org.junit.platform.launcher.core.DefaultLauncher.execute(DefaultLauncher.java:85) [junit-platform-launcher-1.10.1.jar:1.10.1]
	at org.junit.platform.launcher.core.DelegatingLauncher.execute(DelegatingLauncher.java:47) [junit-platform-launcher-1.10.1.jar:1.10.1]
	at org.apache.maven.surefire.junitplatform.LazyLauncher.execute(LazyLauncher.java:56) [surefire-junit-platform-3.1.2.jar:3.1.2]
	at org.apache.maven.surefire.junitplatform.JUnitPlatformProvider.execute(JUnitPlatformProvider.java:184) [surefire-junit-platform-3.1.2.jar:3.1.2]
	at org.apache.maven.surefire.junitplatform.JUnitPlatformProvider.invokeAllTests(JUnitPlatformProvider.java:148) [surefire-junit-platform-3.1.2.jar:3.1.2]
	at org.apache.maven.surefire.junitplatform.JUnitPlatformProvider.invoke(JUnitPlatformProvider.java:122) [surefire-junit-platform-3.1.2.jar:3.1.2]
	at org.apache.maven.surefire.booter.ForkedBooter.runSuitesInProcess(ForkedBooter.java:385) [surefire-booter-3.1.2.jar:3.1.2]
	at org.apache.maven.surefire.booter.ForkedBooter.execute(ForkedBooter.java:162) [surefire-booter-3.1.2.jar:3.1.2]
	at org.apache.maven.surefire.booter.ForkedBooter.run(ForkedBooter.java:507) [surefire-booter-3.1.2.jar:3.1.2]
	at org.apache.maven.surefire.booter.ForkedBooter.main(ForkedBooter.java:495) [surefire-booter-3.1.2.jar:3.1.2]
Caused by: java.sql.SQLSyntaxErrorException: Table 'agroplantationapp.publication_images' doesn't exist
	at com.mysql.cj.jdbc.exceptions.SQLError.createSQLException(SQLError.java:121) ~[mysql-connector-j-8.1.0.jar:8.1.0]
	at com.mysql.cj.jdbc.exceptions.SQLExceptionsMapping.translateException(SQLExceptionsMapping.java:122) ~[mysql-connector-j-8.1.0.jar:8.1.0]
	at com.mysql.cj.jdbc.StatementImpl.executeInternal(StatementImpl.java:763) ~[mysql-connector-j-8.1.0.jar:8.1.0]
	at com.mysql.cj.jdbc.StatementImpl.execute(StatementImpl.java:648) ~[mysql-connector-j-8.1.0.jar:8.1.0]
	at com.zaxxer.hikari.pool.ProxyStatement.execute(ProxyStatement.java:94) ~[HikariCP-5.0.1.jar:?]
	at com.zaxxer.hikari.pool.HikariProxyStatement.execute(HikariProxyStatement.java) ~[HikariCP-5.0.1.jar:?]
	at org.hibernate.tool.schema.internal.exec.GenerationTargetToDatabase.accept(GenerationTargetToDatabase.java:80) ~[hibernate-core-6.4.1.Final.jar:6.4.1.Final]
	... 111 more
Hibernate: 
    alter table user 
       drop 
       foreign key FKlrk9xrdps0emd6d5rx5x3ib6h
2024-07-17 08:14:51,090 WARN o.h.t.s.i.ExceptionHandlerLoggedImpl [main] GenerationTarget encountered exception accepting command : Error executing DDL "
    alter table user 
       drop 
       foreign key FKlrk9xrdps0emd6d5rx5x3ib6h" via JDBC [Table 'agroplantationapp.user' doesn't exist]
org.hibernate.tool.schema.spi.CommandAcceptanceException: Error executing DDL "
    alter table user 
       drop 
       foreign key FKlrk9xrdps0emd6d5rx5x3ib6h" via JDBC [Table 'agroplantationapp.user' doesn't exist]
	at org.hibernate.tool.schema.internal.exec.GenerationTargetToDatabase.accept(GenerationTargetToDatabase.java:94) ~[hibernate-core-6.4.1.Final.jar:6.4.1.Final]
	at org.hibernate.tool.schema.internal.Helper.applySqlString(Helper.java:233) ~[hibernate-core-6.4.1.Final.jar:6.4.1.Final]
	at org.hibernate.tool.schema.internal.Helper.applySqlStrings(Helper.java:217) ~[hibernate-core-6.4.1.Final.jar:6.4.1.Final]
	at org.hibernate.tool.schema.internal.SchemaDropperImpl.applyConstraintDropping(SchemaDropperImpl.java:470) ~[hibernate-core-6.4.1.Final.jar:6.4.1.Final]
	at org.hibernate.tool.schema.internal.SchemaDropperImpl.dropConstraintsTablesSequences(SchemaDropperImpl.java:242) ~[hibernate-core-6.4.1.Final.jar:6.4.1.Final]
	at org.hibernate.tool.schema.internal.SchemaDropperImpl.dropFromMetadata(SchemaDropperImpl.java:215) ~[hibernate-core-6.4.1.Final.jar:6.4.1.Final]
	at org.hibernate.tool.schema.internal.SchemaDropperImpl.performDrop(SchemaDropperImpl.java:185) ~[hibernate-core-6.4.1.Final.jar:6.4.1.Final]
	at org.hibernate.tool.schema.internal.SchemaDropperImpl.doDrop(SchemaDropperImpl.java:155) ~[hibernate-core-6.4.1.Final.jar:6.4.1.Final]
	at org.hibernate.tool.schema.internal.SchemaDropperImpl.doDrop(SchemaDropperImpl.java:115) ~[hibernate-core-6.4.1.Final.jar:6.4.1.Final]
	at org.hibernate.tool.schema.spi.SchemaManagementToolCoordinator.performDatabaseAction(SchemaManagementToolCoordinator.java:244) ~[hibernate-core-6.4.1.Final.jar:6.4.1.Final]
	at org.hibernate.tool.schema.spi.SchemaManagementToolCoordinator.lambda$process$5(SchemaManagementToolCoordinator.java:145) ~[hibernate-core-6.4.1.Final.jar:6.4.1.Final]
	at java.base/java.util.HashMap.forEach(HashMap.java:1421) ~[?:?]
	at org.hibernate.tool.schema.spi.SchemaManagementToolCoordinator.process(SchemaManagementToolCoordinator.java:142) ~[hibernate-core-6.4.1.Final.jar:6.4.1.Final]
	at org.hibernate.boot.internal.SessionFactoryObserverForSchemaExport.sessionFactoryCreated(SessionFactoryObserverForSchemaExport.java:37) ~[hibernate-core-6.4.1.Final.jar:6.4.1.Final]
	at org.hibernate.internal.SessionFactoryObserverChain.sessionFactoryCreated(SessionFactoryObserverChain.java:35) ~[hibernate-core-6.4.1.Final.jar:6.4.1.Final]
	at org.hibernate.internal.SessionFactoryImpl.<init>(SessionFactoryImpl.java:315) ~[hibernate-core-6.4.1.Final.jar:6.4.1.Final]
	at org.hibernate.boot.internal.SessionFactoryBuilderImpl.build(SessionFactoryBuilderImpl.java:450) ~[hibernate-core-6.4.1.Final.jar:6.4.1.Final]
	at org.hibernate.jpa.boot.internal.EntityManagerFactoryBuilderImpl.build(EntityManagerFactoryBuilderImpl.java:1507) ~[hibernate-core-6.4.1.Final.jar:6.4.1.Final]
	at org.springframework.orm.jpa.vendor.SpringHibernateJpaPersistenceProvider.createContainerEntityManagerFactory(SpringHibernateJpaPersistenceProvider.java:75) ~[spring-orm-6.1.2.jar:6.1.2]
	at org.springframework.orm.jpa.LocalContainerEntityManagerFactoryBean.createNativeEntityManagerFactory(LocalContainerEntityManagerFactoryBean.java:376) ~[spring-orm-6.1.2.jar:6.1.2]
	at org.springframework.orm.jpa.AbstractEntityManagerFactoryBean.buildNativeEntityManagerFactory(AbstractEntityManagerFactoryBean.java:409) ~[spring-orm-6.1.2.jar:6.1.2]
	at org.springframework.orm.jpa.AbstractEntityManagerFactoryBean.afterPropertiesSet(AbstractEntityManagerFactoryBean.java:396) ~[spring-orm-6.1.2.jar:6.1.2]
	at org.springframework.orm.jpa.LocalContainerEntityManagerFactoryBean.afterPropertiesSet(LocalContainerEntityManagerFactoryBean.java:352) ~[spring-orm-6.1.2.jar:6.1.2]
	at org.springframework.beans.factory.support.AbstractAutowireCapableBeanFactory.invokeInitMethods(AbstractAutowireCapableBeanFactory.java:1820) ~[spring-beans-6.1.2.jar:6.1.2]
	at org.springframework.beans.factory.support.AbstractAutowireCapableBeanFactory.initializeBean(AbstractAutowireCapableBeanFactory.java:1769) ~[spring-beans-6.1.2.jar:6.1.2]
	at org.springframework.beans.factory.support.AbstractAutowireCapableBeanFactory.doCreateBean(AbstractAutowireCapableBeanFactory.java:599) ~[spring-beans-6.1.2.jar:6.1.2]
	at org.springframework.beans.factory.support.AbstractAutowireCapableBeanFactory.createBean(AbstractAutowireCapableBeanFactory.java:521) ~[spring-beans-6.1.2.jar:6.1.2]
	at org.springframework.beans.factory.support.AbstractBeanFactory.lambda$doGetBean$0(AbstractBeanFactory.java:325) ~[spring-beans-6.1.2.jar:6.1.2]
	at org.springframework.beans.factory.support.DefaultSingletonBeanRegistry.getSingleton(DefaultSingletonBeanRegistry.java:234) ~[spring-beans-6.1.2.jar:6.1.2]
	at org.springframework.beans.factory.support.AbstractBeanFactory.doGetBean(AbstractBeanFactory.java:323) ~[spring-beans-6.1.2.jar:6.1.2]
	at org.springframework.beans.factory.support.AbstractBeanFactory.getBean(AbstractBeanFactory.java:199) ~[spring-beans-6.1.2.jar:6.1.2]
	at org.springframework.context.support.AbstractApplicationContext.getBean(AbstractApplicationContext.java:1232) ~[spring-context-6.1.2.jar:6.1.2]
	at org.springframework.context.support.AbstractApplicationContext.finishBeanFactoryInitialization(AbstractApplicationContext.java:950) ~[spring-context-6.1.2.jar:6.1.2]
	at org.springframework.context.support.AbstractApplicationContext.refresh(AbstractApplicationContext.java:625) ~[spring-context-6.1.2.jar:6.1.2]
	at org.springframework.boot.SpringApplication.refresh(SpringApplication.java:762) ~[spring-boot-3.2.1.jar:3.2.1]
	at org.springframework.boot.SpringApplication.refreshContext(SpringApplication.java:464) ~[spring-boot-3.2.1.jar:3.2.1]
	at org.springframework.boot.SpringApplication.run(SpringApplication.java:334) ~[spring-boot-3.2.1.jar:3.2.1]
	at org.springframework.boot.test.context.SpringBootContextLoader.lambda$loadContext$3(SpringBootContextLoader.java:137) ~[spring-boot-test-3.2.1.jar:3.2.1]
	at org.springframework.util.function.ThrowingSupplier.get(ThrowingSupplier.java:58) ~[spring-core-6.1.2.jar:6.1.2]
	at org.springframework.util.function.ThrowingSupplier.get(ThrowingSupplier.java:46) ~[spring-core-6.1.2.jar:6.1.2]
	at org.springframework.boot.SpringApplication.withHook(SpringApplication.java:1458) ~[spring-boot-3.2.1.jar:3.2.1]
	at org.springframework.boot.test.context.SpringBootContextLoader$ContextLoaderHook.run(SpringBootContextLoader.java:552) ~[spring-boot-test-3.2.1.jar:3.2.1]
	at org.springframework.boot.test.context.SpringBootContextLoader.loadContext(SpringBootContextLoader.java:137) ~[spring-boot-test-3.2.1.jar:3.2.1]
	at org.springframework.boot.test.context.SpringBootContextLoader.loadContext(SpringBootContextLoader.java:108) ~[spring-boot-test-3.2.1.jar:3.2.1]
	at org.springframework.test.context.cache.DefaultCacheAwareContextLoaderDelegate.loadContextInternal(DefaultCacheAwareContextLoaderDelegate.java:225) ~[spring-test-6.1.2.jar:6.1.2]
	at org.springframework.test.context.cache.DefaultCacheAwareContextLoaderDelegate.loadContext(DefaultCacheAwareContextLoaderDelegate.java:152) ~[spring-test-6.1.2.jar:6.1.2]
	at org.springframework.test.context.support.DefaultTestContext.getApplicationContext(DefaultTestContext.java:130) ~[spring-test-6.1.2.jar:6.1.2]
	at org.springframework.test.context.web.ServletTestExecutionListener.setUpRequestContextIfNecessary(ServletTestExecutionListener.java:191) ~[spring-test-6.1.2.jar:6.1.2]
	at org.springframework.test.context.web.ServletTestExecutionListener.prepareTestInstance(ServletTestExecutionListener.java:130) ~[spring-test-6.1.2.jar:6.1.2]
	at org.springframework.test.context.TestContextManager.prepareTestInstance(TestContextManager.java:260) ~[spring-test-6.1.2.jar:6.1.2]
	at org.springframework.test.context.junit.jupiter.SpringExtension.postProcessTestInstance(SpringExtension.java:163) ~[spring-test-6.1.2.jar:6.1.2]
	at org.junit.jupiter.engine.descriptor.ClassBasedTestDescriptor.lambda$invokeTestInstancePostProcessors$10(ClassBasedTestDescriptor.java:378) ~[junit-jupiter-engine-5.10.1.jar:5.10.1]
	at org.junit.jupiter.engine.descriptor.ClassBasedTestDescriptor.executeAndMaskThrowable(ClassBasedTestDescriptor.java:383) ~[junit-jupiter-engine-5.10.1.jar:5.10.1]
	at org.junit.jupiter.engine.descriptor.ClassBasedTestDescriptor.lambda$invokeTestInstancePostProcessors$11(ClassBasedTestDescriptor.java:378) ~[junit-jupiter-engine-5.10.1.jar:5.10.1]
	at java.base/java.util.stream.ReferencePipeline$3$1.accept(ReferencePipeline.java:197) ~[?:?]
	at java.base/java.util.stream.ReferencePipeline$2$1.accept(ReferencePipeline.java:179) ~[?:?]
	at java.base/java.util.ArrayList$ArrayListSpliterator.forEachRemaining(ArrayList.java:1625) ~[?:?]
	at java.base/java.util.stream.AbstractPipeline.copyInto(AbstractPipeline.java:509) ~[?:?]
	at java.base/java.util.stream.AbstractPipeline.wrapAndCopyInto(AbstractPipeline.java:499) ~[?:?]
	at java.base/java.util.stream.StreamSpliterators$WrappingSpliterator.forEachRemaining(StreamSpliterators.java:310) ~[?:?]
	at java.base/java.util.stream.Streams$ConcatSpliterator.forEachRemaining(Streams.java:735) ~[?:?]
	at java.base/java.util.stream.ReferencePipeline$Head.forEach(ReferencePipeline.java:762) ~[?:?]
	at org.junit.jupiter.engine.descriptor.ClassBasedTestDescriptor.invokeTestInstancePostProcessors(ClassBasedTestDescriptor.java:377) ~[junit-jupiter-engine-5.10.1.jar:5.10.1]
	at org.junit.jupiter.engine.descriptor.ClassBasedTestDescriptor.lambda$instantiateAndPostProcessTestInstance$6(ClassBasedTestDescriptor.java:290) ~[junit-jupiter-engine-5.10.1.jar:5.10.1]
	at org.junit.platform.engine.support.hierarchical.ThrowableCollector.execute(ThrowableCollector.java:73) ~[junit-platform-engine-1.10.1.jar:1.10.1]
	at org.junit.jupiter.engine.descriptor.ClassBasedTestDescriptor.instantiateAndPostProcessTestInstance(ClassBasedTestDescriptor.java:289) ~[junit-jupiter-engine-5.10.1.jar:5.10.1]
	at org.junit.jupiter.engine.descriptor.ClassBasedTestDescriptor.lambda$testInstancesProvider$4(ClassBasedTestDescriptor.java:279) ~[junit-jupiter-engine-5.10.1.jar:5.10.1]
	at java.base/java.util.Optional.orElseGet(Optional.java:364) ~[?:?]
	at org.junit.jupiter.engine.descriptor.ClassBasedTestDescriptor.lambda$testInstancesProvider$5(ClassBasedTestDescriptor.java:278) ~[junit-jupiter-engine-5.10.1.jar:5.10.1]
	at org.junit.jupiter.engine.execution.TestInstancesProvider.getTestInstances(TestInstancesProvider.java:31) ~[junit-jupiter-engine-5.10.1.jar:5.10.1]
	at org.junit.jupiter.engine.descriptor.ClassBasedTestDescriptor.lambda$before$2(ClassBasedTestDescriptor.java:204) ~[junit-jupiter-engine-5.10.1.jar:5.10.1]
	at org.junit.platform.engine.support.hierarchical.ThrowableCollector.execute(ThrowableCollector.java:73) ~[junit-platform-engine-1.10.1.jar:1.10.1]
	at org.junit.jupiter.engine.descriptor.ClassBasedTestDescriptor.before(ClassBasedTestDescriptor.java:203) ~[junit-jupiter-engine-5.10.1.jar:5.10.1]
	at org.junit.jupiter.engine.descriptor.ClassBasedTestDescriptor.before(ClassBasedTestDescriptor.java:85) ~[junit-jupiter-engine-5.10.1.jar:5.10.1]
	at org.junit.platform.engine.support.hierarchical.NodeTestTask.lambda$executeRecursively$6(NodeTestTask.java:148) ~[junit-platform-engine-1.10.1.jar:1.10.1]
	at org.junit.platform.engine.support.hierarchical.ThrowableCollector.execute(ThrowableCollector.java:73) ~[junit-platform-engine-1.10.1.jar:1.10.1]
	at org.junit.platform.engine.support.hierarchical.NodeTestTask.lambda$executeRecursively$8(NodeTestTask.java:141) ~[junit-platform-engine-1.10.1.jar:1.10.1]
	at org.junit.platform.engine.support.hierarchical.Node.around(Node.java:137) ~[junit-platform-engine-1.10.1.jar:1.10.1]
	at org.junit.platform.engine.support.hierarchical.NodeTestTask.lambda$executeRecursively$9(NodeTestTask.java:139) ~[junit-platform-engine-1.10.1.jar:1.10.1]
	at org.junit.platform.engine.support.hierarchical.ThrowableCollector.execute(ThrowableCollector.java:73) ~[junit-platform-engine-1.10.1.jar:1.10.1]
	at org.junit.platform.engine.support.hierarchical.NodeTestTask.executeRecursively(NodeTestTask.java:138) ~[junit-platform-engine-1.10.1.jar:1.10.1]
	at org.junit.platform.engine.support.hierarchical.NodeTestTask.execute(NodeTestTask.java:95) ~[junit-platform-engine-1.10.1.jar:1.10.1]
	at java.base/java.util.ArrayList.forEach(ArrayList.java:1511) ~[?:?]
	at org.junit.platform.engine.support.hierarchical.SameThreadHierarchicalTestExecutorService.invokeAll(SameThreadHierarchicalTestExecutorService.java:41) ~[junit-platform-engine-1.10.1.jar:1.10.1]
	at org.junit.platform.engine.support.hierarchical.NodeTestTask.lambda$executeRecursively$6(NodeTestTask.java:155) ~[junit-platform-engine-1.10.1.jar:1.10.1]
	at org.junit.platform.engine.support.hierarchical.ThrowableCollector.execute(ThrowableCollector.java:73) ~[junit-platform-engine-1.10.1.jar:1.10.1]
	at org.junit.platform.engine.support.hierarchical.NodeTestTask.lambda$executeRecursively$8(NodeTestTask.java:141) ~[junit-platform-engine-1.10.1.jar:1.10.1]
	at org.junit.platform.engine.support.hierarchical.Node.around(Node.java:137) ~[junit-platform-engine-1.10.1.jar:1.10.1]
	at org.junit.platform.engine.support.hierarchical.NodeTestTask.lambda$executeRecursively$9(NodeTestTask.java:139) ~[junit-platform-engine-1.10.1.jar:1.10.1]
	at org.junit.platform.engine.support.hierarchical.ThrowableCollector.execute(ThrowableCollector.java:73) ~[junit-platform-engine-1.10.1.jar:1.10.1]
	at org.junit.platform.engine.support.hierarchical.NodeTestTask.executeRecursively(NodeTestTask.java:138) ~[junit-platform-engine-1.10.1.jar:1.10.1]
	at org.junit.platform.engine.support.hierarchical.NodeTestTask.execute(NodeTestTask.java:95) ~[junit-platform-engine-1.10.1.jar:1.10.1]
	at org.junit.platform.engine.support.hierarchical.SameThreadHierarchicalTestExecutorService.submit(SameThreadHierarchicalTestExecutorService.java:35) ~[junit-platform-engine-1.10.1.jar:1.10.1]
	at org.junit.platform.engine.support.hierarchical.HierarchicalTestExecutor.execute(HierarchicalTestExecutor.java:57) ~[junit-platform-engine-1.10.1.jar:1.10.1]
	at org.junit.platform.engine.support.hierarchical.HierarchicalTestEngine.execute(HierarchicalTestEngine.java:54) ~[junit-platform-engine-1.10.1.jar:1.10.1]
	at org.junit.platform.launcher.core.EngineExecutionOrchestrator.execute(EngineExecutionOrchestrator.java:198) ~[junit-platform-launcher-1.10.1.jar:1.10.1]
	at org.junit.platform.launcher.core.EngineExecutionOrchestrator.execute(EngineExecutionOrchestrator.java:169) ~[junit-platform-launcher-1.10.1.jar:1.10.1]
	at org.junit.platform.launcher.core.EngineExecutionOrchestrator.execute(EngineExecutionOrchestrator.java:93) ~[junit-platform-launcher-1.10.1.jar:1.10.1]
	at org.junit.platform.launcher.core.EngineExecutionOrchestrator.lambda$execute$0(EngineExecutionOrchestrator.java:58) ~[junit-platform-launcher-1.10.1.jar:1.10.1]
	at org.junit.platform.launcher.core.EngineExecutionOrchestrator.withInterceptedStreams(EngineExecutionOrchestrator.java:141) [junit-platform-launcher-1.10.1.jar:1.10.1]
	at org.junit.platform.launcher.core.EngineExecutionOrchestrator.execute(EngineExecutionOrchestrator.java:57) [junit-platform-launcher-1.10.1.jar:1.10.1]
	at org.junit.platform.launcher.core.DefaultLauncher.execute(DefaultLauncher.java:103) [junit-platform-launcher-1.10.1.jar:1.10.1]
	at org.junit.platform.launcher.core.DefaultLauncher.execute(DefaultLauncher.java:85) [junit-platform-launcher-1.10.1.jar:1.10.1]
	at org.junit.platform.launcher.core.DelegatingLauncher.execute(DelegatingLauncher.java:47) [junit-platform-launcher-1.10.1.jar:1.10.1]
	at org.apache.maven.surefire.junitplatform.LazyLauncher.execute(LazyLauncher.java:56) [surefire-junit-platform-3.1.2.jar:3.1.2]
	at org.apache.maven.surefire.junitplatform.JUnitPlatformProvider.execute(JUnitPlatformProvider.java:184) [surefire-junit-platform-3.1.2.jar:3.1.2]
	at org.apache.maven.surefire.junitplatform.JUnitPlatformProvider.invokeAllTests(JUnitPlatformProvider.java:148) [surefire-junit-platform-3.1.2.jar:3.1.2]
	at org.apache.maven.surefire.junitplatform.JUnitPlatformProvider.invoke(JUnitPlatformProvider.java:122) [surefire-junit-platform-3.1.2.jar:3.1.2]
	at org.apache.maven.surefire.booter.ForkedBooter.runSuitesInProcess(ForkedBooter.java:385) [surefire-booter-3.1.2.jar:3.1.2]
	at org.apache.maven.surefire.booter.ForkedBooter.execute(ForkedBooter.java:162) [surefire-booter-3.1.2.jar:3.1.2]
	at org.apache.maven.surefire.booter.ForkedBooter.run(ForkedBooter.java:507) [surefire-booter-3.1.2.jar:3.1.2]
	at org.apache.maven.surefire.booter.ForkedBooter.main(ForkedBooter.java:495) [surefire-booter-3.1.2.jar:3.1.2]
Caused by: java.sql.SQLSyntaxErrorException: Table 'agroplantationapp.user' doesn't exist
	at com.mysql.cj.jdbc.exceptions.SQLError.createSQLException(SQLError.java:121) ~[mysql-connector-j-8.1.0.jar:8.1.0]
	at com.mysql.cj.jdbc.exceptions.SQLExceptionsMapping.translateException(SQLExceptionsMapping.java:122) ~[mysql-connector-j-8.1.0.jar:8.1.0]
	at com.mysql.cj.jdbc.StatementImpl.executeInternal(StatementImpl.java:763) ~[mysql-connector-j-8.1.0.jar:8.1.0]
	at com.mysql.cj.jdbc.StatementImpl.execute(StatementImpl.java:648) ~[mysql-connector-j-8.1.0.jar:8.1.0]
	at com.zaxxer.hikari.pool.ProxyStatement.execute(ProxyStatement.java:94) ~[HikariCP-5.0.1.jar:?]
	at com.zaxxer.hikari.pool.HikariProxyStatement.execute(HikariProxyStatement.java) ~[HikariCP-5.0.1.jar:?]
	at org.hibernate.tool.schema.internal.exec.GenerationTargetToDatabase.accept(GenerationTargetToDatabase.java:80) ~[hibernate-core-6.4.1.Final.jar:6.4.1.Final]
	... 111 more
Hibernate: 
    alter table vote 
       drop 
       foreign key FKtbv73p8csxpjabft9tcqpiaau
2024-07-17 08:14:51,095 WARN o.h.t.s.i.ExceptionHandlerLoggedImpl [main] GenerationTarget encountered exception accepting command : Error executing DDL "
    alter table vote 
       drop 
       foreign key FKtbv73p8csxpjabft9tcqpiaau" via JDBC [Table 'agroplantationapp.vote' doesn't exist]
org.hibernate.tool.schema.spi.CommandAcceptanceException: Error executing DDL "
    alter table vote 
       drop 
       foreign key FKtbv73p8csxpjabft9tcqpiaau" via JDBC [Table 'agroplantationapp.vote' doesn't exist]
	at org.hibernate.tool.schema.internal.exec.GenerationTargetToDatabase.accept(GenerationTargetToDatabase.java:94) ~[hibernate-core-6.4.1.Final.jar:6.4.1.Final]
	at org.hibernate.tool.schema.internal.Helper.applySqlString(Helper.java:233) ~[hibernate-core-6.4.1.Final.jar:6.4.1.Final]
	at org.hibernate.tool.schema.internal.Helper.applySqlStrings(Helper.java:217) ~[hibernate-core-6.4.1.Final.jar:6.4.1.Final]
	at org.hibernate.tool.schema.internal.SchemaDropperImpl.applyConstraintDropping(SchemaDropperImpl.java:470) ~[hibernate-core-6.4.1.Final.jar:6.4.1.Final]
	at org.hibernate.tool.schema.internal.SchemaDropperImpl.dropConstraintsTablesSequences(SchemaDropperImpl.java:242) ~[hibernate-core-6.4.1.Final.jar:6.4.1.Final]
	at org.hibernate.tool.schema.internal.SchemaDropperImpl.dropFromMetadata(SchemaDropperImpl.java:215) ~[hibernate-core-6.4.1.Final.jar:6.4.1.Final]
	at org.hibernate.tool.schema.internal.SchemaDropperImpl.performDrop(SchemaDropperImpl.java:185) ~[hibernate-core-6.4.1.Final.jar:6.4.1.Final]
	at org.hibernate.tool.schema.internal.SchemaDropperImpl.doDrop(SchemaDropperImpl.java:155) ~[hibernate-core-6.4.1.Final.jar:6.4.1.Final]
	at org.hibernate.tool.schema.internal.SchemaDropperImpl.doDrop(SchemaDropperImpl.java:115) ~[hibernate-core-6.4.1.Final.jar:6.4.1.Final]
	at org.hibernate.tool.schema.spi.SchemaManagementToolCoordinator.performDatabaseAction(SchemaManagementToolCoordinator.java:244) ~[hibernate-core-6.4.1.Final.jar:6.4.1.Final]
	at org.hibernate.tool.schema.spi.SchemaManagementToolCoordinator.lambda$process$5(SchemaManagementToolCoordinator.java:145) ~[hibernate-core-6.4.1.Final.jar:6.4.1.Final]
	at java.base/java.util.HashMap.forEach(HashMap.java:1421) ~[?:?]
	at org.hibernate.tool.schema.spi.SchemaManagementToolCoordinator.process(SchemaManagementToolCoordinator.java:142) ~[hibernate-core-6.4.1.Final.jar:6.4.1.Final]
	at org.hibernate.boot.internal.SessionFactoryObserverForSchemaExport.sessionFactoryCreated(SessionFactoryObserverForSchemaExport.java:37) ~[hibernate-core-6.4.1.Final.jar:6.4.1.Final]
	at org.hibernate.internal.SessionFactoryObserverChain.sessionFactoryCreated(SessionFactoryObserverChain.java:35) ~[hibernate-core-6.4.1.Final.jar:6.4.1.Final]
	at org.hibernate.internal.SessionFactoryImpl.<init>(SessionFactoryImpl.java:315) ~[hibernate-core-6.4.1.Final.jar:6.4.1.Final]
	at org.hibernate.boot.internal.SessionFactoryBuilderImpl.build(SessionFactoryBuilderImpl.java:450) ~[hibernate-core-6.4.1.Final.jar:6.4.1.Final]
	at org.hibernate.jpa.boot.internal.EntityManagerFactoryBuilderImpl.build(EntityManagerFactoryBuilderImpl.java:1507) ~[hibernate-core-6.4.1.Final.jar:6.4.1.Final]
	at org.springframework.orm.jpa.vendor.SpringHibernateJpaPersistenceProvider.createContainerEntityManagerFactory(SpringHibernateJpaPersistenceProvider.java:75) ~[spring-orm-6.1.2.jar:6.1.2]
	at org.springframework.orm.jpa.LocalContainerEntityManagerFactoryBean.createNativeEntityManagerFactory(LocalContainerEntityManagerFactoryBean.java:376) ~[spring-orm-6.1.2.jar:6.1.2]
	at org.springframework.orm.jpa.AbstractEntityManagerFactoryBean.buildNativeEntityManagerFactory(AbstractEntityManagerFactoryBean.java:409) ~[spring-orm-6.1.2.jar:6.1.2]
	at org.springframework.orm.jpa.AbstractEntityManagerFactoryBean.afterPropertiesSet(AbstractEntityManagerFactoryBean.java:396) ~[spring-orm-6.1.2.jar:6.1.2]
	at org.springframework.orm.jpa.LocalContainerEntityManagerFactoryBean.afterPropertiesSet(LocalContainerEntityManagerFactoryBean.java:352) ~[spring-orm-6.1.2.jar:6.1.2]
	at org.springframework.beans.factory.support.AbstractAutowireCapableBeanFactory.invokeInitMethods(AbstractAutowireCapableBeanFactory.java:1820) ~[spring-beans-6.1.2.jar:6.1.2]
	at org.springframework.beans.factory.support.AbstractAutowireCapableBeanFactory.initializeBean(AbstractAutowireCapableBeanFactory.java:1769) ~[spring-beans-6.1.2.jar:6.1.2]
	at org.springframework.beans.factory.support.AbstractAutowireCapableBeanFactory.doCreateBean(AbstractAutowireCapableBeanFactory.java:599) ~[spring-beans-6.1.2.jar:6.1.2]
	at org.springframework.beans.factory.support.AbstractAutowireCapableBeanFactory.createBean(AbstractAutowireCapableBeanFactory.java:521) ~[spring-beans-6.1.2.jar:6.1.2]
	at org.springframework.beans.factory.support.AbstractBeanFactory.lambda$doGetBean$0(AbstractBeanFactory.java:325) ~[spring-beans-6.1.2.jar:6.1.2]
	at org.springframework.beans.factory.support.DefaultSingletonBeanRegistry.getSingleton(DefaultSingletonBeanRegistry.java:234) ~[spring-beans-6.1.2.jar:6.1.2]
	at org.springframework.beans.factory.support.AbstractBeanFactory.doGetBean(AbstractBeanFactory.java:323) ~[spring-beans-6.1.2.jar:6.1.2]
	at org.springframework.beans.factory.support.AbstractBeanFactory.getBean(AbstractBeanFactory.java:199) ~[spring-beans-6.1.2.jar:6.1.2]
	at org.springframework.context.support.AbstractApplicationContext.getBean(AbstractApplicationContext.java:1232) ~[spring-context-6.1.2.jar:6.1.2]
	at org.springframework.context.support.AbstractApplicationContext.finishBeanFactoryInitialization(AbstractApplicationContext.java:950) ~[spring-context-6.1.2.jar:6.1.2]
	at org.springframework.context.support.AbstractApplicationContext.refresh(AbstractApplicationContext.java:625) ~[spring-context-6.1.2.jar:6.1.2]
	at org.springframework.boot.SpringApplication.refresh(SpringApplication.java:762) ~[spring-boot-3.2.1.jar:3.2.1]
	at org.springframework.boot.SpringApplication.refreshContext(SpringApplication.java:464) ~[spring-boot-3.2.1.jar:3.2.1]
	at org.springframework.boot.SpringApplication.run(SpringApplication.java:334) ~[spring-boot-3.2.1.jar:3.2.1]
	at org.springframework.boot.test.context.SpringBootContextLoader.lambda$loadContext$3(SpringBootContextLoader.java:137) ~[spring-boot-test-3.2.1.jar:3.2.1]
	at org.springframework.util.function.ThrowingSupplier.get(ThrowingSupplier.java:58) ~[spring-core-6.1.2.jar:6.1.2]
	at org.springframework.util.function.ThrowingSupplier.get(ThrowingSupplier.java:46) ~[spring-core-6.1.2.jar:6.1.2]
	at org.springframework.boot.SpringApplication.withHook(SpringApplication.java:1458) ~[spring-boot-3.2.1.jar:3.2.1]
	at org.springframework.boot.test.context.SpringBootContextLoader$ContextLoaderHook.run(SpringBootContextLoader.java:552) ~[spring-boot-test-3.2.1.jar:3.2.1]
	at org.springframework.boot.test.context.SpringBootContextLoader.loadContext(SpringBootContextLoader.java:137) ~[spring-boot-test-3.2.1.jar:3.2.1]
	at org.springframework.boot.test.context.SpringBootContextLoader.loadContext(SpringBootContextLoader.java:108) ~[spring-boot-test-3.2.1.jar:3.2.1]
	at org.springframework.test.context.cache.DefaultCacheAwareContextLoaderDelegate.loadContextInternal(DefaultCacheAwareContextLoaderDelegate.java:225) ~[spring-test-6.1.2.jar:6.1.2]
	at org.springframework.test.context.cache.DefaultCacheAwareContextLoaderDelegate.loadContext(DefaultCacheAwareContextLoaderDelegate.java:152) ~[spring-test-6.1.2.jar:6.1.2]
	at org.springframework.test.context.support.DefaultTestContext.getApplicationContext(DefaultTestContext.java:130) ~[spring-test-6.1.2.jar:6.1.2]
	at org.springframework.test.context.web.ServletTestExecutionListener.setUpRequestContextIfNecessary(ServletTestExecutionListener.java:191) ~[spring-test-6.1.2.jar:6.1.2]
	at org.springframework.test.context.web.ServletTestExecutionListener.prepareTestInstance(ServletTestExecutionListener.java:130) ~[spring-test-6.1.2.jar:6.1.2]
	at org.springframework.test.context.TestContextManager.prepareTestInstance(TestContextManager.java:260) ~[spring-test-6.1.2.jar:6.1.2]
	at org.springframework.test.context.junit.jupiter.SpringExtension.postProcessTestInstance(SpringExtension.java:163) ~[spring-test-6.1.2.jar:6.1.2]
	at org.junit.jupiter.engine.descriptor.ClassBasedTestDescriptor.lambda$invokeTestInstancePostProcessors$10(ClassBasedTestDescriptor.java:378) ~[junit-jupiter-engine-5.10.1.jar:5.10.1]
	at org.junit.jupiter.engine.descriptor.ClassBasedTestDescriptor.executeAndMaskThrowable(ClassBasedTestDescriptor.java:383) ~[junit-jupiter-engine-5.10.1.jar:5.10.1]
	at org.junit.jupiter.engine.descriptor.ClassBasedTestDescriptor.lambda$invokeTestInstancePostProcessors$11(ClassBasedTestDescriptor.java:378) ~[junit-jupiter-engine-5.10.1.jar:5.10.1]
	at java.base/java.util.stream.ReferencePipeline$3$1.accept(ReferencePipeline.java:197) ~[?:?]
	at java.base/java.util.stream.ReferencePipeline$2$1.accept(ReferencePipeline.java:179) ~[?:?]
	at java.base/java.util.ArrayList$ArrayListSpliterator.forEachRemaining(ArrayList.java:1625) ~[?:?]
	at java.base/java.util.stream.AbstractPipeline.copyInto(AbstractPipeline.java:509) ~[?:?]
	at java.base/java.util.stream.AbstractPipeline.wrapAndCopyInto(AbstractPipeline.java:499) ~[?:?]
	at java.base/java.util.stream.StreamSpliterators$WrappingSpliterator.forEachRemaining(StreamSpliterators.java:310) ~[?:?]
	at java.base/java.util.stream.Streams$ConcatSpliterator.forEachRemaining(Streams.java:735) ~[?:?]
	at java.base/java.util.stream.ReferencePipeline$Head.forEach(ReferencePipeline.java:762) ~[?:?]
	at org.junit.jupiter.engine.descriptor.ClassBasedTestDescriptor.invokeTestInstancePostProcessors(ClassBasedTestDescriptor.java:377) ~[junit-jupiter-engine-5.10.1.jar:5.10.1]
	at org.junit.jupiter.engine.descriptor.ClassBasedTestDescriptor.lambda$instantiateAndPostProcessTestInstance$6(ClassBasedTestDescriptor.java:290) ~[junit-jupiter-engine-5.10.1.jar:5.10.1]
	at org.junit.platform.engine.support.hierarchical.ThrowableCollector.execute(ThrowableCollector.java:73) ~[junit-platform-engine-1.10.1.jar:1.10.1]
	at org.junit.jupiter.engine.descriptor.ClassBasedTestDescriptor.instantiateAndPostProcessTestInstance(ClassBasedTestDescriptor.java:289) ~[junit-jupiter-engine-5.10.1.jar:5.10.1]
	at org.junit.jupiter.engine.descriptor.ClassBasedTestDescriptor.lambda$testInstancesProvider$4(ClassBasedTestDescriptor.java:279) ~[junit-jupiter-engine-5.10.1.jar:5.10.1]
	at java.base/java.util.Optional.orElseGet(Optional.java:364) ~[?:?]
	at org.junit.jupiter.engine.descriptor.ClassBasedTestDescriptor.lambda$testInstancesProvider$5(ClassBasedTestDescriptor.java:278) ~[junit-jupiter-engine-5.10.1.jar:5.10.1]
	at org.junit.jupiter.engine.execution.TestInstancesProvider.getTestInstances(TestInstancesProvider.java:31) ~[junit-jupiter-engine-5.10.1.jar:5.10.1]
	at org.junit.jupiter.engine.descriptor.ClassBasedTestDescriptor.lambda$before$2(ClassBasedTestDescriptor.java:204) ~[junit-jupiter-engine-5.10.1.jar:5.10.1]
	at org.junit.platform.engine.support.hierarchical.ThrowableCollector.execute(ThrowableCollector.java:73) ~[junit-platform-engine-1.10.1.jar:1.10.1]
	at org.junit.jupiter.engine.descriptor.ClassBasedTestDescriptor.before(ClassBasedTestDescriptor.java:203) ~[junit-jupiter-engine-5.10.1.jar:5.10.1]
	at org.junit.jupiter.engine.descriptor.ClassBasedTestDescriptor.before(ClassBasedTestDescriptor.java:85) ~[junit-jupiter-engine-5.10.1.jar:5.10.1]
	at org.junit.platform.engine.support.hierarchical.NodeTestTask.lambda$executeRecursively$6(NodeTestTask.java:148) ~[junit-platform-engine-1.10.1.jar:1.10.1]
	at org.junit.platform.engine.support.hierarchical.ThrowableCollector.execute(ThrowableCollector.java:73) ~[junit-platform-engine-1.10.1.jar:1.10.1]
	at org.junit.platform.engine.support.hierarchical.NodeTestTask.lambda$executeRecursively$8(NodeTestTask.java:141) ~[junit-platform-engine-1.10.1.jar:1.10.1]
	at org.junit.platform.engine.support.hierarchical.Node.around(Node.java:137) ~[junit-platform-engine-1.10.1.jar:1.10.1]
	at org.junit.platform.engine.support.hierarchical.NodeTestTask.lambda$executeRecursively$9(NodeTestTask.java:139) ~[junit-platform-engine-1.10.1.jar:1.10.1]
	at org.junit.platform.engine.support.hierarchical.ThrowableCollector.execute(ThrowableCollector.java:73) ~[junit-platform-engine-1.10.1.jar:1.10.1]
	at org.junit.platform.engine.support.hierarchical.NodeTestTask.executeRecursively(NodeTestTask.java:138) ~[junit-platform-engine-1.10.1.jar:1.10.1]
	at org.junit.platform.engine.support.hierarchical.NodeTestTask.execute(NodeTestTask.java:95) ~[junit-platform-engine-1.10.1.jar:1.10.1]
	at java.base/java.util.ArrayList.forEach(ArrayList.java:1511) ~[?:?]
	at org.junit.platform.engine.support.hierarchical.SameThreadHierarchicalTestExecutorService.invokeAll(SameThreadHierarchicalTestExecutorService.java:41) ~[junit-platform-engine-1.10.1.jar:1.10.1]
	at org.junit.platform.engine.support.hierarchical.NodeTestTask.lambda$executeRecursively$6(NodeTestTask.java:155) ~[junit-platform-engine-1.10.1.jar:1.10.1]
	at org.junit.platform.engine.support.hierarchical.ThrowableCollector.execute(ThrowableCollector.java:73) ~[junit-platform-engine-1.10.1.jar:1.10.1]
	at org.junit.platform.engine.support.hierarchical.NodeTestTask.lambda$executeRecursively$8(NodeTestTask.java:141) ~[junit-platform-engine-1.10.1.jar:1.10.1]
	at org.junit.platform.engine.support.hierarchical.Node.around(Node.java:137) ~[junit-platform-engine-1.10.1.jar:1.10.1]
	at org.junit.platform.engine.support.hierarchical.NodeTestTask.lambda$executeRecursively$9(NodeTestTask.java:139) ~[junit-platform-engine-1.10.1.jar:1.10.1]
	at org.junit.platform.engine.support.hierarchical.ThrowableCollector.execute(ThrowableCollector.java:73) ~[junit-platform-engine-1.10.1.jar:1.10.1]
	at org.junit.platform.engine.support.hierarchical.NodeTestTask.executeRecursively(NodeTestTask.java:138) ~[junit-platform-engine-1.10.1.jar:1.10.1]
	at org.junit.platform.engine.support.hierarchical.NodeTestTask.execute(NodeTestTask.java:95) ~[junit-platform-engine-1.10.1.jar:1.10.1]
	at org.junit.platform.engine.support.hierarchical.SameThreadHierarchicalTestExecutorService.submit(SameThreadHierarchicalTestExecutorService.java:35) ~[junit-platform-engine-1.10.1.jar:1.10.1]
	at org.junit.platform.engine.support.hierarchical.HierarchicalTestExecutor.execute(HierarchicalTestExecutor.java:57) ~[junit-platform-engine-1.10.1.jar:1.10.1]
	at org.junit.platform.engine.support.hierarchical.HierarchicalTestEngine.execute(HierarchicalTestEngine.java:54) ~[junit-platform-engine-1.10.1.jar:1.10.1]
	at org.junit.platform.launcher.core.EngineExecutionOrchestrator.execute(EngineExecutionOrchestrator.java:198) ~[junit-platform-launcher-1.10.1.jar:1.10.1]
	at org.junit.platform.launcher.core.EngineExecutionOrchestrator.execute(EngineExecutionOrchestrator.java:169) ~[junit-platform-launcher-1.10.1.jar:1.10.1]
	at org.junit.platform.launcher.core.EngineExecutionOrchestrator.execute(EngineExecutionOrchestrator.java:93) ~[junit-platform-launcher-1.10.1.jar:1.10.1]
	at org.junit.platform.launcher.core.EngineExecutionOrchestrator.lambda$execute$0(EngineExecutionOrchestrator.java:58) ~[junit-platform-launcher-1.10.1.jar:1.10.1]
	at org.junit.platform.launcher.core.EngineExecutionOrchestrator.withInterceptedStreams(EngineExecutionOrchestrator.java:141) [junit-platform-launcher-1.10.1.jar:1.10.1]
	at org.junit.platform.launcher.core.EngineExecutionOrchestrator.execute(EngineExecutionOrchestrator.java:57) [junit-platform-launcher-1.10.1.jar:1.10.1]
	at org.junit.platform.launcher.core.DefaultLauncher.execute(DefaultLauncher.java:103) [junit-platform-launcher-1.10.1.jar:1.10.1]
	at org.junit.platform.launcher.core.DefaultLauncher.execute(DefaultLauncher.java:85) [junit-platform-launcher-1.10.1.jar:1.10.1]
	at org.junit.platform.launcher.core.DelegatingLauncher.execute(DelegatingLauncher.java:47) [junit-platform-launcher-1.10.1.jar:1.10.1]
	at org.apache.maven.surefire.junitplatform.LazyLauncher.execute(LazyLauncher.java:56) [surefire-junit-platform-3.1.2.jar:3.1.2]
	at org.apache.maven.surefire.junitplatform.JUnitPlatformProvider.execute(JUnitPlatformProvider.java:184) [surefire-junit-platform-3.1.2.jar:3.1.2]
	at org.apache.maven.surefire.junitplatform.JUnitPlatformProvider.invokeAllTests(JUnitPlatformProvider.java:148) [surefire-junit-platform-3.1.2.jar:3.1.2]
	at org.apache.maven.surefire.junitplatform.JUnitPlatformProvider.invoke(JUnitPlatformProvider.java:122) [surefire-junit-platform-3.1.2.jar:3.1.2]
	at org.apache.maven.surefire.booter.ForkedBooter.runSuitesInProcess(ForkedBooter.java:385) [surefire-booter-3.1.2.jar:3.1.2]
	at org.apache.maven.surefire.booter.ForkedBooter.execute(ForkedBooter.java:162) [surefire-booter-3.1.2.jar:3.1.2]
	at org.apache.maven.surefire.booter.ForkedBooter.run(ForkedBooter.java:507) [surefire-booter-3.1.2.jar:3.1.2]
	at org.apache.maven.surefire.booter.ForkedBooter.main(ForkedBooter.java:495) [surefire-booter-3.1.2.jar:3.1.2]
Caused by: java.sql.SQLSyntaxErrorException: Table 'agroplantationapp.vote' doesn't exist
	at com.mysql.cj.jdbc.exceptions.SQLError.createSQLException(SQLError.java:121) ~[mysql-connector-j-8.1.0.jar:8.1.0]
	at com.mysql.cj.jdbc.exceptions.SQLExceptionsMapping.translateException(SQLExceptionsMapping.java:122) ~[mysql-connector-j-8.1.0.jar:8.1.0]
	at com.mysql.cj.jdbc.StatementImpl.executeInternal(StatementImpl.java:763) ~[mysql-connector-j-8.1.0.jar:8.1.0]
	at com.mysql.cj.jdbc.StatementImpl.execute(StatementImpl.java:648) ~[mysql-connector-j-8.1.0.jar:8.1.0]
	at com.zaxxer.hikari.pool.ProxyStatement.execute(ProxyStatement.java:94) ~[HikariCP-5.0.1.jar:?]
	at com.zaxxer.hikari.pool.HikariProxyStatement.execute(HikariProxyStatement.java) ~[HikariCP-5.0.1.jar:?]
	at org.hibernate.tool.schema.internal.exec.GenerationTargetToDatabase.accept(GenerationTargetToDatabase.java:80) ~[hibernate-core-6.4.1.Final.jar:6.4.1.Final]
	... 111 more
Hibernate: 
    alter table vote 
       drop 
       foreign key FKcsaksoe2iepaj8birrmithwve
2024-07-17 08:14:51,101 WARN o.h.t.s.i.ExceptionHandlerLoggedImpl [main] GenerationTarget encountered exception accepting command : Error executing DDL "
    alter table vote 
       drop 
       foreign key FKcsaksoe2iepaj8birrmithwve" via JDBC [Table 'agroplantationapp.vote' doesn't exist]
org.hibernate.tool.schema.spi.CommandAcceptanceException: Error executing DDL "
    alter table vote 
       drop 
       foreign key FKcsaksoe2iepaj8birrmithwve" via JDBC [Table 'agroplantationapp.vote' doesn't exist]
	at org.hibernate.tool.schema.internal.exec.GenerationTargetToDatabase.accept(GenerationTargetToDatabase.java:94) ~[hibernate-core-6.4.1.Final.jar:6.4.1.Final]
	at org.hibernate.tool.schema.internal.Helper.applySqlString(Helper.java:233) ~[hibernate-core-6.4.1.Final.jar:6.4.1.Final]
	at org.hibernate.tool.schema.internal.Helper.applySqlStrings(Helper.java:217) ~[hibernate-core-6.4.1.Final.jar:6.4.1.Final]
	at org.hibernate.tool.schema.internal.SchemaDropperImpl.applyConstraintDropping(SchemaDropperImpl.java:470) ~[hibernate-core-6.4.1.Final.jar:6.4.1.Final]
	at org.hibernate.tool.schema.internal.SchemaDropperImpl.dropConstraintsTablesSequences(SchemaDropperImpl.java:242) ~[hibernate-core-6.4.1.Final.jar:6.4.1.Final]
	at org.hibernate.tool.schema.internal.SchemaDropperImpl.dropFromMetadata(SchemaDropperImpl.java:215) ~[hibernate-core-6.4.1.Final.jar:6.4.1.Final]
	at org.hibernate.tool.schema.internal.SchemaDropperImpl.performDrop(SchemaDropperImpl.java:185) ~[hibernate-core-6.4.1.Final.jar:6.4.1.Final]
	at org.hibernate.tool.schema.internal.SchemaDropperImpl.doDrop(SchemaDropperImpl.java:155) ~[hibernate-core-6.4.1.Final.jar:6.4.1.Final]
	at org.hibernate.tool.schema.internal.SchemaDropperImpl.doDrop(SchemaDropperImpl.java:115) ~[hibernate-core-6.4.1.Final.jar:6.4.1.Final]
	at org.hibernate.tool.schema.spi.SchemaManagementToolCoordinator.performDatabaseAction(SchemaManagementToolCoordinator.java:244) ~[hibernate-core-6.4.1.Final.jar:6.4.1.Final]
	at org.hibernate.tool.schema.spi.SchemaManagementToolCoordinator.lambda$process$5(SchemaManagementToolCoordinator.java:145) ~[hibernate-core-6.4.1.Final.jar:6.4.1.Final]
	at java.base/java.util.HashMap.forEach(HashMap.java:1421) ~[?:?]
	at org.hibernate.tool.schema.spi.SchemaManagementToolCoordinator.process(SchemaManagementToolCoordinator.java:142) ~[hibernate-core-6.4.1.Final.jar:6.4.1.Final]
	at org.hibernate.boot.internal.SessionFactoryObserverForSchemaExport.sessionFactoryCreated(SessionFactoryObserverForSchemaExport.java:37) ~[hibernate-core-6.4.1.Final.jar:6.4.1.Final]
	at org.hibernate.internal.SessionFactoryObserverChain.sessionFactoryCreated(SessionFactoryObserverChain.java:35) ~[hibernate-core-6.4.1.Final.jar:6.4.1.Final]
	at org.hibernate.internal.SessionFactoryImpl.<init>(SessionFactoryImpl.java:315) ~[hibernate-core-6.4.1.Final.jar:6.4.1.Final]
	at org.hibernate.boot.internal.SessionFactoryBuilderImpl.build(SessionFactoryBuilderImpl.java:450) ~[hibernate-core-6.4.1.Final.jar:6.4.1.Final]
	at org.hibernate.jpa.boot.internal.EntityManagerFactoryBuilderImpl.build(EntityManagerFactoryBuilderImpl.java:1507) ~[hibernate-core-6.4.1.Final.jar:6.4.1.Final]
	at org.springframework.orm.jpa.vendor.SpringHibernateJpaPersistenceProvider.createContainerEntityManagerFactory(SpringHibernateJpaPersistenceProvider.java:75) ~[spring-orm-6.1.2.jar:6.1.2]
	at org.springframework.orm.jpa.LocalContainerEntityManagerFactoryBean.createNativeEntityManagerFactory(LocalContainerEntityManagerFactoryBean.java:376) ~[spring-orm-6.1.2.jar:6.1.2]
	at org.springframework.orm.jpa.AbstractEntityManagerFactoryBean.buildNativeEntityManagerFactory(AbstractEntityManagerFactoryBean.java:409) ~[spring-orm-6.1.2.jar:6.1.2]
	at org.springframework.orm.jpa.AbstractEntityManagerFactoryBean.afterPropertiesSet(AbstractEntityManagerFactoryBean.java:396) ~[spring-orm-6.1.2.jar:6.1.2]
	at org.springframework.orm.jpa.LocalContainerEntityManagerFactoryBean.afterPropertiesSet(LocalContainerEntityManagerFactoryBean.java:352) ~[spring-orm-6.1.2.jar:6.1.2]
	at org.springframework.beans.factory.support.AbstractAutowireCapableBeanFactory.invokeInitMethods(AbstractAutowireCapableBeanFactory.java:1820) ~[spring-beans-6.1.2.jar:6.1.2]
	at org.springframework.beans.factory.support.AbstractAutowireCapableBeanFactory.initializeBean(AbstractAutowireCapableBeanFactory.java:1769) ~[spring-beans-6.1.2.jar:6.1.2]
	at org.springframework.beans.factory.support.AbstractAutowireCapableBeanFactory.doCreateBean(AbstractAutowireCapableBeanFactory.java:599) ~[spring-beans-6.1.2.jar:6.1.2]
	at org.springframework.beans.factory.support.AbstractAutowireCapableBeanFactory.createBean(AbstractAutowireCapableBeanFactory.java:521) ~[spring-beans-6.1.2.jar:6.1.2]
	at org.springframework.beans.factory.support.AbstractBeanFactory.lambda$doGetBean$0(AbstractBeanFactory.java:325) ~[spring-beans-6.1.2.jar:6.1.2]
	at org.springframework.beans.factory.support.DefaultSingletonBeanRegistry.getSingleton(DefaultSingletonBeanRegistry.java:234) ~[spring-beans-6.1.2.jar:6.1.2]
	at org.springframework.beans.factory.support.AbstractBeanFactory.doGetBean(AbstractBeanFactory.java:323) ~[spring-beans-6.1.2.jar:6.1.2]
	at org.springframework.beans.factory.support.AbstractBeanFactory.getBean(AbstractBeanFactory.java:199) ~[spring-beans-6.1.2.jar:6.1.2]
	at org.springframework.context.support.AbstractApplicationContext.getBean(AbstractApplicationContext.java:1232) ~[spring-context-6.1.2.jar:6.1.2]
	at org.springframework.context.support.AbstractApplicationContext.finishBeanFactoryInitialization(AbstractApplicationContext.java:950) ~[spring-context-6.1.2.jar:6.1.2]
	at org.springframework.context.support.AbstractApplicationContext.refresh(AbstractApplicationContext.java:625) ~[spring-context-6.1.2.jar:6.1.2]
	at org.springframework.boot.SpringApplication.refresh(SpringApplication.java:762) ~[spring-boot-3.2.1.jar:3.2.1]
	at org.springframework.boot.SpringApplication.refreshContext(SpringApplication.java:464) ~[spring-boot-3.2.1.jar:3.2.1]
	at org.springframework.boot.SpringApplication.run(SpringApplication.java:334) ~[spring-boot-3.2.1.jar:3.2.1]
	at org.springframework.boot.test.context.SpringBootContextLoader.lambda$loadContext$3(SpringBootContextLoader.java:137) ~[spring-boot-test-3.2.1.jar:3.2.1]
	at org.springframework.util.function.ThrowingSupplier.get(ThrowingSupplier.java:58) ~[spring-core-6.1.2.jar:6.1.2]
	at org.springframework.util.function.ThrowingSupplier.get(ThrowingSupplier.java:46) ~[spring-core-6.1.2.jar:6.1.2]
	at org.springframework.boot.SpringApplication.withHook(SpringApplication.java:1458) ~[spring-boot-3.2.1.jar:3.2.1]
	at org.springframework.boot.test.context.SpringBootContextLoader$ContextLoaderHook.run(SpringBootContextLoader.java:552) ~[spring-boot-test-3.2.1.jar:3.2.1]
	at org.springframework.boot.test.context.SpringBootContextLoader.loadContext(SpringBootContextLoader.java:137) ~[spring-boot-test-3.2.1.jar:3.2.1]
	at org.springframework.boot.test.context.SpringBootContextLoader.loadContext(SpringBootContextLoader.java:108) ~[spring-boot-test-3.2.1.jar:3.2.1]
	at org.springframework.test.context.cache.DefaultCacheAwareContextLoaderDelegate.loadContextInternal(DefaultCacheAwareContextLoaderDelegate.java:225) ~[spring-test-6.1.2.jar:6.1.2]
	at org.springframework.test.context.cache.DefaultCacheAwareContextLoaderDelegate.loadContext(DefaultCacheAwareContextLoaderDelegate.java:152) ~[spring-test-6.1.2.jar:6.1.2]
	at org.springframework.test.context.support.DefaultTestContext.getApplicationContext(DefaultTestContext.java:130) ~[spring-test-6.1.2.jar:6.1.2]
	at org.springframework.test.context.web.ServletTestExecutionListener.setUpRequestContextIfNecessary(ServletTestExecutionListener.java:191) ~[spring-test-6.1.2.jar:6.1.2]
	at org.springframework.test.context.web.ServletTestExecutionListener.prepareTestInstance(ServletTestExecutionListener.java:130) ~[spring-test-6.1.2.jar:6.1.2]
	at org.springframework.test.context.TestContextManager.prepareTestInstance(TestContextManager.java:260) ~[spring-test-6.1.2.jar:6.1.2]
	at org.springframework.test.context.junit.jupiter.SpringExtension.postProcessTestInstance(SpringExtension.java:163) ~[spring-test-6.1.2.jar:6.1.2]
	at org.junit.jupiter.engine.descriptor.ClassBasedTestDescriptor.lambda$invokeTestInstancePostProcessors$10(ClassBasedTestDescriptor.java:378) ~[junit-jupiter-engine-5.10.1.jar:5.10.1]
	at org.junit.jupiter.engine.descriptor.ClassBasedTestDescriptor.executeAndMaskThrowable(ClassBasedTestDescriptor.java:383) ~[junit-jupiter-engine-5.10.1.jar:5.10.1]
	at org.junit.jupiter.engine.descriptor.ClassBasedTestDescriptor.lambda$invokeTestInstancePostProcessors$11(ClassBasedTestDescriptor.java:378) ~[junit-jupiter-engine-5.10.1.jar:5.10.1]
	at java.base/java.util.stream.ReferencePipeline$3$1.accept(ReferencePipeline.java:197) ~[?:?]
	at java.base/java.util.stream.ReferencePipeline$2$1.accept(ReferencePipeline.java:179) ~[?:?]
	at java.base/java.util.ArrayList$ArrayListSpliterator.forEachRemaining(ArrayList.java:1625) ~[?:?]
	at java.base/java.util.stream.AbstractPipeline.copyInto(AbstractPipeline.java:509) ~[?:?]
	at java.base/java.util.stream.AbstractPipeline.wrapAndCopyInto(AbstractPipeline.java:499) ~[?:?]
	at java.base/java.util.stream.StreamSpliterators$WrappingSpliterator.forEachRemaining(StreamSpliterators.java:310) ~[?:?]
	at java.base/java.util.stream.Streams$ConcatSpliterator.forEachRemaining(Streams.java:735) ~[?:?]
	at java.base/java.util.stream.ReferencePipeline$Head.forEach(ReferencePipeline.java:762) ~[?:?]
	at org.junit.jupiter.engine.descriptor.ClassBasedTestDescriptor.invokeTestInstancePostProcessors(ClassBasedTestDescriptor.java:377) ~[junit-jupiter-engine-5.10.1.jar:5.10.1]
	at org.junit.jupiter.engine.descriptor.ClassBasedTestDescriptor.lambda$instantiateAndPostProcessTestInstance$6(ClassBasedTestDescriptor.java:290) ~[junit-jupiter-engine-5.10.1.jar:5.10.1]
	at org.junit.platform.engine.support.hierarchical.ThrowableCollector.execute(ThrowableCollector.java:73) ~[junit-platform-engine-1.10.1.jar:1.10.1]
	at org.junit.jupiter.engine.descriptor.ClassBasedTestDescriptor.instantiateAndPostProcessTestInstance(ClassBasedTestDescriptor.java:289) ~[junit-jupiter-engine-5.10.1.jar:5.10.1]
	at org.junit.jupiter.engine.descriptor.ClassBasedTestDescriptor.lambda$testInstancesProvider$4(ClassBasedTestDescriptor.java:279) ~[junit-jupiter-engine-5.10.1.jar:5.10.1]
	at java.base/java.util.Optional.orElseGet(Optional.java:364) ~[?:?]
	at org.junit.jupiter.engine.descriptor.ClassBasedTestDescriptor.lambda$testInstancesProvider$5(ClassBasedTestDescriptor.java:278) ~[junit-jupiter-engine-5.10.1.jar:5.10.1]
	at org.junit.jupiter.engine.execution.TestInstancesProvider.getTestInstances(TestInstancesProvider.java:31) ~[junit-jupiter-engine-5.10.1.jar:5.10.1]
	at org.junit.jupiter.engine.descriptor.ClassBasedTestDescriptor.lambda$before$2(ClassBasedTestDescriptor.java:204) ~[junit-jupiter-engine-5.10.1.jar:5.10.1]
	at org.junit.platform.engine.support.hierarchical.ThrowableCollector.execute(ThrowableCollector.java:73) ~[junit-platform-engine-1.10.1.jar:1.10.1]
	at org.junit.jupiter.engine.descriptor.ClassBasedTestDescriptor.before(ClassBasedTestDescriptor.java:203) ~[junit-jupiter-engine-5.10.1.jar:5.10.1]
	at org.junit.jupiter.engine.descriptor.ClassBasedTestDescriptor.before(ClassBasedTestDescriptor.java:85) ~[junit-jupiter-engine-5.10.1.jar:5.10.1]
	at org.junit.platform.engine.support.hierarchical.NodeTestTask.lambda$executeRecursively$6(NodeTestTask.java:148) ~[junit-platform-engine-1.10.1.jar:1.10.1]
	at org.junit.platform.engine.support.hierarchical.ThrowableCollector.execute(ThrowableCollector.java:73) ~[junit-platform-engine-1.10.1.jar:1.10.1]
	at org.junit.platform.engine.support.hierarchical.NodeTestTask.lambda$executeRecursively$8(NodeTestTask.java:141) ~[junit-platform-engine-1.10.1.jar:1.10.1]
	at org.junit.platform.engine.support.hierarchical.Node.around(Node.java:137) ~[junit-platform-engine-1.10.1.jar:1.10.1]
	at org.junit.platform.engine.support.hierarchical.NodeTestTask.lambda$executeRecursively$9(NodeTestTask.java:139) ~[junit-platform-engine-1.10.1.jar:1.10.1]
	at org.junit.platform.engine.support.hierarchical.ThrowableCollector.execute(ThrowableCollector.java:73) ~[junit-platform-engine-1.10.1.jar:1.10.1]
	at org.junit.platform.engine.support.hierarchical.NodeTestTask.executeRecursively(NodeTestTask.java:138) ~[junit-platform-engine-1.10.1.jar:1.10.1]
	at org.junit.platform.engine.support.hierarchical.NodeTestTask.execute(NodeTestTask.java:95) ~[junit-platform-engine-1.10.1.jar:1.10.1]
	at java.base/java.util.ArrayList.forEach(ArrayList.java:1511) ~[?:?]
	at org.junit.platform.engine.support.hierarchical.SameThreadHierarchicalTestExecutorService.invokeAll(SameThreadHierarchicalTestExecutorService.java:41) ~[junit-platform-engine-1.10.1.jar:1.10.1]
	at org.junit.platform.engine.support.hierarchical.NodeTestTask.lambda$executeRecursively$6(NodeTestTask.java:155) ~[junit-platform-engine-1.10.1.jar:1.10.1]
	at org.junit.platform.engine.support.hierarchical.ThrowableCollector.execute(ThrowableCollector.java:73) ~[junit-platform-engine-1.10.1.jar:1.10.1]
	at org.junit.platform.engine.support.hierarchical.NodeTestTask.lambda$executeRecursively$8(NodeTestTask.java:141) ~[junit-platform-engine-1.10.1.jar:1.10.1]
	at org.junit.platform.engine.support.hierarchical.Node.around(Node.java:137) ~[junit-platform-engine-1.10.1.jar:1.10.1]
	at org.junit.platform.engine.support.hierarchical.NodeTestTask.lambda$executeRecursively$9(NodeTestTask.java:139) ~[junit-platform-engine-1.10.1.jar:1.10.1]
	at org.junit.platform.engine.support.hierarchical.ThrowableCollector.execute(ThrowableCollector.java:73) ~[junit-platform-engine-1.10.1.jar:1.10.1]
	at org.junit.platform.engine.support.hierarchical.NodeTestTask.executeRecursively(NodeTestTask.java:138) ~[junit-platform-engine-1.10.1.jar:1.10.1]
	at org.junit.platform.engine.support.hierarchical.NodeTestTask.execute(NodeTestTask.java:95) ~[junit-platform-engine-1.10.1.jar:1.10.1]
	at org.junit.platform.engine.support.hierarchical.SameThreadHierarchicalTestExecutorService.submit(SameThreadHierarchicalTestExecutorService.java:35) ~[junit-platform-engine-1.10.1.jar:1.10.1]
	at org.junit.platform.engine.support.hierarchical.HierarchicalTestExecutor.execute(HierarchicalTestExecutor.java:57) ~[junit-platform-engine-1.10.1.jar:1.10.1]
	at org.junit.platform.engine.support.hierarchical.HierarchicalTestEngine.execute(HierarchicalTestEngine.java:54) ~[junit-platform-engine-1.10.1.jar:1.10.1]
	at org.junit.platform.launcher.core.EngineExecutionOrchestrator.execute(EngineExecutionOrchestrator.java:198) ~[junit-platform-launcher-1.10.1.jar:1.10.1]
	at org.junit.platform.launcher.core.EngineExecutionOrchestrator.execute(EngineExecutionOrchestrator.java:169) ~[junit-platform-launcher-1.10.1.jar:1.10.1]
	at org.junit.platform.launcher.core.EngineExecutionOrchestrator.execute(EngineExecutionOrchestrator.java:93) ~[junit-platform-launcher-1.10.1.jar:1.10.1]
	at org.junit.platform.launcher.core.EngineExecutionOrchestrator.lambda$execute$0(EngineExecutionOrchestrator.java:58) ~[junit-platform-launcher-1.10.1.jar:1.10.1]
	at org.junit.platform.launcher.core.EngineExecutionOrchestrator.withInterceptedStreams(EngineExecutionOrchestrator.java:141) [junit-platform-launcher-1.10.1.jar:1.10.1]
	at org.junit.platform.launcher.core.EngineExecutionOrchestrator.execute(EngineExecutionOrchestrator.java:57) [junit-platform-launcher-1.10.1.jar:1.10.1]
	at org.junit.platform.launcher.core.DefaultLauncher.execute(DefaultLauncher.java:103) [junit-platform-launcher-1.10.1.jar:1.10.1]
	at org.junit.platform.launcher.core.DefaultLauncher.execute(DefaultLauncher.java:85) [junit-platform-launcher-1.10.1.jar:1.10.1]
	at org.junit.platform.launcher.core.DelegatingLauncher.execute(DelegatingLauncher.java:47) [junit-platform-launcher-1.10.1.jar:1.10.1]
	at org.apache.maven.surefire.junitplatform.LazyLauncher.execute(LazyLauncher.java:56) [surefire-junit-platform-3.1.2.jar:3.1.2]
	at org.apache.maven.surefire.junitplatform.JUnitPlatformProvider.execute(JUnitPlatformProvider.java:184) [surefire-junit-platform-3.1.2.jar:3.1.2]
	at org.apache.maven.surefire.junitplatform.JUnitPlatformProvider.invokeAllTests(JUnitPlatformProvider.java:148) [surefire-junit-platform-3.1.2.jar:3.1.2]
	at org.apache.maven.surefire.junitplatform.JUnitPlatformProvider.invoke(JUnitPlatformProvider.java:122) [surefire-junit-platform-3.1.2.jar:3.1.2]
	at org.apache.maven.surefire.booter.ForkedBooter.runSuitesInProcess(ForkedBooter.java:385) [surefire-booter-3.1.2.jar:3.1.2]
	at org.apache.maven.surefire.booter.ForkedBooter.execute(ForkedBooter.java:162) [surefire-booter-3.1.2.jar:3.1.2]
	at org.apache.maven.surefire.booter.ForkedBooter.run(ForkedBooter.java:507) [surefire-booter-3.1.2.jar:3.1.2]
	at org.apache.maven.surefire.booter.ForkedBooter.main(ForkedBooter.java:495) [surefire-booter-3.1.2.jar:3.1.2]
Caused by: java.sql.SQLSyntaxErrorException: Table 'agroplantationapp.vote' doesn't exist
	at com.mysql.cj.jdbc.exceptions.SQLError.createSQLException(SQLError.java:121) ~[mysql-connector-j-8.1.0.jar:8.1.0]
	at com.mysql.cj.jdbc.exceptions.SQLExceptionsMapping.translateException(SQLExceptionsMapping.java:122) ~[mysql-connector-j-8.1.0.jar:8.1.0]
	at com.mysql.cj.jdbc.StatementImpl.executeInternal(StatementImpl.java:763) ~[mysql-connector-j-8.1.0.jar:8.1.0]
	at com.mysql.cj.jdbc.StatementImpl.execute(StatementImpl.java:648) ~[mysql-connector-j-8.1.0.jar:8.1.0]
	at com.zaxxer.hikari.pool.ProxyStatement.execute(ProxyStatement.java:94) ~[HikariCP-5.0.1.jar:?]
	at com.zaxxer.hikari.pool.HikariProxyStatement.execute(HikariProxyStatement.java) ~[HikariCP-5.0.1.jar:?]
	at org.hibernate.tool.schema.internal.exec.GenerationTargetToDatabase.accept(GenerationTargetToDatabase.java:80) ~[hibernate-core-6.4.1.Final.jar:6.4.1.Final]
	... 111 more
Hibernate: 
    drop table if exists image
Hibernate: 
    drop table if exists plantation
Hibernate: 
    drop table if exists producer_request
Hibernate: 
    drop table if exists publication
Hibernate: 
    drop table if exists publication_images
Hibernate: 
    drop table if exists state_request
Hibernate: 
    drop table if exists user
Hibernate: 
    drop table if exists user_type
Hibernate: 
    drop table if exists vote
Hibernate: 
    create table image (
        url varchar(120) not null,
        id varchar(255) not null,
        primary key (id)
    ) engine=InnoDB
Hibernate: 
    create table plantation (
        id bigint not null auto_increment,
        area varchar(15) not null,
        harvest_type varchar(25) not null,
        irrigation_type varchar(25) not null,
        production_type varchar(25) not null,
        address varchar(50) not null,
        details varchar(3000) not null,
        primary key (id)
    ) engine=InnoDB
Hibernate: 
    create table producer_request (
        date DATETIME,
        id bigint not null auto_increment,
        staterequest_id bigint not null,
        user_id bigint not null,
        garden_size varchar(15) not null,
        garden_name varchar(40) not null,
        garden_address varchar(50) not null,
        description varchar(140) not null,
        primary key (id)
    ) engine=InnoDB
Hibernate: 
    create table publication (
        score INTEGER DEFAULT 0,
        visibility BOOLEAN DEFAULT 0,
        author_id bigint not null,
        authorization_status_id bigint not null,
        id bigint not null auto_increment,
        plantation_id bigint not null,
        publication_date DATETIME not null,
        title varchar(50) not null,
        main_image_id varchar(255),
        primary key (id)
    ) engine=InnoDB
Hibernate: 
    create table publication_images (
        publication_id bigint not null,
        images_id varchar(255) not null
    ) engine=InnoDB
Hibernate: 
    create table state_request (
        id bigint not null auto_increment,
        state varchar(255),
        primary key (id)
    ) engine=InnoDB
Hibernate: 
    create table user (
        id bigint not null auto_increment,
        user_type_id bigint not null,
        email varchar(30) not null,
        lastname varchar(30) not null,
        name varchar(30) not null,
        address varchar(50) not null,
        password varchar(100) not null,
        primary key (id)
    ) engine=InnoDB
Hibernate: 
    create table user_type (
        id bigint not null auto_increment,
        type varchar(15) not null,
        primary key (id)
    ) engine=InnoDB
Hibernate: 
    create table vote (
        state BOOLEAN DEFAULT 0,
        id bigint not null auto_increment,
        publication_id bigint not null,
        user_id bigint not null,
        primary key (id)
    ) engine=InnoDB
Hibernate: 
    alter table publication 
       add constraint UK_62ih62bb2h7sxurcdbkkyxcsm unique (plantation_id)
Hibernate: 
    alter table publication 
       add constraint UK_mrnda6ktqe9jtcnrn1au5sa7d unique (main_image_id)
Hibernate: 
    alter table publication_images 
       add constraint UK_e5uksp0d1lih8jndq475337h9 unique (images_id)
Hibernate: 
    alter table producer_request 
       add constraint FKe12r6kp9fhpv5ro5oa9axsf0g 
       foreign key (staterequest_id) 
       references state_request (id)
Hibernate: 
    alter table producer_request 
       add constraint FKqd0nac3er2495ojj3pscgyqjh 
       foreign key (user_id) 
       references user (id)
Hibernate: 
    alter table publication 
       add constraint FK2o4jxy4fxg8cdqrvp8matpo1e 
       foreign key (author_id) 
       references user (id)
Hibernate: 
    alter table publication 
       add constraint FKoocmorjpnfb78jb3fa2xlhe18 
       foreign key (authorization_status_id) 
       references state_request (id)
Hibernate: 
    alter table publication 
       add constraint FKee2f1ol0i4acdeltvjuuf0i7j 
       foreign key (main_image_id) 
       references image (id)
Hibernate: 
    alter table publication 
       add constraint FK1ufuxqp3nxjwydq2b3qlqj5by 
       foreign key (plantation_id) 
       references plantation (id)
Hibernate: 
    alter table publication_images 
       add constraint FK79gnersfnrys0g9xuf538v2pf 
       foreign key (images_id) 
       references image (id)
Hibernate: 
    alter table publication_images 
       add constraint FKhjtf45id7mjpxt2hmo6jitwqb 
       foreign key (publication_id) 
       references publication (id)
Hibernate: 
    alter table user 
       add constraint FKlrk9xrdps0emd6d5rx5x3ib6h 
       foreign key (user_type_id) 
       references user_type (id)
Hibernate: 
    alter table vote 
       add constraint FKtbv73p8csxpjabft9tcqpiaau 
       foreign key (publication_id) 
       references publication (id)
Hibernate: 
    alter table vote 
       add constraint FKcsaksoe2iepaj8birrmithwve 
       foreign key (user_id) 
       references user (id)
Hibernate: INSERT INTO user_type (type) VALUES ('USER'), ('ADMIN'), ('PRODUCER'), ('PRODUCER_VIP')
Hibernate: INSERT INTO state_request (state) VALUES ('PENDING'), ('ACCEPTED'), ('DECLINED')
Hibernate: INSERT INTO user (user_type_id, email, lastname, name, address, password) VALUES (2, 'admin@gmail.com', 'Admin', 'Admin', 'Direccion', 'admin')
Hibernate: INSERT INTO plantation (area, harvest_type, irrigation_type, production_type, details) VALUES ('150 sqm', 'organic', 'drip', 'type3', 'semillas de tomate para cultivo en verano'), ('120 sqm', 'organic', 'drip', 'type2', 'semillas de zanahoria para cultivo en primavera'), ('100 sqm', 'organic', 'drip', 'type1', 'semillas de lechuga para plantacion en otonio'), ('200 sqm', 'conventional', 'sprinkler', 'type3', 'semillas de maiz para cosecha en verano'), ('140 sqm', 'organic', 'drip', 'type1', 'semillas de pepino para plantacion en primavera'), ('160 sqm', 'conventional', 'sprinkler', 'type2', 'semillas de calabaza para cultivo en verano'), ('130 sqm', 'organic', 'drip', 'type3', 'semillas de papa para plantacion en otonio'), ('110 sqm', 'organic', 'drip', 'type1', 'semillas de fresa para cosecha en primavera'), ('170 sqm', 'conventional', 'sprinkler', 'type2', 'semillas de sandia para cultivo en verano'), ('125 sqm', 'organic', 'drip', 'type3', 'semillas de rabano para plantacion en otonio') ON DUPLICATE KEY UPDATE details = VALUES(details)
2024-07-17 08:14:52,316 WARN o.h.t.s.i.ExceptionHandlerLoggedImpl [main] GenerationTarget encountered exception accepting command : Error executing DDL "INSERT INTO plantation (area, harvest_type, irrigation_type, production_type, details) VALUES ('150 sqm', 'organic', 'drip', 'type3', 'semillas de tomate para cultivo en verano'), ('120 sqm', 'organic', 'drip', 'type2', 'semillas de zanahoria para cultivo en primavera'), ('100 sqm', 'organic', 'drip', 'type1', 'semillas de lechuga para plantacion en otonio'), ('200 sqm', 'conventional', 'sprinkler', 'type3', 'semillas de maiz para cosecha en verano'), ('140 sqm', 'organic', 'drip', 'type1', 'semillas de pepino para plantacion en primavera'), ('160 sqm', 'conventional', 'sprinkler', 'type2', 'semillas de calabaza para cultivo en verano'), ('130 sqm', 'organic', 'drip', 'type3', 'semillas de papa para plantacion en otonio'), ('110 sqm', 'organic', 'drip', 'type1', 'semillas de fresa para cosecha en primavera'), ('170 sqm', 'conventional', 'sprinkler', 'type2', 'semillas de sandia para cultivo en verano'), ('125 sqm', 'organic', 'drip', 'type3', 'semillas de rabano para plantacion en otonio') ON DUPLICATE KEY UPDATE details = VALUES(details)" via JDBC [Field 'address' doesn't have a default value]
org.hibernate.tool.schema.spi.CommandAcceptanceException: Error executing DDL "INSERT INTO plantation (area, harvest_type, irrigation_type, production_type, details) VALUES ('150 sqm', 'organic', 'drip', 'type3', 'semillas de tomate para cultivo en verano'), ('120 sqm', 'organic', 'drip', 'type2', 'semillas de zanahoria para cultivo en primavera'), ('100 sqm', 'organic', 'drip', 'type1', 'semillas de lechuga para plantacion en otonio'), ('200 sqm', 'conventional', 'sprinkler', 'type3', 'semillas de maiz para cosecha en verano'), ('140 sqm', 'organic', 'drip', 'type1', 'semillas de pepino para plantacion en primavera'), ('160 sqm', 'conventional', 'sprinkler', 'type2', 'semillas de calabaza para cultivo en verano'), ('130 sqm', 'organic', 'drip', 'type3', 'semillas de papa para plantacion en otonio'), ('110 sqm', 'organic', 'drip', 'type1', 'semillas de fresa para cosecha en primavera'), ('170 sqm', 'conventional', 'sprinkler', 'type2', 'semillas de sandia para cultivo en verano'), ('125 sqm', 'organic', 'drip', 'type3', 'semillas de rabano para plantacion en otonio') ON DUPLICATE KEY UPDATE details = VALUES(details)" via JDBC [Field 'address' doesn't have a default value]
	at org.hibernate.tool.schema.internal.exec.GenerationTargetToDatabase.accept(GenerationTargetToDatabase.java:94) ~[hibernate-core-6.4.1.Final.jar:6.4.1.Final]
	at org.hibernate.tool.schema.internal.Helper.applySqlString(Helper.java:233) ~[hibernate-core-6.4.1.Final.jar:6.4.1.Final]
	at org.hibernate.tool.schema.internal.Helper.applyScript(Helper.java:255) ~[hibernate-core-6.4.1.Final.jar:6.4.1.Final]
	at org.hibernate.tool.schema.internal.SchemaCreatorImpl.applyImportFiles(SchemaCreatorImpl.java:665) ~[hibernate-core-6.4.1.Final.jar:6.4.1.Final]
	at org.hibernate.tool.schema.internal.SchemaCreatorImpl.applyImportSources(SchemaCreatorImpl.java:584) ~[hibernate-core-6.4.1.Final.jar:6.4.1.Final]
	at org.hibernate.tool.schema.internal.SchemaCreatorImpl.performCreation(SchemaCreatorImpl.java:184) ~[hibernate-core-6.4.1.Final.jar:6.4.1.Final]
	at org.hibernate.tool.schema.internal.SchemaCreatorImpl.doCreation(SchemaCreatorImpl.java:142) ~[hibernate-core-6.4.1.Final.jar:6.4.1.Final]
	at org.hibernate.tool.schema.internal.SchemaCreatorImpl.doCreation(SchemaCreatorImpl.java:118) ~[hibernate-core-6.4.1.Final.jar:6.4.1.Final]
	at org.hibernate.tool.schema.spi.SchemaManagementToolCoordinator.performDatabaseAction(SchemaManagementToolCoordinator.java:256) ~[hibernate-core-6.4.1.Final.jar:6.4.1.Final]
	at org.hibernate.tool.schema.spi.SchemaManagementToolCoordinator.lambda$process$5(SchemaManagementToolCoordinator.java:145) ~[hibernate-core-6.4.1.Final.jar:6.4.1.Final]
	at java.base/java.util.HashMap.forEach(HashMap.java:1421) ~[?:?]
	at org.hibernate.tool.schema.spi.SchemaManagementToolCoordinator.process(SchemaManagementToolCoordinator.java:142) ~[hibernate-core-6.4.1.Final.jar:6.4.1.Final]
	at org.hibernate.boot.internal.SessionFactoryObserverForSchemaExport.sessionFactoryCreated(SessionFactoryObserverForSchemaExport.java:37) ~[hibernate-core-6.4.1.Final.jar:6.4.1.Final]
	at org.hibernate.internal.SessionFactoryObserverChain.sessionFactoryCreated(SessionFactoryObserverChain.java:35) ~[hibernate-core-6.4.1.Final.jar:6.4.1.Final]
	at org.hibernate.internal.SessionFactoryImpl.<init>(SessionFactoryImpl.java:315) ~[hibernate-core-6.4.1.Final.jar:6.4.1.Final]
	at org.hibernate.boot.internal.SessionFactoryBuilderImpl.build(SessionFactoryBuilderImpl.java:450) ~[hibernate-core-6.4.1.Final.jar:6.4.1.Final]
	at org.hibernate.jpa.boot.internal.EntityManagerFactoryBuilderImpl.build(EntityManagerFactoryBuilderImpl.java:1507) ~[hibernate-core-6.4.1.Final.jar:6.4.1.Final]
	at org.springframework.orm.jpa.vendor.SpringHibernateJpaPersistenceProvider.createContainerEntityManagerFactory(SpringHibernateJpaPersistenceProvider.java:75) ~[spring-orm-6.1.2.jar:6.1.2]
	at org.springframework.orm.jpa.LocalContainerEntityManagerFactoryBean.createNativeEntityManagerFactory(LocalContainerEntityManagerFactoryBean.java:376) ~[spring-orm-6.1.2.jar:6.1.2]
	at org.springframework.orm.jpa.AbstractEntityManagerFactoryBean.buildNativeEntityManagerFactory(AbstractEntityManagerFactoryBean.java:409) ~[spring-orm-6.1.2.jar:6.1.2]
	at org.springframework.orm.jpa.AbstractEntityManagerFactoryBean.afterPropertiesSet(AbstractEntityManagerFactoryBean.java:396) ~[spring-orm-6.1.2.jar:6.1.2]
	at org.springframework.orm.jpa.LocalContainerEntityManagerFactoryBean.afterPropertiesSet(LocalContainerEntityManagerFactoryBean.java:352) ~[spring-orm-6.1.2.jar:6.1.2]
	at org.springframework.beans.factory.support.AbstractAutowireCapableBeanFactory.invokeInitMethods(AbstractAutowireCapableBeanFactory.java:1820) ~[spring-beans-6.1.2.jar:6.1.2]
	at org.springframework.beans.factory.support.AbstractAutowireCapableBeanFactory.initializeBean(AbstractAutowireCapableBeanFactory.java:1769) ~[spring-beans-6.1.2.jar:6.1.2]
	at org.springframework.beans.factory.support.AbstractAutowireCapableBeanFactory.doCreateBean(AbstractAutowireCapableBeanFactory.java:599) ~[spring-beans-6.1.2.jar:6.1.2]
	at org.springframework.beans.factory.support.AbstractAutowireCapableBeanFactory.createBean(AbstractAutowireCapableBeanFactory.java:521) ~[spring-beans-6.1.2.jar:6.1.2]
	at org.springframework.beans.factory.support.AbstractBeanFactory.lambda$doGetBean$0(AbstractBeanFactory.java:325) ~[spring-beans-6.1.2.jar:6.1.2]
	at org.springframework.beans.factory.support.DefaultSingletonBeanRegistry.getSingleton(DefaultSingletonBeanRegistry.java:234) ~[spring-beans-6.1.2.jar:6.1.2]
	at org.springframework.beans.factory.support.AbstractBeanFactory.doGetBean(AbstractBeanFactory.java:323) ~[spring-beans-6.1.2.jar:6.1.2]
	at org.springframework.beans.factory.support.AbstractBeanFactory.getBean(AbstractBeanFactory.java:199) ~[spring-beans-6.1.2.jar:6.1.2]
	at org.springframework.context.support.AbstractApplicationContext.getBean(AbstractApplicationContext.java:1232) ~[spring-context-6.1.2.jar:6.1.2]
	at org.springframework.context.support.AbstractApplicationContext.finishBeanFactoryInitialization(AbstractApplicationContext.java:950) ~[spring-context-6.1.2.jar:6.1.2]
	at org.springframework.context.support.AbstractApplicationContext.refresh(AbstractApplicationContext.java:625) ~[spring-context-6.1.2.jar:6.1.2]
	at org.springframework.boot.SpringApplication.refresh(SpringApplication.java:762) ~[spring-boot-3.2.1.jar:3.2.1]
	at org.springframework.boot.SpringApplication.refreshContext(SpringApplication.java:464) ~[spring-boot-3.2.1.jar:3.2.1]
	at org.springframework.boot.SpringApplication.run(SpringApplication.java:334) ~[spring-boot-3.2.1.jar:3.2.1]
	at org.springframework.boot.test.context.SpringBootContextLoader.lambda$loadContext$3(SpringBootContextLoader.java:137) ~[spring-boot-test-3.2.1.jar:3.2.1]
	at org.springframework.util.function.ThrowingSupplier.get(ThrowingSupplier.java:58) ~[spring-core-6.1.2.jar:6.1.2]
	at org.springframework.util.function.ThrowingSupplier.get(ThrowingSupplier.java:46) ~[spring-core-6.1.2.jar:6.1.2]
	at org.springframework.boot.SpringApplication.withHook(SpringApplication.java:1458) ~[spring-boot-3.2.1.jar:3.2.1]
	at org.springframework.boot.test.context.SpringBootContextLoader$ContextLoaderHook.run(SpringBootContextLoader.java:552) ~[spring-boot-test-3.2.1.jar:3.2.1]
	at org.springframework.boot.test.context.SpringBootContextLoader.loadContext(SpringBootContextLoader.java:137) ~[spring-boot-test-3.2.1.jar:3.2.1]
	at org.springframework.boot.test.context.SpringBootContextLoader.loadContext(SpringBootContextLoader.java:108) ~[spring-boot-test-3.2.1.jar:3.2.1]
	at org.springframework.test.context.cache.DefaultCacheAwareContextLoaderDelegate.loadContextInternal(DefaultCacheAwareContextLoaderDelegate.java:225) ~[spring-test-6.1.2.jar:6.1.2]
	at org.springframework.test.context.cache.DefaultCacheAwareContextLoaderDelegate.loadContext(DefaultCacheAwareContextLoaderDelegate.java:152) ~[spring-test-6.1.2.jar:6.1.2]
	at org.springframework.test.context.support.DefaultTestContext.getApplicationContext(DefaultTestContext.java:130) ~[spring-test-6.1.2.jar:6.1.2]
	at org.springframework.test.context.web.ServletTestExecutionListener.setUpRequestContextIfNecessary(ServletTestExecutionListener.java:191) ~[spring-test-6.1.2.jar:6.1.2]
	at org.springframework.test.context.web.ServletTestExecutionListener.prepareTestInstance(ServletTestExecutionListener.java:130) ~[spring-test-6.1.2.jar:6.1.2]
	at org.springframework.test.context.TestContextManager.prepareTestInstance(TestContextManager.java:260) ~[spring-test-6.1.2.jar:6.1.2]
	at org.springframework.test.context.junit.jupiter.SpringExtension.postProcessTestInstance(SpringExtension.java:163) ~[spring-test-6.1.2.jar:6.1.2]
	at org.junit.jupiter.engine.descriptor.ClassBasedTestDescriptor.lambda$invokeTestInstancePostProcessors$10(ClassBasedTestDescriptor.java:378) ~[junit-jupiter-engine-5.10.1.jar:5.10.1]
	at org.junit.jupiter.engine.descriptor.ClassBasedTestDescriptor.executeAndMaskThrowable(ClassBasedTestDescriptor.java:383) ~[junit-jupiter-engine-5.10.1.jar:5.10.1]
	at org.junit.jupiter.engine.descriptor.ClassBasedTestDescriptor.lambda$invokeTestInstancePostProcessors$11(ClassBasedTestDescriptor.java:378) ~[junit-jupiter-engine-5.10.1.jar:5.10.1]
	at java.base/java.util.stream.ReferencePipeline$3$1.accept(ReferencePipeline.java:197) ~[?:?]
	at java.base/java.util.stream.ReferencePipeline$2$1.accept(ReferencePipeline.java:179) ~[?:?]
	at java.base/java.util.ArrayList$ArrayListSpliterator.forEachRemaining(ArrayList.java:1625) ~[?:?]
	at java.base/java.util.stream.AbstractPipeline.copyInto(AbstractPipeline.java:509) ~[?:?]
	at java.base/java.util.stream.AbstractPipeline.wrapAndCopyInto(AbstractPipeline.java:499) ~[?:?]
	at java.base/java.util.stream.StreamSpliterators$WrappingSpliterator.forEachRemaining(StreamSpliterators.java:310) ~[?:?]
	at java.base/java.util.stream.Streams$ConcatSpliterator.forEachRemaining(Streams.java:735) ~[?:?]
	at java.base/java.util.stream.ReferencePipeline$Head.forEach(ReferencePipeline.java:762) ~[?:?]
	at org.junit.jupiter.engine.descriptor.ClassBasedTestDescriptor.invokeTestInstancePostProcessors(ClassBasedTestDescriptor.java:377) ~[junit-jupiter-engine-5.10.1.jar:5.10.1]
	at org.junit.jupiter.engine.descriptor.ClassBasedTestDescriptor.lambda$instantiateAndPostProcessTestInstance$6(ClassBasedTestDescriptor.java:290) ~[junit-jupiter-engine-5.10.1.jar:5.10.1]
	at org.junit.platform.engine.support.hierarchical.ThrowableCollector.execute(ThrowableCollector.java:73) ~[junit-platform-engine-1.10.1.jar:1.10.1]
	at org.junit.jupiter.engine.descriptor.ClassBasedTestDescriptor.instantiateAndPostProcessTestInstance(ClassBasedTestDescriptor.java:289) ~[junit-jupiter-engine-5.10.1.jar:5.10.1]
	at org.junit.jupiter.engine.descriptor.ClassBasedTestDescriptor.lambda$testInstancesProvider$4(ClassBasedTestDescriptor.java:279) ~[junit-jupiter-engine-5.10.1.jar:5.10.1]
	at java.base/java.util.Optional.orElseGet(Optional.java:364) ~[?:?]
	at org.junit.jupiter.engine.descriptor.ClassBasedTestDescriptor.lambda$testInstancesProvider$5(ClassBasedTestDescriptor.java:278) ~[junit-jupiter-engine-5.10.1.jar:5.10.1]
	at org.junit.jupiter.engine.execution.TestInstancesProvider.getTestInstances(TestInstancesProvider.java:31) ~[junit-jupiter-engine-5.10.1.jar:5.10.1]
	at org.junit.jupiter.engine.descriptor.ClassBasedTestDescriptor.lambda$before$2(ClassBasedTestDescriptor.java:204) ~[junit-jupiter-engine-5.10.1.jar:5.10.1]
	at org.junit.platform.engine.support.hierarchical.ThrowableCollector.execute(ThrowableCollector.java:73) ~[junit-platform-engine-1.10.1.jar:1.10.1]
	at org.junit.jupiter.engine.descriptor.ClassBasedTestDescriptor.before(ClassBasedTestDescriptor.java:203) ~[junit-jupiter-engine-5.10.1.jar:5.10.1]
	at org.junit.jupiter.engine.descriptor.ClassBasedTestDescriptor.before(ClassBasedTestDescriptor.java:85) ~[junit-jupiter-engine-5.10.1.jar:5.10.1]
	at org.junit.platform.engine.support.hierarchical.NodeTestTask.lambda$executeRecursively$6(NodeTestTask.java:148) ~[junit-platform-engine-1.10.1.jar:1.10.1]
	at org.junit.platform.engine.support.hierarchical.ThrowableCollector.execute(ThrowableCollector.java:73) ~[junit-platform-engine-1.10.1.jar:1.10.1]
	at org.junit.platform.engine.support.hierarchical.NodeTestTask.lambda$executeRecursively$8(NodeTestTask.java:141) ~[junit-platform-engine-1.10.1.jar:1.10.1]
	at org.junit.platform.engine.support.hierarchical.Node.around(Node.java:137) ~[junit-platform-engine-1.10.1.jar:1.10.1]
	at org.junit.platform.engine.support.hierarchical.NodeTestTask.lambda$executeRecursively$9(NodeTestTask.java:139) ~[junit-platform-engine-1.10.1.jar:1.10.1]
	at org.junit.platform.engine.support.hierarchical.ThrowableCollector.execute(ThrowableCollector.java:73) ~[junit-platform-engine-1.10.1.jar:1.10.1]
	at org.junit.platform.engine.support.hierarchical.NodeTestTask.executeRecursively(NodeTestTask.java:138) ~[junit-platform-engine-1.10.1.jar:1.10.1]
	at org.junit.platform.engine.support.hierarchical.NodeTestTask.execute(NodeTestTask.java:95) ~[junit-platform-engine-1.10.1.jar:1.10.1]
	at java.base/java.util.ArrayList.forEach(ArrayList.java:1511) ~[?:?]
	at org.junit.platform.engine.support.hierarchical.SameThreadHierarchicalTestExecutorService.invokeAll(SameThreadHierarchicalTestExecutorService.java:41) ~[junit-platform-engine-1.10.1.jar:1.10.1]
	at org.junit.platform.engine.support.hierarchical.NodeTestTask.lambda$executeRecursively$6(NodeTestTask.java:155) ~[junit-platform-engine-1.10.1.jar:1.10.1]
	at org.junit.platform.engine.support.hierarchical.ThrowableCollector.execute(ThrowableCollector.java:73) ~[junit-platform-engine-1.10.1.jar:1.10.1]
	at org.junit.platform.engine.support.hierarchical.NodeTestTask.lambda$executeRecursively$8(NodeTestTask.java:141) ~[junit-platform-engine-1.10.1.jar:1.10.1]
	at org.junit.platform.engine.support.hierarchical.Node.around(Node.java:137) ~[junit-platform-engine-1.10.1.jar:1.10.1]
	at org.junit.platform.engine.support.hierarchical.NodeTestTask.lambda$executeRecursively$9(NodeTestTask.java:139) ~[junit-platform-engine-1.10.1.jar:1.10.1]
	at org.junit.platform.engine.support.hierarchical.ThrowableCollector.execute(ThrowableCollector.java:73) ~[junit-platform-engine-1.10.1.jar:1.10.1]
	at org.junit.platform.engine.support.hierarchical.NodeTestTask.executeRecursively(NodeTestTask.java:138) ~[junit-platform-engine-1.10.1.jar:1.10.1]
	at org.junit.platform.engine.support.hierarchical.NodeTestTask.execute(NodeTestTask.java:95) ~[junit-platform-engine-1.10.1.jar:1.10.1]
	at org.junit.platform.engine.support.hierarchical.SameThreadHierarchicalTestExecutorService.submit(SameThreadHierarchicalTestExecutorService.java:35) ~[junit-platform-engine-1.10.1.jar:1.10.1]
	at org.junit.platform.engine.support.hierarchical.HierarchicalTestExecutor.execute(HierarchicalTestExecutor.java:57) ~[junit-platform-engine-1.10.1.jar:1.10.1]
	at org.junit.platform.engine.support.hierarchical.HierarchicalTestEngine.execute(HierarchicalTestEngine.java:54) ~[junit-platform-engine-1.10.1.jar:1.10.1]
	at org.junit.platform.launcher.core.EngineExecutionOrchestrator.execute(EngineExecutionOrchestrator.java:198) ~[junit-platform-launcher-1.10.1.jar:1.10.1]
	at org.junit.platform.launcher.core.EngineExecutionOrchestrator.execute(EngineExecutionOrchestrator.java:169) ~[junit-platform-launcher-1.10.1.jar:1.10.1]
	at org.junit.platform.launcher.core.EngineExecutionOrchestrator.execute(EngineExecutionOrchestrator.java:93) ~[junit-platform-launcher-1.10.1.jar:1.10.1]
	at org.junit.platform.launcher.core.EngineExecutionOrchestrator.lambda$execute$0(EngineExecutionOrchestrator.java:58) ~[junit-platform-launcher-1.10.1.jar:1.10.1]
	at org.junit.platform.launcher.core.EngineExecutionOrchestrator.withInterceptedStreams(EngineExecutionOrchestrator.java:141) [junit-platform-launcher-1.10.1.jar:1.10.1]
	at org.junit.platform.launcher.core.EngineExecutionOrchestrator.execute(EngineExecutionOrchestrator.java:57) [junit-platform-launcher-1.10.1.jar:1.10.1]
	at org.junit.platform.launcher.core.DefaultLauncher.execute(DefaultLauncher.java:103) [junit-platform-launcher-1.10.1.jar:1.10.1]
	at org.junit.platform.launcher.core.DefaultLauncher.execute(DefaultLauncher.java:85) [junit-platform-launcher-1.10.1.jar:1.10.1]
	at org.junit.platform.launcher.core.DelegatingLauncher.execute(DelegatingLauncher.java:47) [junit-platform-launcher-1.10.1.jar:1.10.1]
	at org.apache.maven.surefire.junitplatform.LazyLauncher.execute(LazyLauncher.java:56) [surefire-junit-platform-3.1.2.jar:3.1.2]
	at org.apache.maven.surefire.junitplatform.JUnitPlatformProvider.execute(JUnitPlatformProvider.java:184) [surefire-junit-platform-3.1.2.jar:3.1.2]
	at org.apache.maven.surefire.junitplatform.JUnitPlatformProvider.invokeAllTests(JUnitPlatformProvider.java:148) [surefire-junit-platform-3.1.2.jar:3.1.2]
	at org.apache.maven.surefire.junitplatform.JUnitPlatformProvider.invoke(JUnitPlatformProvider.java:122) [surefire-junit-platform-3.1.2.jar:3.1.2]
	at org.apache.maven.surefire.booter.ForkedBooter.runSuitesInProcess(ForkedBooter.java:385) [surefire-booter-3.1.2.jar:3.1.2]
	at org.apache.maven.surefire.booter.ForkedBooter.execute(ForkedBooter.java:162) [surefire-booter-3.1.2.jar:3.1.2]
	at org.apache.maven.surefire.booter.ForkedBooter.run(ForkedBooter.java:507) [surefire-booter-3.1.2.jar:3.1.2]
	at org.apache.maven.surefire.booter.ForkedBooter.main(ForkedBooter.java:495) [surefire-booter-3.1.2.jar:3.1.2]
Caused by: java.sql.SQLException: Field 'address' doesn't have a default value
	at com.mysql.cj.jdbc.exceptions.SQLError.createSQLException(SQLError.java:130) ~[mysql-connector-j-8.1.0.jar:8.1.0]
	at com.mysql.cj.jdbc.exceptions.SQLExceptionsMapping.translateException(SQLExceptionsMapping.java:122) ~[mysql-connector-j-8.1.0.jar:8.1.0]
	at com.mysql.cj.jdbc.StatementImpl.executeInternal(StatementImpl.java:763) ~[mysql-connector-j-8.1.0.jar:8.1.0]
	at com.mysql.cj.jdbc.StatementImpl.execute(StatementImpl.java:648) ~[mysql-connector-j-8.1.0.jar:8.1.0]
	at com.zaxxer.hikari.pool.ProxyStatement.execute(ProxyStatement.java:94) ~[HikariCP-5.0.1.jar:?]
	at com.zaxxer.hikari.pool.HikariProxyStatement.execute(HikariProxyStatement.java) ~[HikariCP-5.0.1.jar:?]
	at org.hibernate.tool.schema.internal.exec.GenerationTargetToDatabase.accept(GenerationTargetToDatabase.java:80) ~[hibernate-core-6.4.1.Final.jar:6.4.1.Final]
	... 110 more
Hibernate: INSERT INTO image (id, url) VALUES ('publications/oaduochtlivtwaob7ouj', 'https://res.cloudinary.com/dvckhdihm/image/upload/v1711212052/publications/oaduochtlivtwaob7ouj.png'), ('publications/khmjecxfpw1c2lh2byk0', 'https://res.cloudinary.com/dvckhdihm/image/upload/v1711212773/publications/khmjecxfpw1c2lh2byk0.png'), ('publications/ehcjqq4jkcy2aomkyxo3', 'https://res.cloudinary.com/dvckhdihm/image/upload/v1711212837/publications/ehcjqq4jkcy2aomkyxo3.png'), ('publications/ezf6x1rhblki1p3l3kzi', 'https://res.cloudinary.com/dvckhdihm/image/upload/v1711212872/publications/ezf6x1rhblki1p3l3kzi.png'), ('publications/y4in5jrlfi14eag2vnwl', 'https://res.cloudinary.com/dvckhdihm/image/upload/v1711212905/publications/y4in5jrlfi14eag2vnwl.png'), ('publications/uui7ncpdsa4ba5zhkq9p', 'https://res.cloudinary.com/dvckhdihm/image/upload/v1711212926/publications/uui7ncpdsa4ba5zhkq9p.png') ON DUPLICATE KEY UPDATE url = VALUES(url)
Hibernate: INSERT INTO publication (title, plantation_id, author_id, publication_date, visibility, main_image_id, score, authorization_status_id) VALUES ('Cultivo de tomates', 1, 1, '2024-03-23 10:00:00', true, 'publications/oaduochtlivtwaob7ouj', 1, 2), ('Cultivo de zanahorias', 2, 1, '2024-03-23 11:00:00', true, 'publications/khmjecxfpw1c2lh2byk0', 2, 1), ('Plantacion de lechugas', 3, 1, '2024-03-23 12:00:00', true, 'publications/ehcjqq4jkcy2aomkyxo3', 3, 1), ('Cosecha de maiz', 4, 1, '2024-03-23 13:00:00', true, 'publications/ezf6x1rhblki1p3l3kzi', 4, 2), ('Plantacion de pepinos', 5, 1, '2024-03-23 14:00:00', true, 'publications/y4in5jrlfi14eag2vnwl', 5,2), ('Cultivo de calabazas', 6, 1, '2024-03-23 15:00:00', true, 'publications/uui7ncpdsa4ba5zhkq9p', 6, 2) ON DUPLICATE KEY UPDATE title = VALUES(title);
2024-07-17 08:14:52,325 WARN o.h.t.s.i.ExceptionHandlerLoggedImpl [main] GenerationTarget encountered exception accepting command : Error executing DDL "INSERT INTO publication (title, plantation_id, author_id, publication_date, visibility, main_image_id, score, authorization_status_id) VALUES ('Cultivo de tomates', 1, 1, '2024-03-23 10:00:00', true, 'publications/oaduochtlivtwaob7ouj', 1, 2), ('Cultivo de zanahorias', 2, 1, '2024-03-23 11:00:00', true, 'publications/khmjecxfpw1c2lh2byk0', 2, 1), ('Plantacion de lechugas', 3, 1, '2024-03-23 12:00:00', true, 'publications/ehcjqq4jkcy2aomkyxo3', 3, 1), ('Cosecha de maiz', 4, 1, '2024-03-23 13:00:00', true, 'publications/ezf6x1rhblki1p3l3kzi', 4, 2), ('Plantacion de pepinos', 5, 1, '2024-03-23 14:00:00', true, 'publications/y4in5jrlfi14eag2vnwl', 5,2), ('Cultivo de calabazas', 6, 1, '2024-03-23 15:00:00', true, 'publications/uui7ncpdsa4ba5zhkq9p', 6, 2) ON DUPLICATE KEY UPDATE title = VALUES(title);" via JDBC [Cannot add or update a child row: a foreign key constraint fails (`agroplantationapp`.`publication`, CONSTRAINT `FK1ufuxqp3nxjwydq2b3qlqj5by` FOREIGN KEY (`plantation_id`) REFERENCES `plantation` (`id`))]
org.hibernate.tool.schema.spi.CommandAcceptanceException: Error executing DDL "INSERT INTO publication (title, plantation_id, author_id, publication_date, visibility, main_image_id, score, authorization_status_id) VALUES ('Cultivo de tomates', 1, 1, '2024-03-23 10:00:00', true, 'publications/oaduochtlivtwaob7ouj', 1, 2), ('Cultivo de zanahorias', 2, 1, '2024-03-23 11:00:00', true, 'publications/khmjecxfpw1c2lh2byk0', 2, 1), ('Plantacion de lechugas', 3, 1, '2024-03-23 12:00:00', true, 'publications/ehcjqq4jkcy2aomkyxo3', 3, 1), ('Cosecha de maiz', 4, 1, '2024-03-23 13:00:00', true, 'publications/ezf6x1rhblki1p3l3kzi', 4, 2), ('Plantacion de pepinos', 5, 1, '2024-03-23 14:00:00', true, 'publications/y4in5jrlfi14eag2vnwl', 5,2), ('Cultivo de calabazas', 6, 1, '2024-03-23 15:00:00', true, 'publications/uui7ncpdsa4ba5zhkq9p', 6, 2) ON DUPLICATE KEY UPDATE title = VALUES(title);" via JDBC [Cannot add or update a child row: a foreign key constraint fails (`agroplantationapp`.`publication`, CONSTRAINT `FK1ufuxqp3nxjwydq2b3qlqj5by` FOREIGN KEY (`plantation_id`) REFERENCES `plantation` (`id`))]
	at org.hibernate.tool.schema.internal.exec.GenerationTargetToDatabase.accept(GenerationTargetToDatabase.java:94) ~[hibernate-core-6.4.1.Final.jar:6.4.1.Final]
	at org.hibernate.tool.schema.internal.Helper.applySqlString(Helper.java:233) ~[hibernate-core-6.4.1.Final.jar:6.4.1.Final]
	at org.hibernate.tool.schema.internal.Helper.applyScript(Helper.java:255) ~[hibernate-core-6.4.1.Final.jar:6.4.1.Final]
	at org.hibernate.tool.schema.internal.SchemaCreatorImpl.applyImportFiles(SchemaCreatorImpl.java:665) ~[hibernate-core-6.4.1.Final.jar:6.4.1.Final]
	at org.hibernate.tool.schema.internal.SchemaCreatorImpl.applyImportSources(SchemaCreatorImpl.java:584) ~[hibernate-core-6.4.1.Final.jar:6.4.1.Final]
	at org.hibernate.tool.schema.internal.SchemaCreatorImpl.performCreation(SchemaCreatorImpl.java:184) ~[hibernate-core-6.4.1.Final.jar:6.4.1.Final]
	at org.hibernate.tool.schema.internal.SchemaCreatorImpl.doCreation(SchemaCreatorImpl.java:142) ~[hibernate-core-6.4.1.Final.jar:6.4.1.Final]
	at org.hibernate.tool.schema.internal.SchemaCreatorImpl.doCreation(SchemaCreatorImpl.java:118) ~[hibernate-core-6.4.1.Final.jar:6.4.1.Final]
	at org.hibernate.tool.schema.spi.SchemaManagementToolCoordinator.performDatabaseAction(SchemaManagementToolCoordinator.java:256) ~[hibernate-core-6.4.1.Final.jar:6.4.1.Final]
	at org.hibernate.tool.schema.spi.SchemaManagementToolCoordinator.lambda$process$5(SchemaManagementToolCoordinator.java:145) ~[hibernate-core-6.4.1.Final.jar:6.4.1.Final]
	at java.base/java.util.HashMap.forEach(HashMap.java:1421) ~[?:?]
	at org.hibernate.tool.schema.spi.SchemaManagementToolCoordinator.process(SchemaManagementToolCoordinator.java:142) ~[hibernate-core-6.4.1.Final.jar:6.4.1.Final]
	at org.hibernate.boot.internal.SessionFactoryObserverForSchemaExport.sessionFactoryCreated(SessionFactoryObserverForSchemaExport.java:37) ~[hibernate-core-6.4.1.Final.jar:6.4.1.Final]
	at org.hibernate.internal.SessionFactoryObserverChain.sessionFactoryCreated(SessionFactoryObserverChain.java:35) ~[hibernate-core-6.4.1.Final.jar:6.4.1.Final]
	at org.hibernate.internal.SessionFactoryImpl.<init>(SessionFactoryImpl.java:315) ~[hibernate-core-6.4.1.Final.jar:6.4.1.Final]
	at org.hibernate.boot.internal.SessionFactoryBuilderImpl.build(SessionFactoryBuilderImpl.java:450) ~[hibernate-core-6.4.1.Final.jar:6.4.1.Final]
	at org.hibernate.jpa.boot.internal.EntityManagerFactoryBuilderImpl.build(EntityManagerFactoryBuilderImpl.java:1507) ~[hibernate-core-6.4.1.Final.jar:6.4.1.Final]
	at org.springframework.orm.jpa.vendor.SpringHibernateJpaPersistenceProvider.createContainerEntityManagerFactory(SpringHibernateJpaPersistenceProvider.java:75) ~[spring-orm-6.1.2.jar:6.1.2]
	at org.springframework.orm.jpa.LocalContainerEntityManagerFactoryBean.createNativeEntityManagerFactory(LocalContainerEntityManagerFactoryBean.java:376) ~[spring-orm-6.1.2.jar:6.1.2]
	at org.springframework.orm.jpa.AbstractEntityManagerFactoryBean.buildNativeEntityManagerFactory(AbstractEntityManagerFactoryBean.java:409) ~[spring-orm-6.1.2.jar:6.1.2]
	at org.springframework.orm.jpa.AbstractEntityManagerFactoryBean.afterPropertiesSet(AbstractEntityManagerFactoryBean.java:396) ~[spring-orm-6.1.2.jar:6.1.2]
	at org.springframework.orm.jpa.LocalContainerEntityManagerFactoryBean.afterPropertiesSet(LocalContainerEntityManagerFactoryBean.java:352) ~[spring-orm-6.1.2.jar:6.1.2]
	at org.springframework.beans.factory.support.AbstractAutowireCapableBeanFactory.invokeInitMethods(AbstractAutowireCapableBeanFactory.java:1820) ~[spring-beans-6.1.2.jar:6.1.2]
	at org.springframework.beans.factory.support.AbstractAutowireCapableBeanFactory.initializeBean(AbstractAutowireCapableBeanFactory.java:1769) ~[spring-beans-6.1.2.jar:6.1.2]
	at org.springframework.beans.factory.support.AbstractAutowireCapableBeanFactory.doCreateBean(AbstractAutowireCapableBeanFactory.java:599) ~[spring-beans-6.1.2.jar:6.1.2]
	at org.springframework.beans.factory.support.AbstractAutowireCapableBeanFactory.createBean(AbstractAutowireCapableBeanFactory.java:521) ~[spring-beans-6.1.2.jar:6.1.2]
	at org.springframework.beans.factory.support.AbstractBeanFactory.lambda$doGetBean$0(AbstractBeanFactory.java:325) ~[spring-beans-6.1.2.jar:6.1.2]
	at org.springframework.beans.factory.support.DefaultSingletonBeanRegistry.getSingleton(DefaultSingletonBeanRegistry.java:234) ~[spring-beans-6.1.2.jar:6.1.2]
	at org.springframework.beans.factory.support.AbstractBeanFactory.doGetBean(AbstractBeanFactory.java:323) ~[spring-beans-6.1.2.jar:6.1.2]
	at org.springframework.beans.factory.support.AbstractBeanFactory.getBean(AbstractBeanFactory.java:199) ~[spring-beans-6.1.2.jar:6.1.2]
	at org.springframework.context.support.AbstractApplicationContext.getBean(AbstractApplicationContext.java:1232) ~[spring-context-6.1.2.jar:6.1.2]
	at org.springframework.context.support.AbstractApplicationContext.finishBeanFactoryInitialization(AbstractApplicationContext.java:950) ~[spring-context-6.1.2.jar:6.1.2]
	at org.springframework.context.support.AbstractApplicationContext.refresh(AbstractApplicationContext.java:625) ~[spring-context-6.1.2.jar:6.1.2]
	at org.springframework.boot.SpringApplication.refresh(SpringApplication.java:762) ~[spring-boot-3.2.1.jar:3.2.1]
	at org.springframework.boot.SpringApplication.refreshContext(SpringApplication.java:464) ~[spring-boot-3.2.1.jar:3.2.1]
	at org.springframework.boot.SpringApplication.run(SpringApplication.java:334) ~[spring-boot-3.2.1.jar:3.2.1]
	at org.springframework.boot.test.context.SpringBootContextLoader.lambda$loadContext$3(SpringBootContextLoader.java:137) ~[spring-boot-test-3.2.1.jar:3.2.1]
	at org.springframework.util.function.ThrowingSupplier.get(ThrowingSupplier.java:58) ~[spring-core-6.1.2.jar:6.1.2]
	at org.springframework.util.function.ThrowingSupplier.get(ThrowingSupplier.java:46) ~[spring-core-6.1.2.jar:6.1.2]
	at org.springframework.boot.SpringApplication.withHook(SpringApplication.java:1458) ~[spring-boot-3.2.1.jar:3.2.1]
	at org.springframework.boot.test.context.SpringBootContextLoader$ContextLoaderHook.run(SpringBootContextLoader.java:552) ~[spring-boot-test-3.2.1.jar:3.2.1]
	at org.springframework.boot.test.context.SpringBootContextLoader.loadContext(SpringBootContextLoader.java:137) ~[spring-boot-test-3.2.1.jar:3.2.1]
	at org.springframework.boot.test.context.SpringBootContextLoader.loadContext(SpringBootContextLoader.java:108) ~[spring-boot-test-3.2.1.jar:3.2.1]
	at org.springframework.test.context.cache.DefaultCacheAwareContextLoaderDelegate.loadContextInternal(DefaultCacheAwareContextLoaderDelegate.java:225) ~[spring-test-6.1.2.jar:6.1.2]
	at org.springframework.test.context.cache.DefaultCacheAwareContextLoaderDelegate.loadContext(DefaultCacheAwareContextLoaderDelegate.java:152) ~[spring-test-6.1.2.jar:6.1.2]
	at org.springframework.test.context.support.DefaultTestContext.getApplicationContext(DefaultTestContext.java:130) ~[spring-test-6.1.2.jar:6.1.2]
	at org.springframework.test.context.web.ServletTestExecutionListener.setUpRequestContextIfNecessary(ServletTestExecutionListener.java:191) ~[spring-test-6.1.2.jar:6.1.2]
	at org.springframework.test.context.web.ServletTestExecutionListener.prepareTestInstance(ServletTestExecutionListener.java:130) ~[spring-test-6.1.2.jar:6.1.2]
	at org.springframework.test.context.TestContextManager.prepareTestInstance(TestContextManager.java:260) ~[spring-test-6.1.2.jar:6.1.2]
	at org.springframework.test.context.junit.jupiter.SpringExtension.postProcessTestInstance(SpringExtension.java:163) ~[spring-test-6.1.2.jar:6.1.2]
	at org.junit.jupiter.engine.descriptor.ClassBasedTestDescriptor.lambda$invokeTestInstancePostProcessors$10(ClassBasedTestDescriptor.java:378) ~[junit-jupiter-engine-5.10.1.jar:5.10.1]
	at org.junit.jupiter.engine.descriptor.ClassBasedTestDescriptor.executeAndMaskThrowable(ClassBasedTestDescriptor.java:383) ~[junit-jupiter-engine-5.10.1.jar:5.10.1]
	at org.junit.jupiter.engine.descriptor.ClassBasedTestDescriptor.lambda$invokeTestInstancePostProcessors$11(ClassBasedTestDescriptor.java:378) ~[junit-jupiter-engine-5.10.1.jar:5.10.1]
	at java.base/java.util.stream.ReferencePipeline$3$1.accept(ReferencePipeline.java:197) ~[?:?]
	at java.base/java.util.stream.ReferencePipeline$2$1.accept(ReferencePipeline.java:179) ~[?:?]
	at java.base/java.util.ArrayList$ArrayListSpliterator.forEachRemaining(ArrayList.java:1625) ~[?:?]
	at java.base/java.util.stream.AbstractPipeline.copyInto(AbstractPipeline.java:509) ~[?:?]
	at java.base/java.util.stream.AbstractPipeline.wrapAndCopyInto(AbstractPipeline.java:499) ~[?:?]
	at java.base/java.util.stream.StreamSpliterators$WrappingSpliterator.forEachRemaining(StreamSpliterators.java:310) ~[?:?]
	at java.base/java.util.stream.Streams$ConcatSpliterator.forEachRemaining(Streams.java:735) ~[?:?]
	at java.base/java.util.stream.ReferencePipeline$Head.forEach(ReferencePipeline.java:762) ~[?:?]
	at org.junit.jupiter.engine.descriptor.ClassBasedTestDescriptor.invokeTestInstancePostProcessors(ClassBasedTestDescriptor.java:377) ~[junit-jupiter-engine-5.10.1.jar:5.10.1]
	at org.junit.jupiter.engine.descriptor.ClassBasedTestDescriptor.lambda$instantiateAndPostProcessTestInstance$6(ClassBasedTestDescriptor.java:290) ~[junit-jupiter-engine-5.10.1.jar:5.10.1]
	at org.junit.platform.engine.support.hierarchical.ThrowableCollector.execute(ThrowableCollector.java:73) ~[junit-platform-engine-1.10.1.jar:1.10.1]
	at org.junit.jupiter.engine.descriptor.ClassBasedTestDescriptor.instantiateAndPostProcessTestInstance(ClassBasedTestDescriptor.java:289) ~[junit-jupiter-engine-5.10.1.jar:5.10.1]
	at org.junit.jupiter.engine.descriptor.ClassBasedTestDescriptor.lambda$testInstancesProvider$4(ClassBasedTestDescriptor.java:279) ~[junit-jupiter-engine-5.10.1.jar:5.10.1]
	at java.base/java.util.Optional.orElseGet(Optional.java:364) ~[?:?]
	at org.junit.jupiter.engine.descriptor.ClassBasedTestDescriptor.lambda$testInstancesProvider$5(ClassBasedTestDescriptor.java:278) ~[junit-jupiter-engine-5.10.1.jar:5.10.1]
	at org.junit.jupiter.engine.execution.TestInstancesProvider.getTestInstances(TestInstancesProvider.java:31) ~[junit-jupiter-engine-5.10.1.jar:5.10.1]
	at org.junit.jupiter.engine.descriptor.ClassBasedTestDescriptor.lambda$before$2(ClassBasedTestDescriptor.java:204) ~[junit-jupiter-engine-5.10.1.jar:5.10.1]
	at org.junit.platform.engine.support.hierarchical.ThrowableCollector.execute(ThrowableCollector.java:73) ~[junit-platform-engine-1.10.1.jar:1.10.1]
	at org.junit.jupiter.engine.descriptor.ClassBasedTestDescriptor.before(ClassBasedTestDescriptor.java:203) ~[junit-jupiter-engine-5.10.1.jar:5.10.1]
	at org.junit.jupiter.engine.descriptor.ClassBasedTestDescriptor.before(ClassBasedTestDescriptor.java:85) ~[junit-jupiter-engine-5.10.1.jar:5.10.1]
	at org.junit.platform.engine.support.hierarchical.NodeTestTask.lambda$executeRecursively$6(NodeTestTask.java:148) ~[junit-platform-engine-1.10.1.jar:1.10.1]
	at org.junit.platform.engine.support.hierarchical.ThrowableCollector.execute(ThrowableCollector.java:73) ~[junit-platform-engine-1.10.1.jar:1.10.1]
	at org.junit.platform.engine.support.hierarchical.NodeTestTask.lambda$executeRecursively$8(NodeTestTask.java:141) ~[junit-platform-engine-1.10.1.jar:1.10.1]
	at org.junit.platform.engine.support.hierarchical.Node.around(Node.java:137) ~[junit-platform-engine-1.10.1.jar:1.10.1]
	at org.junit.platform.engine.support.hierarchical.NodeTestTask.lambda$executeRecursively$9(NodeTestTask.java:139) ~[junit-platform-engine-1.10.1.jar:1.10.1]
	at org.junit.platform.engine.support.hierarchical.ThrowableCollector.execute(ThrowableCollector.java:73) ~[junit-platform-engine-1.10.1.jar:1.10.1]
	at org.junit.platform.engine.support.hierarchical.NodeTestTask.executeRecursively(NodeTestTask.java:138) ~[junit-platform-engine-1.10.1.jar:1.10.1]
	at org.junit.platform.engine.support.hierarchical.NodeTestTask.execute(NodeTestTask.java:95) ~[junit-platform-engine-1.10.1.jar:1.10.1]
	at java.base/java.util.ArrayList.forEach(ArrayList.java:1511) ~[?:?]
	at org.junit.platform.engine.support.hierarchical.SameThreadHierarchicalTestExecutorService.invokeAll(SameThreadHierarchicalTestExecutorService.java:41) ~[junit-platform-engine-1.10.1.jar:1.10.1]
	at org.junit.platform.engine.support.hierarchical.NodeTestTask.lambda$executeRecursively$6(NodeTestTask.java:155) ~[junit-platform-engine-1.10.1.jar:1.10.1]
	at org.junit.platform.engine.support.hierarchical.ThrowableCollector.execute(ThrowableCollector.java:73) ~[junit-platform-engine-1.10.1.jar:1.10.1]
	at org.junit.platform.engine.support.hierarchical.NodeTestTask.lambda$executeRecursively$8(NodeTestTask.java:141) ~[junit-platform-engine-1.10.1.jar:1.10.1]
	at org.junit.platform.engine.support.hierarchical.Node.around(Node.java:137) ~[junit-platform-engine-1.10.1.jar:1.10.1]
	at org.junit.platform.engine.support.hierarchical.NodeTestTask.lambda$executeRecursively$9(NodeTestTask.java:139) ~[junit-platform-engine-1.10.1.jar:1.10.1]
	at org.junit.platform.engine.support.hierarchical.ThrowableCollector.execute(ThrowableCollector.java:73) ~[junit-platform-engine-1.10.1.jar:1.10.1]
	at org.junit.platform.engine.support.hierarchical.NodeTestTask.executeRecursively(NodeTestTask.java:138) ~[junit-platform-engine-1.10.1.jar:1.10.1]
	at org.junit.platform.engine.support.hierarchical.NodeTestTask.execute(NodeTestTask.java:95) ~[junit-platform-engine-1.10.1.jar:1.10.1]
	at org.junit.platform.engine.support.hierarchical.SameThreadHierarchicalTestExecutorService.submit(SameThreadHierarchicalTestExecutorService.java:35) ~[junit-platform-engine-1.10.1.jar:1.10.1]
	at org.junit.platform.engine.support.hierarchical.HierarchicalTestExecutor.execute(HierarchicalTestExecutor.java:57) ~[junit-platform-engine-1.10.1.jar:1.10.1]
	at org.junit.platform.engine.support.hierarchical.HierarchicalTestEngine.execute(HierarchicalTestEngine.java:54) ~[junit-platform-engine-1.10.1.jar:1.10.1]
	at org.junit.platform.launcher.core.EngineExecutionOrchestrator.execute(EngineExecutionOrchestrator.java:198) ~[junit-platform-launcher-1.10.1.jar:1.10.1]
	at org.junit.platform.launcher.core.EngineExecutionOrchestrator.execute(EngineExecutionOrchestrator.java:169) ~[junit-platform-launcher-1.10.1.jar:1.10.1]
	at org.junit.platform.launcher.core.EngineExecutionOrchestrator.execute(EngineExecutionOrchestrator.java:93) ~[junit-platform-launcher-1.10.1.jar:1.10.1]
	at org.junit.platform.launcher.core.EngineExecutionOrchestrator.lambda$execute$0(EngineExecutionOrchestrator.java:58) ~[junit-platform-launcher-1.10.1.jar:1.10.1]
	at org.junit.platform.launcher.core.EngineExecutionOrchestrator.withInterceptedStreams(EngineExecutionOrchestrator.java:141) [junit-platform-launcher-1.10.1.jar:1.10.1]
	at org.junit.platform.launcher.core.EngineExecutionOrchestrator.execute(EngineExecutionOrchestrator.java:57) [junit-platform-launcher-1.10.1.jar:1.10.1]
	at org.junit.platform.launcher.core.DefaultLauncher.execute(DefaultLauncher.java:103) [junit-platform-launcher-1.10.1.jar:1.10.1]
	at org.junit.platform.launcher.core.DefaultLauncher.execute(DefaultLauncher.java:85) [junit-platform-launcher-1.10.1.jar:1.10.1]
	at org.junit.platform.launcher.core.DelegatingLauncher.execute(DelegatingLauncher.java:47) [junit-platform-launcher-1.10.1.jar:1.10.1]
	at org.apache.maven.surefire.junitplatform.LazyLauncher.execute(LazyLauncher.java:56) [surefire-junit-platform-3.1.2.jar:3.1.2]
	at org.apache.maven.surefire.junitplatform.JUnitPlatformProvider.execute(JUnitPlatformProvider.java:184) [surefire-junit-platform-3.1.2.jar:3.1.2]
	at org.apache.maven.surefire.junitplatform.JUnitPlatformProvider.invokeAllTests(JUnitPlatformProvider.java:148) [surefire-junit-platform-3.1.2.jar:3.1.2]
	at org.apache.maven.surefire.junitplatform.JUnitPlatformProvider.invoke(JUnitPlatformProvider.java:122) [surefire-junit-platform-3.1.2.jar:3.1.2]
	at org.apache.maven.surefire.booter.ForkedBooter.runSuitesInProcess(ForkedBooter.java:385) [surefire-booter-3.1.2.jar:3.1.2]
	at org.apache.maven.surefire.booter.ForkedBooter.execute(ForkedBooter.java:162) [surefire-booter-3.1.2.jar:3.1.2]
	at org.apache.maven.surefire.booter.ForkedBooter.run(ForkedBooter.java:507) [surefire-booter-3.1.2.jar:3.1.2]
	at org.apache.maven.surefire.booter.ForkedBooter.main(ForkedBooter.java:495) [surefire-booter-3.1.2.jar:3.1.2]
Caused by: java.sql.SQLIntegrityConstraintViolationException: Cannot add or update a child row: a foreign key constraint fails (`agroplantationapp`.`publication`, CONSTRAINT `FK1ufuxqp3nxjwydq2b3qlqj5by` FOREIGN KEY (`plantation_id`) REFERENCES `plantation` (`id`))
	at com.mysql.cj.jdbc.exceptions.SQLError.createSQLException(SQLError.java:118) ~[mysql-connector-j-8.1.0.jar:8.1.0]
	at com.mysql.cj.jdbc.exceptions.SQLExceptionsMapping.translateException(SQLExceptionsMapping.java:122) ~[mysql-connector-j-8.1.0.jar:8.1.0]
	at com.mysql.cj.jdbc.StatementImpl.executeInternal(StatementImpl.java:763) ~[mysql-connector-j-8.1.0.jar:8.1.0]
	at com.mysql.cj.jdbc.StatementImpl.execute(StatementImpl.java:648) ~[mysql-connector-j-8.1.0.jar:8.1.0]
	at com.zaxxer.hikari.pool.ProxyStatement.execute(ProxyStatement.java:94) ~[HikariCP-5.0.1.jar:?]
	at com.zaxxer.hikari.pool.HikariProxyStatement.execute(HikariProxyStatement.java) ~[HikariCP-5.0.1.jar:?]
	at org.hibernate.tool.schema.internal.exec.GenerationTargetToDatabase.accept(GenerationTargetToDatabase.java:80) ~[hibernate-core-6.4.1.Final.jar:6.4.1.Final]
	... 110 more
2024-07-17 08:14:54,630 WARN o.s.b.a.o.j.JpaBaseConfiguration$JpaWebConfiguration [main] spring.jpa.open-in-view is enabled by default. Therefore, database queries may be performed during view rendering. Explicitly configure spring.jpa.open-in-view to disable this warning
Hibernate: 
    select
        case 
            when count(u1_0.id)>0 
                then 1 
            else 0 
        end 
    from
        user u1_0 
    where
        u1_0.email=?
Hibernate: 
    insert 
    into
        user
        (address, email, lastname, name, password, user_type_id) 
    values
        (?, ?, ?, ?, ?, ?)
Hibernate: 
    select
        u1_0.id,
        u1_0.address,
        u1_0.email,
        u1_0.lastname,
        u1_0.name,
        u1_0.password,
        u1_0.user_type_id 
    from
        user u1_0 
    where
        u1_0.email=?
Hibernate: 
    select
        ut1_0.id,
        ut1_0.type 
    from
        user_type ut1_0 
    where
        ut1_0.id=?
Hibernate: 
    select
        u1_0.id,
        u1_0.address,
        u1_0.email,
        u1_0.lastname,
        u1_0.name,
        u1_0.password,
        u1_0.user_type_id 
    from
        user u1_0 
    where
        u1_0.email=?
Hibernate: 
    select
        u1_0.id,
        u1_0.address,
        u1_0.email,
        u1_0.lastname,
        u1_0.name,
        u1_0.password,
        u1_0.user_type_id 
    from
        user u1_0 
    where
        u1_0.email=?
Hibernate: 
    select
        ut1_0.id,
        ut1_0.type 
    from
        user_type ut1_0 
    where
        ut1_0.id=?
Hibernate: 
    select
        u1_0.id,
        u1_0.address,
        u1_0.email,
        u1_0.lastname,
        u1_0.name,
        u1_0.password,
        u1_0.user_type_id 
    from
        user u1_0 
    where
        u1_0.email=?
Hibernate: 
    select
        ut1_0.id,
        ut1_0.type 
    from
        user_type ut1_0 
    where
        ut1_0.id=?
Hibernate: 
    insert 
    into
        plantation
        (address, area, details, harvest_type, irrigation_type, production_type) 
    values
        (?, ?, ?, ?, ?, ?)
2024-07-17 08:14:58,176 WARN o.h.e.j.s.SqlExceptionHelper [main] SQL Error: 1048, SQLState: 23000
2024-07-17 08:14:58,177 ERROR o.h.e.j.s.SqlExceptionHelper [main] Column 'address' cannot be null
2024-07-17 08:14:58,194 ERROR c.g.a.c.PublicationController [main] could not execute statement [Column 'address' cannot be null] [insert into plantation (address,area,details,harvest_type,irrigation_type,production_type) values (?,?,?,?,?,?)]; SQL [insert into plantation (address,area,details,harvest_type,irrigation_type,production_type) values (?,?,?,?,?,?)]; constraint [null]

MockHttpServletRequest:
      HTTP Method = POST
      Request URI = /auth/registro
       Parameters = {_csrf=[huivstyfbddRPw5w-DQM89F3t6PahlZhDJ5A-ZHtVPv79Ze1sdnO0776WOZ8DmpInBk4w7NBmprtt2JMPqdzmKjYMpnKxvOF]}
          Headers = [Content-Type:"application/json;charset=UTF-8", Content-Length:"99"]
             Body = {"email":"mgl@gmail.com","password":"1","name":"Miguel","lastname":"Alvarez","address":"Calle 123"}
    Session Attrs = {}

Handler:
             Type = com.gardengroup.agroplantationapp.controller.AuthController
           Method = com.gardengroup.agroplantationapp.controller.AuthController#register(RegisterDTO)

Async:
    Async started = false
     Async result = null

Resolved Exception:
             Type = null

ModelAndView:
        View name = null
             View = null
            Model = null

FlashMap:
       Attributes = null

MockHttpServletResponse:
           Status = 201
    Error message = null
          Headers = [Vary:"Origin", "Access-Control-Request-Method", "Access-Control-Request-Headers", Content-Type:"application/json", X-Content-Type-Options:"nosniff", X-XSS-Protection:"0", Cache-Control:"no-cache, no-store, max-age=0, must-revalidate", Pragma:"no-cache", Expires:"0", X-Frame-Options:"DENY"]
     Content type = application/json
             Body = {"id":2,"name":"Miguel","lastname":"Alvarez","address":"Calle 123","userType":{"id":1,"type":null}}
    Forwarded URL = null
   Redirected URL = null
          Cookies = []

MockHttpServletRequest:
      HTTP Method = POST
      Request URI = /auth/login
       Parameters = {_csrf=[Q2p-5YsJ0KN53uYXTyvkOHQo3Pmd13av7G-f7gHiywVatAYiJlIb0L84tJpU7oUudwbQAUNK8cGo4ReC2F372zLS-T1shTAW]}
          Headers = [Content-Type:"application/json;charset=UTF-8", Content-Length:"40"]
             Body = {"email":"mgl@gmail.com","password":"1"}
    Session Attrs = {}

Handler:
             Type = com.gardengroup.agroplantationapp.controller.AuthController
           Method = com.gardengroup.agroplantationapp.controller.AuthController#login(LoginDTO)

Async:
    Async started = false
     Async result = null

Resolved Exception:
             Type = null

ModelAndView:
        View name = null
             View = null
            Model = null

FlashMap:
       Attributes = null

MockHttpServletResponse:
           Status = 200
    Error message = null
          Headers = [Vary:"Origin", "Access-Control-Request-Method", "Access-Control-Request-Headers", Content-Type:"application/json", X-Content-Type-Options:"nosniff", X-XSS-Protection:"0", Cache-Control:"no-cache, no-store, max-age=0, must-revalidate", Pragma:"no-cache", Expires:"0", X-Frame-Options:"DENY"]
     Content type = application/json
             Body = {"accessToken":"eyJhbGciOiJIUzUxMiJ9.eyJzdWIiOiJtZ2xAZ21haWwuY29tIiwiaWF0IjoxNzIxMjIyMDk3LCJleHAiOjE3MjI1MTgwOTd9.CQGx8r5dJCHELGPeIoLWxVzGFslgunUm_mJJHM_Xt1WVFt6uVXaAcnxJg3MvW4zVSidi73KJts8TcdEMxBM9tw","name":"Miguel","lastname":"Alvarez","userType":"USER"}
    Forwarded URL = null
   Redirected URL = null
          Cookies = []

MockHttpServletRequest:
      HTTP Method = POST
      Request URI = /v1/publication/save
       Parameters = {_csrf=[rLraYEyDf4W6sxNy-PMnKe38wBLAWaf0Gk2UxY5rg8Epbgo4zom_VS_hTrOXg3ZBwN4THIyf7XCmbsXZfCmn8LwOtPAeCDsI]}
          Headers = [Content-Type:"application/json;charset=UTF-8", Authorization:"Bearer eyJhbGciOiJIUzUxMiJ9.eyJzdWIiOiJtZ2xAZ21haWwuY29tIiwiaWF0IjoxNzIxMjIyMDk3LCJleHAiOjE3MjI1MTgwOTd9.CQGx8r5dJCHELGPeIoLWxVzGFslgunUm_mJJHM_Xt1WVFt6uVXaAcnxJg3MvW4zVSidi73KJts8TcdEMxBM9tw", Content-Length:"283"]
             Body = {"title":"Publication 1","plantation":{"id":null,"area":"100 sqm","harvestType":"organic","irrigationType":"drip","productionType":"type1","details":"semillas de tomate para cultivo en verano, condiciones de riego: cada 2 días, condiciones de temperatura: 25-30°C","address":null}}
    Session Attrs = {}

Handler:
             Type = com.gardengroup.agroplantationapp.controller.PublicationController
           Method = com.gardengroup.agroplantationapp.controller.PublicationController#savePublication(PublicationSaveDTO, HttpServletRequest)

Async:
    Async started = false
     Async result = null

Resolved Exception:
             Type = null

ModelAndView:
        View name = null
             View = null
            Model = null

FlashMap:
       Attributes = null

MockHttpServletResponse:
           Status = 501
    Error message = null
          Headers = [Vary:"Origin", "Access-Control-Request-Method", "Access-Control-Request-Headers", X-Content-Type-Options:"nosniff", X-XSS-Protection:"0", Cache-Control:"no-cache, no-store, max-age=0, must-revalidate", Pragma:"no-cache", Expires:"0", X-Frame-Options:"DENY"]
     Content type = null
             Body = 
    Forwarded URL = null
   Redirected URL = null
          Cookies = []
]]></system-out>
  </testcase>
  <testcase name="shouldGetPublicationsByAleatory" classname="com.gardengroup.agroplantationapp.PublicationTests.PublicationTest" time="2.525">
    <failure message="Status expected:&lt;200&gt; but was:&lt;404&gt;" type="java.lang.AssertionError"><![CDATA[java.lang.AssertionError: Status expected:<200> but was:<404>
	at org.springframework.test.util.AssertionErrors.fail(AssertionErrors.java:59)
	at org.springframework.test.util.AssertionErrors.assertEquals(AssertionErrors.java:122)
	at org.springframework.test.web.servlet.result.StatusResultMatchers.lambda$matcher$9(StatusResultMatchers.java:637)
	at org.springframework.test.web.servlet.MockMvc$1.andExpect(MockMvc.java:214)
	at com.gardengroup.agroplantationapp.PublicationTests.PublicationTest.shouldGetPublicationsByAleatory(PublicationTest.java:195)
	at java.base/java.lang.reflect.Method.invoke(Method.java:568)
	at java.base/java.util.ArrayList.forEach(ArrayList.java:1511)
	at java.base/java.util.ArrayList.forEach(ArrayList.java:1511)
]]></failure>
    <system-out><![CDATA[Hibernate: 
    select
        u1_0.id,
        u1_0.address,
        u1_0.email,
        u1_0.lastname,
        u1_0.name,
        u1_0.password,
        u1_0.user_type_id 
    from
        user u1_0 
    where
        u1_0.email=?
Hibernate: 
    select
        ut1_0.id,
        ut1_0.type 
    from
        user_type ut1_0 
    where
        ut1_0.id=?
Hibernate: 
    select
        u1_0.id,
        u1_0.address,
        u1_0.email,
        u1_0.lastname,
        u1_0.name,
        u1_0.password,
        u1_0.user_type_id 
    from
        user u1_0 
    where
        u1_0.email=?
Hibernate: 
    select
        ut1_0.id,
        ut1_0.type 
    from
        user_type ut1_0 
    where
        ut1_0.id=?
Hibernate: 
    insert 
    into
        plantation
        (address, area, details, harvest_type, irrigation_type, production_type) 
    values
        (?, ?, ?, ?, ?, ?)
2024-07-17 08:14:58,324 WARN o.h.e.j.s.SqlExceptionHelper [main] SQL Error: 1048, SQLState: 23000
2024-07-17 08:14:58,324 ERROR o.h.e.j.s.SqlExceptionHelper [main] Column 'address' cannot be null
2024-07-17 08:14:58,327 ERROR c.g.a.c.PublicationController [main] could not execute statement [Column 'address' cannot be null] [insert into plantation (address,area,details,harvest_type,irrigation_type,production_type) values (?,?,?,?,?,?)]; SQL [insert into plantation (address,area,details,harvest_type,irrigation_type,production_type) values (?,?,?,?,?,?)]; constraint [null]
Hibernate: 
    select
        u1_0.id,
        u1_0.address,
        u1_0.email,
        u1_0.lastname,
        u1_0.name,
        u1_0.password,
        u1_0.user_type_id 
    from
        user u1_0 
    where
        u1_0.email=?
Hibernate: 
    select
        ut1_0.id,
        ut1_0.type 
    from
        user_type ut1_0 
    where
        ut1_0.id=?
Hibernate: 
    select
        u1_0.id,
        u1_0.address,
        u1_0.email,
        u1_0.lastname,
        u1_0.name,
        u1_0.password,
        u1_0.user_type_id 
    from
        user u1_0 
    where
        u1_0.email=?
Hibernate: 
    select
        ut1_0.id,
        ut1_0.type 
    from
        user_type ut1_0 
    where
        ut1_0.id=?
Hibernate: 
    insert 
    into
        plantation
        (address, area, details, harvest_type, irrigation_type, production_type) 
    values
        (?, ?, ?, ?, ?, ?)
2024-07-17 08:14:58,355 WARN o.h.e.j.s.SqlExceptionHelper [main] SQL Error: 1048, SQLState: 23000
2024-07-17 08:14:58,356 ERROR o.h.e.j.s.SqlExceptionHelper [main] Column 'address' cannot be null
2024-07-17 08:14:58,357 ERROR c.g.a.c.PublicationController [main] could not execute statement [Column 'address' cannot be null] [insert into plantation (address,area,details,harvest_type,irrigation_type,production_type) values (?,?,?,?,?,?)]; SQL [insert into plantation (address,area,details,harvest_type,irrigation_type,production_type) values (?,?,?,?,?,?)]; constraint [null]
Hibernate: 
    select
        u1_0.id,
        u1_0.address,
        u1_0.email,
        u1_0.lastname,
        u1_0.name,
        u1_0.password,
        u1_0.user_type_id 
    from
        user u1_0 
    where
        u1_0.email=?
Hibernate: 
    select
        ut1_0.id,
        ut1_0.type 
    from
        user_type ut1_0 
    where
        ut1_0.id=?
Hibernate: 
    select
        u1_0.id,
        u1_0.address,
        u1_0.email,
        u1_0.lastname,
        u1_0.name,
        u1_0.password,
        u1_0.user_type_id 
    from
        user u1_0 
    where
        u1_0.email=?
Hibernate: 
    select
        ut1_0.id,
        ut1_0.type 
    from
        user_type ut1_0 
    where
        ut1_0.id=?
Hibernate: 
    insert 
    into
        plantation
        (address, area, details, harvest_type, irrigation_type, production_type) 
    values
        (?, ?, ?, ?, ?, ?)
2024-07-17 08:14:58,382 WARN o.h.e.j.s.SqlExceptionHelper [main] SQL Error: 1048, SQLState: 23000
2024-07-17 08:14:58,382 ERROR o.h.e.j.s.SqlExceptionHelper [main] Column 'address' cannot be null
2024-07-17 08:14:58,383 ERROR c.g.a.c.PublicationController [main] could not execute statement [Column 'address' cannot be null] [insert into plantation (address,area,details,harvest_type,irrigation_type,production_type) values (?,?,?,?,?,?)]; SQL [insert into plantation (address,area,details,harvest_type,irrigation_type,production_type) values (?,?,?,?,?,?)]; constraint [null]
Hibernate: 
    select
        u1_0.id,
        u1_0.address,
        u1_0.email,
        u1_0.lastname,
        u1_0.name,
        u1_0.password,
        u1_0.user_type_id 
    from
        user u1_0 
    where
        u1_0.email=?
Hibernate: 
    select
        ut1_0.id,
        ut1_0.type 
    from
        user_type ut1_0 
    where
        ut1_0.id=?
Hibernate: 
    select
        u1_0.id,
        u1_0.address,
        u1_0.email,
        u1_0.lastname,
        u1_0.name,
        u1_0.password,
        u1_0.user_type_id 
    from
        user u1_0 
    where
        u1_0.email=?
Hibernate: 
    select
        ut1_0.id,
        ut1_0.type 
    from
        user_type ut1_0 
    where
        ut1_0.id=?
Hibernate: 
    insert 
    into
        plantation
        (address, area, details, harvest_type, irrigation_type, production_type) 
    values
        (?, ?, ?, ?, ?, ?)
2024-07-17 08:14:58,406 WARN o.h.e.j.s.SqlExceptionHelper [main] SQL Error: 1048, SQLState: 23000
2024-07-17 08:14:58,406 ERROR o.h.e.j.s.SqlExceptionHelper [main] Column 'address' cannot be null
2024-07-17 08:14:58,407 ERROR c.g.a.c.PublicationController [main] could not execute statement [Column 'address' cannot be null] [insert into plantation (address,area,details,harvest_type,irrigation_type,production_type) values (?,?,?,?,?,?)]; SQL [insert into plantation (address,area,details,harvest_type,irrigation_type,production_type) values (?,?,?,?,?,?)]; constraint [null]
Hibernate: 
    select
        u1_0.id,
        u1_0.address,
        u1_0.email,
        u1_0.lastname,
        u1_0.name,
        u1_0.password,
        u1_0.user_type_id 
    from
        user u1_0 
    where
        u1_0.email=?
Hibernate: 
    select
        ut1_0.id,
        ut1_0.type 
    from
        user_type ut1_0 
    where
        ut1_0.id=?
Hibernate: 
    select
        u1_0.id,
        u1_0.address,
        u1_0.email,
        u1_0.lastname,
        u1_0.name,
        u1_0.password,
        u1_0.user_type_id 
    from
        user u1_0 
    where
        u1_0.email=?
Hibernate: 
    select
        ut1_0.id,
        ut1_0.type 
    from
        user_type ut1_0 
    where
        ut1_0.id=?
Hibernate: 
    insert 
    into
        plantation
        (address, area, details, harvest_type, irrigation_type, production_type) 
    values
        (?, ?, ?, ?, ?, ?)
2024-07-17 08:14:58,428 WARN o.h.e.j.s.SqlExceptionHelper [main] SQL Error: 1048, SQLState: 23000
2024-07-17 08:14:58,428 ERROR o.h.e.j.s.SqlExceptionHelper [main] Column 'address' cannot be null
2024-07-17 08:14:58,430 ERROR c.g.a.c.PublicationController [main] could not execute statement [Column 'address' cannot be null] [insert into plantation (address,area,details,harvest_type,irrigation_type,production_type) values (?,?,?,?,?,?)]; SQL [insert into plantation (address,area,details,harvest_type,irrigation_type,production_type) values (?,?,?,?,?,?)]; constraint [null]
Hibernate: 
    select
        u1_0.id,
        u1_0.address,
        u1_0.email,
        u1_0.lastname,
        u1_0.name,
        u1_0.password,
        u1_0.user_type_id 
    from
        user u1_0 
    where
        u1_0.email=?
Hibernate: 
    select
        ut1_0.id,
        ut1_0.type 
    from
        user_type ut1_0 
    where
        ut1_0.id=?
Hibernate: 
    select
        u1_0.id,
        u1_0.address,
        u1_0.email,
        u1_0.lastname,
        u1_0.name,
        u1_0.password,
        u1_0.user_type_id 
    from
        user u1_0 
    where
        u1_0.email=?
Hibernate: 
    select
        ut1_0.id,
        ut1_0.type 
    from
        user_type ut1_0 
    where
        ut1_0.id=?
Hibernate: 
    insert 
    into
        plantation
        (address, area, details, harvest_type, irrigation_type, production_type) 
    values
        (?, ?, ?, ?, ?, ?)
2024-07-17 08:14:58,451 WARN o.h.e.j.s.SqlExceptionHelper [main] SQL Error: 1048, SQLState: 23000
2024-07-17 08:14:58,451 ERROR o.h.e.j.s.SqlExceptionHelper [main] Column 'address' cannot be null
2024-07-17 08:14:58,453 ERROR c.g.a.c.PublicationController [main] could not execute statement [Column 'address' cannot be null] [insert into plantation (address,area,details,harvest_type,irrigation_type,production_type) values (?,?,?,?,?,?)]; SQL [insert into plantation (address,area,details,harvest_type,irrigation_type,production_type) values (?,?,?,?,?,?)]; constraint [null]
Hibernate: 
    select
        u1_0.id,
        u1_0.address,
        u1_0.email,
        u1_0.lastname,
        u1_0.name,
        u1_0.password,
        u1_0.user_type_id 
    from
        user u1_0 
    where
        u1_0.email=?
Hibernate: 
    select
        ut1_0.id,
        ut1_0.type 
    from
        user_type ut1_0 
    where
        ut1_0.id=?
Hibernate: 
    select
        u1_0.id,
        u1_0.address,
        u1_0.email,
        u1_0.lastname,
        u1_0.name,
        u1_0.password,
        u1_0.user_type_id 
    from
        user u1_0 
    where
        u1_0.email=?
Hibernate: 
    select
        ut1_0.id,
        ut1_0.type 
    from
        user_type ut1_0 
    where
        ut1_0.id=?
Hibernate: 
    insert 
    into
        plantation
        (address, area, details, harvest_type, irrigation_type, production_type) 
    values
        (?, ?, ?, ?, ?, ?)
2024-07-17 08:14:58,472 WARN o.h.e.j.s.SqlExceptionHelper [main] SQL Error: 1048, SQLState: 23000
2024-07-17 08:14:58,472 ERROR o.h.e.j.s.SqlExceptionHelper [main] Column 'address' cannot be null
2024-07-17 08:14:58,473 ERROR c.g.a.c.PublicationController [main] could not execute statement [Column 'address' cannot be null] [insert into plantation (address,area,details,harvest_type,irrigation_type,production_type) values (?,?,?,?,?,?)]; SQL [insert into plantation (address,area,details,harvest_type,irrigation_type,production_type) values (?,?,?,?,?,?)]; constraint [null]
Hibernate: 
    select
        u1_0.id,
        u1_0.address,
        u1_0.email,
        u1_0.lastname,
        u1_0.name,
        u1_0.password,
        u1_0.user_type_id 
    from
        user u1_0 
    where
        u1_0.email=?
Hibernate: 
    select
        ut1_0.id,
        ut1_0.type 
    from
        user_type ut1_0 
    where
        ut1_0.id=?
Hibernate: 
    select
        u1_0.id,
        u1_0.address,
        u1_0.email,
        u1_0.lastname,
        u1_0.name,
        u1_0.password,
        u1_0.user_type_id 
    from
        user u1_0 
    where
        u1_0.email=?
Hibernate: 
    select
        ut1_0.id,
        ut1_0.type 
    from
        user_type ut1_0 
    where
        ut1_0.id=?
Hibernate: 
    insert 
    into
        plantation
        (address, area, details, harvest_type, irrigation_type, production_type) 
    values
        (?, ?, ?, ?, ?, ?)
2024-07-17 08:14:58,491 WARN o.h.e.j.s.SqlExceptionHelper [main] SQL Error: 1048, SQLState: 23000
2024-07-17 08:14:58,492 ERROR o.h.e.j.s.SqlExceptionHelper [main] Column 'address' cannot be null
2024-07-17 08:14:58,493 ERROR c.g.a.c.PublicationController [main] could not execute statement [Column 'address' cannot be null] [insert into plantation (address,area,details,harvest_type,irrigation_type,production_type) values (?,?,?,?,?,?)]; SQL [insert into plantation (address,area,details,harvest_type,irrigation_type,production_type) values (?,?,?,?,?,?)]; constraint [null]
Hibernate: 
    select
        u1_0.id,
        u1_0.address,
        u1_0.email,
        u1_0.lastname,
        u1_0.name,
        u1_0.password,
        u1_0.user_type_id 
    from
        user u1_0 
    where
        u1_0.email=?
Hibernate: 
    select
        ut1_0.id,
        ut1_0.type 
    from
        user_type ut1_0 
    where
        ut1_0.id=?
Hibernate: 
    select
        u1_0.id,
        u1_0.address,
        u1_0.email,
        u1_0.lastname,
        u1_0.name,
        u1_0.password,
        u1_0.user_type_id 
    from
        user u1_0 
    where
        u1_0.email=?
Hibernate: 
    select
        ut1_0.id,
        ut1_0.type 
    from
        user_type ut1_0 
    where
        ut1_0.id=?
Hibernate: 
    insert 
    into
        plantation
        (address, area, details, harvest_type, irrigation_type, production_type) 
    values
        (?, ?, ?, ?, ?, ?)
2024-07-17 08:14:58,510 WARN o.h.e.j.s.SqlExceptionHelper [main] SQL Error: 1048, SQLState: 23000
2024-07-17 08:14:58,510 ERROR o.h.e.j.s.SqlExceptionHelper [main] Column 'address' cannot be null
2024-07-17 08:14:58,511 ERROR c.g.a.c.PublicationController [main] could not execute statement [Column 'address' cannot be null] [insert into plantation (address,area,details,harvest_type,irrigation_type,production_type) values (?,?,?,?,?,?)]; SQL [insert into plantation (address,area,details,harvest_type,irrigation_type,production_type) values (?,?,?,?,?,?)]; constraint [null]
Hibernate: 
    select
        u1_0.id,
        u1_0.address,
        u1_0.email,
        u1_0.lastname,
        u1_0.name,
        u1_0.password,
        u1_0.user_type_id 
    from
        user u1_0 
    where
        u1_0.email=?
Hibernate: 
    select
        ut1_0.id,
        ut1_0.type 
    from
        user_type ut1_0 
    where
        ut1_0.id=?
Hibernate: 
    select
        u1_0.id,
        u1_0.address,
        u1_0.email,
        u1_0.lastname,
        u1_0.name,
        u1_0.password,
        u1_0.user_type_id 
    from
        user u1_0 
    where
        u1_0.email=?
Hibernate: 
    select
        ut1_0.id,
        ut1_0.type 
    from
        user_type ut1_0 
    where
        ut1_0.id=?
Hibernate: 
    insert 
    into
        plantation
        (address, area, details, harvest_type, irrigation_type, production_type) 
    values
        (?, ?, ?, ?, ?, ?)
2024-07-17 08:14:58,527 WARN o.h.e.j.s.SqlExceptionHelper [main] SQL Error: 1048, SQLState: 23000
2024-07-17 08:14:58,527 ERROR o.h.e.j.s.SqlExceptionHelper [main] Column 'address' cannot be null
2024-07-17 08:14:58,528 ERROR c.g.a.c.PublicationController [main] could not execute statement [Column 'address' cannot be null] [insert into plantation (address,area,details,harvest_type,irrigation_type,production_type) values (?,?,?,?,?,?)]; SQL [insert into plantation (address,area,details,harvest_type,irrigation_type,production_type) values (?,?,?,?,?,?)]; constraint [null]
Hibernate: 
    select
        u1_0.id,
        u1_0.address,
        u1_0.email,
        u1_0.lastname,
        u1_0.name,
        u1_0.password,
        u1_0.user_type_id 
    from
        user u1_0 
    where
        u1_0.email=?
Hibernate: 
    select
        ut1_0.id,
        ut1_0.type 
    from
        user_type ut1_0 
    where
        ut1_0.id=?
Hibernate: 
    select
        u1_0.id,
        u1_0.address,
        u1_0.email,
        u1_0.lastname,
        u1_0.name,
        u1_0.password,
        u1_0.user_type_id 
    from
        user u1_0 
    where
        u1_0.email=?
Hibernate: 
    select
        ut1_0.id,
        ut1_0.type 
    from
        user_type ut1_0 
    where
        ut1_0.id=?
Hibernate: 
    insert 
    into
        plantation
        (address, area, details, harvest_type, irrigation_type, production_type) 
    values
        (?, ?, ?, ?, ?, ?)
2024-07-17 08:14:58,545 WARN o.h.e.j.s.SqlExceptionHelper [main] SQL Error: 1048, SQLState: 23000
2024-07-17 08:14:58,545 ERROR o.h.e.j.s.SqlExceptionHelper [main] Column 'address' cannot be null
2024-07-17 08:14:58,546 ERROR c.g.a.c.PublicationController [main] could not execute statement [Column 'address' cannot be null] [insert into plantation (address,area,details,harvest_type,irrigation_type,production_type) values (?,?,?,?,?,?)]; SQL [insert into plantation (address,area,details,harvest_type,irrigation_type,production_type) values (?,?,?,?,?,?)]; constraint [null]
Hibernate: 
    select
        u1_0.id,
        u1_0.address,
        u1_0.email,
        u1_0.lastname,
        u1_0.name,
        u1_0.password,
        u1_0.user_type_id 
    from
        user u1_0 
    where
        u1_0.email=?
Hibernate: 
    select
        ut1_0.id,
        ut1_0.type 
    from
        user_type ut1_0 
    where
        ut1_0.id=?
Hibernate: 
    select
        u1_0.id,
        u1_0.address,
        u1_0.email,
        u1_0.lastname,
        u1_0.name,
        u1_0.password,
        u1_0.user_type_id 
    from
        user u1_0 
    where
        u1_0.email=?
Hibernate: 
    select
        ut1_0.id,
        ut1_0.type 
    from
        user_type ut1_0 
    where
        ut1_0.id=?
Hibernate: 
    insert 
    into
        plantation
        (address, area, details, harvest_type, irrigation_type, production_type) 
    values
        (?, ?, ?, ?, ?, ?)
2024-07-17 08:14:58,570 WARN o.h.e.j.s.SqlExceptionHelper [main] SQL Error: 1048, SQLState: 23000
2024-07-17 08:14:58,570 ERROR o.h.e.j.s.SqlExceptionHelper [main] Column 'address' cannot be null
2024-07-17 08:14:58,572 ERROR c.g.a.c.PublicationController [main] could not execute statement [Column 'address' cannot be null] [insert into plantation (address,area,details,harvest_type,irrigation_type,production_type) values (?,?,?,?,?,?)]; SQL [insert into plantation (address,area,details,harvest_type,irrigation_type,production_type) values (?,?,?,?,?,?)]; constraint [null]
Hibernate: 
    select
        u1_0.id,
        u1_0.address,
        u1_0.email,
        u1_0.lastname,
        u1_0.name,
        u1_0.password,
        u1_0.user_type_id 
    from
        user u1_0 
    where
        u1_0.email=?
Hibernate: 
    select
        ut1_0.id,
        ut1_0.type 
    from
        user_type ut1_0 
    where
        ut1_0.id=?
Hibernate: 
    select
        u1_0.id,
        u1_0.address,
        u1_0.email,
        u1_0.lastname,
        u1_0.name,
        u1_0.password,
        u1_0.user_type_id 
    from
        user u1_0 
    where
        u1_0.email=?
Hibernate: 
    select
        ut1_0.id,
        ut1_0.type 
    from
        user_type ut1_0 
    where
        ut1_0.id=?
Hibernate: 
    insert 
    into
        plantation
        (address, area, details, harvest_type, irrigation_type, production_type) 
    values
        (?, ?, ?, ?, ?, ?)
2024-07-17 08:14:58,589 WARN o.h.e.j.s.SqlExceptionHelper [main] SQL Error: 1048, SQLState: 23000
2024-07-17 08:14:58,590 ERROR o.h.e.j.s.SqlExceptionHelper [main] Column 'address' cannot be null
2024-07-17 08:14:58,591 ERROR c.g.a.c.PublicationController [main] could not execute statement [Column 'address' cannot be null] [insert into plantation (address,area,details,harvest_type,irrigation_type,production_type) values (?,?,?,?,?,?)]; SQL [insert into plantation (address,area,details,harvest_type,irrigation_type,production_type) values (?,?,?,?,?,?)]; constraint [null]
Hibernate: 
    select
        u1_0.id,
        u1_0.address,
        u1_0.email,
        u1_0.lastname,
        u1_0.name,
        u1_0.password,
        u1_0.user_type_id 
    from
        user u1_0 
    where
        u1_0.email=?
Hibernate: 
    select
        ut1_0.id,
        ut1_0.type 
    from
        user_type ut1_0 
    where
        ut1_0.id=?
Hibernate: 
    select
        u1_0.id,
        u1_0.address,
        u1_0.email,
        u1_0.lastname,
        u1_0.name,
        u1_0.password,
        u1_0.user_type_id 
    from
        user u1_0 
    where
        u1_0.email=?
Hibernate: 
    select
        ut1_0.id,
        ut1_0.type 
    from
        user_type ut1_0 
    where
        ut1_0.id=?
Hibernate: 
    insert 
    into
        plantation
        (address, area, details, harvest_type, irrigation_type, production_type) 
    values
        (?, ?, ?, ?, ?, ?)
2024-07-17 08:14:58,610 WARN o.h.e.j.s.SqlExceptionHelper [main] SQL Error: 1048, SQLState: 23000
2024-07-17 08:14:58,610 ERROR o.h.e.j.s.SqlExceptionHelper [main] Column 'address' cannot be null
2024-07-17 08:14:58,612 ERROR c.g.a.c.PublicationController [main] could not execute statement [Column 'address' cannot be null] [insert into plantation (address,area,details,harvest_type,irrigation_type,production_type) values (?,?,?,?,?,?)]; SQL [insert into plantation (address,area,details,harvest_type,irrigation_type,production_type) values (?,?,?,?,?,?)]; constraint [null]
Hibernate: 
    select
        u1_0.id,
        u1_0.address,
        u1_0.email,
        u1_0.lastname,
        u1_0.name,
        u1_0.password,
        u1_0.user_type_id 
    from
        user u1_0 
    where
        u1_0.email=?
Hibernate: 
    select
        ut1_0.id,
        ut1_0.type 
    from
        user_type ut1_0 
    where
        ut1_0.id=?
Hibernate: 
    select
        u1_0.id,
        u1_0.address,
        u1_0.email,
        u1_0.lastname,
        u1_0.name,
        u1_0.password,
        u1_0.user_type_id 
    from
        user u1_0 
    where
        u1_0.email=?
Hibernate: 
    select
        ut1_0.id,
        ut1_0.type 
    from
        user_type ut1_0 
    where
        ut1_0.id=?
Hibernate: 
    insert 
    into
        plantation
        (address, area, details, harvest_type, irrigation_type, production_type) 
    values
        (?, ?, ?, ?, ?, ?)
2024-07-17 08:14:58,635 WARN o.h.e.j.s.SqlExceptionHelper [main] SQL Error: 1048, SQLState: 23000
2024-07-17 08:14:58,635 ERROR o.h.e.j.s.SqlExceptionHelper [main] Column 'address' cannot be null
2024-07-17 08:14:58,637 ERROR c.g.a.c.PublicationController [main] could not execute statement [Column 'address' cannot be null] [insert into plantation (address,area,details,harvest_type,irrigation_type,production_type) values (?,?,?,?,?,?)]; SQL [insert into plantation (address,area,details,harvest_type,irrigation_type,production_type) values (?,?,?,?,?,?)]; constraint [null]
Hibernate: 
    select
        u1_0.id,
        u1_0.address,
        u1_0.email,
        u1_0.lastname,
        u1_0.name,
        u1_0.password,
        u1_0.user_type_id 
    from
        user u1_0 
    where
        u1_0.email=?
Hibernate: 
    select
        ut1_0.id,
        ut1_0.type 
    from
        user_type ut1_0 
    where
        ut1_0.id=?
Hibernate: 
    select
        u1_0.id,
        u1_0.address,
        u1_0.email,
        u1_0.lastname,
        u1_0.name,
        u1_0.password,
        u1_0.user_type_id 
    from
        user u1_0 
    where
        u1_0.email=?
Hibernate: 
    select
        ut1_0.id,
        ut1_0.type 
    from
        user_type ut1_0 
    where
        ut1_0.id=?
Hibernate: 
    insert 
    into
        plantation
        (address, area, details, harvest_type, irrigation_type, production_type) 
    values
        (?, ?, ?, ?, ?, ?)
2024-07-17 08:14:58,654 WARN o.h.e.j.s.SqlExceptionHelper [main] SQL Error: 1048, SQLState: 23000
2024-07-17 08:14:58,654 ERROR o.h.e.j.s.SqlExceptionHelper [main] Column 'address' cannot be null
2024-07-17 08:14:58,656 ERROR c.g.a.c.PublicationController [main] could not execute statement [Column 'address' cannot be null] [insert into plantation (address,area,details,harvest_type,irrigation_type,production_type) values (?,?,?,?,?,?)]; SQL [insert into plantation (address,area,details,harvest_type,irrigation_type,production_type) values (?,?,?,?,?,?)]; constraint [null]
Hibernate: 
    select
        u1_0.id,
        u1_0.address,
        u1_0.email,
        u1_0.lastname,
        u1_0.name,
        u1_0.password,
        u1_0.user_type_id 
    from
        user u1_0 
    where
        u1_0.email=?
Hibernate: 
    select
        ut1_0.id,
        ut1_0.type 
    from
        user_type ut1_0 
    where
        ut1_0.id=?
Hibernate: 
    select
        u1_0.id,
        u1_0.address,
        u1_0.email,
        u1_0.lastname,
        u1_0.name,
        u1_0.password,
        u1_0.user_type_id 
    from
        user u1_0 
    where
        u1_0.email=?
Hibernate: 
    select
        ut1_0.id,
        ut1_0.type 
    from
        user_type ut1_0 
    where
        ut1_0.id=?
Hibernate: 
    insert 
    into
        plantation
        (address, area, details, harvest_type, irrigation_type, production_type) 
    values
        (?, ?, ?, ?, ?, ?)
2024-07-17 08:14:58,675 WARN o.h.e.j.s.SqlExceptionHelper [main] SQL Error: 1048, SQLState: 23000
2024-07-17 08:14:58,676 ERROR o.h.e.j.s.SqlExceptionHelper [main] Column 'address' cannot be null
2024-07-17 08:14:58,677 ERROR c.g.a.c.PublicationController [main] could not execute statement [Column 'address' cannot be null] [insert into plantation (address,area,details,harvest_type,irrigation_type,production_type) values (?,?,?,?,?,?)]; SQL [insert into plantation (address,area,details,harvest_type,irrigation_type,production_type) values (?,?,?,?,?,?)]; constraint [null]
Hibernate: 
    select
        u1_0.id,
        u1_0.address,
        u1_0.email,
        u1_0.lastname,
        u1_0.name,
        u1_0.password,
        u1_0.user_type_id 
    from
        user u1_0 
    where
        u1_0.email=?
Hibernate: 
    select
        ut1_0.id,
        ut1_0.type 
    from
        user_type ut1_0 
    where
        ut1_0.id=?
Hibernate: 
    select
        u1_0.id,
        u1_0.address,
        u1_0.email,
        u1_0.lastname,
        u1_0.name,
        u1_0.password,
        u1_0.user_type_id 
    from
        user u1_0 
    where
        u1_0.email=?
Hibernate: 
    select
        ut1_0.id,
        ut1_0.type 
    from
        user_type ut1_0 
    where
        ut1_0.id=?
Hibernate: 
    insert 
    into
        plantation
        (address, area, details, harvest_type, irrigation_type, production_type) 
    values
        (?, ?, ?, ?, ?, ?)
2024-07-17 08:14:58,696 WARN o.h.e.j.s.SqlExceptionHelper [main] SQL Error: 1048, SQLState: 23000
2024-07-17 08:14:58,697 ERROR o.h.e.j.s.SqlExceptionHelper [main] Column 'address' cannot be null
2024-07-17 08:14:58,698 ERROR c.g.a.c.PublicationController [main] could not execute statement [Column 'address' cannot be null] [insert into plantation (address,area,details,harvest_type,irrigation_type,production_type) values (?,?,?,?,?,?)]; SQL [insert into plantation (address,area,details,harvest_type,irrigation_type,production_type) values (?,?,?,?,?,?)]; constraint [null]
Hibernate: 
    select
        u1_0.id,
        u1_0.address,
        u1_0.email,
        u1_0.lastname,
        u1_0.name,
        u1_0.password,
        u1_0.user_type_id 
    from
        user u1_0 
    where
        u1_0.email=?
Hibernate: 
    select
        ut1_0.id,
        ut1_0.type 
    from
        user_type ut1_0 
    where
        ut1_0.id=?
Hibernate: 
    select
        u1_0.id,
        u1_0.address,
        u1_0.email,
        u1_0.lastname,
        u1_0.name,
        u1_0.password,
        u1_0.user_type_id 
    from
        user u1_0 
    where
        u1_0.email=?
Hibernate: 
    select
        ut1_0.id,
        ut1_0.type 
    from
        user_type ut1_0 
    where
        ut1_0.id=?
Hibernate: 
    insert 
    into
        plantation
        (address, area, details, harvest_type, irrigation_type, production_type) 
    values
        (?, ?, ?, ?, ?, ?)
2024-07-17 08:14:58,716 WARN o.h.e.j.s.SqlExceptionHelper [main] SQL Error: 1048, SQLState: 23000
2024-07-17 08:14:58,716 ERROR o.h.e.j.s.SqlExceptionHelper [main] Column 'address' cannot be null
2024-07-17 08:14:58,718 ERROR c.g.a.c.PublicationController [main] could not execute statement [Column 'address' cannot be null] [insert into plantation (address,area,details,harvest_type,irrigation_type,production_type) values (?,?,?,?,?,?)]; SQL [insert into plantation (address,area,details,harvest_type,irrigation_type,production_type) values (?,?,?,?,?,?)]; constraint [null]
Hibernate: 
    select
        u1_0.id,
        u1_0.address,
        u1_0.email,
        u1_0.lastname,
        u1_0.name,
        u1_0.password,
        u1_0.user_type_id 
    from
        user u1_0 
    where
        u1_0.email=?
Hibernate: 
    select
        ut1_0.id,
        ut1_0.type 
    from
        user_type ut1_0 
    where
        ut1_0.id=?
Hibernate: 
    select
        u1_0.id,
        u1_0.address,
        u1_0.email,
        u1_0.lastname,
        u1_0.name,
        u1_0.password,
        u1_0.user_type_id 
    from
        user u1_0 
    where
        u1_0.email=?
Hibernate: 
    select
        ut1_0.id,
        ut1_0.type 
    from
        user_type ut1_0 
    where
        ut1_0.id=?
Hibernate: 
    insert 
    into
        plantation
        (address, area, details, harvest_type, irrigation_type, production_type) 
    values
        (?, ?, ?, ?, ?, ?)
2024-07-17 08:14:58,734 WARN o.h.e.j.s.SqlExceptionHelper [main] SQL Error: 1048, SQLState: 23000
2024-07-17 08:14:58,734 ERROR o.h.e.j.s.SqlExceptionHelper [main] Column 'address' cannot be null
2024-07-17 08:14:58,735 ERROR c.g.a.c.PublicationController [main] could not execute statement [Column 'address' cannot be null] [insert into plantation (address,area,details,harvest_type,irrigation_type,production_type) values (?,?,?,?,?,?)]; SQL [insert into plantation (address,area,details,harvest_type,irrigation_type,production_type) values (?,?,?,?,?,?)]; constraint [null]
Hibernate: 
    select
        u1_0.id,
        u1_0.address,
        u1_0.email,
        u1_0.lastname,
        u1_0.name,
        u1_0.password,
        u1_0.user_type_id 
    from
        user u1_0 
    where
        u1_0.email=?
Hibernate: 
    select
        ut1_0.id,
        ut1_0.type 
    from
        user_type ut1_0 
    where
        ut1_0.id=?
Hibernate: 
    select
        u1_0.id,
        u1_0.address,
        u1_0.email,
        u1_0.lastname,
        u1_0.name,
        u1_0.password,
        u1_0.user_type_id 
    from
        user u1_0 
    where
        u1_0.email=?
Hibernate: 
    select
        ut1_0.id,
        ut1_0.type 
    from
        user_type ut1_0 
    where
        ut1_0.id=?
Hibernate: 
    insert 
    into
        plantation
        (address, area, details, harvest_type, irrigation_type, production_type) 
    values
        (?, ?, ?, ?, ?, ?)
2024-07-17 08:14:58,752 WARN o.h.e.j.s.SqlExceptionHelper [main] SQL Error: 1048, SQLState: 23000
2024-07-17 08:14:58,752 ERROR o.h.e.j.s.SqlExceptionHelper [main] Column 'address' cannot be null
2024-07-17 08:14:58,754 ERROR c.g.a.c.PublicationController [main] could not execute statement [Column 'address' cannot be null] [insert into plantation (address,area,details,harvest_type,irrigation_type,production_type) values (?,?,?,?,?,?)]; SQL [insert into plantation (address,area,details,harvest_type,irrigation_type,production_type) values (?,?,?,?,?,?)]; constraint [null]
Hibernate: 
    select
        u1_0.id,
        u1_0.address,
        u1_0.email,
        u1_0.lastname,
        u1_0.name,
        u1_0.password,
        u1_0.user_type_id 
    from
        user u1_0 
    where
        u1_0.email=?
Hibernate: 
    select
        ut1_0.id,
        ut1_0.type 
    from
        user_type ut1_0 
    where
        ut1_0.id=?
Hibernate: 
    select
        u1_0.id,
        u1_0.address,
        u1_0.email,
        u1_0.lastname,
        u1_0.name,
        u1_0.password,
        u1_0.user_type_id 
    from
        user u1_0 
    where
        u1_0.email=?
Hibernate: 
    select
        ut1_0.id,
        ut1_0.type 
    from
        user_type ut1_0 
    where
        ut1_0.id=?
Hibernate: 
    insert 
    into
        plantation
        (address, area, details, harvest_type, irrigation_type, production_type) 
    values
        (?, ?, ?, ?, ?, ?)
2024-07-17 08:14:58,770 WARN o.h.e.j.s.SqlExceptionHelper [main] SQL Error: 1048, SQLState: 23000
2024-07-17 08:14:58,770 ERROR o.h.e.j.s.SqlExceptionHelper [main] Column 'address' cannot be null
2024-07-17 08:14:58,772 ERROR c.g.a.c.PublicationController [main] could not execute statement [Column 'address' cannot be null] [insert into plantation (address,area,details,harvest_type,irrigation_type,production_type) values (?,?,?,?,?,?)]; SQL [insert into plantation (address,area,details,harvest_type,irrigation_type,production_type) values (?,?,?,?,?,?)]; constraint [null]
Hibernate: 
    select
        u1_0.id,
        u1_0.address,
        u1_0.email,
        u1_0.lastname,
        u1_0.name,
        u1_0.password,
        u1_0.user_type_id 
    from
        user u1_0 
    where
        u1_0.email=?
Hibernate: 
    select
        ut1_0.id,
        ut1_0.type 
    from
        user_type ut1_0 
    where
        ut1_0.id=?
Hibernate: 
    select
        u1_0.id,
        u1_0.address,
        u1_0.email,
        u1_0.lastname,
        u1_0.name,
        u1_0.password,
        u1_0.user_type_id 
    from
        user u1_0 
    where
        u1_0.email=?
Hibernate: 
    select
        ut1_0.id,
        ut1_0.type 
    from
        user_type ut1_0 
    where
        ut1_0.id=?
Hibernate: 
    insert 
    into
        plantation
        (address, area, details, harvest_type, irrigation_type, production_type) 
    values
        (?, ?, ?, ?, ?, ?)
2024-07-17 08:14:58,793 WARN o.h.e.j.s.SqlExceptionHelper [main] SQL Error: 1048, SQLState: 23000
2024-07-17 08:14:58,794 ERROR o.h.e.j.s.SqlExceptionHelper [main] Column 'address' cannot be null
2024-07-17 08:14:58,795 ERROR c.g.a.c.PublicationController [main] could not execute statement [Column 'address' cannot be null] [insert into plantation (address,area,details,harvest_type,irrigation_type,production_type) values (?,?,?,?,?,?)]; SQL [insert into plantation (address,area,details,harvest_type,irrigation_type,production_type) values (?,?,?,?,?,?)]; constraint [null]
Hibernate: 
    select
        u1_0.id,
        u1_0.address,
        u1_0.email,
        u1_0.lastname,
        u1_0.name,
        u1_0.password,
        u1_0.user_type_id 
    from
        user u1_0 
    where
        u1_0.email=?
Hibernate: 
    select
        ut1_0.id,
        ut1_0.type 
    from
        user_type ut1_0 
    where
        ut1_0.id=?
Hibernate: 
    select
        u1_0.id,
        u1_0.address,
        u1_0.email,
        u1_0.lastname,
        u1_0.name,
        u1_0.password,
        u1_0.user_type_id 
    from
        user u1_0 
    where
        u1_0.email=?
Hibernate: 
    select
        ut1_0.id,
        ut1_0.type 
    from
        user_type ut1_0 
    where
        ut1_0.id=?
Hibernate: 
    insert 
    into
        plantation
        (address, area, details, harvest_type, irrigation_type, production_type) 
    values
        (?, ?, ?, ?, ?, ?)
2024-07-17 08:14:58,812 WARN o.h.e.j.s.SqlExceptionHelper [main] SQL Error: 1048, SQLState: 23000
2024-07-17 08:14:58,812 ERROR o.h.e.j.s.SqlExceptionHelper [main] Column 'address' cannot be null
2024-07-17 08:14:58,814 ERROR c.g.a.c.PublicationController [main] could not execute statement [Column 'address' cannot be null] [insert into plantation (address,area,details,harvest_type,irrigation_type,production_type) values (?,?,?,?,?,?)]; SQL [insert into plantation (address,area,details,harvest_type,irrigation_type,production_type) values (?,?,?,?,?,?)]; constraint [null]
Hibernate: 
    select
        u1_0.id,
        u1_0.address,
        u1_0.email,
        u1_0.lastname,
        u1_0.name,
        u1_0.password,
        u1_0.user_type_id 
    from
        user u1_0 
    where
        u1_0.email=?
Hibernate: 
    select
        ut1_0.id,
        ut1_0.type 
    from
        user_type ut1_0 
    where
        ut1_0.id=?
Hibernate: 
    select
        u1_0.id,
        u1_0.address,
        u1_0.email,
        u1_0.lastname,
        u1_0.name,
        u1_0.password,
        u1_0.user_type_id 
    from
        user u1_0 
    where
        u1_0.email=?
Hibernate: 
    select
        ut1_0.id,
        ut1_0.type 
    from
        user_type ut1_0 
    where
        ut1_0.id=?
Hibernate: 
    insert 
    into
        plantation
        (address, area, details, harvest_type, irrigation_type, production_type) 
    values
        (?, ?, ?, ?, ?, ?)
2024-07-17 08:14:58,830 WARN o.h.e.j.s.SqlExceptionHelper [main] SQL Error: 1048, SQLState: 23000
2024-07-17 08:14:58,831 ERROR o.h.e.j.s.SqlExceptionHelper [main] Column 'address' cannot be null
2024-07-17 08:14:58,832 ERROR c.g.a.c.PublicationController [main] could not execute statement [Column 'address' cannot be null] [insert into plantation (address,area,details,harvest_type,irrigation_type,production_type) values (?,?,?,?,?,?)]; SQL [insert into plantation (address,area,details,harvest_type,irrigation_type,production_type) values (?,?,?,?,?,?)]; constraint [null]
Hibernate: 
    select
        u1_0.id,
        u1_0.address,
        u1_0.email,
        u1_0.lastname,
        u1_0.name,
        u1_0.password,
        u1_0.user_type_id 
    from
        user u1_0 
    where
        u1_0.email=?
Hibernate: 
    select
        ut1_0.id,
        ut1_0.type 
    from
        user_type ut1_0 
    where
        ut1_0.id=?
Hibernate: 
    select
        u1_0.id,
        u1_0.address,
        u1_0.email,
        u1_0.lastname,
        u1_0.name,
        u1_0.password,
        u1_0.user_type_id 
    from
        user u1_0 
    where
        u1_0.email=?
Hibernate: 
    select
        ut1_0.id,
        ut1_0.type 
    from
        user_type ut1_0 
    where
        ut1_0.id=?
Hibernate: 
    insert 
    into
        plantation
        (address, area, details, harvest_type, irrigation_type, production_type) 
    values
        (?, ?, ?, ?, ?, ?)
2024-07-17 08:14:58,847 WARN o.h.e.j.s.SqlExceptionHelper [main] SQL Error: 1048, SQLState: 23000
2024-07-17 08:14:58,847 ERROR o.h.e.j.s.SqlExceptionHelper [main] Column 'address' cannot be null
2024-07-17 08:14:58,848 ERROR c.g.a.c.PublicationController [main] could not execute statement [Column 'address' cannot be null] [insert into plantation (address,area,details,harvest_type,irrigation_type,production_type) values (?,?,?,?,?,?)]; SQL [insert into plantation (address,area,details,harvest_type,irrigation_type,production_type) values (?,?,?,?,?,?)]; constraint [null]
Hibernate: 
    select
        u1_0.id,
        u1_0.address,
        u1_0.email,
        u1_0.lastname,
        u1_0.name,
        u1_0.password,
        u1_0.user_type_id 
    from
        user u1_0 
    where
        u1_0.email=?
Hibernate: 
    select
        ut1_0.id,
        ut1_0.type 
    from
        user_type ut1_0 
    where
        ut1_0.id=?
Hibernate: 
    select
        u1_0.id,
        u1_0.address,
        u1_0.email,
        u1_0.lastname,
        u1_0.name,
        u1_0.password,
        u1_0.user_type_id 
    from
        user u1_0 
    where
        u1_0.email=?
Hibernate: 
    select
        ut1_0.id,
        ut1_0.type 
    from
        user_type ut1_0 
    where
        ut1_0.id=?
Hibernate: 
    insert 
    into
        plantation
        (address, area, details, harvest_type, irrigation_type, production_type) 
    values
        (?, ?, ?, ?, ?, ?)
2024-07-17 08:14:58,864 WARN o.h.e.j.s.SqlExceptionHelper [main] SQL Error: 1048, SQLState: 23000
2024-07-17 08:14:58,864 ERROR o.h.e.j.s.SqlExceptionHelper [main] Column 'address' cannot be null
2024-07-17 08:14:58,866 ERROR c.g.a.c.PublicationController [main] could not execute statement [Column 'address' cannot be null] [insert into plantation (address,area,details,harvest_type,irrigation_type,production_type) values (?,?,?,?,?,?)]; SQL [insert into plantation (address,area,details,harvest_type,irrigation_type,production_type) values (?,?,?,?,?,?)]; constraint [null]
Hibernate: 
    select
        u1_0.id,
        u1_0.address,
        u1_0.email,
        u1_0.lastname,
        u1_0.name,
        u1_0.password,
        u1_0.user_type_id 
    from
        user u1_0 
    where
        u1_0.email=?
Hibernate: 
    select
        ut1_0.id,
        ut1_0.type 
    from
        user_type ut1_0 
    where
        ut1_0.id=?
Hibernate: 
    select
        u1_0.id,
        u1_0.address,
        u1_0.email,
        u1_0.lastname,
        u1_0.name,
        u1_0.password,
        u1_0.user_type_id 
    from
        user u1_0 
    where
        u1_0.email=?
Hibernate: 
    select
        ut1_0.id,
        ut1_0.type 
    from
        user_type ut1_0 
    where
        ut1_0.id=?
Hibernate: 
    insert 
    into
        plantation
        (address, area, details, harvest_type, irrigation_type, production_type) 
    values
        (?, ?, ?, ?, ?, ?)
2024-07-17 08:14:58,881 WARN o.h.e.j.s.SqlExceptionHelper [main] SQL Error: 1048, SQLState: 23000
2024-07-17 08:14:58,881 ERROR o.h.e.j.s.SqlExceptionHelper [main] Column 'address' cannot be null
2024-07-17 08:14:58,882 ERROR c.g.a.c.PublicationController [main] could not execute statement [Column 'address' cannot be null] [insert into plantation (address,area,details,harvest_type,irrigation_type,production_type) values (?,?,?,?,?,?)]; SQL [insert into plantation (address,area,details,harvest_type,irrigation_type,production_type) values (?,?,?,?,?,?)]; constraint [null]
Hibernate: 
    select
        u1_0.id,
        u1_0.address,
        u1_0.email,
        u1_0.lastname,
        u1_0.name,
        u1_0.password,
        u1_0.user_type_id 
    from
        user u1_0 
    where
        u1_0.email=?
Hibernate: 
    select
        ut1_0.id,
        ut1_0.type 
    from
        user_type ut1_0 
    where
        ut1_0.id=?
Hibernate: 
    select
        u1_0.id,
        u1_0.address,
        u1_0.email,
        u1_0.lastname,
        u1_0.name,
        u1_0.password,
        u1_0.user_type_id 
    from
        user u1_0 
    where
        u1_0.email=?
Hibernate: 
    select
        ut1_0.id,
        ut1_0.type 
    from
        user_type ut1_0 
    where
        ut1_0.id=?
Hibernate: 
    insert 
    into
        plantation
        (address, area, details, harvest_type, irrigation_type, production_type) 
    values
        (?, ?, ?, ?, ?, ?)
2024-07-17 08:14:58,896 WARN o.h.e.j.s.SqlExceptionHelper [main] SQL Error: 1048, SQLState: 23000
2024-07-17 08:14:58,896 ERROR o.h.e.j.s.SqlExceptionHelper [main] Column 'address' cannot be null
2024-07-17 08:14:58,897 ERROR c.g.a.c.PublicationController [main] could not execute statement [Column 'address' cannot be null] [insert into plantation (address,area,details,harvest_type,irrigation_type,production_type) values (?,?,?,?,?,?)]; SQL [insert into plantation (address,area,details,harvest_type,irrigation_type,production_type) values (?,?,?,?,?,?)]; constraint [null]
Hibernate: 
    select
        u1_0.id,
        u1_0.address,
        u1_0.email,
        u1_0.lastname,
        u1_0.name,
        u1_0.password,
        u1_0.user_type_id 
    from
        user u1_0 
    where
        u1_0.email=?
Hibernate: 
    select
        ut1_0.id,
        ut1_0.type 
    from
        user_type ut1_0 
    where
        ut1_0.id=?
Hibernate: 
    select
        u1_0.id,
        u1_0.address,
        u1_0.email,
        u1_0.lastname,
        u1_0.name,
        u1_0.password,
        u1_0.user_type_id 
    from
        user u1_0 
    where
        u1_0.email=?
Hibernate: 
    select
        ut1_0.id,
        ut1_0.type 
    from
        user_type ut1_0 
    where
        ut1_0.id=?
Hibernate: 
    insert 
    into
        plantation
        (address, area, details, harvest_type, irrigation_type, production_type) 
    values
        (?, ?, ?, ?, ?, ?)
2024-07-17 08:14:58,910 WARN o.h.e.j.s.SqlExceptionHelper [main] SQL Error: 1048, SQLState: 23000
2024-07-17 08:14:58,910 ERROR o.h.e.j.s.SqlExceptionHelper [main] Column 'address' cannot be null
2024-07-17 08:14:58,912 ERROR c.g.a.c.PublicationController [main] could not execute statement [Column 'address' cannot be null] [insert into plantation (address,area,details,harvest_type,irrigation_type,production_type) values (?,?,?,?,?,?)]; SQL [insert into plantation (address,area,details,harvest_type,irrigation_type,production_type) values (?,?,?,?,?,?)]; constraint [null]
Hibernate: 
    select
        u1_0.id,
        u1_0.address,
        u1_0.email,
        u1_0.lastname,
        u1_0.name,
        u1_0.password,
        u1_0.user_type_id 
    from
        user u1_0 
    where
        u1_0.email=?
Hibernate: 
    select
        ut1_0.id,
        ut1_0.type 
    from
        user_type ut1_0 
    where
        ut1_0.id=?
Hibernate: 
    select
        u1_0.id,
        u1_0.address,
        u1_0.email,
        u1_0.lastname,
        u1_0.name,
        u1_0.password,
        u1_0.user_type_id 
    from
        user u1_0 
    where
        u1_0.email=?
Hibernate: 
    select
        ut1_0.id,
        ut1_0.type 
    from
        user_type ut1_0 
    where
        ut1_0.id=?
Hibernate: 
    insert 
    into
        plantation
        (address, area, details, harvest_type, irrigation_type, production_type) 
    values
        (?, ?, ?, ?, ?, ?)
2024-07-17 08:14:58,928 WARN o.h.e.j.s.SqlExceptionHelper [main] SQL Error: 1048, SQLState: 23000
2024-07-17 08:14:58,928 ERROR o.h.e.j.s.SqlExceptionHelper [main] Column 'address' cannot be null
2024-07-17 08:14:58,930 ERROR c.g.a.c.PublicationController [main] could not execute statement [Column 'address' cannot be null] [insert into plantation (address,area,details,harvest_type,irrigation_type,production_type) values (?,?,?,?,?,?)]; SQL [insert into plantation (address,area,details,harvest_type,irrigation_type,production_type) values (?,?,?,?,?,?)]; constraint [null]
Hibernate: 
    select
        u1_0.id,
        u1_0.address,
        u1_0.email,
        u1_0.lastname,
        u1_0.name,
        u1_0.password,
        u1_0.user_type_id 
    from
        user u1_0 
    where
        u1_0.email=?
Hibernate: 
    select
        ut1_0.id,
        ut1_0.type 
    from
        user_type ut1_0 
    where
        ut1_0.id=?
Hibernate: 
    select
        u1_0.id,
        u1_0.address,
        u1_0.email,
        u1_0.lastname,
        u1_0.name,
        u1_0.password,
        u1_0.user_type_id 
    from
        user u1_0 
    where
        u1_0.email=?
Hibernate: 
    select
        ut1_0.id,
        ut1_0.type 
    from
        user_type ut1_0 
    where
        ut1_0.id=?
Hibernate: 
    insert 
    into
        plantation
        (address, area, details, harvest_type, irrigation_type, production_type) 
    values
        (?, ?, ?, ?, ?, ?)
2024-07-17 08:14:58,945 WARN o.h.e.j.s.SqlExceptionHelper [main] SQL Error: 1048, SQLState: 23000
2024-07-17 08:14:58,945 ERROR o.h.e.j.s.SqlExceptionHelper [main] Column 'address' cannot be null
2024-07-17 08:14:58,946 ERROR c.g.a.c.PublicationController [main] could not execute statement [Column 'address' cannot be null] [insert into plantation (address,area,details,harvest_type,irrigation_type,production_type) values (?,?,?,?,?,?)]; SQL [insert into plantation (address,area,details,harvest_type,irrigation_type,production_type) values (?,?,?,?,?,?)]; constraint [null]
Hibernate: 
    select
        u1_0.id,
        u1_0.address,
        u1_0.email,
        u1_0.lastname,
        u1_0.name,
        u1_0.password,
        u1_0.user_type_id 
    from
        user u1_0 
    where
        u1_0.email=?
Hibernate: 
    select
        ut1_0.id,
        ut1_0.type 
    from
        user_type ut1_0 
    where
        ut1_0.id=?
Hibernate: 
    select
        u1_0.id,
        u1_0.address,
        u1_0.email,
        u1_0.lastname,
        u1_0.name,
        u1_0.password,
        u1_0.user_type_id 
    from
        user u1_0 
    where
        u1_0.email=?
Hibernate: 
    select
        ut1_0.id,
        ut1_0.type 
    from
        user_type ut1_0 
    where
        ut1_0.id=?
Hibernate: 
    insert 
    into
        plantation
        (address, area, details, harvest_type, irrigation_type, production_type) 
    values
        (?, ?, ?, ?, ?, ?)
2024-07-17 08:14:58,960 WARN o.h.e.j.s.SqlExceptionHelper [main] SQL Error: 1048, SQLState: 23000
2024-07-17 08:14:58,961 ERROR o.h.e.j.s.SqlExceptionHelper [main] Column 'address' cannot be null
2024-07-17 08:14:58,962 ERROR c.g.a.c.PublicationController [main] could not execute statement [Column 'address' cannot be null] [insert into plantation (address,area,details,harvest_type,irrigation_type,production_type) values (?,?,?,?,?,?)]; SQL [insert into plantation (address,area,details,harvest_type,irrigation_type,production_type) values (?,?,?,?,?,?)]; constraint [null]
Hibernate: 
    select
        u1_0.id,
        u1_0.address,
        u1_0.email,
        u1_0.lastname,
        u1_0.name,
        u1_0.password,
        u1_0.user_type_id 
    from
        user u1_0 
    where
        u1_0.email=?
Hibernate: 
    select
        ut1_0.id,
        ut1_0.type 
    from
        user_type ut1_0 
    where
        ut1_0.id=?
Hibernate: 
    select
        u1_0.id,
        u1_0.address,
        u1_0.email,
        u1_0.lastname,
        u1_0.name,
        u1_0.password,
        u1_0.user_type_id 
    from
        user u1_0 
    where
        u1_0.email=?
Hibernate: 
    select
        ut1_0.id,
        ut1_0.type 
    from
        user_type ut1_0 
    where
        ut1_0.id=?
Hibernate: 
    insert 
    into
        plantation
        (address, area, details, harvest_type, irrigation_type, production_type) 
    values
        (?, ?, ?, ?, ?, ?)
2024-07-17 08:14:58,976 WARN o.h.e.j.s.SqlExceptionHelper [main] SQL Error: 1048, SQLState: 23000
2024-07-17 08:14:58,976 ERROR o.h.e.j.s.SqlExceptionHelper [main] Column 'address' cannot be null
2024-07-17 08:14:58,979 ERROR c.g.a.c.PublicationController [main] could not execute statement [Column 'address' cannot be null] [insert into plantation (address,area,details,harvest_type,irrigation_type,production_type) values (?,?,?,?,?,?)]; SQL [insert into plantation (address,area,details,harvest_type,irrigation_type,production_type) values (?,?,?,?,?,?)]; constraint [null]
Hibernate: 
    select
        u1_0.id,
        u1_0.address,
        u1_0.email,
        u1_0.lastname,
        u1_0.name,
        u1_0.password,
        u1_0.user_type_id 
    from
        user u1_0 
    where
        u1_0.email=?
Hibernate: 
    select
        ut1_0.id,
        ut1_0.type 
    from
        user_type ut1_0 
    where
        ut1_0.id=?
Hibernate: 
    select
        u1_0.id,
        u1_0.address,
        u1_0.email,
        u1_0.lastname,
        u1_0.name,
        u1_0.password,
        u1_0.user_type_id 
    from
        user u1_0 
    where
        u1_0.email=?
Hibernate: 
    select
        ut1_0.id,
        ut1_0.type 
    from
        user_type ut1_0 
    where
        ut1_0.id=?
Hibernate: 
    insert 
    into
        plantation
        (address, area, details, harvest_type, irrigation_type, production_type) 
    values
        (?, ?, ?, ?, ?, ?)
2024-07-17 08:14:58,996 WARN o.h.e.j.s.SqlExceptionHelper [main] SQL Error: 1048, SQLState: 23000
2024-07-17 08:14:58,997 ERROR o.h.e.j.s.SqlExceptionHelper [main] Column 'address' cannot be null
2024-07-17 08:14:58,999 ERROR c.g.a.c.PublicationController [main] could not execute statement [Column 'address' cannot be null] [insert into plantation (address,area,details,harvest_type,irrigation_type,production_type) values (?,?,?,?,?,?)]; SQL [insert into plantation (address,area,details,harvest_type,irrigation_type,production_type) values (?,?,?,?,?,?)]; constraint [null]
Hibernate: 
    select
        u1_0.id,
        u1_0.address,
        u1_0.email,
        u1_0.lastname,
        u1_0.name,
        u1_0.password,
        u1_0.user_type_id 
    from
        user u1_0 
    where
        u1_0.email=?
Hibernate: 
    select
        ut1_0.id,
        ut1_0.type 
    from
        user_type ut1_0 
    where
        ut1_0.id=?
Hibernate: 
    select
        u1_0.id,
        u1_0.address,
        u1_0.email,
        u1_0.lastname,
        u1_0.name,
        u1_0.password,
        u1_0.user_type_id 
    from
        user u1_0 
    where
        u1_0.email=?
Hibernate: 
    select
        ut1_0.id,
        ut1_0.type 
    from
        user_type ut1_0 
    where
        ut1_0.id=?
Hibernate: 
    insert 
    into
        plantation
        (address, area, details, harvest_type, irrigation_type, production_type) 
    values
        (?, ?, ?, ?, ?, ?)
2024-07-17 08:14:59,023 WARN o.h.e.j.s.SqlExceptionHelper [main] SQL Error: 1048, SQLState: 23000
2024-07-17 08:14:59,023 ERROR o.h.e.j.s.SqlExceptionHelper [main] Column 'address' cannot be null
2024-07-17 08:14:59,027 ERROR c.g.a.c.PublicationController [main] could not execute statement [Column 'address' cannot be null] [insert into plantation (address,area,details,harvest_type,irrigation_type,production_type) values (?,?,?,?,?,?)]; SQL [insert into plantation (address,area,details,harvest_type,irrigation_type,production_type) values (?,?,?,?,?,?)]; constraint [null]
Hibernate: 
    select
        u1_0.id,
        u1_0.address,
        u1_0.email,
        u1_0.lastname,
        u1_0.name,
        u1_0.password,
        u1_0.user_type_id 
    from
        user u1_0 
    where
        u1_0.email=?
Hibernate: 
    select
        ut1_0.id,
        ut1_0.type 
    from
        user_type ut1_0 
    where
        ut1_0.id=?
Hibernate: 
    select
        u1_0.id,
        u1_0.address,
        u1_0.email,
        u1_0.lastname,
        u1_0.name,
        u1_0.password,
        u1_0.user_type_id 
    from
        user u1_0 
    where
        u1_0.email=?
Hibernate: 
    select
        ut1_0.id,
        ut1_0.type 
    from
        user_type ut1_0 
    where
        ut1_0.id=?
Hibernate: 
    insert 
    into
        plantation
        (address, area, details, harvest_type, irrigation_type, production_type) 
    values
        (?, ?, ?, ?, ?, ?)
2024-07-17 08:14:59,046 WARN o.h.e.j.s.SqlExceptionHelper [main] SQL Error: 1048, SQLState: 23000
2024-07-17 08:14:59,046 ERROR o.h.e.j.s.SqlExceptionHelper [main] Column 'address' cannot be null
2024-07-17 08:14:59,049 ERROR c.g.a.c.PublicationController [main] could not execute statement [Column 'address' cannot be null] [insert into plantation (address,area,details,harvest_type,irrigation_type,production_type) values (?,?,?,?,?,?)]; SQL [insert into plantation (address,area,details,harvest_type,irrigation_type,production_type) values (?,?,?,?,?,?)]; constraint [null]
Hibernate: 
    select
        u1_0.id,
        u1_0.address,
        u1_0.email,
        u1_0.lastname,
        u1_0.name,
        u1_0.password,
        u1_0.user_type_id 
    from
        user u1_0 
    where
        u1_0.email=?
Hibernate: 
    select
        ut1_0.id,
        ut1_0.type 
    from
        user_type ut1_0 
    where
        ut1_0.id=?
Hibernate: 
    select
        u1_0.id,
        u1_0.address,
        u1_0.email,
        u1_0.lastname,
        u1_0.name,
        u1_0.password,
        u1_0.user_type_id 
    from
        user u1_0 
    where
        u1_0.email=?
Hibernate: 
    select
        ut1_0.id,
        ut1_0.type 
    from
        user_type ut1_0 
    where
        ut1_0.id=?
Hibernate: 
    insert 
    into
        plantation
        (address, area, details, harvest_type, irrigation_type, production_type) 
    values
        (?, ?, ?, ?, ?, ?)
2024-07-17 08:14:59,067 WARN o.h.e.j.s.SqlExceptionHelper [main] SQL Error: 1048, SQLState: 23000
2024-07-17 08:14:59,067 ERROR o.h.e.j.s.SqlExceptionHelper [main] Column 'address' cannot be null
2024-07-17 08:14:59,068 ERROR c.g.a.c.PublicationController [main] could not execute statement [Column 'address' cannot be null] [insert into plantation (address,area,details,harvest_type,irrigation_type,production_type) values (?,?,?,?,?,?)]; SQL [insert into plantation (address,area,details,harvest_type,irrigation_type,production_type) values (?,?,?,?,?,?)]; constraint [null]
Hibernate: 
    select
        u1_0.id,
        u1_0.address,
        u1_0.email,
        u1_0.lastname,
        u1_0.name,
        u1_0.password,
        u1_0.user_type_id 
    from
        user u1_0 
    where
        u1_0.email=?
Hibernate: 
    select
        ut1_0.id,
        ut1_0.type 
    from
        user_type ut1_0 
    where
        ut1_0.id=?
Hibernate: 
    select
        u1_0.id,
        u1_0.address,
        u1_0.email,
        u1_0.lastname,
        u1_0.name,
        u1_0.password,
        u1_0.user_type_id 
    from
        user u1_0 
    where
        u1_0.email=?
Hibernate: 
    select
        ut1_0.id,
        ut1_0.type 
    from
        user_type ut1_0 
    where
        ut1_0.id=?
Hibernate: 
    insert 
    into
        plantation
        (address, area, details, harvest_type, irrigation_type, production_type) 
    values
        (?, ?, ?, ?, ?, ?)
2024-07-17 08:14:59,085 WARN o.h.e.j.s.SqlExceptionHelper [main] SQL Error: 1048, SQLState: 23000
2024-07-17 08:14:59,085 ERROR o.h.e.j.s.SqlExceptionHelper [main] Column 'address' cannot be null
2024-07-17 08:14:59,086 ERROR c.g.a.c.PublicationController [main] could not execute statement [Column 'address' cannot be null] [insert into plantation (address,area,details,harvest_type,irrigation_type,production_type) values (?,?,?,?,?,?)]; SQL [insert into plantation (address,area,details,harvest_type,irrigation_type,production_type) values (?,?,?,?,?,?)]; constraint [null]
Hibernate: 
    select
        u1_0.id,
        u1_0.address,
        u1_0.email,
        u1_0.lastname,
        u1_0.name,
        u1_0.password,
        u1_0.user_type_id 
    from
        user u1_0 
    where
        u1_0.email=?
Hibernate: 
    select
        ut1_0.id,
        ut1_0.type 
    from
        user_type ut1_0 
    where
        ut1_0.id=?
Hibernate: 
    select
        u1_0.id,
        u1_0.address,
        u1_0.email,
        u1_0.lastname,
        u1_0.name,
        u1_0.password,
        u1_0.user_type_id 
    from
        user u1_0 
    where
        u1_0.email=?
Hibernate: 
    select
        ut1_0.id,
        ut1_0.type 
    from
        user_type ut1_0 
    where
        ut1_0.id=?
Hibernate: 
    insert 
    into
        plantation
        (address, area, details, harvest_type, irrigation_type, production_type) 
    values
        (?, ?, ?, ?, ?, ?)
2024-07-17 08:14:59,103 WARN o.h.e.j.s.SqlExceptionHelper [main] SQL Error: 1048, SQLState: 23000
2024-07-17 08:14:59,103 ERROR o.h.e.j.s.SqlExceptionHelper [main] Column 'address' cannot be null
2024-07-17 08:14:59,105 ERROR c.g.a.c.PublicationController [main] could not execute statement [Column 'address' cannot be null] [insert into plantation (address,area,details,harvest_type,irrigation_type,production_type) values (?,?,?,?,?,?)]; SQL [insert into plantation (address,area,details,harvest_type,irrigation_type,production_type) values (?,?,?,?,?,?)]; constraint [null]
Hibernate: 
    select
        u1_0.id,
        u1_0.address,
        u1_0.email,
        u1_0.lastname,
        u1_0.name,
        u1_0.password,
        u1_0.user_type_id 
    from
        user u1_0 
    where
        u1_0.email=?
Hibernate: 
    select
        ut1_0.id,
        ut1_0.type 
    from
        user_type ut1_0 
    where
        ut1_0.id=?
Hibernate: 
    select
        u1_0.id,
        u1_0.address,
        u1_0.email,
        u1_0.lastname,
        u1_0.name,
        u1_0.password,
        u1_0.user_type_id 
    from
        user u1_0 
    where
        u1_0.email=?
Hibernate: 
    select
        ut1_0.id,
        ut1_0.type 
    from
        user_type ut1_0 
    where
        ut1_0.id=?
Hibernate: 
    insert 
    into
        plantation
        (address, area, details, harvest_type, irrigation_type, production_type) 
    values
        (?, ?, ?, ?, ?, ?)
2024-07-17 08:14:59,125 WARN o.h.e.j.s.SqlExceptionHelper [main] SQL Error: 1048, SQLState: 23000
2024-07-17 08:14:59,125 ERROR o.h.e.j.s.SqlExceptionHelper [main] Column 'address' cannot be null
2024-07-17 08:14:59,127 ERROR c.g.a.c.PublicationController [main] could not execute statement [Column 'address' cannot be null] [insert into plantation (address,area,details,harvest_type,irrigation_type,production_type) values (?,?,?,?,?,?)]; SQL [insert into plantation (address,area,details,harvest_type,irrigation_type,production_type) values (?,?,?,?,?,?)]; constraint [null]
Hibernate: 
    select
        u1_0.id,
        u1_0.address,
        u1_0.email,
        u1_0.lastname,
        u1_0.name,
        u1_0.password,
        u1_0.user_type_id 
    from
        user u1_0 
    where
        u1_0.email=?
Hibernate: 
    select
        ut1_0.id,
        ut1_0.type 
    from
        user_type ut1_0 
    where
        ut1_0.id=?
Hibernate: 
    select
        u1_0.id,
        u1_0.address,
        u1_0.email,
        u1_0.lastname,
        u1_0.name,
        u1_0.password,
        u1_0.user_type_id 
    from
        user u1_0 
    where
        u1_0.email=?
Hibernate: 
    select
        ut1_0.id,
        ut1_0.type 
    from
        user_type ut1_0 
    where
        ut1_0.id=?
Hibernate: 
    insert 
    into
        plantation
        (address, area, details, harvest_type, irrigation_type, production_type) 
    values
        (?, ?, ?, ?, ?, ?)
2024-07-17 08:14:59,143 WARN o.h.e.j.s.SqlExceptionHelper [main] SQL Error: 1048, SQLState: 23000
2024-07-17 08:14:59,143 ERROR o.h.e.j.s.SqlExceptionHelper [main] Column 'address' cannot be null
2024-07-17 08:14:59,144 ERROR c.g.a.c.PublicationController [main] could not execute statement [Column 'address' cannot be null] [insert into plantation (address,area,details,harvest_type,irrigation_type,production_type) values (?,?,?,?,?,?)]; SQL [insert into plantation (address,area,details,harvest_type,irrigation_type,production_type) values (?,?,?,?,?,?)]; constraint [null]
Hibernate: 
    select
        u1_0.id,
        u1_0.address,
        u1_0.email,
        u1_0.lastname,
        u1_0.name,
        u1_0.password,
        u1_0.user_type_id 
    from
        user u1_0 
    where
        u1_0.email=?
Hibernate: 
    select
        ut1_0.id,
        ut1_0.type 
    from
        user_type ut1_0 
    where
        ut1_0.id=?
Hibernate: 
    select
        u1_0.id,
        u1_0.address,
        u1_0.email,
        u1_0.lastname,
        u1_0.name,
        u1_0.password,
        u1_0.user_type_id 
    from
        user u1_0 
    where
        u1_0.email=?
Hibernate: 
    select
        ut1_0.id,
        ut1_0.type 
    from
        user_type ut1_0 
    where
        ut1_0.id=?
Hibernate: 
    insert 
    into
        plantation
        (address, area, details, harvest_type, irrigation_type, production_type) 
    values
        (?, ?, ?, ?, ?, ?)
2024-07-17 08:14:59,160 WARN o.h.e.j.s.SqlExceptionHelper [main] SQL Error: 1048, SQLState: 23000
2024-07-17 08:14:59,160 ERROR o.h.e.j.s.SqlExceptionHelper [main] Column 'address' cannot be null
2024-07-17 08:14:59,161 ERROR c.g.a.c.PublicationController [main] could not execute statement [Column 'address' cannot be null] [insert into plantation (address,area,details,harvest_type,irrigation_type,production_type) values (?,?,?,?,?,?)]; SQL [insert into plantation (address,area,details,harvest_type,irrigation_type,production_type) values (?,?,?,?,?,?)]; constraint [null]
Hibernate: 
    select
        u1_0.id,
        u1_0.address,
        u1_0.email,
        u1_0.lastname,
        u1_0.name,
        u1_0.password,
        u1_0.user_type_id 
    from
        user u1_0 
    where
        u1_0.email=?
Hibernate: 
    select
        ut1_0.id,
        ut1_0.type 
    from
        user_type ut1_0 
    where
        ut1_0.id=?
Hibernate: 
    select
        u1_0.id,
        u1_0.address,
        u1_0.email,
        u1_0.lastname,
        u1_0.name,
        u1_0.password,
        u1_0.user_type_id 
    from
        user u1_0 
    where
        u1_0.email=?
Hibernate: 
    select
        ut1_0.id,
        ut1_0.type 
    from
        user_type ut1_0 
    where
        ut1_0.id=?
Hibernate: 
    insert 
    into
        plantation
        (address, area, details, harvest_type, irrigation_type, production_type) 
    values
        (?, ?, ?, ?, ?, ?)
2024-07-17 08:14:59,176 WARN o.h.e.j.s.SqlExceptionHelper [main] SQL Error: 1048, SQLState: 23000
2024-07-17 08:14:59,176 ERROR o.h.e.j.s.SqlExceptionHelper [main] Column 'address' cannot be null
2024-07-17 08:14:59,177 ERROR c.g.a.c.PublicationController [main] could not execute statement [Column 'address' cannot be null] [insert into plantation (address,area,details,harvest_type,irrigation_type,production_type) values (?,?,?,?,?,?)]; SQL [insert into plantation (address,area,details,harvest_type,irrigation_type,production_type) values (?,?,?,?,?,?)]; constraint [null]
Hibernate: 
    select
        u1_0.id,
        u1_0.address,
        u1_0.email,
        u1_0.lastname,
        u1_0.name,
        u1_0.password,
        u1_0.user_type_id 
    from
        user u1_0 
    where
        u1_0.email=?
Hibernate: 
    select
        ut1_0.id,
        ut1_0.type 
    from
        user_type ut1_0 
    where
        ut1_0.id=?
Hibernate: 
    select
        u1_0.id,
        u1_0.address,
        u1_0.email,
        u1_0.lastname,
        u1_0.name,
        u1_0.password,
        u1_0.user_type_id 
    from
        user u1_0 
    where
        u1_0.email=?
Hibernate: 
    select
        ut1_0.id,
        ut1_0.type 
    from
        user_type ut1_0 
    where
        ut1_0.id=?
Hibernate: 
    insert 
    into
        plantation
        (address, area, details, harvest_type, irrigation_type, production_type) 
    values
        (?, ?, ?, ?, ?, ?)
2024-07-17 08:14:59,192 WARN o.h.e.j.s.SqlExceptionHelper [main] SQL Error: 1048, SQLState: 23000
2024-07-17 08:14:59,192 ERROR o.h.e.j.s.SqlExceptionHelper [main] Column 'address' cannot be null
2024-07-17 08:14:59,194 ERROR c.g.a.c.PublicationController [main] could not execute statement [Column 'address' cannot be null] [insert into plantation (address,area,details,harvest_type,irrigation_type,production_type) values (?,?,?,?,?,?)]; SQL [insert into plantation (address,area,details,harvest_type,irrigation_type,production_type) values (?,?,?,?,?,?)]; constraint [null]
Hibernate: 
    select
        u1_0.id,
        u1_0.address,
        u1_0.email,
        u1_0.lastname,
        u1_0.name,
        u1_0.password,
        u1_0.user_type_id 
    from
        user u1_0 
    where
        u1_0.email=?
Hibernate: 
    select
        ut1_0.id,
        ut1_0.type 
    from
        user_type ut1_0 
    where
        ut1_0.id=?
Hibernate: 
    select
        u1_0.id,
        u1_0.address,
        u1_0.email,
        u1_0.lastname,
        u1_0.name,
        u1_0.password,
        u1_0.user_type_id 
    from
        user u1_0 
    where
        u1_0.email=?
Hibernate: 
    select
        ut1_0.id,
        ut1_0.type 
    from
        user_type ut1_0 
    where
        ut1_0.id=?
Hibernate: 
    insert 
    into
        plantation
        (address, area, details, harvest_type, irrigation_type, production_type) 
    values
        (?, ?, ?, ?, ?, ?)
2024-07-17 08:14:59,208 WARN o.h.e.j.s.SqlExceptionHelper [main] SQL Error: 1048, SQLState: 23000
2024-07-17 08:14:59,208 ERROR o.h.e.j.s.SqlExceptionHelper [main] Column 'address' cannot be null
2024-07-17 08:14:59,209 ERROR c.g.a.c.PublicationController [main] could not execute statement [Column 'address' cannot be null] [insert into plantation (address,area,details,harvest_type,irrigation_type,production_type) values (?,?,?,?,?,?)]; SQL [insert into plantation (address,area,details,harvest_type,irrigation_type,production_type) values (?,?,?,?,?,?)]; constraint [null]
Hibernate: 
    select
        u1_0.id,
        u1_0.address,
        u1_0.email,
        u1_0.lastname,
        u1_0.name,
        u1_0.password,
        u1_0.user_type_id 
    from
        user u1_0 
    where
        u1_0.email=?
Hibernate: 
    select
        ut1_0.id,
        ut1_0.type 
    from
        user_type ut1_0 
    where
        ut1_0.id=?
Hibernate: 
    select
        u1_0.id,
        u1_0.address,
        u1_0.email,
        u1_0.lastname,
        u1_0.name,
        u1_0.password,
        u1_0.user_type_id 
    from
        user u1_0 
    where
        u1_0.email=?
Hibernate: 
    select
        ut1_0.id,
        ut1_0.type 
    from
        user_type ut1_0 
    where
        ut1_0.id=?
Hibernate: 
    insert 
    into
        plantation
        (address, area, details, harvest_type, irrigation_type, production_type) 
    values
        (?, ?, ?, ?, ?, ?)
2024-07-17 08:14:59,226 WARN o.h.e.j.s.SqlExceptionHelper [main] SQL Error: 1048, SQLState: 23000
2024-07-17 08:14:59,227 ERROR o.h.e.j.s.SqlExceptionHelper [main] Column 'address' cannot be null
2024-07-17 08:14:59,228 ERROR c.g.a.c.PublicationController [main] could not execute statement [Column 'address' cannot be null] [insert into plantation (address,area,details,harvest_type,irrigation_type,production_type) values (?,?,?,?,?,?)]; SQL [insert into plantation (address,area,details,harvest_type,irrigation_type,production_type) values (?,?,?,?,?,?)]; constraint [null]
Hibernate: 
    select
        u1_0.id,
        u1_0.address,
        u1_0.email,
        u1_0.lastname,
        u1_0.name,
        u1_0.password,
        u1_0.user_type_id 
    from
        user u1_0 
    where
        u1_0.email=?
Hibernate: 
    select
        ut1_0.id,
        ut1_0.type 
    from
        user_type ut1_0 
    where
        ut1_0.id=?
Hibernate: 
    select
        u1_0.id,
        u1_0.address,
        u1_0.email,
        u1_0.lastname,
        u1_0.name,
        u1_0.password,
        u1_0.user_type_id 
    from
        user u1_0 
    where
        u1_0.email=?
Hibernate: 
    select
        ut1_0.id,
        ut1_0.type 
    from
        user_type ut1_0 
    where
        ut1_0.id=?
Hibernate: 
    insert 
    into
        plantation
        (address, area, details, harvest_type, irrigation_type, production_type) 
    values
        (?, ?, ?, ?, ?, ?)
2024-07-17 08:14:59,242 WARN o.h.e.j.s.SqlExceptionHelper [main] SQL Error: 1048, SQLState: 23000
2024-07-17 08:14:59,242 ERROR o.h.e.j.s.SqlExceptionHelper [main] Column 'address' cannot be null
2024-07-17 08:14:59,244 ERROR c.g.a.c.PublicationController [main] could not execute statement [Column 'address' cannot be null] [insert into plantation (address,area,details,harvest_type,irrigation_type,production_type) values (?,?,?,?,?,?)]; SQL [insert into plantation (address,area,details,harvest_type,irrigation_type,production_type) values (?,?,?,?,?,?)]; constraint [null]
Hibernate: 
    select
        u1_0.id,
        u1_0.address,
        u1_0.email,
        u1_0.lastname,
        u1_0.name,
        u1_0.password,
        u1_0.user_type_id 
    from
        user u1_0 
    where
        u1_0.email=?
Hibernate: 
    select
        ut1_0.id,
        ut1_0.type 
    from
        user_type ut1_0 
    where
        ut1_0.id=?
Hibernate: 
    select
        u1_0.id,
        u1_0.address,
        u1_0.email,
        u1_0.lastname,
        u1_0.name,
        u1_0.password,
        u1_0.user_type_id 
    from
        user u1_0 
    where
        u1_0.email=?
Hibernate: 
    select
        ut1_0.id,
        ut1_0.type 
    from
        user_type ut1_0 
    where
        ut1_0.id=?
Hibernate: 
    insert 
    into
        plantation
        (address, area, details, harvest_type, irrigation_type, production_type) 
    values
        (?, ?, ?, ?, ?, ?)
2024-07-17 08:14:59,259 WARN o.h.e.j.s.SqlExceptionHelper [main] SQL Error: 1048, SQLState: 23000
2024-07-17 08:14:59,259 ERROR o.h.e.j.s.SqlExceptionHelper [main] Column 'address' cannot be null
2024-07-17 08:14:59,261 ERROR c.g.a.c.PublicationController [main] could not execute statement [Column 'address' cannot be null] [insert into plantation (address,area,details,harvest_type,irrigation_type,production_type) values (?,?,?,?,?,?)]; SQL [insert into plantation (address,area,details,harvest_type,irrigation_type,production_type) values (?,?,?,?,?,?)]; constraint [null]
Hibernate: 
    select
        u1_0.id,
        u1_0.address,
        u1_0.email,
        u1_0.lastname,
        u1_0.name,
        u1_0.password,
        u1_0.user_type_id 
    from
        user u1_0 
    where
        u1_0.email=?
Hibernate: 
    select
        ut1_0.id,
        ut1_0.type 
    from
        user_type ut1_0 
    where
        ut1_0.id=?
Hibernate: 
    select
        u1_0.id,
        u1_0.address,
        u1_0.email,
        u1_0.lastname,
        u1_0.name,
        u1_0.password,
        u1_0.user_type_id 
    from
        user u1_0 
    where
        u1_0.email=?
Hibernate: 
    select
        ut1_0.id,
        ut1_0.type 
    from
        user_type ut1_0 
    where
        ut1_0.id=?
Hibernate: 
    insert 
    into
        plantation
        (address, area, details, harvest_type, irrigation_type, production_type) 
    values
        (?, ?, ?, ?, ?, ?)
2024-07-17 08:14:59,275 WARN o.h.e.j.s.SqlExceptionHelper [main] SQL Error: 1048, SQLState: 23000
2024-07-17 08:14:59,275 ERROR o.h.e.j.s.SqlExceptionHelper [main] Column 'address' cannot be null
2024-07-17 08:14:59,276 ERROR c.g.a.c.PublicationController [main] could not execute statement [Column 'address' cannot be null] [insert into plantation (address,area,details,harvest_type,irrigation_type,production_type) values (?,?,?,?,?,?)]; SQL [insert into plantation (address,area,details,harvest_type,irrigation_type,production_type) values (?,?,?,?,?,?)]; constraint [null]
Hibernate: 
    select
        u1_0.id,
        u1_0.address,
        u1_0.email,
        u1_0.lastname,
        u1_0.name,
        u1_0.password,
        u1_0.user_type_id 
    from
        user u1_0 
    where
        u1_0.email=?
Hibernate: 
    select
        ut1_0.id,
        ut1_0.type 
    from
        user_type ut1_0 
    where
        ut1_0.id=?
Hibernate: 
    select
        u1_0.id,
        u1_0.address,
        u1_0.email,
        u1_0.lastname,
        u1_0.name,
        u1_0.password,
        u1_0.user_type_id 
    from
        user u1_0 
    where
        u1_0.email=?
Hibernate: 
    select
        ut1_0.id,
        ut1_0.type 
    from
        user_type ut1_0 
    where
        ut1_0.id=?
Hibernate: 
    insert 
    into
        plantation
        (address, area, details, harvest_type, irrigation_type, production_type) 
    values
        (?, ?, ?, ?, ?, ?)
2024-07-17 08:14:59,289 WARN o.h.e.j.s.SqlExceptionHelper [main] SQL Error: 1048, SQLState: 23000
2024-07-17 08:14:59,289 ERROR o.h.e.j.s.SqlExceptionHelper [main] Column 'address' cannot be null
2024-07-17 08:14:59,290 ERROR c.g.a.c.PublicationController [main] could not execute statement [Column 'address' cannot be null] [insert into plantation (address,area,details,harvest_type,irrigation_type,production_type) values (?,?,?,?,?,?)]; SQL [insert into plantation (address,area,details,harvest_type,irrigation_type,production_type) values (?,?,?,?,?,?)]; constraint [null]
Hibernate: 
    select
        u1_0.id,
        u1_0.address,
        u1_0.email,
        u1_0.lastname,
        u1_0.name,
        u1_0.password,
        u1_0.user_type_id 
    from
        user u1_0 
    where
        u1_0.email=?
Hibernate: 
    select
        ut1_0.id,
        ut1_0.type 
    from
        user_type ut1_0 
    where
        ut1_0.id=?
Hibernate: 
    select
        u1_0.id,
        u1_0.address,
        u1_0.email,
        u1_0.lastname,
        u1_0.name,
        u1_0.password,
        u1_0.user_type_id 
    from
        user u1_0 
    where
        u1_0.email=?
Hibernate: 
    select
        ut1_0.id,
        ut1_0.type 
    from
        user_type ut1_0 
    where
        ut1_0.id=?
Hibernate: 
    insert 
    into
        plantation
        (address, area, details, harvest_type, irrigation_type, production_type) 
    values
        (?, ?, ?, ?, ?, ?)
2024-07-17 08:14:59,303 WARN o.h.e.j.s.SqlExceptionHelper [main] SQL Error: 1048, SQLState: 23000
2024-07-17 08:14:59,303 ERROR o.h.e.j.s.SqlExceptionHelper [main] Column 'address' cannot be null
2024-07-17 08:14:59,304 ERROR c.g.a.c.PublicationController [main] could not execute statement [Column 'address' cannot be null] [insert into plantation (address,area,details,harvest_type,irrigation_type,production_type) values (?,?,?,?,?,?)]; SQL [insert into plantation (address,area,details,harvest_type,irrigation_type,production_type) values (?,?,?,?,?,?)]; constraint [null]
Hibernate: 
    select
        u1_0.id,
        u1_0.address,
        u1_0.email,
        u1_0.lastname,
        u1_0.name,
        u1_0.password,
        u1_0.user_type_id 
    from
        user u1_0 
    where
        u1_0.email=?
Hibernate: 
    select
        ut1_0.id,
        ut1_0.type 
    from
        user_type ut1_0 
    where
        ut1_0.id=?
Hibernate: 
    select
        u1_0.id,
        u1_0.address,
        u1_0.email,
        u1_0.lastname,
        u1_0.name,
        u1_0.password,
        u1_0.user_type_id 
    from
        user u1_0 
    where
        u1_0.email=?
Hibernate: 
    select
        ut1_0.id,
        ut1_0.type 
    from
        user_type ut1_0 
    where
        ut1_0.id=?
Hibernate: 
    insert 
    into
        plantation
        (address, area, details, harvest_type, irrigation_type, production_type) 
    values
        (?, ?, ?, ?, ?, ?)
2024-07-17 08:14:59,318 WARN o.h.e.j.s.SqlExceptionHelper [main] SQL Error: 1048, SQLState: 23000
2024-07-17 08:14:59,318 ERROR o.h.e.j.s.SqlExceptionHelper [main] Column 'address' cannot be null
2024-07-17 08:14:59,321 ERROR c.g.a.c.PublicationController [main] could not execute statement [Column 'address' cannot be null] [insert into plantation (address,area,details,harvest_type,irrigation_type,production_type) values (?,?,?,?,?,?)]; SQL [insert into plantation (address,area,details,harvest_type,irrigation_type,production_type) values (?,?,?,?,?,?)]; constraint [null]
Hibernate: 
    select
        u1_0.id,
        u1_0.address,
        u1_0.email,
        u1_0.lastname,
        u1_0.name,
        u1_0.password,
        u1_0.user_type_id 
    from
        user u1_0 
    where
        u1_0.email=?
Hibernate: 
    select
        ut1_0.id,
        ut1_0.type 
    from
        user_type ut1_0 
    where
        ut1_0.id=?
Hibernate: 
    select
        u1_0.id,
        u1_0.address,
        u1_0.email,
        u1_0.lastname,
        u1_0.name,
        u1_0.password,
        u1_0.user_type_id 
    from
        user u1_0 
    where
        u1_0.email=?
Hibernate: 
    select
        ut1_0.id,
        ut1_0.type 
    from
        user_type ut1_0 
    where
        ut1_0.id=?
Hibernate: 
    insert 
    into
        plantation
        (address, area, details, harvest_type, irrigation_type, production_type) 
    values
        (?, ?, ?, ?, ?, ?)
2024-07-17 08:14:59,338 WARN o.h.e.j.s.SqlExceptionHelper [main] SQL Error: 1048, SQLState: 23000
2024-07-17 08:14:59,338 ERROR o.h.e.j.s.SqlExceptionHelper [main] Column 'address' cannot be null
2024-07-17 08:14:59,341 ERROR c.g.a.c.PublicationController [main] could not execute statement [Column 'address' cannot be null] [insert into plantation (address,area,details,harvest_type,irrigation_type,production_type) values (?,?,?,?,?,?)]; SQL [insert into plantation (address,area,details,harvest_type,irrigation_type,production_type) values (?,?,?,?,?,?)]; constraint [null]
Hibernate: 
    select
        u1_0.id,
        u1_0.address,
        u1_0.email,
        u1_0.lastname,
        u1_0.name,
        u1_0.password,
        u1_0.user_type_id 
    from
        user u1_0 
    where
        u1_0.email=?
Hibernate: 
    select
        ut1_0.id,
        ut1_0.type 
    from
        user_type ut1_0 
    where
        ut1_0.id=?
Hibernate: 
    select
        u1_0.id,
        u1_0.address,
        u1_0.email,
        u1_0.lastname,
        u1_0.name,
        u1_0.password,
        u1_0.user_type_id 
    from
        user u1_0 
    where
        u1_0.email=?
Hibernate: 
    select
        ut1_0.id,
        ut1_0.type 
    from
        user_type ut1_0 
    where
        ut1_0.id=?
Hibernate: 
    insert 
    into
        plantation
        (address, area, details, harvest_type, irrigation_type, production_type) 
    values
        (?, ?, ?, ?, ?, ?)
2024-07-17 08:14:59,354 WARN o.h.e.j.s.SqlExceptionHelper [main] SQL Error: 1048, SQLState: 23000
2024-07-17 08:14:59,355 ERROR o.h.e.j.s.SqlExceptionHelper [main] Column 'address' cannot be null
2024-07-17 08:14:59,356 ERROR c.g.a.c.PublicationController [main] could not execute statement [Column 'address' cannot be null] [insert into plantation (address,area,details,harvest_type,irrigation_type,production_type) values (?,?,?,?,?,?)]; SQL [insert into plantation (address,area,details,harvest_type,irrigation_type,production_type) values (?,?,?,?,?,?)]; constraint [null]
Hibernate: 
    select
        u1_0.id,
        u1_0.address,
        u1_0.email,
        u1_0.lastname,
        u1_0.name,
        u1_0.password,
        u1_0.user_type_id 
    from
        user u1_0 
    where
        u1_0.email=?
Hibernate: 
    select
        ut1_0.id,
        ut1_0.type 
    from
        user_type ut1_0 
    where
        ut1_0.id=?
Hibernate: 
    select
        u1_0.id,
        u1_0.address,
        u1_0.email,
        u1_0.lastname,
        u1_0.name,
        u1_0.password,
        u1_0.user_type_id 
    from
        user u1_0 
    where
        u1_0.email=?
Hibernate: 
    select
        ut1_0.id,
        ut1_0.type 
    from
        user_type ut1_0 
    where
        ut1_0.id=?
Hibernate: 
    insert 
    into
        plantation
        (address, area, details, harvest_type, irrigation_type, production_type) 
    values
        (?, ?, ?, ?, ?, ?)
2024-07-17 08:14:59,370 WARN o.h.e.j.s.SqlExceptionHelper [main] SQL Error: 1048, SQLState: 23000
2024-07-17 08:14:59,371 ERROR o.h.e.j.s.SqlExceptionHelper [main] Column 'address' cannot be null
2024-07-17 08:14:59,373 ERROR c.g.a.c.PublicationController [main] could not execute statement [Column 'address' cannot be null] [insert into plantation (address,area,details,harvest_type,irrigation_type,production_type) values (?,?,?,?,?,?)]; SQL [insert into plantation (address,area,details,harvest_type,irrigation_type,production_type) values (?,?,?,?,?,?)]; constraint [null]
Hibernate: 
    select
        u1_0.id,
        u1_0.address,
        u1_0.email,
        u1_0.lastname,
        u1_0.name,
        u1_0.password,
        u1_0.user_type_id 
    from
        user u1_0 
    where
        u1_0.email=?
Hibernate: 
    select
        ut1_0.id,
        ut1_0.type 
    from
        user_type ut1_0 
    where
        ut1_0.id=?
Hibernate: 
    select
        u1_0.id,
        u1_0.address,
        u1_0.email,
        u1_0.lastname,
        u1_0.name,
        u1_0.password,
        u1_0.user_type_id 
    from
        user u1_0 
    where
        u1_0.email=?
Hibernate: 
    select
        ut1_0.id,
        ut1_0.type 
    from
        user_type ut1_0 
    where
        ut1_0.id=?
Hibernate: 
    insert 
    into
        plantation
        (address, area, details, harvest_type, irrigation_type, production_type) 
    values
        (?, ?, ?, ?, ?, ?)
2024-07-17 08:14:59,386 WARN o.h.e.j.s.SqlExceptionHelper [main] SQL Error: 1048, SQLState: 23000
2024-07-17 08:14:59,387 ERROR o.h.e.j.s.SqlExceptionHelper [main] Column 'address' cannot be null
2024-07-17 08:14:59,388 ERROR c.g.a.c.PublicationController [main] could not execute statement [Column 'address' cannot be null] [insert into plantation (address,area,details,harvest_type,irrigation_type,production_type) values (?,?,?,?,?,?)]; SQL [insert into plantation (address,area,details,harvest_type,irrigation_type,production_type) values (?,?,?,?,?,?)]; constraint [null]
Hibernate: 
    select
        u1_0.id,
        u1_0.address,
        u1_0.email,
        u1_0.lastname,
        u1_0.name,
        u1_0.password,
        u1_0.user_type_id 
    from
        user u1_0 
    where
        u1_0.email=?
Hibernate: 
    select
        ut1_0.id,
        ut1_0.type 
    from
        user_type ut1_0 
    where
        ut1_0.id=?
Hibernate: 
    select
        u1_0.id,
        u1_0.address,
        u1_0.email,
        u1_0.lastname,
        u1_0.name,
        u1_0.password,
        u1_0.user_type_id 
    from
        user u1_0 
    where
        u1_0.email=?
Hibernate: 
    select
        ut1_0.id,
        ut1_0.type 
    from
        user_type ut1_0 
    where
        ut1_0.id=?
Hibernate: 
    insert 
    into
        plantation
        (address, area, details, harvest_type, irrigation_type, production_type) 
    values
        (?, ?, ?, ?, ?, ?)
2024-07-17 08:14:59,401 WARN o.h.e.j.s.SqlExceptionHelper [main] SQL Error: 1048, SQLState: 23000
2024-07-17 08:14:59,401 ERROR o.h.e.j.s.SqlExceptionHelper [main] Column 'address' cannot be null
2024-07-17 08:14:59,403 ERROR c.g.a.c.PublicationController [main] could not execute statement [Column 'address' cannot be null] [insert into plantation (address,area,details,harvest_type,irrigation_type,production_type) values (?,?,?,?,?,?)]; SQL [insert into plantation (address,area,details,harvest_type,irrigation_type,production_type) values (?,?,?,?,?,?)]; constraint [null]
Hibernate: 
    select
        u1_0.id,
        u1_0.address,
        u1_0.email,
        u1_0.lastname,
        u1_0.name,
        u1_0.password,
        u1_0.user_type_id 
    from
        user u1_0 
    where
        u1_0.email=?
Hibernate: 
    select
        ut1_0.id,
        ut1_0.type 
    from
        user_type ut1_0 
    where
        ut1_0.id=?
Hibernate: 
    select
        u1_0.id,
        u1_0.address,
        u1_0.email,
        u1_0.lastname,
        u1_0.name,
        u1_0.password,
        u1_0.user_type_id 
    from
        user u1_0 
    where
        u1_0.email=?
Hibernate: 
    select
        ut1_0.id,
        ut1_0.type 
    from
        user_type ut1_0 
    where
        ut1_0.id=?
Hibernate: 
    insert 
    into
        plantation
        (address, area, details, harvest_type, irrigation_type, production_type) 
    values
        (?, ?, ?, ?, ?, ?)
2024-07-17 08:14:59,416 WARN o.h.e.j.s.SqlExceptionHelper [main] SQL Error: 1048, SQLState: 23000
2024-07-17 08:14:59,417 ERROR o.h.e.j.s.SqlExceptionHelper [main] Column 'address' cannot be null
2024-07-17 08:14:59,418 ERROR c.g.a.c.PublicationController [main] could not execute statement [Column 'address' cannot be null] [insert into plantation (address,area,details,harvest_type,irrigation_type,production_type) values (?,?,?,?,?,?)]; SQL [insert into plantation (address,area,details,harvest_type,irrigation_type,production_type) values (?,?,?,?,?,?)]; constraint [null]
Hibernate: 
    select
        u1_0.id,
        u1_0.address,
        u1_0.email,
        u1_0.lastname,
        u1_0.name,
        u1_0.password,
        u1_0.user_type_id 
    from
        user u1_0 
    where
        u1_0.email=?
Hibernate: 
    select
        ut1_0.id,
        ut1_0.type 
    from
        user_type ut1_0 
    where
        ut1_0.id=?
Hibernate: 
    select
        u1_0.id,
        u1_0.address,
        u1_0.email,
        u1_0.lastname,
        u1_0.name,
        u1_0.password,
        u1_0.user_type_id 
    from
        user u1_0 
    where
        u1_0.email=?
Hibernate: 
    select
        ut1_0.id,
        ut1_0.type 
    from
        user_type ut1_0 
    where
        ut1_0.id=?
Hibernate: 
    insert 
    into
        plantation
        (address, area, details, harvest_type, irrigation_type, production_type) 
    values
        (?, ?, ?, ?, ?, ?)
2024-07-17 08:14:59,431 WARN o.h.e.j.s.SqlExceptionHelper [main] SQL Error: 1048, SQLState: 23000
2024-07-17 08:14:59,432 ERROR o.h.e.j.s.SqlExceptionHelper [main] Column 'address' cannot be null
2024-07-17 08:14:59,433 ERROR c.g.a.c.PublicationController [main] could not execute statement [Column 'address' cannot be null] [insert into plantation (address,area,details,harvest_type,irrigation_type,production_type) values (?,?,?,?,?,?)]; SQL [insert into plantation (address,area,details,harvest_type,irrigation_type,production_type) values (?,?,?,?,?,?)]; constraint [null]
Hibernate: 
    select
        u1_0.id,
        u1_0.address,
        u1_0.email,
        u1_0.lastname,
        u1_0.name,
        u1_0.password,
        u1_0.user_type_id 
    from
        user u1_0 
    where
        u1_0.email=?
Hibernate: 
    select
        ut1_0.id,
        ut1_0.type 
    from
        user_type ut1_0 
    where
        ut1_0.id=?
Hibernate: 
    select
        u1_0.id,
        u1_0.address,
        u1_0.email,
        u1_0.lastname,
        u1_0.name,
        u1_0.password,
        u1_0.user_type_id 
    from
        user u1_0 
    where
        u1_0.email=?
Hibernate: 
    select
        ut1_0.id,
        ut1_0.type 
    from
        user_type ut1_0 
    where
        ut1_0.id=?
Hibernate: 
    insert 
    into
        plantation
        (address, area, details, harvest_type, irrigation_type, production_type) 
    values
        (?, ?, ?, ?, ?, ?)
2024-07-17 08:14:59,447 WARN o.h.e.j.s.SqlExceptionHelper [main] SQL Error: 1048, SQLState: 23000
2024-07-17 08:14:59,447 ERROR o.h.e.j.s.SqlExceptionHelper [main] Column 'address' cannot be null
2024-07-17 08:14:59,448 ERROR c.g.a.c.PublicationController [main] could not execute statement [Column 'address' cannot be null] [insert into plantation (address,area,details,harvest_type,irrigation_type,production_type) values (?,?,?,?,?,?)]; SQL [insert into plantation (address,area,details,harvest_type,irrigation_type,production_type) values (?,?,?,?,?,?)]; constraint [null]
Hibernate: 
    select
        u1_0.id,
        u1_0.address,
        u1_0.email,
        u1_0.lastname,
        u1_0.name,
        u1_0.password,
        u1_0.user_type_id 
    from
        user u1_0 
    where
        u1_0.email=?
Hibernate: 
    select
        ut1_0.id,
        ut1_0.type 
    from
        user_type ut1_0 
    where
        ut1_0.id=?
Hibernate: 
    select
        u1_0.id,
        u1_0.address,
        u1_0.email,
        u1_0.lastname,
        u1_0.name,
        u1_0.password,
        u1_0.user_type_id 
    from
        user u1_0 
    where
        u1_0.email=?
Hibernate: 
    select
        ut1_0.id,
        ut1_0.type 
    from
        user_type ut1_0 
    where
        ut1_0.id=?
Hibernate: 
    insert 
    into
        plantation
        (address, area, details, harvest_type, irrigation_type, production_type) 
    values
        (?, ?, ?, ?, ?, ?)
2024-07-17 08:14:59,462 WARN o.h.e.j.s.SqlExceptionHelper [main] SQL Error: 1048, SQLState: 23000
2024-07-17 08:14:59,462 ERROR o.h.e.j.s.SqlExceptionHelper [main] Column 'address' cannot be null
2024-07-17 08:14:59,463 ERROR c.g.a.c.PublicationController [main] could not execute statement [Column 'address' cannot be null] [insert into plantation (address,area,details,harvest_type,irrigation_type,production_type) values (?,?,?,?,?,?)]; SQL [insert into plantation (address,area,details,harvest_type,irrigation_type,production_type) values (?,?,?,?,?,?)]; constraint [null]
Hibernate: 
    select
        u1_0.id,
        u1_0.address,
        u1_0.email,
        u1_0.lastname,
        u1_0.name,
        u1_0.password,
        u1_0.user_type_id 
    from
        user u1_0 
    where
        u1_0.email=?
Hibernate: 
    select
        ut1_0.id,
        ut1_0.type 
    from
        user_type ut1_0 
    where
        ut1_0.id=?
Hibernate: 
    select
        u1_0.id,
        u1_0.address,
        u1_0.email,
        u1_0.lastname,
        u1_0.name,
        u1_0.password,
        u1_0.user_type_id 
    from
        user u1_0 
    where
        u1_0.email=?
Hibernate: 
    select
        ut1_0.id,
        ut1_0.type 
    from
        user_type ut1_0 
    where
        ut1_0.id=?
Hibernate: 
    insert 
    into
        plantation
        (address, area, details, harvest_type, irrigation_type, production_type) 
    values
        (?, ?, ?, ?, ?, ?)
2024-07-17 08:14:59,476 WARN o.h.e.j.s.SqlExceptionHelper [main] SQL Error: 1048, SQLState: 23000
2024-07-17 08:14:59,476 ERROR o.h.e.j.s.SqlExceptionHelper [main] Column 'address' cannot be null
2024-07-17 08:14:59,477 ERROR c.g.a.c.PublicationController [main] could not execute statement [Column 'address' cannot be null] [insert into plantation (address,area,details,harvest_type,irrigation_type,production_type) values (?,?,?,?,?,?)]; SQL [insert into plantation (address,area,details,harvest_type,irrigation_type,production_type) values (?,?,?,?,?,?)]; constraint [null]
Hibernate: 
    select
        u1_0.id,
        u1_0.address,
        u1_0.email,
        u1_0.lastname,
        u1_0.name,
        u1_0.password,
        u1_0.user_type_id 
    from
        user u1_0 
    where
        u1_0.email=?
Hibernate: 
    select
        ut1_0.id,
        ut1_0.type 
    from
        user_type ut1_0 
    where
        ut1_0.id=?
Hibernate: 
    select
        u1_0.id,
        u1_0.address,
        u1_0.email,
        u1_0.lastname,
        u1_0.name,
        u1_0.password,
        u1_0.user_type_id 
    from
        user u1_0 
    where
        u1_0.email=?
Hibernate: 
    select
        ut1_0.id,
        ut1_0.type 
    from
        user_type ut1_0 
    where
        ut1_0.id=?
Hibernate: 
    insert 
    into
        plantation
        (address, area, details, harvest_type, irrigation_type, production_type) 
    values
        (?, ?, ?, ?, ?, ?)
2024-07-17 08:14:59,489 WARN o.h.e.j.s.SqlExceptionHelper [main] SQL Error: 1048, SQLState: 23000
2024-07-17 08:14:59,489 ERROR o.h.e.j.s.SqlExceptionHelper [main] Column 'address' cannot be null
2024-07-17 08:14:59,491 ERROR c.g.a.c.PublicationController [main] could not execute statement [Column 'address' cannot be null] [insert into plantation (address,area,details,harvest_type,irrigation_type,production_type) values (?,?,?,?,?,?)]; SQL [insert into plantation (address,area,details,harvest_type,irrigation_type,production_type) values (?,?,?,?,?,?)]; constraint [null]
Hibernate: 
    select
        u1_0.id,
        u1_0.address,
        u1_0.email,
        u1_0.lastname,
        u1_0.name,
        u1_0.password,
        u1_0.user_type_id 
    from
        user u1_0 
    where
        u1_0.email=?
Hibernate: 
    select
        ut1_0.id,
        ut1_0.type 
    from
        user_type ut1_0 
    where
        ut1_0.id=?
Hibernate: 
    select
        u1_0.id,
        u1_0.address,
        u1_0.email,
        u1_0.lastname,
        u1_0.name,
        u1_0.password,
        u1_0.user_type_id 
    from
        user u1_0 
    where
        u1_0.email=?
Hibernate: 
    select
        ut1_0.id,
        ut1_0.type 
    from
        user_type ut1_0 
    where
        ut1_0.id=?
Hibernate: 
    insert 
    into
        plantation
        (address, area, details, harvest_type, irrigation_type, production_type) 
    values
        (?, ?, ?, ?, ?, ?)
2024-07-17 08:14:59,502 WARN o.h.e.j.s.SqlExceptionHelper [main] SQL Error: 1048, SQLState: 23000
2024-07-17 08:14:59,502 ERROR o.h.e.j.s.SqlExceptionHelper [main] Column 'address' cannot be null
2024-07-17 08:14:59,503 ERROR c.g.a.c.PublicationController [main] could not execute statement [Column 'address' cannot be null] [insert into plantation (address,area,details,harvest_type,irrigation_type,production_type) values (?,?,?,?,?,?)]; SQL [insert into plantation (address,area,details,harvest_type,irrigation_type,production_type) values (?,?,?,?,?,?)]; constraint [null]
Hibernate: 
    select
        u1_0.id,
        u1_0.address,
        u1_0.email,
        u1_0.lastname,
        u1_0.name,
        u1_0.password,
        u1_0.user_type_id 
    from
        user u1_0 
    where
        u1_0.email=?
Hibernate: 
    select
        ut1_0.id,
        ut1_0.type 
    from
        user_type ut1_0 
    where
        ut1_0.id=?
Hibernate: 
    select
        u1_0.id,
        u1_0.address,
        u1_0.email,
        u1_0.lastname,
        u1_0.name,
        u1_0.password,
        u1_0.user_type_id 
    from
        user u1_0 
    where
        u1_0.email=?
Hibernate: 
    select
        ut1_0.id,
        ut1_0.type 
    from
        user_type ut1_0 
    where
        ut1_0.id=?
Hibernate: 
    insert 
    into
        plantation
        (address, area, details, harvest_type, irrigation_type, production_type) 
    values
        (?, ?, ?, ?, ?, ?)
2024-07-17 08:14:59,515 WARN o.h.e.j.s.SqlExceptionHelper [main] SQL Error: 1048, SQLState: 23000
2024-07-17 08:14:59,515 ERROR o.h.e.j.s.SqlExceptionHelper [main] Column 'address' cannot be null
2024-07-17 08:14:59,516 ERROR c.g.a.c.PublicationController [main] could not execute statement [Column 'address' cannot be null] [insert into plantation (address,area,details,harvest_type,irrigation_type,production_type) values (?,?,?,?,?,?)]; SQL [insert into plantation (address,area,details,harvest_type,irrigation_type,production_type) values (?,?,?,?,?,?)]; constraint [null]
Hibernate: 
    select
        u1_0.id,
        u1_0.address,
        u1_0.email,
        u1_0.lastname,
        u1_0.name,
        u1_0.password,
        u1_0.user_type_id 
    from
        user u1_0 
    where
        u1_0.email=?
Hibernate: 
    select
        ut1_0.id,
        ut1_0.type 
    from
        user_type ut1_0 
    where
        ut1_0.id=?
Hibernate: 
    select
        u1_0.id,
        u1_0.address,
        u1_0.email,
        u1_0.lastname,
        u1_0.name,
        u1_0.password,
        u1_0.user_type_id 
    from
        user u1_0 
    where
        u1_0.email=?
Hibernate: 
    select
        ut1_0.id,
        ut1_0.type 
    from
        user_type ut1_0 
    where
        ut1_0.id=?
Hibernate: 
    insert 
    into
        plantation
        (address, area, details, harvest_type, irrigation_type, production_type) 
    values
        (?, ?, ?, ?, ?, ?)
2024-07-17 08:14:59,528 WARN o.h.e.j.s.SqlExceptionHelper [main] SQL Error: 1048, SQLState: 23000
2024-07-17 08:14:59,528 ERROR o.h.e.j.s.SqlExceptionHelper [main] Column 'address' cannot be null
2024-07-17 08:14:59,529 ERROR c.g.a.c.PublicationController [main] could not execute statement [Column 'address' cannot be null] [insert into plantation (address,area,details,harvest_type,irrigation_type,production_type) values (?,?,?,?,?,?)]; SQL [insert into plantation (address,area,details,harvest_type,irrigation_type,production_type) values (?,?,?,?,?,?)]; constraint [null]
Hibernate: 
    select
        u1_0.id,
        u1_0.address,
        u1_0.email,
        u1_0.lastname,
        u1_0.name,
        u1_0.password,
        u1_0.user_type_id 
    from
        user u1_0 
    where
        u1_0.email=?
Hibernate: 
    select
        ut1_0.id,
        ut1_0.type 
    from
        user_type ut1_0 
    where
        ut1_0.id=?
Hibernate: 
    select
        u1_0.id,
        u1_0.address,
        u1_0.email,
        u1_0.lastname,
        u1_0.name,
        u1_0.password,
        u1_0.user_type_id 
    from
        user u1_0 
    where
        u1_0.email=?
Hibernate: 
    select
        ut1_0.id,
        ut1_0.type 
    from
        user_type ut1_0 
    where
        ut1_0.id=?
Hibernate: 
    insert 
    into
        plantation
        (address, area, details, harvest_type, irrigation_type, production_type) 
    values
        (?, ?, ?, ?, ?, ?)
2024-07-17 08:14:59,544 WARN o.h.e.j.s.SqlExceptionHelper [main] SQL Error: 1048, SQLState: 23000
2024-07-17 08:14:59,544 ERROR o.h.e.j.s.SqlExceptionHelper [main] Column 'address' cannot be null
2024-07-17 08:14:59,547 ERROR c.g.a.c.PublicationController [main] could not execute statement [Column 'address' cannot be null] [insert into plantation (address,area,details,harvest_type,irrigation_type,production_type) values (?,?,?,?,?,?)]; SQL [insert into plantation (address,area,details,harvest_type,irrigation_type,production_type) values (?,?,?,?,?,?)]; constraint [null]
Hibernate: 
    select
        u1_0.id,
        u1_0.address,
        u1_0.email,
        u1_0.lastname,
        u1_0.name,
        u1_0.password,
        u1_0.user_type_id 
    from
        user u1_0 
    where
        u1_0.email=?
Hibernate: 
    select
        ut1_0.id,
        ut1_0.type 
    from
        user_type ut1_0 
    where
        ut1_0.id=?
Hibernate: 
    select
        u1_0.id,
        u1_0.address,
        u1_0.email,
        u1_0.lastname,
        u1_0.name,
        u1_0.password,
        u1_0.user_type_id 
    from
        user u1_0 
    where
        u1_0.email=?
Hibernate: 
    select
        ut1_0.id,
        ut1_0.type 
    from
        user_type ut1_0 
    where
        ut1_0.id=?
Hibernate: 
    insert 
    into
        plantation
        (address, area, details, harvest_type, irrigation_type, production_type) 
    values
        (?, ?, ?, ?, ?, ?)
2024-07-17 08:14:59,563 WARN o.h.e.j.s.SqlExceptionHelper [main] SQL Error: 1048, SQLState: 23000
2024-07-17 08:14:59,563 ERROR o.h.e.j.s.SqlExceptionHelper [main] Column 'address' cannot be null
2024-07-17 08:14:59,565 ERROR c.g.a.c.PublicationController [main] could not execute statement [Column 'address' cannot be null] [insert into plantation (address,area,details,harvest_type,irrigation_type,production_type) values (?,?,?,?,?,?)]; SQL [insert into plantation (address,area,details,harvest_type,irrigation_type,production_type) values (?,?,?,?,?,?)]; constraint [null]
Hibernate: 
    select
        u1_0.id,
        u1_0.address,
        u1_0.email,
        u1_0.lastname,
        u1_0.name,
        u1_0.password,
        u1_0.user_type_id 
    from
        user u1_0 
    where
        u1_0.email=?
Hibernate: 
    select
        ut1_0.id,
        ut1_0.type 
    from
        user_type ut1_0 
    where
        ut1_0.id=?
Hibernate: 
    select
        u1_0.id,
        u1_0.address,
        u1_0.email,
        u1_0.lastname,
        u1_0.name,
        u1_0.password,
        u1_0.user_type_id 
    from
        user u1_0 
    where
        u1_0.email=?
Hibernate: 
    select
        ut1_0.id,
        ut1_0.type 
    from
        user_type ut1_0 
    where
        ut1_0.id=?
Hibernate: 
    insert 
    into
        plantation
        (address, area, details, harvest_type, irrigation_type, production_type) 
    values
        (?, ?, ?, ?, ?, ?)
2024-07-17 08:14:59,580 WARN o.h.e.j.s.SqlExceptionHelper [main] SQL Error: 1048, SQLState: 23000
2024-07-17 08:14:59,580 ERROR o.h.e.j.s.SqlExceptionHelper [main] Column 'address' cannot be null
2024-07-17 08:14:59,582 ERROR c.g.a.c.PublicationController [main] could not execute statement [Column 'address' cannot be null] [insert into plantation (address,area,details,harvest_type,irrigation_type,production_type) values (?,?,?,?,?,?)]; SQL [insert into plantation (address,area,details,harvest_type,irrigation_type,production_type) values (?,?,?,?,?,?)]; constraint [null]
Hibernate: 
    select
        u1_0.id,
        u1_0.address,
        u1_0.email,
        u1_0.lastname,
        u1_0.name,
        u1_0.password,
        u1_0.user_type_id 
    from
        user u1_0 
    where
        u1_0.email=?
Hibernate: 
    select
        ut1_0.id,
        ut1_0.type 
    from
        user_type ut1_0 
    where
        ut1_0.id=?
Hibernate: 
    select
        u1_0.id,
        u1_0.address,
        u1_0.email,
        u1_0.lastname,
        u1_0.name,
        u1_0.password,
        u1_0.user_type_id 
    from
        user u1_0 
    where
        u1_0.email=?
Hibernate: 
    select
        ut1_0.id,
        ut1_0.type 
    from
        user_type ut1_0 
    where
        ut1_0.id=?
Hibernate: 
    insert 
    into
        plantation
        (address, area, details, harvest_type, irrigation_type, production_type) 
    values
        (?, ?, ?, ?, ?, ?)
2024-07-17 08:14:59,595 WARN o.h.e.j.s.SqlExceptionHelper [main] SQL Error: 1048, SQLState: 23000
2024-07-17 08:14:59,595 ERROR o.h.e.j.s.SqlExceptionHelper [main] Column 'address' cannot be null
2024-07-17 08:14:59,597 ERROR c.g.a.c.PublicationController [main] could not execute statement [Column 'address' cannot be null] [insert into plantation (address,area,details,harvest_type,irrigation_type,production_type) values (?,?,?,?,?,?)]; SQL [insert into plantation (address,area,details,harvest_type,irrigation_type,production_type) values (?,?,?,?,?,?)]; constraint [null]
Hibernate: 
    select
        u1_0.id,
        u1_0.address,
        u1_0.email,
        u1_0.lastname,
        u1_0.name,
        u1_0.password,
        u1_0.user_type_id 
    from
        user u1_0 
    where
        u1_0.email=?
Hibernate: 
    select
        ut1_0.id,
        ut1_0.type 
    from
        user_type ut1_0 
    where
        ut1_0.id=?
Hibernate: 
    select
        u1_0.id,
        u1_0.address,
        u1_0.email,
        u1_0.lastname,
        u1_0.name,
        u1_0.password,
        u1_0.user_type_id 
    from
        user u1_0 
    where
        u1_0.email=?
Hibernate: 
    select
        ut1_0.id,
        ut1_0.type 
    from
        user_type ut1_0 
    where
        ut1_0.id=?
Hibernate: 
    insert 
    into
        plantation
        (address, area, details, harvest_type, irrigation_type, production_type) 
    values
        (?, ?, ?, ?, ?, ?)
2024-07-17 08:14:59,613 WARN o.h.e.j.s.SqlExceptionHelper [main] SQL Error: 1048, SQLState: 23000
2024-07-17 08:14:59,613 ERROR o.h.e.j.s.SqlExceptionHelper [main] Column 'address' cannot be null
2024-07-17 08:14:59,616 ERROR c.g.a.c.PublicationController [main] could not execute statement [Column 'address' cannot be null] [insert into plantation (address,area,details,harvest_type,irrigation_type,production_type) values (?,?,?,?,?,?)]; SQL [insert into plantation (address,area,details,harvest_type,irrigation_type,production_type) values (?,?,?,?,?,?)]; constraint [null]
Hibernate: 
    select
        u1_0.id,
        u1_0.address,
        u1_0.email,
        u1_0.lastname,
        u1_0.name,
        u1_0.password,
        u1_0.user_type_id 
    from
        user u1_0 
    where
        u1_0.email=?
Hibernate: 
    select
        ut1_0.id,
        ut1_0.type 
    from
        user_type ut1_0 
    where
        ut1_0.id=?
Hibernate: 
    select
        u1_0.id,
        u1_0.address,
        u1_0.email,
        u1_0.lastname,
        u1_0.name,
        u1_0.password,
        u1_0.user_type_id 
    from
        user u1_0 
    where
        u1_0.email=?
Hibernate: 
    select
        ut1_0.id,
        ut1_0.type 
    from
        user_type ut1_0 
    where
        ut1_0.id=?
Hibernate: 
    insert 
    into
        plantation
        (address, area, details, harvest_type, irrigation_type, production_type) 
    values
        (?, ?, ?, ?, ?, ?)
2024-07-17 08:14:59,632 WARN o.h.e.j.s.SqlExceptionHelper [main] SQL Error: 1048, SQLState: 23000
2024-07-17 08:14:59,633 ERROR o.h.e.j.s.SqlExceptionHelper [main] Column 'address' cannot be null
2024-07-17 08:14:59,634 ERROR c.g.a.c.PublicationController [main] could not execute statement [Column 'address' cannot be null] [insert into plantation (address,area,details,harvest_type,irrigation_type,production_type) values (?,?,?,?,?,?)]; SQL [insert into plantation (address,area,details,harvest_type,irrigation_type,production_type) values (?,?,?,?,?,?)]; constraint [null]
Hibernate: 
    select
        u1_0.id,
        u1_0.address,
        u1_0.email,
        u1_0.lastname,
        u1_0.name,
        u1_0.password,
        u1_0.user_type_id 
    from
        user u1_0 
    where
        u1_0.email=?
Hibernate: 
    select
        ut1_0.id,
        ut1_0.type 
    from
        user_type ut1_0 
    where
        ut1_0.id=?
Hibernate: 
    select
        u1_0.id,
        u1_0.address,
        u1_0.email,
        u1_0.lastname,
        u1_0.name,
        u1_0.password,
        u1_0.user_type_id 
    from
        user u1_0 
    where
        u1_0.email=?
Hibernate: 
    select
        ut1_0.id,
        ut1_0.type 
    from
        user_type ut1_0 
    where
        ut1_0.id=?
Hibernate: 
    insert 
    into
        plantation
        (address, area, details, harvest_type, irrigation_type, production_type) 
    values
        (?, ?, ?, ?, ?, ?)
2024-07-17 08:14:59,653 WARN o.h.e.j.s.SqlExceptionHelper [main] SQL Error: 1048, SQLState: 23000
2024-07-17 08:14:59,653 ERROR o.h.e.j.s.SqlExceptionHelper [main] Column 'address' cannot be null
2024-07-17 08:14:59,656 ERROR c.g.a.c.PublicationController [main] could not execute statement [Column 'address' cannot be null] [insert into plantation (address,area,details,harvest_type,irrigation_type,production_type) values (?,?,?,?,?,?)]; SQL [insert into plantation (address,area,details,harvest_type,irrigation_type,production_type) values (?,?,?,?,?,?)]; constraint [null]
Hibernate: 
    select
        u1_0.id,
        u1_0.address,
        u1_0.email,
        u1_0.lastname,
        u1_0.name,
        u1_0.password,
        u1_0.user_type_id 
    from
        user u1_0 
    where
        u1_0.email=?
Hibernate: 
    select
        ut1_0.id,
        ut1_0.type 
    from
        user_type ut1_0 
    where
        ut1_0.id=?
Hibernate: 
    select
        u1_0.id,
        u1_0.address,
        u1_0.email,
        u1_0.lastname,
        u1_0.name,
        u1_0.password,
        u1_0.user_type_id 
    from
        user u1_0 
    where
        u1_0.email=?
Hibernate: 
    select
        ut1_0.id,
        ut1_0.type 
    from
        user_type ut1_0 
    where
        ut1_0.id=?
Hibernate: 
    insert 
    into
        plantation
        (address, area, details, harvest_type, irrigation_type, production_type) 
    values
        (?, ?, ?, ?, ?, ?)
2024-07-17 08:14:59,678 WARN o.h.e.j.s.SqlExceptionHelper [main] SQL Error: 1048, SQLState: 23000
2024-07-17 08:14:59,678 ERROR o.h.e.j.s.SqlExceptionHelper [main] Column 'address' cannot be null
2024-07-17 08:14:59,680 ERROR c.g.a.c.PublicationController [main] could not execute statement [Column 'address' cannot be null] [insert into plantation (address,area,details,harvest_type,irrigation_type,production_type) values (?,?,?,?,?,?)]; SQL [insert into plantation (address,area,details,harvest_type,irrigation_type,production_type) values (?,?,?,?,?,?)]; constraint [null]
Hibernate: 
    select
        u1_0.id,
        u1_0.address,
        u1_0.email,
        u1_0.lastname,
        u1_0.name,
        u1_0.password,
        u1_0.user_type_id 
    from
        user u1_0 
    where
        u1_0.email=?
Hibernate: 
    select
        ut1_0.id,
        ut1_0.type 
    from
        user_type ut1_0 
    where
        ut1_0.id=?
Hibernate: 
    select
        u1_0.id,
        u1_0.address,
        u1_0.email,
        u1_0.lastname,
        u1_0.name,
        u1_0.password,
        u1_0.user_type_id 
    from
        user u1_0 
    where
        u1_0.email=?
Hibernate: 
    select
        ut1_0.id,
        ut1_0.type 
    from
        user_type ut1_0 
    where
        ut1_0.id=?
Hibernate: 
    insert 
    into
        plantation
        (address, area, details, harvest_type, irrigation_type, production_type) 
    values
        (?, ?, ?, ?, ?, ?)
2024-07-17 08:14:59,696 WARN o.h.e.j.s.SqlExceptionHelper [main] SQL Error: 1048, SQLState: 23000
2024-07-17 08:14:59,697 ERROR o.h.e.j.s.SqlExceptionHelper [main] Column 'address' cannot be null
2024-07-17 08:14:59,698 ERROR c.g.a.c.PublicationController [main] could not execute statement [Column 'address' cannot be null] [insert into plantation (address,area,details,harvest_type,irrigation_type,production_type) values (?,?,?,?,?,?)]; SQL [insert into plantation (address,area,details,harvest_type,irrigation_type,production_type) values (?,?,?,?,?,?)]; constraint [null]
Hibernate: 
    select
        u1_0.id,
        u1_0.address,
        u1_0.email,
        u1_0.lastname,
        u1_0.name,
        u1_0.password,
        u1_0.user_type_id 
    from
        user u1_0 
    where
        u1_0.email=?
Hibernate: 
    select
        ut1_0.id,
        ut1_0.type 
    from
        user_type ut1_0 
    where
        ut1_0.id=?
Hibernate: 
    select
        u1_0.id,
        u1_0.address,
        u1_0.email,
        u1_0.lastname,
        u1_0.name,
        u1_0.password,
        u1_0.user_type_id 
    from
        user u1_0 
    where
        u1_0.email=?
Hibernate: 
    select
        ut1_0.id,
        ut1_0.type 
    from
        user_type ut1_0 
    where
        ut1_0.id=?
Hibernate: 
    insert 
    into
        plantation
        (address, area, details, harvest_type, irrigation_type, production_type) 
    values
        (?, ?, ?, ?, ?, ?)
2024-07-17 08:14:59,712 WARN o.h.e.j.s.SqlExceptionHelper [main] SQL Error: 1048, SQLState: 23000
2024-07-17 08:14:59,712 ERROR o.h.e.j.s.SqlExceptionHelper [main] Column 'address' cannot be null
2024-07-17 08:14:59,713 ERROR c.g.a.c.PublicationController [main] could not execute statement [Column 'address' cannot be null] [insert into plantation (address,area,details,harvest_type,irrigation_type,production_type) values (?,?,?,?,?,?)]; SQL [insert into plantation (address,area,details,harvest_type,irrigation_type,production_type) values (?,?,?,?,?,?)]; constraint [null]
Hibernate: 
    select
        u1_0.id,
        u1_0.address,
        u1_0.email,
        u1_0.lastname,
        u1_0.name,
        u1_0.password,
        u1_0.user_type_id 
    from
        user u1_0 
    where
        u1_0.email=?
Hibernate: 
    select
        ut1_0.id,
        ut1_0.type 
    from
        user_type ut1_0 
    where
        ut1_0.id=?
Hibernate: 
    select
        u1_0.id,
        u1_0.address,
        u1_0.email,
        u1_0.lastname,
        u1_0.name,
        u1_0.password,
        u1_0.user_type_id 
    from
        user u1_0 
    where
        u1_0.email=?
Hibernate: 
    select
        ut1_0.id,
        ut1_0.type 
    from
        user_type ut1_0 
    where
        ut1_0.id=?
Hibernate: 
    insert 
    into
        plantation
        (address, area, details, harvest_type, irrigation_type, production_type) 
    values
        (?, ?, ?, ?, ?, ?)
2024-07-17 08:14:59,726 WARN o.h.e.j.s.SqlExceptionHelper [main] SQL Error: 1048, SQLState: 23000
2024-07-17 08:14:59,726 ERROR o.h.e.j.s.SqlExceptionHelper [main] Column 'address' cannot be null
2024-07-17 08:14:59,727 ERROR c.g.a.c.PublicationController [main] could not execute statement [Column 'address' cannot be null] [insert into plantation (address,area,details,harvest_type,irrigation_type,production_type) values (?,?,?,?,?,?)]; SQL [insert into plantation (address,area,details,harvest_type,irrigation_type,production_type) values (?,?,?,?,?,?)]; constraint [null]
Hibernate: 
    select
        u1_0.id,
        u1_0.address,
        u1_0.email,
        u1_0.lastname,
        u1_0.name,
        u1_0.password,
        u1_0.user_type_id 
    from
        user u1_0 
    where
        u1_0.email=?
Hibernate: 
    select
        ut1_0.id,
        ut1_0.type 
    from
        user_type ut1_0 
    where
        ut1_0.id=?
Hibernate: 
    select
        u1_0.id,
        u1_0.address,
        u1_0.email,
        u1_0.lastname,
        u1_0.name,
        u1_0.password,
        u1_0.user_type_id 
    from
        user u1_0 
    where
        u1_0.email=?
Hibernate: 
    select
        ut1_0.id,
        ut1_0.type 
    from
        user_type ut1_0 
    where
        ut1_0.id=?
Hibernate: 
    insert 
    into
        plantation
        (address, area, details, harvest_type, irrigation_type, production_type) 
    values
        (?, ?, ?, ?, ?, ?)
2024-07-17 08:14:59,740 WARN o.h.e.j.s.SqlExceptionHelper [main] SQL Error: 1048, SQLState: 23000
2024-07-17 08:14:59,740 ERROR o.h.e.j.s.SqlExceptionHelper [main] Column 'address' cannot be null
2024-07-17 08:14:59,741 ERROR c.g.a.c.PublicationController [main] could not execute statement [Column 'address' cannot be null] [insert into plantation (address,area,details,harvest_type,irrigation_type,production_type) values (?,?,?,?,?,?)]; SQL [insert into plantation (address,area,details,harvest_type,irrigation_type,production_type) values (?,?,?,?,?,?)]; constraint [null]
Hibernate: 
    select
        u1_0.id,
        u1_0.address,
        u1_0.email,
        u1_0.lastname,
        u1_0.name,
        u1_0.password,
        u1_0.user_type_id 
    from
        user u1_0 
    where
        u1_0.email=?
Hibernate: 
    select
        ut1_0.id,
        ut1_0.type 
    from
        user_type ut1_0 
    where
        ut1_0.id=?
Hibernate: 
    select
        u1_0.id,
        u1_0.address,
        u1_0.email,
        u1_0.lastname,
        u1_0.name,
        u1_0.password,
        u1_0.user_type_id 
    from
        user u1_0 
    where
        u1_0.email=?
Hibernate: 
    select
        ut1_0.id,
        ut1_0.type 
    from
        user_type ut1_0 
    where
        ut1_0.id=?
Hibernate: 
    insert 
    into
        plantation
        (address, area, details, harvest_type, irrigation_type, production_type) 
    values
        (?, ?, ?, ?, ?, ?)
2024-07-17 08:14:59,753 WARN o.h.e.j.s.SqlExceptionHelper [main] SQL Error: 1048, SQLState: 23000
2024-07-17 08:14:59,753 ERROR o.h.e.j.s.SqlExceptionHelper [main] Column 'address' cannot be null
2024-07-17 08:14:59,755 ERROR c.g.a.c.PublicationController [main] could not execute statement [Column 'address' cannot be null] [insert into plantation (address,area,details,harvest_type,irrigation_type,production_type) values (?,?,?,?,?,?)]; SQL [insert into plantation (address,area,details,harvest_type,irrigation_type,production_type) values (?,?,?,?,?,?)]; constraint [null]
Hibernate: 
    select
        u1_0.id,
        u1_0.address,
        u1_0.email,
        u1_0.lastname,
        u1_0.name,
        u1_0.password,
        u1_0.user_type_id 
    from
        user u1_0 
    where
        u1_0.email=?
Hibernate: 
    select
        ut1_0.id,
        ut1_0.type 
    from
        user_type ut1_0 
    where
        ut1_0.id=?
Hibernate: 
    select
        u1_0.id,
        u1_0.address,
        u1_0.email,
        u1_0.lastname,
        u1_0.name,
        u1_0.password,
        u1_0.user_type_id 
    from
        user u1_0 
    where
        u1_0.email=?
Hibernate: 
    select
        ut1_0.id,
        ut1_0.type 
    from
        user_type ut1_0 
    where
        ut1_0.id=?
Hibernate: 
    insert 
    into
        plantation
        (address, area, details, harvest_type, irrigation_type, production_type) 
    values
        (?, ?, ?, ?, ?, ?)
2024-07-17 08:14:59,771 WARN o.h.e.j.s.SqlExceptionHelper [main] SQL Error: 1048, SQLState: 23000
2024-07-17 08:14:59,771 ERROR o.h.e.j.s.SqlExceptionHelper [main] Column 'address' cannot be null
2024-07-17 08:14:59,772 ERROR c.g.a.c.PublicationController [main] could not execute statement [Column 'address' cannot be null] [insert into plantation (address,area,details,harvest_type,irrigation_type,production_type) values (?,?,?,?,?,?)]; SQL [insert into plantation (address,area,details,harvest_type,irrigation_type,production_type) values (?,?,?,?,?,?)]; constraint [null]
Hibernate: 
    select
        u1_0.id,
        u1_0.address,
        u1_0.email,
        u1_0.lastname,
        u1_0.name,
        u1_0.password,
        u1_0.user_type_id 
    from
        user u1_0 
    where
        u1_0.email=?
Hibernate: 
    select
        ut1_0.id,
        ut1_0.type 
    from
        user_type ut1_0 
    where
        ut1_0.id=?
Hibernate: 
    select
        u1_0.id,
        u1_0.address,
        u1_0.email,
        u1_0.lastname,
        u1_0.name,
        u1_0.password,
        u1_0.user_type_id 
    from
        user u1_0 
    where
        u1_0.email=?
Hibernate: 
    select
        ut1_0.id,
        ut1_0.type 
    from
        user_type ut1_0 
    where
        ut1_0.id=?
Hibernate: 
    insert 
    into
        plantation
        (address, area, details, harvest_type, irrigation_type, production_type) 
    values
        (?, ?, ?, ?, ?, ?)
2024-07-17 08:14:59,786 WARN o.h.e.j.s.SqlExceptionHelper [main] SQL Error: 1048, SQLState: 23000
2024-07-17 08:14:59,786 ERROR o.h.e.j.s.SqlExceptionHelper [main] Column 'address' cannot be null
2024-07-17 08:14:59,787 ERROR c.g.a.c.PublicationController [main] could not execute statement [Column 'address' cannot be null] [insert into plantation (address,area,details,harvest_type,irrigation_type,production_type) values (?,?,?,?,?,?)]; SQL [insert into plantation (address,area,details,harvest_type,irrigation_type,production_type) values (?,?,?,?,?,?)]; constraint [null]
Hibernate: 
    select
        u1_0.id,
        u1_0.address,
        u1_0.email,
        u1_0.lastname,
        u1_0.name,
        u1_0.password,
        u1_0.user_type_id 
    from
        user u1_0 
    where
        u1_0.email=?
Hibernate: 
    select
        ut1_0.id,
        ut1_0.type 
    from
        user_type ut1_0 
    where
        ut1_0.id=?
Hibernate: 
    select
        u1_0.id,
        u1_0.address,
        u1_0.email,
        u1_0.lastname,
        u1_0.name,
        u1_0.password,
        u1_0.user_type_id 
    from
        user u1_0 
    where
        u1_0.email=?
Hibernate: 
    select
        ut1_0.id,
        ut1_0.type 
    from
        user_type ut1_0 
    where
        ut1_0.id=?
Hibernate: 
    insert 
    into
        plantation
        (address, area, details, harvest_type, irrigation_type, production_type) 
    values
        (?, ?, ?, ?, ?, ?)
2024-07-17 08:14:59,802 WARN o.h.e.j.s.SqlExceptionHelper [main] SQL Error: 1048, SQLState: 23000
2024-07-17 08:14:59,802 ERROR o.h.e.j.s.SqlExceptionHelper [main] Column 'address' cannot be null
2024-07-17 08:14:59,803 ERROR c.g.a.c.PublicationController [main] could not execute statement [Column 'address' cannot be null] [insert into plantation (address,area,details,harvest_type,irrigation_type,production_type) values (?,?,?,?,?,?)]; SQL [insert into plantation (address,area,details,harvest_type,irrigation_type,production_type) values (?,?,?,?,?,?)]; constraint [null]
Hibernate: 
    select
        u1_0.id,
        u1_0.address,
        u1_0.email,
        u1_0.lastname,
        u1_0.name,
        u1_0.password,
        u1_0.user_type_id 
    from
        user u1_0 
    where
        u1_0.email=?
Hibernate: 
    select
        ut1_0.id,
        ut1_0.type 
    from
        user_type ut1_0 
    where
        ut1_0.id=?
Hibernate: 
    select
        u1_0.id,
        u1_0.address,
        u1_0.email,
        u1_0.lastname,
        u1_0.name,
        u1_0.password,
        u1_0.user_type_id 
    from
        user u1_0 
    where
        u1_0.email=?
Hibernate: 
    select
        ut1_0.id,
        ut1_0.type 
    from
        user_type ut1_0 
    where
        ut1_0.id=?
Hibernate: 
    insert 
    into
        plantation
        (address, area, details, harvest_type, irrigation_type, production_type) 
    values
        (?, ?, ?, ?, ?, ?)
2024-07-17 08:14:59,818 WARN o.h.e.j.s.SqlExceptionHelper [main] SQL Error: 1048, SQLState: 23000
2024-07-17 08:14:59,819 ERROR o.h.e.j.s.SqlExceptionHelper [main] Column 'address' cannot be null
2024-07-17 08:14:59,820 ERROR c.g.a.c.PublicationController [main] could not execute statement [Column 'address' cannot be null] [insert into plantation (address,area,details,harvest_type,irrigation_type,production_type) values (?,?,?,?,?,?)]; SQL [insert into plantation (address,area,details,harvest_type,irrigation_type,production_type) values (?,?,?,?,?,?)]; constraint [null]
Hibernate: 
    select
        u1_0.id,
        u1_0.address,
        u1_0.email,
        u1_0.lastname,
        u1_0.name,
        u1_0.password,
        u1_0.user_type_id 
    from
        user u1_0 
    where
        u1_0.email=?
Hibernate: 
    select
        ut1_0.id,
        ut1_0.type 
    from
        user_type ut1_0 
    where
        ut1_0.id=?
Hibernate: 
    select
        u1_0.id,
        u1_0.address,
        u1_0.email,
        u1_0.lastname,
        u1_0.name,
        u1_0.password,
        u1_0.user_type_id 
    from
        user u1_0 
    where
        u1_0.email=?
Hibernate: 
    select
        ut1_0.id,
        ut1_0.type 
    from
        user_type ut1_0 
    where
        ut1_0.id=?
Hibernate: 
    insert 
    into
        plantation
        (address, area, details, harvest_type, irrigation_type, production_type) 
    values
        (?, ?, ?, ?, ?, ?)
2024-07-17 08:14:59,834 WARN o.h.e.j.s.SqlExceptionHelper [main] SQL Error: 1048, SQLState: 23000
2024-07-17 08:14:59,835 ERROR o.h.e.j.s.SqlExceptionHelper [main] Column 'address' cannot be null
2024-07-17 08:14:59,837 ERROR c.g.a.c.PublicationController [main] could not execute statement [Column 'address' cannot be null] [insert into plantation (address,area,details,harvest_type,irrigation_type,production_type) values (?,?,?,?,?,?)]; SQL [insert into plantation (address,area,details,harvest_type,irrigation_type,production_type) values (?,?,?,?,?,?)]; constraint [null]
Hibernate: 
    select
        u1_0.id,
        u1_0.address,
        u1_0.email,
        u1_0.lastname,
        u1_0.name,
        u1_0.password,
        u1_0.user_type_id 
    from
        user u1_0 
    where
        u1_0.email=?
Hibernate: 
    select
        ut1_0.id,
        ut1_0.type 
    from
        user_type ut1_0 
    where
        ut1_0.id=?
Hibernate: 
    select
        u1_0.id,
        u1_0.address,
        u1_0.email,
        u1_0.lastname,
        u1_0.name,
        u1_0.password,
        u1_0.user_type_id 
    from
        user u1_0 
    where
        u1_0.email=?
Hibernate: 
    select
        ut1_0.id,
        ut1_0.type 
    from
        user_type ut1_0 
    where
        ut1_0.id=?
Hibernate: 
    insert 
    into
        plantation
        (address, area, details, harvest_type, irrigation_type, production_type) 
    values
        (?, ?, ?, ?, ?, ?)
2024-07-17 08:14:59,849 WARN o.h.e.j.s.SqlExceptionHelper [main] SQL Error: 1048, SQLState: 23000
2024-07-17 08:14:59,849 ERROR o.h.e.j.s.SqlExceptionHelper [main] Column 'address' cannot be null
2024-07-17 08:14:59,851 ERROR c.g.a.c.PublicationController [main] could not execute statement [Column 'address' cannot be null] [insert into plantation (address,area,details,harvest_type,irrigation_type,production_type) values (?,?,?,?,?,?)]; SQL [insert into plantation (address,area,details,harvest_type,irrigation_type,production_type) values (?,?,?,?,?,?)]; constraint [null]
Hibernate: 
    select
        u1_0.id,
        u1_0.address,
        u1_0.email,
        u1_0.lastname,
        u1_0.name,
        u1_0.password,
        u1_0.user_type_id 
    from
        user u1_0 
    where
        u1_0.email=?
Hibernate: 
    select
        ut1_0.id,
        ut1_0.type 
    from
        user_type ut1_0 
    where
        ut1_0.id=?
Hibernate: 
    select
        u1_0.id,
        u1_0.address,
        u1_0.email,
        u1_0.lastname,
        u1_0.name,
        u1_0.password,
        u1_0.user_type_id 
    from
        user u1_0 
    where
        u1_0.email=?
Hibernate: 
    select
        ut1_0.id,
        ut1_0.type 
    from
        user_type ut1_0 
    where
        ut1_0.id=?
Hibernate: 
    insert 
    into
        plantation
        (address, area, details, harvest_type, irrigation_type, production_type) 
    values
        (?, ?, ?, ?, ?, ?)
2024-07-17 08:14:59,865 WARN o.h.e.j.s.SqlExceptionHelper [main] SQL Error: 1048, SQLState: 23000
2024-07-17 08:14:59,865 ERROR o.h.e.j.s.SqlExceptionHelper [main] Column 'address' cannot be null
2024-07-17 08:14:59,865 ERROR c.g.a.c.PublicationController [main] could not execute statement [Column 'address' cannot be null] [insert into plantation (address,area,details,harvest_type,irrigation_type,production_type) values (?,?,?,?,?,?)]; SQL [insert into plantation (address,area,details,harvest_type,irrigation_type,production_type) values (?,?,?,?,?,?)]; constraint [null]
Hibernate: 
    select
        u1_0.id,
        u1_0.address,
        u1_0.email,
        u1_0.lastname,
        u1_0.name,
        u1_0.password,
        u1_0.user_type_id 
    from
        user u1_0 
    where
        u1_0.email=?
Hibernate: 
    select
        ut1_0.id,
        ut1_0.type 
    from
        user_type ut1_0 
    where
        ut1_0.id=?
Hibernate: 
    select
        u1_0.id,
        u1_0.address,
        u1_0.email,
        u1_0.lastname,
        u1_0.name,
        u1_0.password,
        u1_0.user_type_id 
    from
        user u1_0 
    where
        u1_0.email=?
Hibernate: 
    select
        ut1_0.id,
        ut1_0.type 
    from
        user_type ut1_0 
    where
        ut1_0.id=?
Hibernate: 
    insert 
    into
        plantation
        (address, area, details, harvest_type, irrigation_type, production_type) 
    values
        (?, ?, ?, ?, ?, ?)
2024-07-17 08:14:59,878 WARN o.h.e.j.s.SqlExceptionHelper [main] SQL Error: 1048, SQLState: 23000
2024-07-17 08:14:59,879 ERROR o.h.e.j.s.SqlExceptionHelper [main] Column 'address' cannot be null
2024-07-17 08:14:59,880 ERROR c.g.a.c.PublicationController [main] could not execute statement [Column 'address' cannot be null] [insert into plantation (address,area,details,harvest_type,irrigation_type,production_type) values (?,?,?,?,?,?)]; SQL [insert into plantation (address,area,details,harvest_type,irrigation_type,production_type) values (?,?,?,?,?,?)]; constraint [null]
Hibernate: 
    select
        u1_0.id,
        u1_0.address,
        u1_0.email,
        u1_0.lastname,
        u1_0.name,
        u1_0.password,
        u1_0.user_type_id 
    from
        user u1_0 
    where
        u1_0.email=?
Hibernate: 
    select
        ut1_0.id,
        ut1_0.type 
    from
        user_type ut1_0 
    where
        ut1_0.id=?
Hibernate: 
    select
        u1_0.id,
        u1_0.address,
        u1_0.email,
        u1_0.lastname,
        u1_0.name,
        u1_0.password,
        u1_0.user_type_id 
    from
        user u1_0 
    where
        u1_0.email=?
Hibernate: 
    select
        ut1_0.id,
        ut1_0.type 
    from
        user_type ut1_0 
    where
        ut1_0.id=?
Hibernate: 
    insert 
    into
        plantation
        (address, area, details, harvest_type, irrigation_type, production_type) 
    values
        (?, ?, ?, ?, ?, ?)
2024-07-17 08:14:59,894 WARN o.h.e.j.s.SqlExceptionHelper [main] SQL Error: 1048, SQLState: 23000
2024-07-17 08:14:59,894 ERROR o.h.e.j.s.SqlExceptionHelper [main] Column 'address' cannot be null
2024-07-17 08:14:59,896 ERROR c.g.a.c.PublicationController [main] could not execute statement [Column 'address' cannot be null] [insert into plantation (address,area,details,harvest_type,irrigation_type,production_type) values (?,?,?,?,?,?)]; SQL [insert into plantation (address,area,details,harvest_type,irrigation_type,production_type) values (?,?,?,?,?,?)]; constraint [null]
Hibernate: 
    select
        u1_0.id,
        u1_0.address,
        u1_0.email,
        u1_0.lastname,
        u1_0.name,
        u1_0.password,
        u1_0.user_type_id 
    from
        user u1_0 
    where
        u1_0.email=?
Hibernate: 
    select
        ut1_0.id,
        ut1_0.type 
    from
        user_type ut1_0 
    where
        ut1_0.id=?
Hibernate: 
    select
        u1_0.id,
        u1_0.address,
        u1_0.email,
        u1_0.lastname,
        u1_0.name,
        u1_0.password,
        u1_0.user_type_id 
    from
        user u1_0 
    where
        u1_0.email=?
Hibernate: 
    select
        ut1_0.id,
        ut1_0.type 
    from
        user_type ut1_0 
    where
        ut1_0.id=?
Hibernate: 
    insert 
    into
        plantation
        (address, area, details, harvest_type, irrigation_type, production_type) 
    values
        (?, ?, ?, ?, ?, ?)
2024-07-17 08:14:59,909 WARN o.h.e.j.s.SqlExceptionHelper [main] SQL Error: 1048, SQLState: 23000
2024-07-17 08:14:59,909 ERROR o.h.e.j.s.SqlExceptionHelper [main] Column 'address' cannot be null
2024-07-17 08:14:59,910 ERROR c.g.a.c.PublicationController [main] could not execute statement [Column 'address' cannot be null] [insert into plantation (address,area,details,harvest_type,irrigation_type,production_type) values (?,?,?,?,?,?)]; SQL [insert into plantation (address,area,details,harvest_type,irrigation_type,production_type) values (?,?,?,?,?,?)]; constraint [null]
Hibernate: 
    select
        u1_0.id,
        u1_0.address,
        u1_0.email,
        u1_0.lastname,
        u1_0.name,
        u1_0.password,
        u1_0.user_type_id 
    from
        user u1_0 
    where
        u1_0.email=?
Hibernate: 
    select
        ut1_0.id,
        ut1_0.type 
    from
        user_type ut1_0 
    where
        ut1_0.id=?
Hibernate: 
    select
        u1_0.id,
        u1_0.address,
        u1_0.email,
        u1_0.lastname,
        u1_0.name,
        u1_0.password,
        u1_0.user_type_id 
    from
        user u1_0 
    where
        u1_0.email=?
Hibernate: 
    select
        ut1_0.id,
        ut1_0.type 
    from
        user_type ut1_0 
    where
        ut1_0.id=?
Hibernate: 
    insert 
    into
        plantation
        (address, area, details, harvest_type, irrigation_type, production_type) 
    values
        (?, ?, ?, ?, ?, ?)
2024-07-17 08:14:59,924 WARN o.h.e.j.s.SqlExceptionHelper [main] SQL Error: 1048, SQLState: 23000
2024-07-17 08:14:59,924 ERROR o.h.e.j.s.SqlExceptionHelper [main] Column 'address' cannot be null
2024-07-17 08:14:59,925 ERROR c.g.a.c.PublicationController [main] could not execute statement [Column 'address' cannot be null] [insert into plantation (address,area,details,harvest_type,irrigation_type,production_type) values (?,?,?,?,?,?)]; SQL [insert into plantation (address,area,details,harvest_type,irrigation_type,production_type) values (?,?,?,?,?,?)]; constraint [null]
Hibernate: 
    select
        u1_0.id,
        u1_0.address,
        u1_0.email,
        u1_0.lastname,
        u1_0.name,
        u1_0.password,
        u1_0.user_type_id 
    from
        user u1_0 
    where
        u1_0.email=?
Hibernate: 
    select
        ut1_0.id,
        ut1_0.type 
    from
        user_type ut1_0 
    where
        ut1_0.id=?
Hibernate: 
    select
        u1_0.id,
        u1_0.address,
        u1_0.email,
        u1_0.lastname,
        u1_0.name,
        u1_0.password,
        u1_0.user_type_id 
    from
        user u1_0 
    where
        u1_0.email=?
Hibernate: 
    select
        ut1_0.id,
        ut1_0.type 
    from
        user_type ut1_0 
    where
        ut1_0.id=?
Hibernate: 
    insert 
    into
        plantation
        (address, area, details, harvest_type, irrigation_type, production_type) 
    values
        (?, ?, ?, ?, ?, ?)
2024-07-17 08:14:59,938 WARN o.h.e.j.s.SqlExceptionHelper [main] SQL Error: 1048, SQLState: 23000
2024-07-17 08:14:59,939 ERROR o.h.e.j.s.SqlExceptionHelper [main] Column 'address' cannot be null
2024-07-17 08:14:59,940 ERROR c.g.a.c.PublicationController [main] could not execute statement [Column 'address' cannot be null] [insert into plantation (address,area,details,harvest_type,irrigation_type,production_type) values (?,?,?,?,?,?)]; SQL [insert into plantation (address,area,details,harvest_type,irrigation_type,production_type) values (?,?,?,?,?,?)]; constraint [null]
Hibernate: 
    select
        u1_0.id,
        u1_0.address,
        u1_0.email,
        u1_0.lastname,
        u1_0.name,
        u1_0.password,
        u1_0.user_type_id 
    from
        user u1_0 
    where
        u1_0.email=?
Hibernate: 
    select
        ut1_0.id,
        ut1_0.type 
    from
        user_type ut1_0 
    where
        ut1_0.id=?
Hibernate: 
    select
        u1_0.id,
        u1_0.address,
        u1_0.email,
        u1_0.lastname,
        u1_0.name,
        u1_0.password,
        u1_0.user_type_id 
    from
        user u1_0 
    where
        u1_0.email=?
Hibernate: 
    select
        ut1_0.id,
        ut1_0.type 
    from
        user_type ut1_0 
    where
        ut1_0.id=?
Hibernate: 
    insert 
    into
        plantation
        (address, area, details, harvest_type, irrigation_type, production_type) 
    values
        (?, ?, ?, ?, ?, ?)
2024-07-17 08:14:59,953 WARN o.h.e.j.s.SqlExceptionHelper [main] SQL Error: 1048, SQLState: 23000
2024-07-17 08:14:59,953 ERROR o.h.e.j.s.SqlExceptionHelper [main] Column 'address' cannot be null
2024-07-17 08:14:59,955 ERROR c.g.a.c.PublicationController [main] could not execute statement [Column 'address' cannot be null] [insert into plantation (address,area,details,harvest_type,irrigation_type,production_type) values (?,?,?,?,?,?)]; SQL [insert into plantation (address,area,details,harvest_type,irrigation_type,production_type) values (?,?,?,?,?,?)]; constraint [null]
Hibernate: 
    select
        u1_0.id,
        u1_0.address,
        u1_0.email,
        u1_0.lastname,
        u1_0.name,
        u1_0.password,
        u1_0.user_type_id 
    from
        user u1_0 
    where
        u1_0.email=?
Hibernate: 
    select
        ut1_0.id,
        ut1_0.type 
    from
        user_type ut1_0 
    where
        ut1_0.id=?
Hibernate: 
    select
        u1_0.id,
        u1_0.address,
        u1_0.email,
        u1_0.lastname,
        u1_0.name,
        u1_0.password,
        u1_0.user_type_id 
    from
        user u1_0 
    where
        u1_0.email=?
Hibernate: 
    select
        ut1_0.id,
        ut1_0.type 
    from
        user_type ut1_0 
    where
        ut1_0.id=?
Hibernate: 
    insert 
    into
        plantation
        (address, area, details, harvest_type, irrigation_type, production_type) 
    values
        (?, ?, ?, ?, ?, ?)
2024-07-17 08:14:59,969 WARN o.h.e.j.s.SqlExceptionHelper [main] SQL Error: 1048, SQLState: 23000
2024-07-17 08:14:59,969 ERROR o.h.e.j.s.SqlExceptionHelper [main] Column 'address' cannot be null
2024-07-17 08:14:59,971 ERROR c.g.a.c.PublicationController [main] could not execute statement [Column 'address' cannot be null] [insert into plantation (address,area,details,harvest_type,irrigation_type,production_type) values (?,?,?,?,?,?)]; SQL [insert into plantation (address,area,details,harvest_type,irrigation_type,production_type) values (?,?,?,?,?,?)]; constraint [null]
Hibernate: 
    select
        u1_0.id,
        u1_0.address,
        u1_0.email,
        u1_0.lastname,
        u1_0.name,
        u1_0.password,
        u1_0.user_type_id 
    from
        user u1_0 
    where
        u1_0.email=?
Hibernate: 
    select
        ut1_0.id,
        ut1_0.type 
    from
        user_type ut1_0 
    where
        ut1_0.id=?
Hibernate: 
    select
        u1_0.id,
        u1_0.address,
        u1_0.email,
        u1_0.lastname,
        u1_0.name,
        u1_0.password,
        u1_0.user_type_id 
    from
        user u1_0 
    where
        u1_0.email=?
Hibernate: 
    select
        ut1_0.id,
        ut1_0.type 
    from
        user_type ut1_0 
    where
        ut1_0.id=?
Hibernate: 
    insert 
    into
        plantation
        (address, area, details, harvest_type, irrigation_type, production_type) 
    values
        (?, ?, ?, ?, ?, ?)
2024-07-17 08:14:59,988 WARN o.h.e.j.s.SqlExceptionHelper [main] SQL Error: 1048, SQLState: 23000
2024-07-17 08:14:59,988 ERROR o.h.e.j.s.SqlExceptionHelper [main] Column 'address' cannot be null
2024-07-17 08:14:59,990 ERROR c.g.a.c.PublicationController [main] could not execute statement [Column 'address' cannot be null] [insert into plantation (address,area,details,harvest_type,irrigation_type,production_type) values (?,?,?,?,?,?)]; SQL [insert into plantation (address,area,details,harvest_type,irrigation_type,production_type) values (?,?,?,?,?,?)]; constraint [null]
Hibernate: 
    select
        u1_0.id,
        u1_0.address,
        u1_0.email,
        u1_0.lastname,
        u1_0.name,
        u1_0.password,
        u1_0.user_type_id 
    from
        user u1_0 
    where
        u1_0.email=?
Hibernate: 
    select
        ut1_0.id,
        ut1_0.type 
    from
        user_type ut1_0 
    where
        ut1_0.id=?
Hibernate: 
    select
        u1_0.id,
        u1_0.address,
        u1_0.email,
        u1_0.lastname,
        u1_0.name,
        u1_0.password,
        u1_0.user_type_id 
    from
        user u1_0 
    where
        u1_0.email=?
Hibernate: 
    select
        ut1_0.id,
        ut1_0.type 
    from
        user_type ut1_0 
    where
        ut1_0.id=?
Hibernate: 
    insert 
    into
        plantation
        (address, area, details, harvest_type, irrigation_type, production_type) 
    values
        (?, ?, ?, ?, ?, ?)
2024-07-17 08:15:00,008 WARN o.h.e.j.s.SqlExceptionHelper [main] SQL Error: 1048, SQLState: 23000
2024-07-17 08:15:00,008 ERROR o.h.e.j.s.SqlExceptionHelper [main] Column 'address' cannot be null
2024-07-17 08:15:00,010 ERROR c.g.a.c.PublicationController [main] could not execute statement [Column 'address' cannot be null] [insert into plantation (address,area,details,harvest_type,irrigation_type,production_type) values (?,?,?,?,?,?)]; SQL [insert into plantation (address,area,details,harvest_type,irrigation_type,production_type) values (?,?,?,?,?,?)]; constraint [null]
Hibernate: 
    select
        u1_0.id,
        u1_0.address,
        u1_0.email,
        u1_0.lastname,
        u1_0.name,
        u1_0.password,
        u1_0.user_type_id 
    from
        user u1_0 
    where
        u1_0.email=?
Hibernate: 
    select
        ut1_0.id,
        ut1_0.type 
    from
        user_type ut1_0 
    where
        ut1_0.id=?
Hibernate: 
    select
        u1_0.id,
        u1_0.address,
        u1_0.email,
        u1_0.lastname,
        u1_0.name,
        u1_0.password,
        u1_0.user_type_id 
    from
        user u1_0 
    where
        u1_0.email=?
Hibernate: 
    select
        ut1_0.id,
        ut1_0.type 
    from
        user_type ut1_0 
    where
        ut1_0.id=?
Hibernate: 
    insert 
    into
        plantation
        (address, area, details, harvest_type, irrigation_type, production_type) 
    values
        (?, ?, ?, ?, ?, ?)
2024-07-17 08:15:00,026 WARN o.h.e.j.s.SqlExceptionHelper [main] SQL Error: 1048, SQLState: 23000
2024-07-17 08:15:00,026 ERROR o.h.e.j.s.SqlExceptionHelper [main] Column 'address' cannot be null
2024-07-17 08:15:00,027 ERROR c.g.a.c.PublicationController [main] could not execute statement [Column 'address' cannot be null] [insert into plantation (address,area,details,harvest_type,irrigation_type,production_type) values (?,?,?,?,?,?)]; SQL [insert into plantation (address,area,details,harvest_type,irrigation_type,production_type) values (?,?,?,?,?,?)]; constraint [null]
Hibernate: 
    select
        u1_0.id,
        u1_0.address,
        u1_0.email,
        u1_0.lastname,
        u1_0.name,
        u1_0.password,
        u1_0.user_type_id 
    from
        user u1_0 
    where
        u1_0.email=?
Hibernate: 
    select
        ut1_0.id,
        ut1_0.type 
    from
        user_type ut1_0 
    where
        ut1_0.id=?
Hibernate: 
    select
        u1_0.id,
        u1_0.address,
        u1_0.email,
        u1_0.lastname,
        u1_0.name,
        u1_0.password,
        u1_0.user_type_id 
    from
        user u1_0 
    where
        u1_0.email=?
Hibernate: 
    select
        ut1_0.id,
        ut1_0.type 
    from
        user_type ut1_0 
    where
        ut1_0.id=?
Hibernate: 
    insert 
    into
        plantation
        (address, area, details, harvest_type, irrigation_type, production_type) 
    values
        (?, ?, ?, ?, ?, ?)
2024-07-17 08:15:00,041 WARN o.h.e.j.s.SqlExceptionHelper [main] SQL Error: 1048, SQLState: 23000
2024-07-17 08:15:00,041 ERROR o.h.e.j.s.SqlExceptionHelper [main] Column 'address' cannot be null
2024-07-17 08:15:00,041 ERROR c.g.a.c.PublicationController [main] could not execute statement [Column 'address' cannot be null] [insert into plantation (address,area,details,harvest_type,irrigation_type,production_type) values (?,?,?,?,?,?)]; SQL [insert into plantation (address,area,details,harvest_type,irrigation_type,production_type) values (?,?,?,?,?,?)]; constraint [null]
Hibernate: 
    select
        u1_0.id,
        u1_0.address,
        u1_0.email,
        u1_0.lastname,
        u1_0.name,
        u1_0.password,
        u1_0.user_type_id 
    from
        user u1_0 
    where
        u1_0.email=?
Hibernate: 
    select
        ut1_0.id,
        ut1_0.type 
    from
        user_type ut1_0 
    where
        ut1_0.id=?
Hibernate: 
    select
        u1_0.id,
        u1_0.address,
        u1_0.email,
        u1_0.lastname,
        u1_0.name,
        u1_0.password,
        u1_0.user_type_id 
    from
        user u1_0 
    where
        u1_0.email=?
Hibernate: 
    select
        ut1_0.id,
        ut1_0.type 
    from
        user_type ut1_0 
    where
        ut1_0.id=?
Hibernate: 
    insert 
    into
        plantation
        (address, area, details, harvest_type, irrigation_type, production_type) 
    values
        (?, ?, ?, ?, ?, ?)
2024-07-17 08:15:00,056 WARN o.h.e.j.s.SqlExceptionHelper [main] SQL Error: 1048, SQLState: 23000
2024-07-17 08:15:00,056 ERROR o.h.e.j.s.SqlExceptionHelper [main] Column 'address' cannot be null
2024-07-17 08:15:00,057 ERROR c.g.a.c.PublicationController [main] could not execute statement [Column 'address' cannot be null] [insert into plantation (address,area,details,harvest_type,irrigation_type,production_type) values (?,?,?,?,?,?)]; SQL [insert into plantation (address,area,details,harvest_type,irrigation_type,production_type) values (?,?,?,?,?,?)]; constraint [null]
Hibernate: 
    select
        u1_0.id,
        u1_0.address,
        u1_0.email,
        u1_0.lastname,
        u1_0.name,
        u1_0.password,
        u1_0.user_type_id 
    from
        user u1_0 
    where
        u1_0.email=?
Hibernate: 
    select
        ut1_0.id,
        ut1_0.type 
    from
        user_type ut1_0 
    where
        ut1_0.id=?
Hibernate: 
    select
        u1_0.id,
        u1_0.address,
        u1_0.email,
        u1_0.lastname,
        u1_0.name,
        u1_0.password,
        u1_0.user_type_id 
    from
        user u1_0 
    where
        u1_0.email=?
Hibernate: 
    select
        ut1_0.id,
        ut1_0.type 
    from
        user_type ut1_0 
    where
        ut1_0.id=?
Hibernate: 
    insert 
    into
        plantation
        (address, area, details, harvest_type, irrigation_type, production_type) 
    values
        (?, ?, ?, ?, ?, ?)
2024-07-17 08:15:00,071 WARN o.h.e.j.s.SqlExceptionHelper [main] SQL Error: 1048, SQLState: 23000
2024-07-17 08:15:00,071 ERROR o.h.e.j.s.SqlExceptionHelper [main] Column 'address' cannot be null
2024-07-17 08:15:00,072 ERROR c.g.a.c.PublicationController [main] could not execute statement [Column 'address' cannot be null] [insert into plantation (address,area,details,harvest_type,irrigation_type,production_type) values (?,?,?,?,?,?)]; SQL [insert into plantation (address,area,details,harvest_type,irrigation_type,production_type) values (?,?,?,?,?,?)]; constraint [null]
Hibernate: 
    select
        u1_0.id,
        u1_0.address,
        u1_0.email,
        u1_0.lastname,
        u1_0.name,
        u1_0.password,
        u1_0.user_type_id 
    from
        user u1_0 
    where
        u1_0.email=?
Hibernate: 
    select
        ut1_0.id,
        ut1_0.type 
    from
        user_type ut1_0 
    where
        ut1_0.id=?
Hibernate: 
    select
        u1_0.id,
        u1_0.address,
        u1_0.email,
        u1_0.lastname,
        u1_0.name,
        u1_0.password,
        u1_0.user_type_id 
    from
        user u1_0 
    where
        u1_0.email=?
Hibernate: 
    select
        ut1_0.id,
        ut1_0.type 
    from
        user_type ut1_0 
    where
        ut1_0.id=?
Hibernate: 
    insert 
    into
        plantation
        (address, area, details, harvest_type, irrigation_type, production_type) 
    values
        (?, ?, ?, ?, ?, ?)
2024-07-17 08:15:00,088 WARN o.h.e.j.s.SqlExceptionHelper [main] SQL Error: 1048, SQLState: 23000
2024-07-17 08:15:00,088 ERROR o.h.e.j.s.SqlExceptionHelper [main] Column 'address' cannot be null
2024-07-17 08:15:00,090 ERROR c.g.a.c.PublicationController [main] could not execute statement [Column 'address' cannot be null] [insert into plantation (address,area,details,harvest_type,irrigation_type,production_type) values (?,?,?,?,?,?)]; SQL [insert into plantation (address,area,details,harvest_type,irrigation_type,production_type) values (?,?,?,?,?,?)]; constraint [null]
Hibernate: 
    select
        u1_0.id,
        u1_0.address,
        u1_0.email,
        u1_0.lastname,
        u1_0.name,
        u1_0.password,
        u1_0.user_type_id 
    from
        user u1_0 
    where
        u1_0.email=?
Hibernate: 
    select
        ut1_0.id,
        ut1_0.type 
    from
        user_type ut1_0 
    where
        ut1_0.id=?
Hibernate: 
    select
        u1_0.id,
        u1_0.address,
        u1_0.email,
        u1_0.lastname,
        u1_0.name,
        u1_0.password,
        u1_0.user_type_id 
    from
        user u1_0 
    where
        u1_0.email=?
Hibernate: 
    select
        ut1_0.id,
        ut1_0.type 
    from
        user_type ut1_0 
    where
        ut1_0.id=?
Hibernate: 
    insert 
    into
        plantation
        (address, area, details, harvest_type, irrigation_type, production_type) 
    values
        (?, ?, ?, ?, ?, ?)
2024-07-17 08:15:00,105 WARN o.h.e.j.s.SqlExceptionHelper [main] SQL Error: 1048, SQLState: 23000
2024-07-17 08:15:00,106 ERROR o.h.e.j.s.SqlExceptionHelper [main] Column 'address' cannot be null
2024-07-17 08:15:00,107 ERROR c.g.a.c.PublicationController [main] could not execute statement [Column 'address' cannot be null] [insert into plantation (address,area,details,harvest_type,irrigation_type,production_type) values (?,?,?,?,?,?)]; SQL [insert into plantation (address,area,details,harvest_type,irrigation_type,production_type) values (?,?,?,?,?,?)]; constraint [null]
Hibernate: 
    select
        u1_0.id,
        u1_0.address,
        u1_0.email,
        u1_0.lastname,
        u1_0.name,
        u1_0.password,
        u1_0.user_type_id 
    from
        user u1_0 
    where
        u1_0.email=?
Hibernate: 
    select
        ut1_0.id,
        ut1_0.type 
    from
        user_type ut1_0 
    where
        ut1_0.id=?
Hibernate: 
    select
        u1_0.id,
        u1_0.address,
        u1_0.email,
        u1_0.lastname,
        u1_0.name,
        u1_0.password,
        u1_0.user_type_id 
    from
        user u1_0 
    where
        u1_0.email=?
Hibernate: 
    select
        ut1_0.id,
        ut1_0.type 
    from
        user_type ut1_0 
    where
        ut1_0.id=?
Hibernate: 
    insert 
    into
        plantation
        (address, area, details, harvest_type, irrigation_type, production_type) 
    values
        (?, ?, ?, ?, ?, ?)
2024-07-17 08:15:00,121 WARN o.h.e.j.s.SqlExceptionHelper [main] SQL Error: 1048, SQLState: 23000
2024-07-17 08:15:00,121 ERROR o.h.e.j.s.SqlExceptionHelper [main] Column 'address' cannot be null
2024-07-17 08:15:00,122 ERROR c.g.a.c.PublicationController [main] could not execute statement [Column 'address' cannot be null] [insert into plantation (address,area,details,harvest_type,irrigation_type,production_type) values (?,?,?,?,?,?)]; SQL [insert into plantation (address,area,details,harvest_type,irrigation_type,production_type) values (?,?,?,?,?,?)]; constraint [null]
Hibernate: 
    select
        u1_0.id,
        u1_0.address,
        u1_0.email,
        u1_0.lastname,
        u1_0.name,
        u1_0.password,
        u1_0.user_type_id 
    from
        user u1_0 
    where
        u1_0.email=?
Hibernate: 
    select
        ut1_0.id,
        ut1_0.type 
    from
        user_type ut1_0 
    where
        ut1_0.id=?
Hibernate: 
    select
        u1_0.id,
        u1_0.address,
        u1_0.email,
        u1_0.lastname,
        u1_0.name,
        u1_0.password,
        u1_0.user_type_id 
    from
        user u1_0 
    where
        u1_0.email=?
Hibernate: 
    select
        ut1_0.id,
        ut1_0.type 
    from
        user_type ut1_0 
    where
        ut1_0.id=?
Hibernate: 
    insert 
    into
        plantation
        (address, area, details, harvest_type, irrigation_type, production_type) 
    values
        (?, ?, ?, ?, ?, ?)
2024-07-17 08:15:00,136 WARN o.h.e.j.s.SqlExceptionHelper [main] SQL Error: 1048, SQLState: 23000
2024-07-17 08:15:00,136 ERROR o.h.e.j.s.SqlExceptionHelper [main] Column 'address' cannot be null
2024-07-17 08:15:00,137 ERROR c.g.a.c.PublicationController [main] could not execute statement [Column 'address' cannot be null] [insert into plantation (address,area,details,harvest_type,irrigation_type,production_type) values (?,?,?,?,?,?)]; SQL [insert into plantation (address,area,details,harvest_type,irrigation_type,production_type) values (?,?,?,?,?,?)]; constraint [null]
Hibernate: 
    select
        u1_0.id,
        u1_0.address,
        u1_0.email,
        u1_0.lastname,
        u1_0.name,
        u1_0.password,
        u1_0.user_type_id 
    from
        user u1_0 
    where
        u1_0.email=?
Hibernate: 
    select
        ut1_0.id,
        ut1_0.type 
    from
        user_type ut1_0 
    where
        ut1_0.id=?
Hibernate: 
    select
        u1_0.id,
        u1_0.address,
        u1_0.email,
        u1_0.lastname,
        u1_0.name,
        u1_0.password,
        u1_0.user_type_id 
    from
        user u1_0 
    where
        u1_0.email=?
Hibernate: 
    select
        ut1_0.id,
        ut1_0.type 
    from
        user_type ut1_0 
    where
        ut1_0.id=?
Hibernate: 
    insert 
    into
        plantation
        (address, area, details, harvest_type, irrigation_type, production_type) 
    values
        (?, ?, ?, ?, ?, ?)
2024-07-17 08:15:00,149 WARN o.h.e.j.s.SqlExceptionHelper [main] SQL Error: 1048, SQLState: 23000
2024-07-17 08:15:00,149 ERROR o.h.e.j.s.SqlExceptionHelper [main] Column 'address' cannot be null
2024-07-17 08:15:00,150 ERROR c.g.a.c.PublicationController [main] could not execute statement [Column 'address' cannot be null] [insert into plantation (address,area,details,harvest_type,irrigation_type,production_type) values (?,?,?,?,?,?)]; SQL [insert into plantation (address,area,details,harvest_type,irrigation_type,production_type) values (?,?,?,?,?,?)]; constraint [null]
Hibernate: 
    select
        u1_0.id,
        u1_0.address,
        u1_0.email,
        u1_0.lastname,
        u1_0.name,
        u1_0.password,
        u1_0.user_type_id 
    from
        user u1_0 
    where
        u1_0.email=?
Hibernate: 
    select
        ut1_0.id,
        ut1_0.type 
    from
        user_type ut1_0 
    where
        ut1_0.id=?
Hibernate: 
    select
        u1_0.id,
        u1_0.address,
        u1_0.email,
        u1_0.lastname,
        u1_0.name,
        u1_0.password,
        u1_0.user_type_id 
    from
        user u1_0 
    where
        u1_0.email=?
Hibernate: 
    select
        ut1_0.id,
        ut1_0.type 
    from
        user_type ut1_0 
    where
        ut1_0.id=?
Hibernate: 
    insert 
    into
        plantation
        (address, area, details, harvest_type, irrigation_type, production_type) 
    values
        (?, ?, ?, ?, ?, ?)
2024-07-17 08:15:00,162 WARN o.h.e.j.s.SqlExceptionHelper [main] SQL Error: 1048, SQLState: 23000
2024-07-17 08:15:00,162 ERROR o.h.e.j.s.SqlExceptionHelper [main] Column 'address' cannot be null
2024-07-17 08:15:00,163 ERROR c.g.a.c.PublicationController [main] could not execute statement [Column 'address' cannot be null] [insert into plantation (address,area,details,harvest_type,irrigation_type,production_type) values (?,?,?,?,?,?)]; SQL [insert into plantation (address,area,details,harvest_type,irrigation_type,production_type) values (?,?,?,?,?,?)]; constraint [null]
Hibernate: 
    select
        u1_0.id,
        u1_0.address,
        u1_0.email,
        u1_0.lastname,
        u1_0.name,
        u1_0.password,
        u1_0.user_type_id 
    from
        user u1_0 
    where
        u1_0.email=?
Hibernate: 
    select
        ut1_0.id,
        ut1_0.type 
    from
        user_type ut1_0 
    where
        ut1_0.id=?
Hibernate: 
    select
        u1_0.id,
        u1_0.address,
        u1_0.email,
        u1_0.lastname,
        u1_0.name,
        u1_0.password,
        u1_0.user_type_id 
    from
        user u1_0 
    where
        u1_0.email=?
Hibernate: 
    select
        ut1_0.id,
        ut1_0.type 
    from
        user_type ut1_0 
    where
        ut1_0.id=?
Hibernate: 
    insert 
    into
        plantation
        (address, area, details, harvest_type, irrigation_type, production_type) 
    values
        (?, ?, ?, ?, ?, ?)
2024-07-17 08:15:00,176 WARN o.h.e.j.s.SqlExceptionHelper [main] SQL Error: 1048, SQLState: 23000
2024-07-17 08:15:00,176 ERROR o.h.e.j.s.SqlExceptionHelper [main] Column 'address' cannot be null
2024-07-17 08:15:00,178 ERROR c.g.a.c.PublicationController [main] could not execute statement [Column 'address' cannot be null] [insert into plantation (address,area,details,harvest_type,irrigation_type,production_type) values (?,?,?,?,?,?)]; SQL [insert into plantation (address,area,details,harvest_type,irrigation_type,production_type) values (?,?,?,?,?,?)]; constraint [null]
Hibernate: 
    select
        u1_0.id,
        u1_0.address,
        u1_0.email,
        u1_0.lastname,
        u1_0.name,
        u1_0.password,
        u1_0.user_type_id 
    from
        user u1_0 
    where
        u1_0.email=?
Hibernate: 
    select
        ut1_0.id,
        ut1_0.type 
    from
        user_type ut1_0 
    where
        ut1_0.id=?
Hibernate: 
    select
        u1_0.id,
        u1_0.address,
        u1_0.email,
        u1_0.lastname,
        u1_0.name,
        u1_0.password,
        u1_0.user_type_id 
    from
        user u1_0 
    where
        u1_0.email=?
Hibernate: 
    select
        ut1_0.id,
        ut1_0.type 
    from
        user_type ut1_0 
    where
        ut1_0.id=?
Hibernate: 
    insert 
    into
        plantation
        (address, area, details, harvest_type, irrigation_type, production_type) 
    values
        (?, ?, ?, ?, ?, ?)
2024-07-17 08:15:00,190 WARN o.h.e.j.s.SqlExceptionHelper [main] SQL Error: 1048, SQLState: 23000
2024-07-17 08:15:00,190 ERROR o.h.e.j.s.SqlExceptionHelper [main] Column 'address' cannot be null
2024-07-17 08:15:00,192 ERROR c.g.a.c.PublicationController [main] could not execute statement [Column 'address' cannot be null] [insert into plantation (address,area,details,harvest_type,irrigation_type,production_type) values (?,?,?,?,?,?)]; SQL [insert into plantation (address,area,details,harvest_type,irrigation_type,production_type) values (?,?,?,?,?,?)]; constraint [null]
Hibernate: 
    select
        u1_0.id,
        u1_0.address,
        u1_0.email,
        u1_0.lastname,
        u1_0.name,
        u1_0.password,
        u1_0.user_type_id 
    from
        user u1_0 
    where
        u1_0.email=?
Hibernate: 
    select
        ut1_0.id,
        ut1_0.type 
    from
        user_type ut1_0 
    where
        ut1_0.id=?
Hibernate: 
    select
        u1_0.id,
        u1_0.address,
        u1_0.email,
        u1_0.lastname,
        u1_0.name,
        u1_0.password,
        u1_0.user_type_id 
    from
        user u1_0 
    where
        u1_0.email=?
Hibernate: 
    select
        ut1_0.id,
        ut1_0.type 
    from
        user_type ut1_0 
    where
        ut1_0.id=?
Hibernate: 
    insert 
    into
        plantation
        (address, area, details, harvest_type, irrigation_type, production_type) 
    values
        (?, ?, ?, ?, ?, ?)
2024-07-17 08:15:00,209 WARN o.h.e.j.s.SqlExceptionHelper [main] SQL Error: 1048, SQLState: 23000
2024-07-17 08:15:00,209 ERROR o.h.e.j.s.SqlExceptionHelper [main] Column 'address' cannot be null
2024-07-17 08:15:00,211 ERROR c.g.a.c.PublicationController [main] could not execute statement [Column 'address' cannot be null] [insert into plantation (address,area,details,harvest_type,irrigation_type,production_type) values (?,?,?,?,?,?)]; SQL [insert into plantation (address,area,details,harvest_type,irrigation_type,production_type) values (?,?,?,?,?,?)]; constraint [null]
Hibernate: 
    select
        u1_0.id,
        u1_0.address,
        u1_0.email,
        u1_0.lastname,
        u1_0.name,
        u1_0.password,
        u1_0.user_type_id 
    from
        user u1_0 
    where
        u1_0.email=?
Hibernate: 
    select
        ut1_0.id,
        ut1_0.type 
    from
        user_type ut1_0 
    where
        ut1_0.id=?
Hibernate: 
    select
        u1_0.id,
        u1_0.address,
        u1_0.email,
        u1_0.lastname,
        u1_0.name,
        u1_0.password,
        u1_0.user_type_id 
    from
        user u1_0 
    where
        u1_0.email=?
Hibernate: 
    select
        ut1_0.id,
        ut1_0.type 
    from
        user_type ut1_0 
    where
        ut1_0.id=?
Hibernate: 
    insert 
    into
        plantation
        (address, area, details, harvest_type, irrigation_type, production_type) 
    values
        (?, ?, ?, ?, ?, ?)
2024-07-17 08:15:00,227 WARN o.h.e.j.s.SqlExceptionHelper [main] SQL Error: 1048, SQLState: 23000
2024-07-17 08:15:00,227 ERROR o.h.e.j.s.SqlExceptionHelper [main] Column 'address' cannot be null
2024-07-17 08:15:00,229 ERROR c.g.a.c.PublicationController [main] could not execute statement [Column 'address' cannot be null] [insert into plantation (address,area,details,harvest_type,irrigation_type,production_type) values (?,?,?,?,?,?)]; SQL [insert into plantation (address,area,details,harvest_type,irrigation_type,production_type) values (?,?,?,?,?,?)]; constraint [null]
Hibernate: 
    select
        u1_0.id,
        u1_0.address,
        u1_0.email,
        u1_0.lastname,
        u1_0.name,
        u1_0.password,
        u1_0.user_type_id 
    from
        user u1_0 
    where
        u1_0.email=?
Hibernate: 
    select
        ut1_0.id,
        ut1_0.type 
    from
        user_type ut1_0 
    where
        ut1_0.id=?
Hibernate: 
    select
        u1_0.id,
        u1_0.address,
        u1_0.email,
        u1_0.lastname,
        u1_0.name,
        u1_0.password,
        u1_0.user_type_id 
    from
        user u1_0 
    where
        u1_0.email=?
Hibernate: 
    select
        ut1_0.id,
        ut1_0.type 
    from
        user_type ut1_0 
    where
        ut1_0.id=?
Hibernate: 
    insert 
    into
        plantation
        (address, area, details, harvest_type, irrigation_type, production_type) 
    values
        (?, ?, ?, ?, ?, ?)
2024-07-17 08:15:00,245 WARN o.h.e.j.s.SqlExceptionHelper [main] SQL Error: 1048, SQLState: 23000
2024-07-17 08:15:00,245 ERROR o.h.e.j.s.SqlExceptionHelper [main] Column 'address' cannot be null
2024-07-17 08:15:00,247 ERROR c.g.a.c.PublicationController [main] could not execute statement [Column 'address' cannot be null] [insert into plantation (address,area,details,harvest_type,irrigation_type,production_type) values (?,?,?,?,?,?)]; SQL [insert into plantation (address,area,details,harvest_type,irrigation_type,production_type) values (?,?,?,?,?,?)]; constraint [null]
Hibernate: 
    select
        u1_0.id,
        u1_0.address,
        u1_0.email,
        u1_0.lastname,
        u1_0.name,
        u1_0.password,
        u1_0.user_type_id 
    from
        user u1_0 
    where
        u1_0.email=?
Hibernate: 
    select
        ut1_0.id,
        ut1_0.type 
    from
        user_type ut1_0 
    where
        ut1_0.id=?
Hibernate: 
    select
        u1_0.id,
        u1_0.address,
        u1_0.email,
        u1_0.lastname,
        u1_0.name,
        u1_0.password,
        u1_0.user_type_id 
    from
        user u1_0 
    where
        u1_0.email=?
Hibernate: 
    select
        ut1_0.id,
        ut1_0.type 
    from
        user_type ut1_0 
    where
        ut1_0.id=?
Hibernate: 
    insert 
    into
        plantation
        (address, area, details, harvest_type, irrigation_type, production_type) 
    values
        (?, ?, ?, ?, ?, ?)
2024-07-17 08:15:00,261 WARN o.h.e.j.s.SqlExceptionHelper [main] SQL Error: 1048, SQLState: 23000
2024-07-17 08:15:00,261 ERROR o.h.e.j.s.SqlExceptionHelper [main] Column 'address' cannot be null
2024-07-17 08:15:00,263 ERROR c.g.a.c.PublicationController [main] could not execute statement [Column 'address' cannot be null] [insert into plantation (address,area,details,harvest_type,irrigation_type,production_type) values (?,?,?,?,?,?)]; SQL [insert into plantation (address,area,details,harvest_type,irrigation_type,production_type) values (?,?,?,?,?,?)]; constraint [null]
Hibernate: 
    select
        u1_0.id,
        u1_0.address,
        u1_0.email,
        u1_0.lastname,
        u1_0.name,
        u1_0.password,
        u1_0.user_type_id 
    from
        user u1_0 
    where
        u1_0.email=?
Hibernate: 
    select
        ut1_0.id,
        ut1_0.type 
    from
        user_type ut1_0 
    where
        ut1_0.id=?
Hibernate: 
    select
        u1_0.id,
        u1_0.address,
        u1_0.email,
        u1_0.lastname,
        u1_0.name,
        u1_0.password,
        u1_0.user_type_id 
    from
        user u1_0 
    where
        u1_0.email=?
Hibernate: 
    select
        ut1_0.id,
        ut1_0.type 
    from
        user_type ut1_0 
    where
        ut1_0.id=?
Hibernate: 
    insert 
    into
        plantation
        (address, area, details, harvest_type, irrigation_type, production_type) 
    values
        (?, ?, ?, ?, ?, ?)
2024-07-17 08:15:00,278 WARN o.h.e.j.s.SqlExceptionHelper [main] SQL Error: 1048, SQLState: 23000
2024-07-17 08:15:00,278 ERROR o.h.e.j.s.SqlExceptionHelper [main] Column 'address' cannot be null
2024-07-17 08:15:00,279 ERROR c.g.a.c.PublicationController [main] could not execute statement [Column 'address' cannot be null] [insert into plantation (address,area,details,harvest_type,irrigation_type,production_type) values (?,?,?,?,?,?)]; SQL [insert into plantation (address,area,details,harvest_type,irrigation_type,production_type) values (?,?,?,?,?,?)]; constraint [null]
Hibernate: 
    select
        u1_0.id,
        u1_0.address,
        u1_0.email,
        u1_0.lastname,
        u1_0.name,
        u1_0.password,
        u1_0.user_type_id 
    from
        user u1_0 
    where
        u1_0.email=?
Hibernate: 
    select
        ut1_0.id,
        ut1_0.type 
    from
        user_type ut1_0 
    where
        ut1_0.id=?
Hibernate: 
    select
        u1_0.id,
        u1_0.address,
        u1_0.email,
        u1_0.lastname,
        u1_0.name,
        u1_0.password,
        u1_0.user_type_id 
    from
        user u1_0 
    where
        u1_0.email=?
Hibernate: 
    select
        ut1_0.id,
        ut1_0.type 
    from
        user_type ut1_0 
    where
        ut1_0.id=?
Hibernate: 
    insert 
    into
        plantation
        (address, area, details, harvest_type, irrigation_type, production_type) 
    values
        (?, ?, ?, ?, ?, ?)
2024-07-17 08:15:00,292 WARN o.h.e.j.s.SqlExceptionHelper [main] SQL Error: 1048, SQLState: 23000
2024-07-17 08:15:00,292 ERROR o.h.e.j.s.SqlExceptionHelper [main] Column 'address' cannot be null
2024-07-17 08:15:00,294 ERROR c.g.a.c.PublicationController [main] could not execute statement [Column 'address' cannot be null] [insert into plantation (address,area,details,harvest_type,irrigation_type,production_type) values (?,?,?,?,?,?)]; SQL [insert into plantation (address,area,details,harvest_type,irrigation_type,production_type) values (?,?,?,?,?,?)]; constraint [null]
Hibernate: 
    select
        u1_0.id,
        u1_0.address,
        u1_0.email,
        u1_0.lastname,
        u1_0.name,
        u1_0.password,
        u1_0.user_type_id 
    from
        user u1_0 
    where
        u1_0.email=?
Hibernate: 
    select
        ut1_0.id,
        ut1_0.type 
    from
        user_type ut1_0 
    where
        ut1_0.id=?
Hibernate: 
    select
        u1_0.id,
        u1_0.address,
        u1_0.email,
        u1_0.lastname,
        u1_0.name,
        u1_0.password,
        u1_0.user_type_id 
    from
        user u1_0 
    where
        u1_0.email=?
Hibernate: 
    select
        ut1_0.id,
        ut1_0.type 
    from
        user_type ut1_0 
    where
        ut1_0.id=?
Hibernate: 
    insert 
    into
        plantation
        (address, area, details, harvest_type, irrigation_type, production_type) 
    values
        (?, ?, ?, ?, ?, ?)
2024-07-17 08:15:00,307 WARN o.h.e.j.s.SqlExceptionHelper [main] SQL Error: 1048, SQLState: 23000
2024-07-17 08:15:00,307 ERROR o.h.e.j.s.SqlExceptionHelper [main] Column 'address' cannot be null
2024-07-17 08:15:00,309 ERROR c.g.a.c.PublicationController [main] could not execute statement [Column 'address' cannot be null] [insert into plantation (address,area,details,harvest_type,irrigation_type,production_type) values (?,?,?,?,?,?)]; SQL [insert into plantation (address,area,details,harvest_type,irrigation_type,production_type) values (?,?,?,?,?,?)]; constraint [null]
Hibernate: 
    select
        u1_0.id,
        u1_0.address,
        u1_0.email,
        u1_0.lastname,
        u1_0.name,
        u1_0.password,
        u1_0.user_type_id 
    from
        user u1_0 
    where
        u1_0.email=?
Hibernate: 
    select
        ut1_0.id,
        ut1_0.type 
    from
        user_type ut1_0 
    where
        ut1_0.id=?
Hibernate: 
    select
        u1_0.id,
        u1_0.address,
        u1_0.email,
        u1_0.lastname,
        u1_0.name,
        u1_0.password,
        u1_0.user_type_id 
    from
        user u1_0 
    where
        u1_0.email=?
Hibernate: 
    select
        ut1_0.id,
        ut1_0.type 
    from
        user_type ut1_0 
    where
        ut1_0.id=?
Hibernate: 
    insert 
    into
        plantation
        (address, area, details, harvest_type, irrigation_type, production_type) 
    values
        (?, ?, ?, ?, ?, ?)
2024-07-17 08:15:00,326 WARN o.h.e.j.s.SqlExceptionHelper [main] SQL Error: 1048, SQLState: 23000
2024-07-17 08:15:00,326 ERROR o.h.e.j.s.SqlExceptionHelper [main] Column 'address' cannot be null
2024-07-17 08:15:00,327 ERROR c.g.a.c.PublicationController [main] could not execute statement [Column 'address' cannot be null] [insert into plantation (address,area,details,harvest_type,irrigation_type,production_type) values (?,?,?,?,?,?)]; SQL [insert into plantation (address,area,details,harvest_type,irrigation_type,production_type) values (?,?,?,?,?,?)]; constraint [null]
Hibernate: 
    select
        u1_0.id,
        u1_0.address,
        u1_0.email,
        u1_0.lastname,
        u1_0.name,
        u1_0.password,
        u1_0.user_type_id 
    from
        user u1_0 
    where
        u1_0.email=?
Hibernate: 
    select
        ut1_0.id,
        ut1_0.type 
    from
        user_type ut1_0 
    where
        ut1_0.id=?
Hibernate: 
    select
        u1_0.id,
        u1_0.address,
        u1_0.email,
        u1_0.lastname,
        u1_0.name,
        u1_0.password,
        u1_0.user_type_id 
    from
        user u1_0 
    where
        u1_0.email=?
Hibernate: 
    select
        ut1_0.id,
        ut1_0.type 
    from
        user_type ut1_0 
    where
        ut1_0.id=?
Hibernate: 
    insert 
    into
        plantation
        (address, area, details, harvest_type, irrigation_type, production_type) 
    values
        (?, ?, ?, ?, ?, ?)
2024-07-17 08:15:00,343 WARN o.h.e.j.s.SqlExceptionHelper [main] SQL Error: 1048, SQLState: 23000
2024-07-17 08:15:00,343 ERROR o.h.e.j.s.SqlExceptionHelper [main] Column 'address' cannot be null
2024-07-17 08:15:00,345 ERROR c.g.a.c.PublicationController [main] could not execute statement [Column 'address' cannot be null] [insert into plantation (address,area,details,harvest_type,irrigation_type,production_type) values (?,?,?,?,?,?)]; SQL [insert into plantation (address,area,details,harvest_type,irrigation_type,production_type) values (?,?,?,?,?,?)]; constraint [null]
Hibernate: 
    select
        u1_0.id,
        u1_0.address,
        u1_0.email,
        u1_0.lastname,
        u1_0.name,
        u1_0.password,
        u1_0.user_type_id 
    from
        user u1_0 
    where
        u1_0.email=?
Hibernate: 
    select
        ut1_0.id,
        ut1_0.type 
    from
        user_type ut1_0 
    where
        ut1_0.id=?
Hibernate: 
    select
        u1_0.id,
        u1_0.address,
        u1_0.email,
        u1_0.lastname,
        u1_0.name,
        u1_0.password,
        u1_0.user_type_id 
    from
        user u1_0 
    where
        u1_0.email=?
Hibernate: 
    select
        ut1_0.id,
        ut1_0.type 
    from
        user_type ut1_0 
    where
        ut1_0.id=?
Hibernate: 
    insert 
    into
        plantation
        (address, area, details, harvest_type, irrigation_type, production_type) 
    values
        (?, ?, ?, ?, ?, ?)
2024-07-17 08:15:00,362 WARN o.h.e.j.s.SqlExceptionHelper [main] SQL Error: 1048, SQLState: 23000
2024-07-17 08:15:00,362 ERROR o.h.e.j.s.SqlExceptionHelper [main] Column 'address' cannot be null
2024-07-17 08:15:00,363 ERROR c.g.a.c.PublicationController [main] could not execute statement [Column 'address' cannot be null] [insert into plantation (address,area,details,harvest_type,irrigation_type,production_type) values (?,?,?,?,?,?)]; SQL [insert into plantation (address,area,details,harvest_type,irrigation_type,production_type) values (?,?,?,?,?,?)]; constraint [null]
Hibernate: 
    select
        u1_0.id,
        u1_0.address,
        u1_0.email,
        u1_0.lastname,
        u1_0.name,
        u1_0.password,
        u1_0.user_type_id 
    from
        user u1_0 
    where
        u1_0.email=?
Hibernate: 
    select
        ut1_0.id,
        ut1_0.type 
    from
        user_type ut1_0 
    where
        ut1_0.id=?
Hibernate: 
    select
        u1_0.id,
        u1_0.address,
        u1_0.email,
        u1_0.lastname,
        u1_0.name,
        u1_0.password,
        u1_0.user_type_id 
    from
        user u1_0 
    where
        u1_0.email=?
Hibernate: 
    select
        ut1_0.id,
        ut1_0.type 
    from
        user_type ut1_0 
    where
        ut1_0.id=?
Hibernate: 
    insert 
    into
        plantation
        (address, area, details, harvest_type, irrigation_type, production_type) 
    values
        (?, ?, ?, ?, ?, ?)
2024-07-17 08:15:00,377 WARN o.h.e.j.s.SqlExceptionHelper [main] SQL Error: 1048, SQLState: 23000
2024-07-17 08:15:00,378 ERROR o.h.e.j.s.SqlExceptionHelper [main] Column 'address' cannot be null
2024-07-17 08:15:00,379 ERROR c.g.a.c.PublicationController [main] could not execute statement [Column 'address' cannot be null] [insert into plantation (address,area,details,harvest_type,irrigation_type,production_type) values (?,?,?,?,?,?)]; SQL [insert into plantation (address,area,details,harvest_type,irrigation_type,production_type) values (?,?,?,?,?,?)]; constraint [null]
Hibernate: 
    select
        u1_0.id,
        u1_0.address,
        u1_0.email,
        u1_0.lastname,
        u1_0.name,
        u1_0.password,
        u1_0.user_type_id 
    from
        user u1_0 
    where
        u1_0.email=?
Hibernate: 
    select
        ut1_0.id,
        ut1_0.type 
    from
        user_type ut1_0 
    where
        ut1_0.id=?
Hibernate: 
    select
        u1_0.id,
        u1_0.address,
        u1_0.email,
        u1_0.lastname,
        u1_0.name,
        u1_0.password,
        u1_0.user_type_id 
    from
        user u1_0 
    where
        u1_0.email=?
Hibernate: 
    select
        ut1_0.id,
        ut1_0.type 
    from
        user_type ut1_0 
    where
        ut1_0.id=?
Hibernate: 
    insert 
    into
        plantation
        (address, area, details, harvest_type, irrigation_type, production_type) 
    values
        (?, ?, ?, ?, ?, ?)
2024-07-17 08:15:00,393 WARN o.h.e.j.s.SqlExceptionHelper [main] SQL Error: 1048, SQLState: 23000
2024-07-17 08:15:00,393 ERROR o.h.e.j.s.SqlExceptionHelper [main] Column 'address' cannot be null
2024-07-17 08:15:00,394 ERROR c.g.a.c.PublicationController [main] could not execute statement [Column 'address' cannot be null] [insert into plantation (address,area,details,harvest_type,irrigation_type,production_type) values (?,?,?,?,?,?)]; SQL [insert into plantation (address,area,details,harvest_type,irrigation_type,production_type) values (?,?,?,?,?,?)]; constraint [null]
Hibernate: 
    select
        u1_0.id,
        u1_0.address,
        u1_0.email,
        u1_0.lastname,
        u1_0.name,
        u1_0.password,
        u1_0.user_type_id 
    from
        user u1_0 
    where
        u1_0.email=?
Hibernate: 
    select
        ut1_0.id,
        ut1_0.type 
    from
        user_type ut1_0 
    where
        ut1_0.id=?
Hibernate: 
    select
        u1_0.id,
        u1_0.address,
        u1_0.email,
        u1_0.lastname,
        u1_0.name,
        u1_0.password,
        u1_0.user_type_id 
    from
        user u1_0 
    where
        u1_0.email=?
Hibernate: 
    select
        ut1_0.id,
        ut1_0.type 
    from
        user_type ut1_0 
    where
        ut1_0.id=?
Hibernate: 
    insert 
    into
        plantation
        (address, area, details, harvest_type, irrigation_type, production_type) 
    values
        (?, ?, ?, ?, ?, ?)
2024-07-17 08:15:00,408 WARN o.h.e.j.s.SqlExceptionHelper [main] SQL Error: 1048, SQLState: 23000
2024-07-17 08:15:00,408 ERROR o.h.e.j.s.SqlExceptionHelper [main] Column 'address' cannot be null
2024-07-17 08:15:00,410 ERROR c.g.a.c.PublicationController [main] could not execute statement [Column 'address' cannot be null] [insert into plantation (address,area,details,harvest_type,irrigation_type,production_type) values (?,?,?,?,?,?)]; SQL [insert into plantation (address,area,details,harvest_type,irrigation_type,production_type) values (?,?,?,?,?,?)]; constraint [null]
Hibernate: 
    select
        u1_0.id,
        u1_0.address,
        u1_0.email,
        u1_0.lastname,
        u1_0.name,
        u1_0.password,
        u1_0.user_type_id 
    from
        user u1_0 
    where
        u1_0.email=?
Hibernate: 
    select
        ut1_0.id,
        ut1_0.type 
    from
        user_type ut1_0 
    where
        ut1_0.id=?
Hibernate: 
    select
        u1_0.id,
        u1_0.address,
        u1_0.email,
        u1_0.lastname,
        u1_0.name,
        u1_0.password,
        u1_0.user_type_id 
    from
        user u1_0 
    where
        u1_0.email=?
Hibernate: 
    select
        ut1_0.id,
        ut1_0.type 
    from
        user_type ut1_0 
    where
        ut1_0.id=?
Hibernate: 
    insert 
    into
        plantation
        (address, area, details, harvest_type, irrigation_type, production_type) 
    values
        (?, ?, ?, ?, ?, ?)
2024-07-17 08:15:00,424 WARN o.h.e.j.s.SqlExceptionHelper [main] SQL Error: 1048, SQLState: 23000
2024-07-17 08:15:00,424 ERROR o.h.e.j.s.SqlExceptionHelper [main] Column 'address' cannot be null
2024-07-17 08:15:00,425 ERROR c.g.a.c.PublicationController [main] could not execute statement [Column 'address' cannot be null] [insert into plantation (address,area,details,harvest_type,irrigation_type,production_type) values (?,?,?,?,?,?)]; SQL [insert into plantation (address,area,details,harvest_type,irrigation_type,production_type) values (?,?,?,?,?,?)]; constraint [null]
Hibernate: 
    select
        u1_0.id,
        u1_0.address,
        u1_0.email,
        u1_0.lastname,
        u1_0.name,
        u1_0.password,
        u1_0.user_type_id 
    from
        user u1_0 
    where
        u1_0.email=?
Hibernate: 
    select
        ut1_0.id,
        ut1_0.type 
    from
        user_type ut1_0 
    where
        ut1_0.id=?
Hibernate: 
    select
        u1_0.id,
        u1_0.address,
        u1_0.email,
        u1_0.lastname,
        u1_0.name,
        u1_0.password,
        u1_0.user_type_id 
    from
        user u1_0 
    where
        u1_0.email=?
Hibernate: 
    select
        ut1_0.id,
        ut1_0.type 
    from
        user_type ut1_0 
    where
        ut1_0.id=?
Hibernate: 
    insert 
    into
        plantation
        (address, area, details, harvest_type, irrigation_type, production_type) 
    values
        (?, ?, ?, ?, ?, ?)
2024-07-17 08:15:00,439 WARN o.h.e.j.s.SqlExceptionHelper [main] SQL Error: 1048, SQLState: 23000
2024-07-17 08:15:00,439 ERROR o.h.e.j.s.SqlExceptionHelper [main] Column 'address' cannot be null
2024-07-17 08:15:00,440 ERROR c.g.a.c.PublicationController [main] could not execute statement [Column 'address' cannot be null] [insert into plantation (address,area,details,harvest_type,irrigation_type,production_type) values (?,?,?,?,?,?)]; SQL [insert into plantation (address,area,details,harvest_type,irrigation_type,production_type) values (?,?,?,?,?,?)]; constraint [null]
Hibernate: 
    select
        u1_0.id,
        u1_0.address,
        u1_0.email,
        u1_0.lastname,
        u1_0.name,
        u1_0.password,
        u1_0.user_type_id 
    from
        user u1_0 
    where
        u1_0.email=?
Hibernate: 
    select
        ut1_0.id,
        ut1_0.type 
    from
        user_type ut1_0 
    where
        ut1_0.id=?
Hibernate: 
    select
        u1_0.id,
        u1_0.address,
        u1_0.email,
        u1_0.lastname,
        u1_0.name,
        u1_0.password,
        u1_0.user_type_id 
    from
        user u1_0 
    where
        u1_0.email=?
Hibernate: 
    select
        ut1_0.id,
        ut1_0.type 
    from
        user_type ut1_0 
    where
        ut1_0.id=?
Hibernate: 
    insert 
    into
        plantation
        (address, area, details, harvest_type, irrigation_type, production_type) 
    values
        (?, ?, ?, ?, ?, ?)
2024-07-17 08:15:00,455 WARN o.h.e.j.s.SqlExceptionHelper [main] SQL Error: 1048, SQLState: 23000
2024-07-17 08:15:00,455 ERROR o.h.e.j.s.SqlExceptionHelper [main] Column 'address' cannot be null
2024-07-17 08:15:00,457 ERROR c.g.a.c.PublicationController [main] could not execute statement [Column 'address' cannot be null] [insert into plantation (address,area,details,harvest_type,irrigation_type,production_type) values (?,?,?,?,?,?)]; SQL [insert into plantation (address,area,details,harvest_type,irrigation_type,production_type) values (?,?,?,?,?,?)]; constraint [null]
Hibernate: 
    select
        u1_0.id,
        u1_0.address,
        u1_0.email,
        u1_0.lastname,
        u1_0.name,
        u1_0.password,
        u1_0.user_type_id 
    from
        user u1_0 
    where
        u1_0.email=?
Hibernate: 
    select
        ut1_0.id,
        ut1_0.type 
    from
        user_type ut1_0 
    where
        ut1_0.id=?
Hibernate: 
    select
        u1_0.id,
        u1_0.address,
        u1_0.email,
        u1_0.lastname,
        u1_0.name,
        u1_0.password,
        u1_0.user_type_id 
    from
        user u1_0 
    where
        u1_0.email=?
Hibernate: 
    select
        ut1_0.id,
        ut1_0.type 
    from
        user_type ut1_0 
    where
        ut1_0.id=?
Hibernate: 
    insert 
    into
        plantation
        (address, area, details, harvest_type, irrigation_type, production_type) 
    values
        (?, ?, ?, ?, ?, ?)
2024-07-17 08:15:00,472 WARN o.h.e.j.s.SqlExceptionHelper [main] SQL Error: 1048, SQLState: 23000
2024-07-17 08:15:00,472 ERROR o.h.e.j.s.SqlExceptionHelper [main] Column 'address' cannot be null
2024-07-17 08:15:00,473 ERROR c.g.a.c.PublicationController [main] could not execute statement [Column 'address' cannot be null] [insert into plantation (address,area,details,harvest_type,irrigation_type,production_type) values (?,?,?,?,?,?)]; SQL [insert into plantation (address,area,details,harvest_type,irrigation_type,production_type) values (?,?,?,?,?,?)]; constraint [null]
Hibernate: 
    select
        u1_0.id,
        u1_0.address,
        u1_0.email,
        u1_0.lastname,
        u1_0.name,
        u1_0.password,
        u1_0.user_type_id 
    from
        user u1_0 
    where
        u1_0.email=?
Hibernate: 
    select
        ut1_0.id,
        ut1_0.type 
    from
        user_type ut1_0 
    where
        ut1_0.id=?
Hibernate: 
    select
        u1_0.id,
        u1_0.address,
        u1_0.email,
        u1_0.lastname,
        u1_0.name,
        u1_0.password,
        u1_0.user_type_id 
    from
        user u1_0 
    where
        u1_0.email=?
Hibernate: 
    select
        ut1_0.id,
        ut1_0.type 
    from
        user_type ut1_0 
    where
        ut1_0.id=?
Hibernate: 
    insert 
    into
        plantation
        (address, area, details, harvest_type, irrigation_type, production_type) 
    values
        (?, ?, ?, ?, ?, ?)
2024-07-17 08:15:00,490 WARN o.h.e.j.s.SqlExceptionHelper [main] SQL Error: 1048, SQLState: 23000
2024-07-17 08:15:00,490 ERROR o.h.e.j.s.SqlExceptionHelper [main] Column 'address' cannot be null
2024-07-17 08:15:00,492 ERROR c.g.a.c.PublicationController [main] could not execute statement [Column 'address' cannot be null] [insert into plantation (address,area,details,harvest_type,irrigation_type,production_type) values (?,?,?,?,?,?)]; SQL [insert into plantation (address,area,details,harvest_type,irrigation_type,production_type) values (?,?,?,?,?,?)]; constraint [null]
Hibernate: 
    select
        u1_0.id,
        u1_0.address,
        u1_0.email,
        u1_0.lastname,
        u1_0.name,
        u1_0.password,
        u1_0.user_type_id 
    from
        user u1_0 
    where
        u1_0.email=?
Hibernate: 
    select
        ut1_0.id,
        ut1_0.type 
    from
        user_type ut1_0 
    where
        ut1_0.id=?
Hibernate: 
    select
        u1_0.id,
        u1_0.address,
        u1_0.email,
        u1_0.lastname,
        u1_0.name,
        u1_0.password,
        u1_0.user_type_id 
    from
        user u1_0 
    where
        u1_0.email=?
Hibernate: 
    select
        ut1_0.id,
        ut1_0.type 
    from
        user_type ut1_0 
    where
        ut1_0.id=?
Hibernate: 
    insert 
    into
        plantation
        (address, area, details, harvest_type, irrigation_type, production_type) 
    values
        (?, ?, ?, ?, ?, ?)
2024-07-17 08:15:00,509 WARN o.h.e.j.s.SqlExceptionHelper [main] SQL Error: 1048, SQLState: 23000
2024-07-17 08:15:00,509 ERROR o.h.e.j.s.SqlExceptionHelper [main] Column 'address' cannot be null
2024-07-17 08:15:00,511 ERROR c.g.a.c.PublicationController [main] could not execute statement [Column 'address' cannot be null] [insert into plantation (address,area,details,harvest_type,irrigation_type,production_type) values (?,?,?,?,?,?)]; SQL [insert into plantation (address,area,details,harvest_type,irrigation_type,production_type) values (?,?,?,?,?,?)]; constraint [null]
Hibernate: 
    select
        u1_0.id,
        u1_0.address,
        u1_0.email,
        u1_0.lastname,
        u1_0.name,
        u1_0.password,
        u1_0.user_type_id 
    from
        user u1_0 
    where
        u1_0.email=?
Hibernate: 
    select
        ut1_0.id,
        ut1_0.type 
    from
        user_type ut1_0 
    where
        ut1_0.id=?
Hibernate: 
    select
        u1_0.id,
        u1_0.address,
        u1_0.email,
        u1_0.lastname,
        u1_0.name,
        u1_0.password,
        u1_0.user_type_id 
    from
        user u1_0 
    where
        u1_0.email=?
Hibernate: 
    select
        ut1_0.id,
        ut1_0.type 
    from
        user_type ut1_0 
    where
        ut1_0.id=?
Hibernate: 
    insert 
    into
        plantation
        (address, area, details, harvest_type, irrigation_type, production_type) 
    values
        (?, ?, ?, ?, ?, ?)
2024-07-17 08:15:00,527 WARN o.h.e.j.s.SqlExceptionHelper [main] SQL Error: 1048, SQLState: 23000
2024-07-17 08:15:00,527 ERROR o.h.e.j.s.SqlExceptionHelper [main] Column 'address' cannot be null
2024-07-17 08:15:00,529 ERROR c.g.a.c.PublicationController [main] could not execute statement [Column 'address' cannot be null] [insert into plantation (address,area,details,harvest_type,irrigation_type,production_type) values (?,?,?,?,?,?)]; SQL [insert into plantation (address,area,details,harvest_type,irrigation_type,production_type) values (?,?,?,?,?,?)]; constraint [null]
Hibernate: 
    select
        u1_0.id,
        u1_0.address,
        u1_0.email,
        u1_0.lastname,
        u1_0.name,
        u1_0.password,
        u1_0.user_type_id 
    from
        user u1_0 
    where
        u1_0.email=?
Hibernate: 
    select
        ut1_0.id,
        ut1_0.type 
    from
        user_type ut1_0 
    where
        ut1_0.id=?
Hibernate: 
    select
        u1_0.id,
        u1_0.address,
        u1_0.email,
        u1_0.lastname,
        u1_0.name,
        u1_0.password,
        u1_0.user_type_id 
    from
        user u1_0 
    where
        u1_0.email=?
Hibernate: 
    select
        ut1_0.id,
        ut1_0.type 
    from
        user_type ut1_0 
    where
        ut1_0.id=?
Hibernate: 
    insert 
    into
        plantation
        (address, area, details, harvest_type, irrigation_type, production_type) 
    values
        (?, ?, ?, ?, ?, ?)
2024-07-17 08:15:00,549 WARN o.h.e.j.s.SqlExceptionHelper [main] SQL Error: 1048, SQLState: 23000
2024-07-17 08:15:00,549 ERROR o.h.e.j.s.SqlExceptionHelper [main] Column 'address' cannot be null
2024-07-17 08:15:00,551 ERROR c.g.a.c.PublicationController [main] could not execute statement [Column 'address' cannot be null] [insert into plantation (address,area,details,harvest_type,irrigation_type,production_type) values (?,?,?,?,?,?)]; SQL [insert into plantation (address,area,details,harvest_type,irrigation_type,production_type) values (?,?,?,?,?,?)]; constraint [null]
Hibernate: 
    select
        u1_0.id,
        u1_0.address,
        u1_0.email,
        u1_0.lastname,
        u1_0.name,
        u1_0.password,
        u1_0.user_type_id 
    from
        user u1_0 
    where
        u1_0.email=?
Hibernate: 
    select
        ut1_0.id,
        ut1_0.type 
    from
        user_type ut1_0 
    where
        ut1_0.id=?
Hibernate: 
    select
        u1_0.id,
        u1_0.address,
        u1_0.email,
        u1_0.lastname,
        u1_0.name,
        u1_0.password,
        u1_0.user_type_id 
    from
        user u1_0 
    where
        u1_0.email=?
Hibernate: 
    select
        ut1_0.id,
        ut1_0.type 
    from
        user_type ut1_0 
    where
        ut1_0.id=?
Hibernate: 
    insert 
    into
        plantation
        (address, area, details, harvest_type, irrigation_type, production_type) 
    values
        (?, ?, ?, ?, ?, ?)
2024-07-17 08:15:00,567 WARN o.h.e.j.s.SqlExceptionHelper [main] SQL Error: 1048, SQLState: 23000
2024-07-17 08:15:00,567 ERROR o.h.e.j.s.SqlExceptionHelper [main] Column 'address' cannot be null
2024-07-17 08:15:00,569 ERROR c.g.a.c.PublicationController [main] could not execute statement [Column 'address' cannot be null] [insert into plantation (address,area,details,harvest_type,irrigation_type,production_type) values (?,?,?,?,?,?)]; SQL [insert into plantation (address,area,details,harvest_type,irrigation_type,production_type) values (?,?,?,?,?,?)]; constraint [null]
Hibernate: 
    select
        u1_0.id,
        u1_0.address,
        u1_0.email,
        u1_0.lastname,
        u1_0.name,
        u1_0.password,
        u1_0.user_type_id 
    from
        user u1_0 
    where
        u1_0.email=?
Hibernate: 
    select
        ut1_0.id,
        ut1_0.type 
    from
        user_type ut1_0 
    where
        ut1_0.id=?
Hibernate: 
    select
        u1_0.id,
        u1_0.address,
        u1_0.email,
        u1_0.lastname,
        u1_0.name,
        u1_0.password,
        u1_0.user_type_id 
    from
        user u1_0 
    where
        u1_0.email=?
Hibernate: 
    select
        ut1_0.id,
        ut1_0.type 
    from
        user_type ut1_0 
    where
        ut1_0.id=?
Hibernate: 
    insert 
    into
        plantation
        (address, area, details, harvest_type, irrigation_type, production_type) 
    values
        (?, ?, ?, ?, ?, ?)
2024-07-17 08:15:00,584 WARN o.h.e.j.s.SqlExceptionHelper [main] SQL Error: 1048, SQLState: 23000
2024-07-17 08:15:00,584 ERROR o.h.e.j.s.SqlExceptionHelper [main] Column 'address' cannot be null
2024-07-17 08:15:00,586 ERROR c.g.a.c.PublicationController [main] could not execute statement [Column 'address' cannot be null] [insert into plantation (address,area,details,harvest_type,irrigation_type,production_type) values (?,?,?,?,?,?)]; SQL [insert into plantation (address,area,details,harvest_type,irrigation_type,production_type) values (?,?,?,?,?,?)]; constraint [null]
Hibernate: 
    select
        u1_0.id,
        u1_0.address,
        u1_0.email,
        u1_0.lastname,
        u1_0.name,
        u1_0.password,
        u1_0.user_type_id 
    from
        user u1_0 
    where
        u1_0.email=?
Hibernate: 
    select
        ut1_0.id,
        ut1_0.type 
    from
        user_type ut1_0 
    where
        ut1_0.id=?
Hibernate: 
    select
        u1_0.id,
        u1_0.address,
        u1_0.email,
        u1_0.lastname,
        u1_0.name,
        u1_0.password,
        u1_0.user_type_id 
    from
        user u1_0 
    where
        u1_0.email=?
Hibernate: 
    select
        ut1_0.id,
        ut1_0.type 
    from
        user_type ut1_0 
    where
        ut1_0.id=?
Hibernate: 
    insert 
    into
        plantation
        (address, area, details, harvest_type, irrigation_type, production_type) 
    values
        (?, ?, ?, ?, ?, ?)
2024-07-17 08:15:00,600 WARN o.h.e.j.s.SqlExceptionHelper [main] SQL Error: 1048, SQLState: 23000
2024-07-17 08:15:00,601 ERROR o.h.e.j.s.SqlExceptionHelper [main] Column 'address' cannot be null
2024-07-17 08:15:00,603 ERROR c.g.a.c.PublicationController [main] could not execute statement [Column 'address' cannot be null] [insert into plantation (address,area,details,harvest_type,irrigation_type,production_type) values (?,?,?,?,?,?)]; SQL [insert into plantation (address,area,details,harvest_type,irrigation_type,production_type) values (?,?,?,?,?,?)]; constraint [null]
Hibernate: 
    select
        u1_0.id,
        u1_0.address,
        u1_0.email,
        u1_0.lastname,
        u1_0.name,
        u1_0.password,
        u1_0.user_type_id 
    from
        user u1_0 
    where
        u1_0.email=?
Hibernate: 
    select
        ut1_0.id,
        ut1_0.type 
    from
        user_type ut1_0 
    where
        ut1_0.id=?
Hibernate: 
    select
        u1_0.id,
        u1_0.address,
        u1_0.email,
        u1_0.lastname,
        u1_0.name,
        u1_0.password,
        u1_0.user_type_id 
    from
        user u1_0 
    where
        u1_0.email=?
Hibernate: 
    select
        ut1_0.id,
        ut1_0.type 
    from
        user_type ut1_0 
    where
        ut1_0.id=?
Hibernate: 
    insert 
    into
        plantation
        (address, area, details, harvest_type, irrigation_type, production_type) 
    values
        (?, ?, ?, ?, ?, ?)
2024-07-17 08:15:00,617 WARN o.h.e.j.s.SqlExceptionHelper [main] SQL Error: 1048, SQLState: 23000
2024-07-17 08:15:00,617 ERROR o.h.e.j.s.SqlExceptionHelper [main] Column 'address' cannot be null
2024-07-17 08:15:00,619 ERROR c.g.a.c.PublicationController [main] could not execute statement [Column 'address' cannot be null] [insert into plantation (address,area,details,harvest_type,irrigation_type,production_type) values (?,?,?,?,?,?)]; SQL [insert into plantation (address,area,details,harvest_type,irrigation_type,production_type) values (?,?,?,?,?,?)]; constraint [null]
Hibernate: 
    select
        u1_0.id,
        u1_0.address,
        u1_0.email,
        u1_0.lastname,
        u1_0.name,
        u1_0.password,
        u1_0.user_type_id 
    from
        user u1_0 
    where
        u1_0.email=?
Hibernate: 
    select
        ut1_0.id,
        ut1_0.type 
    from
        user_type ut1_0 
    where
        ut1_0.id=?
Hibernate: 
    select
        u1_0.id,
        u1_0.address,
        u1_0.email,
        u1_0.lastname,
        u1_0.name,
        u1_0.password,
        u1_0.user_type_id 
    from
        user u1_0 
    where
        u1_0.email=?
Hibernate: 
    select
        ut1_0.id,
        ut1_0.type 
    from
        user_type ut1_0 
    where
        ut1_0.id=?
Hibernate: 
    insert 
    into
        plantation
        (address, area, details, harvest_type, irrigation_type, production_type) 
    values
        (?, ?, ?, ?, ?, ?)
2024-07-17 08:15:00,637 WARN o.h.e.j.s.SqlExceptionHelper [main] SQL Error: 1048, SQLState: 23000
2024-07-17 08:15:00,637 ERROR o.h.e.j.s.SqlExceptionHelper [main] Column 'address' cannot be null
2024-07-17 08:15:00,639 ERROR c.g.a.c.PublicationController [main] could not execute statement [Column 'address' cannot be null] [insert into plantation (address,area,details,harvest_type,irrigation_type,production_type) values (?,?,?,?,?,?)]; SQL [insert into plantation (address,area,details,harvest_type,irrigation_type,production_type) values (?,?,?,?,?,?)]; constraint [null]
Hibernate: 
    select
        u1_0.id,
        u1_0.address,
        u1_0.email,
        u1_0.lastname,
        u1_0.name,
        u1_0.password,
        u1_0.user_type_id 
    from
        user u1_0 
    where
        u1_0.email=?
Hibernate: 
    select
        ut1_0.id,
        ut1_0.type 
    from
        user_type ut1_0 
    where
        ut1_0.id=?
Hibernate: 
    select
        u1_0.id,
        u1_0.address,
        u1_0.email,
        u1_0.lastname,
        u1_0.name,
        u1_0.password,
        u1_0.user_type_id 
    from
        user u1_0 
    where
        u1_0.email=?
Hibernate: 
    select
        ut1_0.id,
        ut1_0.type 
    from
        user_type ut1_0 
    where
        ut1_0.id=?
Hibernate: 
    insert 
    into
        plantation
        (address, area, details, harvest_type, irrigation_type, production_type) 
    values
        (?, ?, ?, ?, ?, ?)
2024-07-17 08:15:00,658 WARN o.h.e.j.s.SqlExceptionHelper [main] SQL Error: 1048, SQLState: 23000
2024-07-17 08:15:00,659 ERROR o.h.e.j.s.SqlExceptionHelper [main] Column 'address' cannot be null
2024-07-17 08:15:00,661 ERROR c.g.a.c.PublicationController [main] could not execute statement [Column 'address' cannot be null] [insert into plantation (address,area,details,harvest_type,irrigation_type,production_type) values (?,?,?,?,?,?)]; SQL [insert into plantation (address,area,details,harvest_type,irrigation_type,production_type) values (?,?,?,?,?,?)]; constraint [null]
Hibernate: 
    select
        u1_0.id,
        u1_0.address,
        u1_0.email,
        u1_0.lastname,
        u1_0.name,
        u1_0.password,
        u1_0.user_type_id 
    from
        user u1_0 
    where
        u1_0.email=?
Hibernate: 
    select
        ut1_0.id,
        ut1_0.type 
    from
        user_type ut1_0 
    where
        ut1_0.id=?
Hibernate: 
    select
        u1_0.id,
        u1_0.address,
        u1_0.email,
        u1_0.lastname,
        u1_0.name,
        u1_0.password,
        u1_0.user_type_id 
    from
        user u1_0 
    where
        u1_0.email=?
Hibernate: 
    select
        ut1_0.id,
        ut1_0.type 
    from
        user_type ut1_0 
    where
        ut1_0.id=?
Hibernate: 
    insert 
    into
        plantation
        (address, area, details, harvest_type, irrigation_type, production_type) 
    values
        (?, ?, ?, ?, ?, ?)
2024-07-17 08:15:00,680 WARN o.h.e.j.s.SqlExceptionHelper [main] SQL Error: 1048, SQLState: 23000
2024-07-17 08:15:00,680 ERROR o.h.e.j.s.SqlExceptionHelper [main] Column 'address' cannot be null
2024-07-17 08:15:00,682 ERROR c.g.a.c.PublicationController [main] could not execute statement [Column 'address' cannot be null] [insert into plantation (address,area,details,harvest_type,irrigation_type,production_type) values (?,?,?,?,?,?)]; SQL [insert into plantation (address,area,details,harvest_type,irrigation_type,production_type) values (?,?,?,?,?,?)]; constraint [null]
Hibernate: 
    SELECT
        * 
    FROM
        publication p 
    ORDER BY
        RAND() DESC 
    LIMIT
        ?, ?
2024-07-17 08:15:00,779 ERROR c.g.a.c.PublicationController [main] Publication not found

MockHttpServletRequest:
      HTTP Method = POST
      Request URI = /v1/publication/save
       Parameters = {_csrf=[dt4qEagp98XU5mHOE4TIfSM2pUASTaNQegANeqCIto0SjQ4FEuwScpobwqf5gwOsIKn8H0IAiHgjeZd9HDFuHsW80Ogj7Dhn]}
          Headers = [Content-Type:"application/json;charset=UTF-8", Authorization:"Bearer eyJhbGciOiJIUzUxMiJ9.eyJzdWIiOiJtZ2xAZ21haWwuY29tIiwiaWF0IjoxNzIxMjIyMDk3LCJleHAiOjE3MjI1MTgwOTd9.CQGx8r5dJCHELGPeIoLWxVzGFslgunUm_mJJHM_Xt1WVFt6uVXaAcnxJg3MvW4zVSidi73KJts8TcdEMxBM9tw", Content-Length:"283"]
             Body = {"title":"Publication 1","plantation":{"id":null,"area":"100 sqm","harvestType":"organic","irrigationType":"drip","productionType":"type1","details":"semillas de tomate para cultivo en verano, condiciones de riego: cada 2 días, condiciones de temperatura: 25-30°C","address":null}}
    Session Attrs = {}

Handler:
             Type = com.gardengroup.agroplantationapp.controller.PublicationController
           Method = com.gardengroup.agroplantationapp.controller.PublicationController#savePublication(PublicationSaveDTO, HttpServletRequest)

Async:
    Async started = false
     Async result = null

Resolved Exception:
             Type = null

ModelAndView:
        View name = null
             View = null
            Model = null

FlashMap:
       Attributes = null

MockHttpServletResponse:
           Status = 501
    Error message = null
          Headers = [Vary:"Origin", "Access-Control-Request-Method", "Access-Control-Request-Headers", X-Content-Type-Options:"nosniff", X-XSS-Protection:"0", Cache-Control:"no-cache, no-store, max-age=0, must-revalidate", Pragma:"no-cache", Expires:"0", X-Frame-Options:"DENY"]
     Content type = null
             Body = 
    Forwarded URL = null
   Redirected URL = null
          Cookies = []

MockHttpServletRequest:
      HTTP Method = POST
      Request URI = /v1/publication/save
       Parameters = {_csrf=[HybEBnBbk9TgQLjmw8HHMjia9bbrwY7y3p5stFTv4RrY7TktLkD2N0Zt8LHNctnX9OzzBVqp2NSOpb7f6K5ahWKN1Cnt2Vse]}
          Headers = [Content-Type:"application/json;charset=UTF-8", Authorization:"Bearer eyJhbGciOiJIUzUxMiJ9.eyJzdWIiOiJtZ2xAZ21haWwuY29tIiwiaWF0IjoxNzIxMjIyMDk3LCJleHAiOjE3MjI1MTgwOTd9.CQGx8r5dJCHELGPeIoLWxVzGFslgunUm_mJJHM_Xt1WVFt6uVXaAcnxJg3MvW4zVSidi73KJts8TcdEMxBM9tw", Content-Length:"283"]
             Body = {"title":"Publication 1","plantation":{"id":null,"area":"100 sqm","harvestType":"organic","irrigationType":"drip","productionType":"type1","details":"semillas de tomate para cultivo en verano, condiciones de riego: cada 2 días, condiciones de temperatura: 25-30°C","address":null}}
    Session Attrs = {}

Handler:
             Type = com.gardengroup.agroplantationapp.controller.PublicationController
           Method = com.gardengroup.agroplantationapp.controller.PublicationController#savePublication(PublicationSaveDTO, HttpServletRequest)

Async:
    Async started = false
     Async result = null

Resolved Exception:
             Type = null

ModelAndView:
        View name = null
             View = null
            Model = null

FlashMap:
       Attributes = null

MockHttpServletResponse:
           Status = 501
    Error message = null
          Headers = [Vary:"Origin", "Access-Control-Request-Method", "Access-Control-Request-Headers", X-Content-Type-Options:"nosniff", X-XSS-Protection:"0", Cache-Control:"no-cache, no-store, max-age=0, must-revalidate", Pragma:"no-cache", Expires:"0", X-Frame-Options:"DENY"]
     Content type = null
             Body = 
    Forwarded URL = null
   Redirected URL = null
          Cookies = []

MockHttpServletRequest:
      HTTP Method = POST
      Request URI = /v1/publication/save
       Parameters = {_csrf=[7HQ5cH1rC5w4-XgN7DjNpiYHj5ENeg6VDFmb8TUdpETQJrWr2kVcERxSM6UVmkhp3RX5lRBkoqlrTD24b2-qxlEpxiLiQoLK]}
          Headers = [Content-Type:"application/json;charset=UTF-8", Authorization:"Bearer eyJhbGciOiJIUzUxMiJ9.eyJzdWIiOiJtZ2xAZ21haWwuY29tIiwiaWF0IjoxNzIxMjIyMDk3LCJleHAiOjE3MjI1MTgwOTd9.CQGx8r5dJCHELGPeIoLWxVzGFslgunUm_mJJHM_Xt1WVFt6uVXaAcnxJg3MvW4zVSidi73KJts8TcdEMxBM9tw", Content-Length:"283"]
             Body = {"title":"Publication 1","plantation":{"id":null,"area":"100 sqm","harvestType":"organic","irrigationType":"drip","productionType":"type1","details":"semillas de tomate para cultivo en verano, condiciones de riego: cada 2 días, condiciones de temperatura: 25-30°C","address":null}}
    Session Attrs = {}

Handler:
             Type = com.gardengroup.agroplantationapp.controller.PublicationController
           Method = com.gardengroup.agroplantationapp.controller.PublicationController#savePublication(PublicationSaveDTO, HttpServletRequest)

Async:
    Async started = false
     Async result = null

Resolved Exception:
             Type = null

ModelAndView:
        View name = null
             View = null
            Model = null

FlashMap:
       Attributes = null

MockHttpServletResponse:
           Status = 501
    Error message = null
          Headers = [Vary:"Origin", "Access-Control-Request-Method", "Access-Control-Request-Headers", X-Content-Type-Options:"nosniff", X-XSS-Protection:"0", Cache-Control:"no-cache, no-store, max-age=0, must-revalidate", Pragma:"no-cache", Expires:"0", X-Frame-Options:"DENY"]
     Content type = null
             Body = 
    Forwarded URL = null
   Redirected URL = null
          Cookies = []

MockHttpServletRequest:
      HTTP Method = POST
      Request URI = /v1/publication/save
       Parameters = {_csrf=[C3Rski-q4yRGuTrJcb1A6EnKzJUiQ3ltLNA7WipU2bNBE_ToOhcKpBrIhUJrjFjxSJB03nyr4awVdRxAHeVaOE5n6oZxI5bQ]}
          Headers = [Content-Type:"application/json;charset=UTF-8", Authorization:"Bearer eyJhbGciOiJIUzUxMiJ9.eyJzdWIiOiJtZ2xAZ21haWwuY29tIiwiaWF0IjoxNzIxMjIyMDk3LCJleHAiOjE3MjI1MTgwOTd9.CQGx8r5dJCHELGPeIoLWxVzGFslgunUm_mJJHM_Xt1WVFt6uVXaAcnxJg3MvW4zVSidi73KJts8TcdEMxBM9tw", Content-Length:"283"]
             Body = {"title":"Publication 1","plantation":{"id":null,"area":"100 sqm","harvestType":"organic","irrigationType":"drip","productionType":"type1","details":"semillas de tomate para cultivo en verano, condiciones de riego: cada 2 días, condiciones de temperatura: 25-30°C","address":null}}
    Session Attrs = {}

Handler:
             Type = com.gardengroup.agroplantationapp.controller.PublicationController
           Method = com.gardengroup.agroplantationapp.controller.PublicationController#savePublication(PublicationSaveDTO, HttpServletRequest)

Async:
    Async started = false
     Async result = null

Resolved Exception:
             Type = null

ModelAndView:
        View name = null
             View = null
            Model = null

FlashMap:
       Attributes = null

MockHttpServletResponse:
           Status = 501
    Error message = null
          Headers = [Vary:"Origin", "Access-Control-Request-Method", "Access-Control-Request-Headers", X-Content-Type-Options:"nosniff", X-XSS-Protection:"0", Cache-Control:"no-cache, no-store, max-age=0, must-revalidate", Pragma:"no-cache", Expires:"0", X-Frame-Options:"DENY"]
     Content type = null
             Body = 
    Forwarded URL = null
   Redirected URL = null
          Cookies = []

MockHttpServletRequest:
      HTTP Method = POST
      Request URI = /v1/publication/save
       Parameters = {_csrf=[RrYGwat_aIRhDFb0nggT3skMo9vSxLy6vfU8IcIAMtUxIAwwItBi8JNPC7ZMbWHErSUn76hvjuLi84mX2cReQKM4VucERThT]}
          Headers = [Content-Type:"application/json;charset=UTF-8", Authorization:"Bearer eyJhbGciOiJIUzUxMiJ9.eyJzdWIiOiJtZ2xAZ21haWwuY29tIiwiaWF0IjoxNzIxMjIyMDk3LCJleHAiOjE3MjI1MTgwOTd9.CQGx8r5dJCHELGPeIoLWxVzGFslgunUm_mJJHM_Xt1WVFt6uVXaAcnxJg3MvW4zVSidi73KJts8TcdEMxBM9tw", Content-Length:"283"]
             Body = {"title":"Publication 1","plantation":{"id":null,"area":"100 sqm","harvestType":"organic","irrigationType":"drip","productionType":"type1","details":"semillas de tomate para cultivo en verano, condiciones de riego: cada 2 días, condiciones de temperatura: 25-30°C","address":null}}
    Session Attrs = {}

Handler:
             Type = com.gardengroup.agroplantationapp.controller.PublicationController
           Method = com.gardengroup.agroplantationapp.controller.PublicationController#savePublication(PublicationSaveDTO, HttpServletRequest)

Async:
    Async started = false
     Async result = null

Resolved Exception:
             Type = null

ModelAndView:
        View name = null
             View = null
            Model = null

FlashMap:
       Attributes = null

MockHttpServletResponse:
           Status = 501
    Error message = null
          Headers = [Vary:"Origin", "Access-Control-Request-Method", "Access-Control-Request-Headers", X-Content-Type-Options:"nosniff", X-XSS-Protection:"0", Cache-Control:"no-cache, no-store, max-age=0, must-revalidate", Pragma:"no-cache", Expires:"0", X-Frame-Options:"DENY"]
     Content type = null
             Body = 
    Forwarded URL = null
   Redirected URL = null
          Cookies = []

MockHttpServletRequest:
      HTTP Method = POST
      Request URI = /v1/publication/save
       Parameters = {_csrf=[FHPpzcv0-UKAjUd4G6ELNXizxi4VjwMVPXDpyHvFfAf03KTEJRKIqPzDyHattSYeKIw_BhuG6xYkuDs4BEXe-hnxRTSWv8al]}
          Headers = [Content-Type:"application/json;charset=UTF-8", Authorization:"Bearer eyJhbGciOiJIUzUxMiJ9.eyJzdWIiOiJtZ2xAZ21haWwuY29tIiwiaWF0IjoxNzIxMjIyMDk3LCJleHAiOjE3MjI1MTgwOTd9.CQGx8r5dJCHELGPeIoLWxVzGFslgunUm_mJJHM_Xt1WVFt6uVXaAcnxJg3MvW4zVSidi73KJts8TcdEMxBM9tw", Content-Length:"283"]
             Body = {"title":"Publication 1","plantation":{"id":null,"area":"100 sqm","harvestType":"organic","irrigationType":"drip","productionType":"type1","details":"semillas de tomate para cultivo en verano, condiciones de riego: cada 2 días, condiciones de temperatura: 25-30°C","address":null}}
    Session Attrs = {}

Handler:
             Type = com.gardengroup.agroplantationapp.controller.PublicationController
           Method = com.gardengroup.agroplantationapp.controller.PublicationController#savePublication(PublicationSaveDTO, HttpServletRequest)

Async:
    Async started = false
     Async result = null

Resolved Exception:
             Type = null

ModelAndView:
        View name = null
             View = null
            Model = null

FlashMap:
       Attributes = null

MockHttpServletResponse:
           Status = 501
    Error message = null
          Headers = [Vary:"Origin", "Access-Control-Request-Method", "Access-Control-Request-Headers", X-Content-Type-Options:"nosniff", X-XSS-Protection:"0", Cache-Control:"no-cache, no-store, max-age=0, must-revalidate", Pragma:"no-cache", Expires:"0", X-Frame-Options:"DENY"]
     Content type = null
             Body = 
    Forwarded URL = null
   Redirected URL = null
          Cookies = []

MockHttpServletRequest:
      HTTP Method = POST
      Request URI = /v1/publication/save
       Parameters = {_csrf=[DWof3OKS5ex7QS4E2IwUpssOdIZ0Rv1PRBFvBoRQxkk0ToH3a14muNP00NtWc0o94aEgn_k5WedAcphidyQNYLw193xVLLDO]}
          Headers = [Content-Type:"application/json;charset=UTF-8", Authorization:"Bearer eyJhbGciOiJIUzUxMiJ9.eyJzdWIiOiJtZ2xAZ21haWwuY29tIiwiaWF0IjoxNzIxMjIyMDk3LCJleHAiOjE3MjI1MTgwOTd9.CQGx8r5dJCHELGPeIoLWxVzGFslgunUm_mJJHM_Xt1WVFt6uVXaAcnxJg3MvW4zVSidi73KJts8TcdEMxBM9tw", Content-Length:"283"]
             Body = {"title":"Publication 1","plantation":{"id":null,"area":"100 sqm","harvestType":"organic","irrigationType":"drip","productionType":"type1","details":"semillas de tomate para cultivo en verano, condiciones de riego: cada 2 días, condiciones de temperatura: 25-30°C","address":null}}
    Session Attrs = {}

Handler:
             Type = com.gardengroup.agroplantationapp.controller.PublicationController
           Method = com.gardengroup.agroplantationapp.controller.PublicationController#savePublication(PublicationSaveDTO, HttpServletRequest)

Async:
    Async started = false
     Async result = null

Resolved Exception:
             Type = null

ModelAndView:
        View name = null
             View = null
            Model = null

FlashMap:
       Attributes = null

MockHttpServletResponse:
           Status = 501
    Error message = null
          Headers = [Vary:"Origin", "Access-Control-Request-Method", "Access-Control-Request-Headers", X-Content-Type-Options:"nosniff", X-XSS-Protection:"0", Cache-Control:"no-cache, no-store, max-age=0, must-revalidate", Pragma:"no-cache", Expires:"0", X-Frame-Options:"DENY"]
     Content type = null
             Body = 
    Forwarded URL = null
   Redirected URL = null
          Cookies = []

MockHttpServletRequest:
      HTTP Method = POST
      Request URI = /v1/publication/save
       Parameters = {_csrf=[KcOcflZxit-_QSxfS7OEAb6Axv5FTD8dYEldEWzvv_hbWNRJSPP-S25E6-mSJElveJ6wYoew65x9eggwBCtuc1iL3cA4OrV7]}
          Headers = [Content-Type:"application/json;charset=UTF-8", Authorization:"Bearer eyJhbGciOiJIUzUxMiJ9.eyJzdWIiOiJtZ2xAZ21haWwuY29tIiwiaWF0IjoxNzIxMjIyMDk3LCJleHAiOjE3MjI1MTgwOTd9.CQGx8r5dJCHELGPeIoLWxVzGFslgunUm_mJJHM_Xt1WVFt6uVXaAcnxJg3MvW4zVSidi73KJts8TcdEMxBM9tw", Content-Length:"283"]
             Body = {"title":"Publication 1","plantation":{"id":null,"area":"100 sqm","harvestType":"organic","irrigationType":"drip","productionType":"type1","details":"semillas de tomate para cultivo en verano, condiciones de riego: cada 2 días, condiciones de temperatura: 25-30°C","address":null}}
    Session Attrs = {}

Handler:
             Type = com.gardengroup.agroplantationapp.controller.PublicationController
           Method = com.gardengroup.agroplantationapp.controller.PublicationController#savePublication(PublicationSaveDTO, HttpServletRequest)

Async:
    Async started = false
     Async result = null

Resolved Exception:
             Type = null

ModelAndView:
        View name = null
             View = null
            Model = null

FlashMap:
       Attributes = null

MockHttpServletResponse:
           Status = 501
    Error message = null
          Headers = [Vary:"Origin", "Access-Control-Request-Method", "Access-Control-Request-Headers", X-Content-Type-Options:"nosniff", X-XSS-Protection:"0", Cache-Control:"no-cache, no-store, max-age=0, must-revalidate", Pragma:"no-cache", Expires:"0", X-Frame-Options:"DENY"]
     Content type = null
             Body = 
    Forwarded URL = null
   Redirected URL = null
          Cookies = []

MockHttpServletRequest:
      HTTP Method = POST
      Request URI = /v1/publication/save
       Parameters = {_csrf=[9eUsz3xDH8M4A0-LSS6EokEk9tSVXIpxSsHZNse16eLhgXCFl9RI_khyKvMVZX_pKgOwxnFA2-32OL5ccqC4BaOBjNrXshW9]}
          Headers = [Content-Type:"application/json;charset=UTF-8", Authorization:"Bearer eyJhbGciOiJIUzUxMiJ9.eyJzdWIiOiJtZ2xAZ21haWwuY29tIiwiaWF0IjoxNzIxMjIyMDk3LCJleHAiOjE3MjI1MTgwOTd9.CQGx8r5dJCHELGPeIoLWxVzGFslgunUm_mJJHM_Xt1WVFt6uVXaAcnxJg3MvW4zVSidi73KJts8TcdEMxBM9tw", Content-Length:"283"]
             Body = {"title":"Publication 1","plantation":{"id":null,"area":"100 sqm","harvestType":"organic","irrigationType":"drip","productionType":"type1","details":"semillas de tomate para cultivo en verano, condiciones de riego: cada 2 días, condiciones de temperatura: 25-30°C","address":null}}
    Session Attrs = {}

Handler:
             Type = com.gardengroup.agroplantationapp.controller.PublicationController
           Method = com.gardengroup.agroplantationapp.controller.PublicationController#savePublication(PublicationSaveDTO, HttpServletRequest)

Async:
    Async started = false
     Async result = null

Resolved Exception:
             Type = null

ModelAndView:
        View name = null
             View = null
            Model = null

FlashMap:
       Attributes = null

MockHttpServletResponse:
           Status = 501
    Error message = null
          Headers = [Vary:"Origin", "Access-Control-Request-Method", "Access-Control-Request-Headers", X-Content-Type-Options:"nosniff", X-XSS-Protection:"0", Cache-Control:"no-cache, no-store, max-age=0, must-revalidate", Pragma:"no-cache", Expires:"0", X-Frame-Options:"DENY"]
     Content type = null
             Body = 
    Forwarded URL = null
   Redirected URL = null
          Cookies = []

MockHttpServletRequest:
      HTTP Method = POST
      Request URI = /v1/publication/save
       Parameters = {_csrf=[222ovYZn0lF0WahDNHrRB0_mPjJAnfPS69aAvwTflGc41uIvuFSfjuNV5GFZOM0mAFflYXqCEwpy-cb_0uPm3GDuolQL5dtK]}
          Headers = [Content-Type:"application/json;charset=UTF-8", Authorization:"Bearer eyJhbGciOiJIUzUxMiJ9.eyJzdWIiOiJtZ2xAZ21haWwuY29tIiwiaWF0IjoxNzIxMjIyMDk3LCJleHAiOjE3MjI1MTgwOTd9.CQGx8r5dJCHELGPeIoLWxVzGFslgunUm_mJJHM_Xt1WVFt6uVXaAcnxJg3MvW4zVSidi73KJts8TcdEMxBM9tw", Content-Length:"283"]
             Body = {"title":"Publication 1","plantation":{"id":null,"area":"100 sqm","harvestType":"organic","irrigationType":"drip","productionType":"type1","details":"semillas de tomate para cultivo en verano, condiciones de riego: cada 2 días, condiciones de temperatura: 25-30°C","address":null}}
    Session Attrs = {}

Handler:
             Type = com.gardengroup.agroplantationapp.controller.PublicationController
           Method = com.gardengroup.agroplantationapp.controller.PublicationController#savePublication(PublicationSaveDTO, HttpServletRequest)

Async:
    Async started = false
     Async result = null

Resolved Exception:
             Type = null

ModelAndView:
        View name = null
             View = null
            Model = null

FlashMap:
       Attributes = null

MockHttpServletResponse:
           Status = 501
    Error message = null
          Headers = [Vary:"Origin", "Access-Control-Request-Method", "Access-Control-Request-Headers", X-Content-Type-Options:"nosniff", X-XSS-Protection:"0", Cache-Control:"no-cache, no-store, max-age=0, must-revalidate", Pragma:"no-cache", Expires:"0", X-Frame-Options:"DENY"]
     Content type = null
             Body = 
    Forwarded URL = null
   Redirected URL = null
          Cookies = []

MockHttpServletRequest:
      HTTP Method = POST
      Request URI = /v1/publication/save
       Parameters = {_csrf=[OSshPTuSs0_4m_Sr1qVqnBwBA7W9Cb45CQHB-ewoLNTJkL88C04XXg2g13vVqZKZ4Iheqn0xLo3catoUbTijmN0ZFbH6oY5e]}
          Headers = [Content-Type:"application/json;charset=UTF-8", Authorization:"Bearer eyJhbGciOiJIUzUxMiJ9.eyJzdWIiOiJtZ2xAZ21haWwuY29tIiwiaWF0IjoxNzIxMjIyMDk3LCJleHAiOjE3MjI1MTgwOTd9.CQGx8r5dJCHELGPeIoLWxVzGFslgunUm_mJJHM_Xt1WVFt6uVXaAcnxJg3MvW4zVSidi73KJts8TcdEMxBM9tw", Content-Length:"283"]
             Body = {"title":"Publication 1","plantation":{"id":null,"area":"100 sqm","harvestType":"organic","irrigationType":"drip","productionType":"type1","details":"semillas de tomate para cultivo en verano, condiciones de riego: cada 2 días, condiciones de temperatura: 25-30°C","address":null}}
    Session Attrs = {}

Handler:
             Type = com.gardengroup.agroplantationapp.controller.PublicationController
           Method = com.gardengroup.agroplantationapp.controller.PublicationController#savePublication(PublicationSaveDTO, HttpServletRequest)

Async:
    Async started = false
     Async result = null

Resolved Exception:
             Type = null

ModelAndView:
        View name = null
             View = null
            Model = null

FlashMap:
       Attributes = null

MockHttpServletResponse:
           Status = 501
    Error message = null
          Headers = [Vary:"Origin", "Access-Control-Request-Method", "Access-Control-Request-Headers", X-Content-Type-Options:"nosniff", X-XSS-Protection:"0", Cache-Control:"no-cache, no-store, max-age=0, must-revalidate", Pragma:"no-cache", Expires:"0", X-Frame-Options:"DENY"]
     Content type = null
             Body = 
    Forwarded URL = null
   Redirected URL = null
          Cookies = []

MockHttpServletRequest:
      HTTP Method = POST
      Request URI = /v1/publication/save
       Parameters = {_csrf=[jcgsj5HnsWfCpu19BLrHoGW2jsLruZo_ftDPTRJ6ZPs60V_Yu_AauvOE1FLvk98ZMZfzkQGOo_rdiasSGOj5dHZOAMsJ4G_t]}
          Headers = [Content-Type:"application/json;charset=UTF-8", Authorization:"Bearer eyJhbGciOiJIUzUxMiJ9.eyJzdWIiOiJtZ2xAZ21haWwuY29tIiwiaWF0IjoxNzIxMjIyMDk3LCJleHAiOjE3MjI1MTgwOTd9.CQGx8r5dJCHELGPeIoLWxVzGFslgunUm_mJJHM_Xt1WVFt6uVXaAcnxJg3MvW4zVSidi73KJts8TcdEMxBM9tw", Content-Length:"283"]
             Body = {"title":"Publication 1","plantation":{"id":null,"area":"100 sqm","harvestType":"organic","irrigationType":"drip","productionType":"type1","details":"semillas de tomate para cultivo en verano, condiciones de riego: cada 2 días, condiciones de temperatura: 25-30°C","address":null}}
    Session Attrs = {}

Handler:
             Type = com.gardengroup.agroplantationapp.controller.PublicationController
           Method = com.gardengroup.agroplantationapp.controller.PublicationController#savePublication(PublicationSaveDTO, HttpServletRequest)

Async:
    Async started = false
     Async result = null

Resolved Exception:
             Type = null

ModelAndView:
        View name = null
             View = null
            Model = null

FlashMap:
       Attributes = null

MockHttpServletResponse:
           Status = 501
    Error message = null
          Headers = [Vary:"Origin", "Access-Control-Request-Method", "Access-Control-Request-Headers", X-Content-Type-Options:"nosniff", X-XSS-Protection:"0", Cache-Control:"no-cache, no-store, max-age=0, must-revalidate", Pragma:"no-cache", Expires:"0", X-Frame-Options:"DENY"]
     Content type = null
             Body = 
    Forwarded URL = null
   Redirected URL = null
          Cookies = []

MockHttpServletRequest:
      HTTP Method = POST
      Request URI = /v1/publication/save
       Parameters = {_csrf=[h0s-Vcam5OOFyCIWE0BRvxNLsMcd-LPPaEQH3dN8LLBH8xRc5n1bZvWS0Iao_hZ3dm1liyspnf4lwIfiDiEz5eFMTdZ3xyFl]}
          Headers = [Content-Type:"application/json;charset=UTF-8", Authorization:"Bearer eyJhbGciOiJIUzUxMiJ9.eyJzdWIiOiJtZ2xAZ21haWwuY29tIiwiaWF0IjoxNzIxMjIyMDk3LCJleHAiOjE3MjI1MTgwOTd9.CQGx8r5dJCHELGPeIoLWxVzGFslgunUm_mJJHM_Xt1WVFt6uVXaAcnxJg3MvW4zVSidi73KJts8TcdEMxBM9tw", Content-Length:"283"]
             Body = {"title":"Publication 1","plantation":{"id":null,"area":"100 sqm","harvestType":"organic","irrigationType":"drip","productionType":"type1","details":"semillas de tomate para cultivo en verano, condiciones de riego: cada 2 días, condiciones de temperatura: 25-30°C","address":null}}
    Session Attrs = {}

Handler:
             Type = com.gardengroup.agroplantationapp.controller.PublicationController
           Method = com.gardengroup.agroplantationapp.controller.PublicationController#savePublication(PublicationSaveDTO, HttpServletRequest)

Async:
    Async started = false
     Async result = null

Resolved Exception:
             Type = null

ModelAndView:
        View name = null
             View = null
            Model = null

FlashMap:
       Attributes = null

MockHttpServletResponse:
           Status = 501
    Error message = null
          Headers = [Vary:"Origin", "Access-Control-Request-Method", "Access-Control-Request-Headers", X-Content-Type-Options:"nosniff", X-XSS-Protection:"0", Cache-Control:"no-cache, no-store, max-age=0, must-revalidate", Pragma:"no-cache", Expires:"0", X-Frame-Options:"DENY"]
     Content type = null
             Body = 
    Forwarded URL = null
   Redirected URL = null
          Cookies = []

MockHttpServletRequest:
      HTTP Method = POST
      Request URI = /v1/publication/save
       Parameters = {_csrf=[v4m2hIMRWQopoz3txIFaZFTgPEPNPVw2YaCtipTmXx6tAJILj-yG5rZ3PT8EkQXd9axuAmaGEXqpWzobUpObvaTXa3zMZKo5]}
          Headers = [Content-Type:"application/json;charset=UTF-8", Authorization:"Bearer eyJhbGciOiJIUzUxMiJ9.eyJzdWIiOiJtZ2xAZ21haWwuY29tIiwiaWF0IjoxNzIxMjIyMDk3LCJleHAiOjE3MjI1MTgwOTd9.CQGx8r5dJCHELGPeIoLWxVzGFslgunUm_mJJHM_Xt1WVFt6uVXaAcnxJg3MvW4zVSidi73KJts8TcdEMxBM9tw", Content-Length:"283"]
             Body = {"title":"Publication 1","plantation":{"id":null,"area":"100 sqm","harvestType":"organic","irrigationType":"drip","productionType":"type1","details":"semillas de tomate para cultivo en verano, condiciones de riego: cada 2 días, condiciones de temperatura: 25-30°C","address":null}}
    Session Attrs = {}

Handler:
             Type = com.gardengroup.agroplantationapp.controller.PublicationController
           Method = com.gardengroup.agroplantationapp.controller.PublicationController#savePublication(PublicationSaveDTO, HttpServletRequest)

Async:
    Async started = false
     Async result = null

Resolved Exception:
             Type = null

ModelAndView:
        View name = null
             View = null
            Model = null

FlashMap:
       Attributes = null

MockHttpServletResponse:
           Status = 501
    Error message = null
          Headers = [Vary:"Origin", "Access-Control-Request-Method", "Access-Control-Request-Headers", X-Content-Type-Options:"nosniff", X-XSS-Protection:"0", Cache-Control:"no-cache, no-store, max-age=0, must-revalidate", Pragma:"no-cache", Expires:"0", X-Frame-Options:"DENY"]
     Content type = null
             Body = 
    Forwarded URL = null
   Redirected URL = null
          Cookies = []

MockHttpServletRequest:
      HTTP Method = POST
      Request URI = /v1/publication/save
       Parameters = {_csrf=[j3G0awhDVMb8q9uG2eDeznB6bu3NVvTzUMchEkvp5hpm0zujvxSCXDx7ZvTRnOK17c3q9kJMQ9X-NJfeZfdAdHjbgCJWsV6U]}
          Headers = [Content-Type:"application/json;charset=UTF-8", Authorization:"Bearer eyJhbGciOiJIUzUxMiJ9.eyJzdWIiOiJtZ2xAZ21haWwuY29tIiwiaWF0IjoxNzIxMjIyMDk3LCJleHAiOjE3MjI1MTgwOTd9.CQGx8r5dJCHELGPeIoLWxVzGFslgunUm_mJJHM_Xt1WVFt6uVXaAcnxJg3MvW4zVSidi73KJts8TcdEMxBM9tw", Content-Length:"283"]
             Body = {"title":"Publication 1","plantation":{"id":null,"area":"100 sqm","harvestType":"organic","irrigationType":"drip","productionType":"type1","details":"semillas de tomate para cultivo en verano, condiciones de riego: cada 2 días, condiciones de temperatura: 25-30°C","address":null}}
    Session Attrs = {}

Handler:
             Type = com.gardengroup.agroplantationapp.controller.PublicationController
           Method = com.gardengroup.agroplantationapp.controller.PublicationController#savePublication(PublicationSaveDTO, HttpServletRequest)

Async:
    Async started = false
     Async result = null

Resolved Exception:
             Type = null

ModelAndView:
        View name = null
             View = null
            Model = null

FlashMap:
       Attributes = null

MockHttpServletResponse:
           Status = 501
    Error message = null
          Headers = [Vary:"Origin", "Access-Control-Request-Method", "Access-Control-Request-Headers", X-Content-Type-Options:"nosniff", X-XSS-Protection:"0", Cache-Control:"no-cache, no-store, max-age=0, must-revalidate", Pragma:"no-cache", Expires:"0", X-Frame-Options:"DENY"]
     Content type = null
             Body = 
    Forwarded URL = null
   Redirected URL = null
          Cookies = []

MockHttpServletRequest:
      HTTP Method = POST
      Request URI = /v1/publication/save
       Parameters = {_csrf=[A-bsz02E08YSpXsXxTH2hCcsbLYTkLELwy8lYwOYn03CHkm5NYXY_i-zsfM_nRlyphzCshYVQdcrpoQm9B9HVzGq-SjxKHmL]}
          Headers = [Content-Type:"application/json;charset=UTF-8", Authorization:"Bearer eyJhbGciOiJIUzUxMiJ9.eyJzdWIiOiJtZ2xAZ21haWwuY29tIiwiaWF0IjoxNzIxMjIyMDk3LCJleHAiOjE3MjI1MTgwOTd9.CQGx8r5dJCHELGPeIoLWxVzGFslgunUm_mJJHM_Xt1WVFt6uVXaAcnxJg3MvW4zVSidi73KJts8TcdEMxBM9tw", Content-Length:"283"]
             Body = {"title":"Publication 1","plantation":{"id":null,"area":"100 sqm","harvestType":"organic","irrigationType":"drip","productionType":"type1","details":"semillas de tomate para cultivo en verano, condiciones de riego: cada 2 días, condiciones de temperatura: 25-30°C","address":null}}
    Session Attrs = {}

Handler:
             Type = com.gardengroup.agroplantationapp.controller.PublicationController
           Method = com.gardengroup.agroplantationapp.controller.PublicationController#savePublication(PublicationSaveDTO, HttpServletRequest)

Async:
    Async started = false
     Async result = null

Resolved Exception:
             Type = null

ModelAndView:
        View name = null
             View = null
            Model = null

FlashMap:
       Attributes = null

MockHttpServletResponse:
           Status = 501
    Error message = null
          Headers = [Vary:"Origin", "Access-Control-Request-Method", "Access-Control-Request-Headers", X-Content-Type-Options:"nosniff", X-XSS-Protection:"0", Cache-Control:"no-cache, no-store, max-age=0, must-revalidate", Pragma:"no-cache", Expires:"0", X-Frame-Options:"DENY"]
     Content type = null
             Body = 
    Forwarded URL = null
   Redirected URL = null
          Cookies = []

MockHttpServletRequest:
      HTTP Method = POST
      Request URI = /v1/publication/save
       Parameters = {_csrf=[bEeaTIJUfz7cFiTPS-sfCdd7U-nQhm8DJdMOEbPXejZICnTyDnSoL-BjHQ_xJEb9KcYrOu8ZfovlsVYuErA3KdfjTQ8sOBaU]}
          Headers = [Content-Type:"application/json;charset=UTF-8", Authorization:"Bearer eyJhbGciOiJIUzUxMiJ9.eyJzdWIiOiJtZ2xAZ21haWwuY29tIiwiaWF0IjoxNzIxMjIyMDk3LCJleHAiOjE3MjI1MTgwOTd9.CQGx8r5dJCHELGPeIoLWxVzGFslgunUm_mJJHM_Xt1WVFt6uVXaAcnxJg3MvW4zVSidi73KJts8TcdEMxBM9tw", Content-Length:"283"]
             Body = {"title":"Publication 1","plantation":{"id":null,"area":"100 sqm","harvestType":"organic","irrigationType":"drip","productionType":"type1","details":"semillas de tomate para cultivo en verano, condiciones de riego: cada 2 días, condiciones de temperatura: 25-30°C","address":null}}
    Session Attrs = {}

Handler:
             Type = com.gardengroup.agroplantationapp.controller.PublicationController
           Method = com.gardengroup.agroplantationapp.controller.PublicationController#savePublication(PublicationSaveDTO, HttpServletRequest)

Async:
    Async started = false
     Async result = null

Resolved Exception:
             Type = null

ModelAndView:
        View name = null
             View = null
            Model = null

FlashMap:
       Attributes = null

MockHttpServletResponse:
           Status = 501
    Error message = null
          Headers = [Vary:"Origin", "Access-Control-Request-Method", "Access-Control-Request-Headers", X-Content-Type-Options:"nosniff", X-XSS-Protection:"0", Cache-Control:"no-cache, no-store, max-age=0, must-revalidate", Pragma:"no-cache", Expires:"0", X-Frame-Options:"DENY"]
     Content type = null
             Body = 
    Forwarded URL = null
   Redirected URL = null
          Cookies = []

MockHttpServletRequest:
      HTTP Method = POST
      Request URI = /v1/publication/save
       Parameters = {_csrf=[bMtFO0SXGYoKFWYlf6TtK-0RMHiR2VvjzKIJTAlwScTi5H4UVPx0XSH1K-wnLQQRR4nZGotyHUGj6DjOrpc_eTxCLKLXgRwn]}
          Headers = [Content-Type:"application/json;charset=UTF-8", Authorization:"Bearer eyJhbGciOiJIUzUxMiJ9.eyJzdWIiOiJtZ2xAZ21haWwuY29tIiwiaWF0IjoxNzIxMjIyMDk3LCJleHAiOjE3MjI1MTgwOTd9.CQGx8r5dJCHELGPeIoLWxVzGFslgunUm_mJJHM_Xt1WVFt6uVXaAcnxJg3MvW4zVSidi73KJts8TcdEMxBM9tw", Content-Length:"283"]
             Body = {"title":"Publication 1","plantation":{"id":null,"area":"100 sqm","harvestType":"organic","irrigationType":"drip","productionType":"type1","details":"semillas de tomate para cultivo en verano, condiciones de riego: cada 2 días, condiciones de temperatura: 25-30°C","address":null}}
    Session Attrs = {}

Handler:
             Type = com.gardengroup.agroplantationapp.controller.PublicationController
           Method = com.gardengroup.agroplantationapp.controller.PublicationController#savePublication(PublicationSaveDTO, HttpServletRequest)

Async:
    Async started = false
     Async result = null

Resolved Exception:
             Type = null

ModelAndView:
        View name = null
             View = null
            Model = null

FlashMap:
       Attributes = null

MockHttpServletResponse:
           Status = 501
    Error message = null
          Headers = [Vary:"Origin", "Access-Control-Request-Method", "Access-Control-Request-Headers", X-Content-Type-Options:"nosniff", X-XSS-Protection:"0", Cache-Control:"no-cache, no-store, max-age=0, must-revalidate", Pragma:"no-cache", Expires:"0", X-Frame-Options:"DENY"]
     Content type = null
             Body = 
    Forwarded URL = null
   Redirected URL = null
          Cookies = []

MockHttpServletRequest:
      HTTP Method = POST
      Request URI = /v1/publication/save
       Parameters = {_csrf=[q1JYOVNuxmBmUnCPRPrzzdweeRgCuGhvks4SDwnqQ2KKfzBlmGBpADFepFJLMEXtItfH-b4rVHox3QxC9_YrajDdc1G4TVUB]}
          Headers = [Content-Type:"application/json;charset=UTF-8", Authorization:"Bearer eyJhbGciOiJIUzUxMiJ9.eyJzdWIiOiJtZ2xAZ21haWwuY29tIiwiaWF0IjoxNzIxMjIyMDk3LCJleHAiOjE3MjI1MTgwOTd9.CQGx8r5dJCHELGPeIoLWxVzGFslgunUm_mJJHM_Xt1WVFt6uVXaAcnxJg3MvW4zVSidi73KJts8TcdEMxBM9tw", Content-Length:"283"]
             Body = {"title":"Publication 1","plantation":{"id":null,"area":"100 sqm","harvestType":"organic","irrigationType":"drip","productionType":"type1","details":"semillas de tomate para cultivo en verano, condiciones de riego: cada 2 días, condiciones de temperatura: 25-30°C","address":null}}
    Session Attrs = {}

Handler:
             Type = com.gardengroup.agroplantationapp.controller.PublicationController
           Method = com.gardengroup.agroplantationapp.controller.PublicationController#savePublication(PublicationSaveDTO, HttpServletRequest)

Async:
    Async started = false
     Async result = null

Resolved Exception:
             Type = null

ModelAndView:
        View name = null
             View = null
            Model = null

FlashMap:
       Attributes = null

MockHttpServletResponse:
           Status = 501
    Error message = null
          Headers = [Vary:"Origin", "Access-Control-Request-Method", "Access-Control-Request-Headers", X-Content-Type-Options:"nosniff", X-XSS-Protection:"0", Cache-Control:"no-cache, no-store, max-age=0, must-revalidate", Pragma:"no-cache", Expires:"0", X-Frame-Options:"DENY"]
     Content type = null
             Body = 
    Forwarded URL = null
   Redirected URL = null
          Cookies = []

MockHttpServletRequest:
      HTTP Method = POST
      Request URI = /v1/publication/save
       Parameters = {_csrf=[QealFaxSxiCcHBwtZmbU6nPOACqTycWmx2GSFZiubo5SnpredNTHLZkzokWxeCoaVUvg00L_LUvx8aGL9VTwLa2YV-tr-6m7]}
          Headers = [Content-Type:"application/json;charset=UTF-8", Authorization:"Bearer eyJhbGciOiJIUzUxMiJ9.eyJzdWIiOiJtZ2xAZ21haWwuY29tIiwiaWF0IjoxNzIxMjIyMDk3LCJleHAiOjE3MjI1MTgwOTd9.CQGx8r5dJCHELGPeIoLWxVzGFslgunUm_mJJHM_Xt1WVFt6uVXaAcnxJg3MvW4zVSidi73KJts8TcdEMxBM9tw", Content-Length:"283"]
             Body = {"title":"Publication 1","plantation":{"id":null,"area":"100 sqm","harvestType":"organic","irrigationType":"drip","productionType":"type1","details":"semillas de tomate para cultivo en verano, condiciones de riego: cada 2 días, condiciones de temperatura: 25-30°C","address":null}}
    Session Attrs = {}

Handler:
             Type = com.gardengroup.agroplantationapp.controller.PublicationController
           Method = com.gardengroup.agroplantationapp.controller.PublicationController#savePublication(PublicationSaveDTO, HttpServletRequest)

Async:
    Async started = false
     Async result = null

Resolved Exception:
             Type = null

ModelAndView:
        View name = null
             View = null
            Model = null

FlashMap:
       Attributes = null

MockHttpServletResponse:
           Status = 501
    Error message = null
          Headers = [Vary:"Origin", "Access-Control-Request-Method", "Access-Control-Request-Headers", X-Content-Type-Options:"nosniff", X-XSS-Protection:"0", Cache-Control:"no-cache, no-store, max-age=0, must-revalidate", Pragma:"no-cache", Expires:"0", X-Frame-Options:"DENY"]
     Content type = null
             Body = 
    Forwarded URL = null
   Redirected URL = null
          Cookies = []

MockHttpServletRequest:
      HTTP Method = POST
      Request URI = /v1/publication/save
       Parameters = {_csrf=[Zd1zgVdV3s9sjTLZ8bk5gMI5y32pr4qwrOhnuYBvqoMw3gTlXOkW5WZh5_9B61btyJQN5qNd5h-ZnLqdmIoGgbVfk-AE72HQ]}
          Headers = [Content-Type:"application/json;charset=UTF-8", Authorization:"Bearer eyJhbGciOiJIUzUxMiJ9.eyJzdWIiOiJtZ2xAZ21haWwuY29tIiwiaWF0IjoxNzIxMjIyMDk3LCJleHAiOjE3MjI1MTgwOTd9.CQGx8r5dJCHELGPeIoLWxVzGFslgunUm_mJJHM_Xt1WVFt6uVXaAcnxJg3MvW4zVSidi73KJts8TcdEMxBM9tw", Content-Length:"283"]
             Body = {"title":"Publication 1","plantation":{"id":null,"area":"100 sqm","harvestType":"organic","irrigationType":"drip","productionType":"type1","details":"semillas de tomate para cultivo en verano, condiciones de riego: cada 2 días, condiciones de temperatura: 25-30°C","address":null}}
    Session Attrs = {}

Handler:
             Type = com.gardengroup.agroplantationapp.controller.PublicationController
           Method = com.gardengroup.agroplantationapp.controller.PublicationController#savePublication(PublicationSaveDTO, HttpServletRequest)

Async:
    Async started = false
     Async result = null

Resolved Exception:
             Type = null

ModelAndView:
        View name = null
             View = null
            Model = null

FlashMap:
       Attributes = null

MockHttpServletResponse:
           Status = 501
    Error message = null
          Headers = [Vary:"Origin", "Access-Control-Request-Method", "Access-Control-Request-Headers", X-Content-Type-Options:"nosniff", X-XSS-Protection:"0", Cache-Control:"no-cache, no-store, max-age=0, must-revalidate", Pragma:"no-cache", Expires:"0", X-Frame-Options:"DENY"]
     Content type = null
             Body = 
    Forwarded URL = null
   Redirected URL = null
          Cookies = []

MockHttpServletRequest:
      HTTP Method = POST
      Request URI = /v1/publication/save
       Parameters = {_csrf=[6tWktsHo8wgCCVUM94oijPEqN26Vxr9oIKUnNG-uRJC947PTjOCVhfWLy2ovbTc1wKcW7clIGlb28NxFFcAeVQrLIvaF24uy]}
          Headers = [Content-Type:"application/json;charset=UTF-8", Authorization:"Bearer eyJhbGciOiJIUzUxMiJ9.eyJzdWIiOiJtZ2xAZ21haWwuY29tIiwiaWF0IjoxNzIxMjIyMDk3LCJleHAiOjE3MjI1MTgwOTd9.CQGx8r5dJCHELGPeIoLWxVzGFslgunUm_mJJHM_Xt1WVFt6uVXaAcnxJg3MvW4zVSidi73KJts8TcdEMxBM9tw", Content-Length:"283"]
             Body = {"title":"Publication 1","plantation":{"id":null,"area":"100 sqm","harvestType":"organic","irrigationType":"drip","productionType":"type1","details":"semillas de tomate para cultivo en verano, condiciones de riego: cada 2 días, condiciones de temperatura: 25-30°C","address":null}}
    Session Attrs = {}

Handler:
             Type = com.gardengroup.agroplantationapp.controller.PublicationController
           Method = com.gardengroup.agroplantationapp.controller.PublicationController#savePublication(PublicationSaveDTO, HttpServletRequest)

Async:
    Async started = false
     Async result = null

Resolved Exception:
             Type = null

ModelAndView:
        View name = null
             View = null
            Model = null

FlashMap:
       Attributes = null

MockHttpServletResponse:
           Status = 501
    Error message = null
          Headers = [Vary:"Origin", "Access-Control-Request-Method", "Access-Control-Request-Headers", X-Content-Type-Options:"nosniff", X-XSS-Protection:"0", Cache-Control:"no-cache, no-store, max-age=0, must-revalidate", Pragma:"no-cache", Expires:"0", X-Frame-Options:"DENY"]
     Content type = null
             Body = 
    Forwarded URL = null
   Redirected URL = null
          Cookies = []

MockHttpServletRequest:
      HTTP Method = POST
      Request URI = /v1/publication/save
       Parameters = {_csrf=[m8_FFOHkhGrkh7Z2GxJHEoswsiGGHG1f8Lbupcfr2fwS6z-wr_b9JtGCvVjJ5NMTej9zIbxWn0O_el9yloaLkqXZ7M0l31yG]}
          Headers = [Content-Type:"application/json;charset=UTF-8", Authorization:"Bearer eyJhbGciOiJIUzUxMiJ9.eyJzdWIiOiJtZ2xAZ21haWwuY29tIiwiaWF0IjoxNzIxMjIyMDk3LCJleHAiOjE3MjI1MTgwOTd9.CQGx8r5dJCHELGPeIoLWxVzGFslgunUm_mJJHM_Xt1WVFt6uVXaAcnxJg3MvW4zVSidi73KJts8TcdEMxBM9tw", Content-Length:"283"]
             Body = {"title":"Publication 1","plantation":{"id":null,"area":"100 sqm","harvestType":"organic","irrigationType":"drip","productionType":"type1","details":"semillas de tomate para cultivo en verano, condiciones de riego: cada 2 días, condiciones de temperatura: 25-30°C","address":null}}
    Session Attrs = {}

Handler:
             Type = com.gardengroup.agroplantationapp.controller.PublicationController
           Method = com.gardengroup.agroplantationapp.controller.PublicationController#savePublication(PublicationSaveDTO, HttpServletRequest)

Async:
    Async started = false
     Async result = null

Resolved Exception:
             Type = null

ModelAndView:
        View name = null
             View = null
            Model = null

FlashMap:
       Attributes = null

MockHttpServletResponse:
           Status = 501
    Error message = null
          Headers = [Vary:"Origin", "Access-Control-Request-Method", "Access-Control-Request-Headers", X-Content-Type-Options:"nosniff", X-XSS-Protection:"0", Cache-Control:"no-cache, no-store, max-age=0, must-revalidate", Pragma:"no-cache", Expires:"0", X-Frame-Options:"DENY"]
     Content type = null
             Body = 
    Forwarded URL = null
   Redirected URL = null
          Cookies = []

MockHttpServletRequest:
      HTTP Method = POST
      Request URI = /v1/publication/save
       Parameters = {_csrf=[fHX_lBxWJtYTekz9xvlwGDcWhjnzHTOqfoD9CBuiiZdOAgGVTkfP8is1FOE-GSrK9dREeQZ0qwHLJAaHS7bKOH_DvvYoZzen]}
          Headers = [Content-Type:"application/json;charset=UTF-8", Authorization:"Bearer eyJhbGciOiJIUzUxMiJ9.eyJzdWIiOiJtZ2xAZ21haWwuY29tIiwiaWF0IjoxNzIxMjIyMDk3LCJleHAiOjE3MjI1MTgwOTd9.CQGx8r5dJCHELGPeIoLWxVzGFslgunUm_mJJHM_Xt1WVFt6uVXaAcnxJg3MvW4zVSidi73KJts8TcdEMxBM9tw", Content-Length:"283"]
             Body = {"title":"Publication 1","plantation":{"id":null,"area":"100 sqm","harvestType":"organic","irrigationType":"drip","productionType":"type1","details":"semillas de tomate para cultivo en verano, condiciones de riego: cada 2 días, condiciones de temperatura: 25-30°C","address":null}}
    Session Attrs = {}

Handler:
             Type = com.gardengroup.agroplantationapp.controller.PublicationController
           Method = com.gardengroup.agroplantationapp.controller.PublicationController#savePublication(PublicationSaveDTO, HttpServletRequest)

Async:
    Async started = false
     Async result = null

Resolved Exception:
             Type = null

ModelAndView:
        View name = null
             View = null
            Model = null

FlashMap:
       Attributes = null

MockHttpServletResponse:
           Status = 501
    Error message = null
          Headers = [Vary:"Origin", "Access-Control-Request-Method", "Access-Control-Request-Headers", X-Content-Type-Options:"nosniff", X-XSS-Protection:"0", Cache-Control:"no-cache, no-store, max-age=0, must-revalidate", Pragma:"no-cache", Expires:"0", X-Frame-Options:"DENY"]
     Content type = null
             Body = 
    Forwarded URL = null
   Redirected URL = null
          Cookies = []

MockHttpServletRequest:
      HTTP Method = POST
      Request URI = /v1/publication/save
       Parameters = {_csrf=[2Ac7KiZaOQhdfRMXDtAX1W-Fh-Fhb67qrWmisyAk-Rjf-cj772RYEh4-ADFwTiYmPP0jsQ7hqtkDX53HmVvA0RJHzy-7mq3C]}
          Headers = [Content-Type:"application/json;charset=UTF-8", Authorization:"Bearer eyJhbGciOiJIUzUxMiJ9.eyJzdWIiOiJtZ2xAZ21haWwuY29tIiwiaWF0IjoxNzIxMjIyMDk3LCJleHAiOjE3MjI1MTgwOTd9.CQGx8r5dJCHELGPeIoLWxVzGFslgunUm_mJJHM_Xt1WVFt6uVXaAcnxJg3MvW4zVSidi73KJts8TcdEMxBM9tw", Content-Length:"283"]
             Body = {"title":"Publication 1","plantation":{"id":null,"area":"100 sqm","harvestType":"organic","irrigationType":"drip","productionType":"type1","details":"semillas de tomate para cultivo en verano, condiciones de riego: cada 2 días, condiciones de temperatura: 25-30°C","address":null}}
    Session Attrs = {}

Handler:
             Type = com.gardengroup.agroplantationapp.controller.PublicationController
           Method = com.gardengroup.agroplantationapp.controller.PublicationController#savePublication(PublicationSaveDTO, HttpServletRequest)

Async:
    Async started = false
     Async result = null

Resolved Exception:
             Type = null

ModelAndView:
        View name = null
             View = null
            Model = null

FlashMap:
       Attributes = null

MockHttpServletResponse:
           Status = 501
    Error message = null
          Headers = [Vary:"Origin", "Access-Control-Request-Method", "Access-Control-Request-Headers", X-Content-Type-Options:"nosniff", X-XSS-Protection:"0", Cache-Control:"no-cache, no-store, max-age=0, must-revalidate", Pragma:"no-cache", Expires:"0", X-Frame-Options:"DENY"]
     Content type = null
             Body = 
    Forwarded URL = null
   Redirected URL = null
          Cookies = []

MockHttpServletRequest:
      HTTP Method = POST
      Request URI = /v1/publication/save
       Parameters = {_csrf=[2spZ_0CSzTWOLioaeBhcDeuC2viAxJLn8pUrqJyhY-DCNpPF7a8_mXX0_QejSxJ_SjVoadnh95nj9KfKl_BPn_iUVYHwVaL3]}
          Headers = [Content-Type:"application/json;charset=UTF-8", Authorization:"Bearer eyJhbGciOiJIUzUxMiJ9.eyJzdWIiOiJtZ2xAZ21haWwuY29tIiwiaWF0IjoxNzIxMjIyMDk3LCJleHAiOjE3MjI1MTgwOTd9.CQGx8r5dJCHELGPeIoLWxVzGFslgunUm_mJJHM_Xt1WVFt6uVXaAcnxJg3MvW4zVSidi73KJts8TcdEMxBM9tw", Content-Length:"283"]
             Body = {"title":"Publication 1","plantation":{"id":null,"area":"100 sqm","harvestType":"organic","irrigationType":"drip","productionType":"type1","details":"semillas de tomate para cultivo en verano, condiciones de riego: cada 2 días, condiciones de temperatura: 25-30°C","address":null}}
    Session Attrs = {}

Handler:
             Type = com.gardengroup.agroplantationapp.controller.PublicationController
           Method = com.gardengroup.agroplantationapp.controller.PublicationController#savePublication(PublicationSaveDTO, HttpServletRequest)

Async:
    Async started = false
     Async result = null

Resolved Exception:
             Type = null

ModelAndView:
        View name = null
             View = null
            Model = null

FlashMap:
       Attributes = null

MockHttpServletResponse:
           Status = 501
    Error message = null
          Headers = [Vary:"Origin", "Access-Control-Request-Method", "Access-Control-Request-Headers", X-Content-Type-Options:"nosniff", X-XSS-Protection:"0", Cache-Control:"no-cache, no-store, max-age=0, must-revalidate", Pragma:"no-cache", Expires:"0", X-Frame-Options:"DENY"]
     Content type = null
             Body = 
    Forwarded URL = null
   Redirected URL = null
          Cookies = []

MockHttpServletRequest:
      HTTP Method = POST
      Request URI = /v1/publication/save
       Parameters = {_csrf=[e3EQH0CNnw76e10rgSTyhvfzA7mwF-Evj9_YcXUmn1NMxRUTT0lxL3e__T_XQmwduAnGsZLFLoHUIYICu-voRk1ErWJ_oSYn]}
          Headers = [Content-Type:"application/json;charset=UTF-8", Authorization:"Bearer eyJhbGciOiJIUzUxMiJ9.eyJzdWIiOiJtZ2xAZ21haWwuY29tIiwiaWF0IjoxNzIxMjIyMDk3LCJleHAiOjE3MjI1MTgwOTd9.CQGx8r5dJCHELGPeIoLWxVzGFslgunUm_mJJHM_Xt1WVFt6uVXaAcnxJg3MvW4zVSidi73KJts8TcdEMxBM9tw", Content-Length:"283"]
             Body = {"title":"Publication 1","plantation":{"id":null,"area":"100 sqm","harvestType":"organic","irrigationType":"drip","productionType":"type1","details":"semillas de tomate para cultivo en verano, condiciones de riego: cada 2 días, condiciones de temperatura: 25-30°C","address":null}}
    Session Attrs = {}

Handler:
             Type = com.gardengroup.agroplantationapp.controller.PublicationController
           Method = com.gardengroup.agroplantationapp.controller.PublicationController#savePublication(PublicationSaveDTO, HttpServletRequest)

Async:
    Async started = false
     Async result = null

Resolved Exception:
             Type = null

ModelAndView:
        View name = null
             View = null
            Model = null

FlashMap:
       Attributes = null

MockHttpServletResponse:
           Status = 501
    Error message = null
          Headers = [Vary:"Origin", "Access-Control-Request-Method", "Access-Control-Request-Headers", X-Content-Type-Options:"nosniff", X-XSS-Protection:"0", Cache-Control:"no-cache, no-store, max-age=0, must-revalidate", Pragma:"no-cache", Expires:"0", X-Frame-Options:"DENY"]
     Content type = null
             Body = 
    Forwarded URL = null
   Redirected URL = null
          Cookies = []

MockHttpServletRequest:
      HTTP Method = POST
      Request URI = /v1/publication/save
       Parameters = {_csrf=[BP8SOuEmtzNz2-BhsithHnXUDGhld18dzwAJKdlB7npt-Z9UNpxzD4IX1VdeudkHgQZVL0znIQkHQz0wrjRvGbgi3U1Vy_o3]}
          Headers = [Content-Type:"application/json;charset=UTF-8", Authorization:"Bearer eyJhbGciOiJIUzUxMiJ9.eyJzdWIiOiJtZ2xAZ21haWwuY29tIiwiaWF0IjoxNzIxMjIyMDk3LCJleHAiOjE3MjI1MTgwOTd9.CQGx8r5dJCHELGPeIoLWxVzGFslgunUm_mJJHM_Xt1WVFt6uVXaAcnxJg3MvW4zVSidi73KJts8TcdEMxBM9tw", Content-Length:"283"]
             Body = {"title":"Publication 1","plantation":{"id":null,"area":"100 sqm","harvestType":"organic","irrigationType":"drip","productionType":"type1","details":"semillas de tomate para cultivo en verano, condiciones de riego: cada 2 días, condiciones de temperatura: 25-30°C","address":null}}
    Session Attrs = {}

Handler:
             Type = com.gardengroup.agroplantationapp.controller.PublicationController
           Method = com.gardengroup.agroplantationapp.controller.PublicationController#savePublication(PublicationSaveDTO, HttpServletRequest)

Async:
    Async started = false
     Async result = null

Resolved Exception:
             Type = null

ModelAndView:
        View name = null
             View = null
            Model = null

FlashMap:
       Attributes = null

MockHttpServletResponse:
           Status = 501
    Error message = null
          Headers = [Vary:"Origin", "Access-Control-Request-Method", "Access-Control-Request-Headers", X-Content-Type-Options:"nosniff", X-XSS-Protection:"0", Cache-Control:"no-cache, no-store, max-age=0, must-revalidate", Pragma:"no-cache", Expires:"0", X-Frame-Options:"DENY"]
     Content type = null
             Body = 
    Forwarded URL = null
   Redirected URL = null
          Cookies = []

MockHttpServletRequest:
      HTTP Method = POST
      Request URI = /v1/publication/save
       Parameters = {_csrf=[hSUxOfhcVwzLG3zjREJyGywwcyKDWcpYe28S9PFS8lXDMp5e4xYHCMxuYG_mLRrVdm9GfRQIXhu0Yal1GV8kkpBhxGD0UKlq]}
          Headers = [Content-Type:"application/json;charset=UTF-8", Authorization:"Bearer eyJhbGciOiJIUzUxMiJ9.eyJzdWIiOiJtZ2xAZ21haWwuY29tIiwiaWF0IjoxNzIxMjIyMDk3LCJleHAiOjE3MjI1MTgwOTd9.CQGx8r5dJCHELGPeIoLWxVzGFslgunUm_mJJHM_Xt1WVFt6uVXaAcnxJg3MvW4zVSidi73KJts8TcdEMxBM9tw", Content-Length:"283"]
             Body = {"title":"Publication 1","plantation":{"id":null,"area":"100 sqm","harvestType":"organic","irrigationType":"drip","productionType":"type1","details":"semillas de tomate para cultivo en verano, condiciones de riego: cada 2 días, condiciones de temperatura: 25-30°C","address":null}}
    Session Attrs = {}

Handler:
             Type = com.gardengroup.agroplantationapp.controller.PublicationController
           Method = com.gardengroup.agroplantationapp.controller.PublicationController#savePublication(PublicationSaveDTO, HttpServletRequest)

Async:
    Async started = false
     Async result = null

Resolved Exception:
             Type = null

ModelAndView:
        View name = null
             View = null
            Model = null

FlashMap:
       Attributes = null

MockHttpServletResponse:
           Status = 501
    Error message = null
          Headers = [Vary:"Origin", "Access-Control-Request-Method", "Access-Control-Request-Headers", X-Content-Type-Options:"nosniff", X-XSS-Protection:"0", Cache-Control:"no-cache, no-store, max-age=0, must-revalidate", Pragma:"no-cache", Expires:"0", X-Frame-Options:"DENY"]
     Content type = null
             Body = 
    Forwarded URL = null
   Redirected URL = null
          Cookies = []

MockHttpServletRequest:
      HTTP Method = POST
      Request URI = /v1/publication/save
       Parameters = {_csrf=[3fWAcO4wohUIl8ytcFb5iBxCmBc1boDj7rDVDiv_C7iXS4Yb5MLiSYxRmiIloPueFXvN7CtytS9TDbPO2IHlPxjIaNyle755]}
          Headers = [Content-Type:"application/json;charset=UTF-8", Authorization:"Bearer eyJhbGciOiJIUzUxMiJ9.eyJzdWIiOiJtZ2xAZ21haWwuY29tIiwiaWF0IjoxNzIxMjIyMDk3LCJleHAiOjE3MjI1MTgwOTd9.CQGx8r5dJCHELGPeIoLWxVzGFslgunUm_mJJHM_Xt1WVFt6uVXaAcnxJg3MvW4zVSidi73KJts8TcdEMxBM9tw", Content-Length:"283"]
             Body = {"title":"Publication 1","plantation":{"id":null,"area":"100 sqm","harvestType":"organic","irrigationType":"drip","productionType":"type1","details":"semillas de tomate para cultivo en verano, condiciones de riego: cada 2 días, condiciones de temperatura: 25-30°C","address":null}}
    Session Attrs = {}

Handler:
             Type = com.gardengroup.agroplantationapp.controller.PublicationController
           Method = com.gardengroup.agroplantationapp.controller.PublicationController#savePublication(PublicationSaveDTO, HttpServletRequest)

Async:
    Async started = false
     Async result = null

Resolved Exception:
             Type = null

ModelAndView:
        View name = null
             View = null
            Model = null

FlashMap:
       Attributes = null

MockHttpServletResponse:
           Status = 501
    Error message = null
          Headers = [Vary:"Origin", "Access-Control-Request-Method", "Access-Control-Request-Headers", X-Content-Type-Options:"nosniff", X-XSS-Protection:"0", Cache-Control:"no-cache, no-store, max-age=0, must-revalidate", Pragma:"no-cache", Expires:"0", X-Frame-Options:"DENY"]
     Content type = null
             Body = 
    Forwarded URL = null
   Redirected URL = null
          Cookies = []

MockHttpServletRequest:
      HTTP Method = POST
      Request URI = /v1/publication/save
       Parameters = {_csrf=[tjhiNYmJecg2Kt7v0HXBfLiB8DVyWwCYKE2kRfJgerJ6-5wwj1pbB7HsGvkbGbjdtlj1S92w3VcUaTe1Ti-dcJdUSddKnqwJ]}
          Headers = [Content-Type:"application/json;charset=UTF-8", Authorization:"Bearer eyJhbGciOiJIUzUxMiJ9.eyJzdWIiOiJtZ2xAZ21haWwuY29tIiwiaWF0IjoxNzIxMjIyMDk3LCJleHAiOjE3MjI1MTgwOTd9.CQGx8r5dJCHELGPeIoLWxVzGFslgunUm_mJJHM_Xt1WVFt6uVXaAcnxJg3MvW4zVSidi73KJts8TcdEMxBM9tw", Content-Length:"283"]
             Body = {"title":"Publication 1","plantation":{"id":null,"area":"100 sqm","harvestType":"organic","irrigationType":"drip","productionType":"type1","details":"semillas de tomate para cultivo en verano, condiciones de riego: cada 2 días, condiciones de temperatura: 25-30°C","address":null}}
    Session Attrs = {}

Handler:
             Type = com.gardengroup.agroplantationapp.controller.PublicationController
           Method = com.gardengroup.agroplantationapp.controller.PublicationController#savePublication(PublicationSaveDTO, HttpServletRequest)

Async:
    Async started = false
     Async result = null

Resolved Exception:
             Type = null

ModelAndView:
        View name = null
             View = null
            Model = null

FlashMap:
       Attributes = null

MockHttpServletResponse:
           Status = 501
    Error message = null
          Headers = [Vary:"Origin", "Access-Control-Request-Method", "Access-Control-Request-Headers", X-Content-Type-Options:"nosniff", X-XSS-Protection:"0", Cache-Control:"no-cache, no-store, max-age=0, must-revalidate", Pragma:"no-cache", Expires:"0", X-Frame-Options:"DENY"]
     Content type = null
             Body = 
    Forwarded URL = null
   Redirected URL = null
          Cookies = []

MockHttpServletRequest:
      HTTP Method = POST
      Request URI = /v1/publication/save
       Parameters = {_csrf=[QwTgcrIqrQ1Gd05idSuVMTh4qCHgTrbMxNDOcIR33xX5qELEJjGGEIFOmDRrFndUEQahBF5KhRnVfoPh8-StSbIT6SfLyXug]}
          Headers = [Content-Type:"application/json;charset=UTF-8", Authorization:"Bearer eyJhbGciOiJIUzUxMiJ9.eyJzdWIiOiJtZ2xAZ21haWwuY29tIiwiaWF0IjoxNzIxMjIyMDk3LCJleHAiOjE3MjI1MTgwOTd9.CQGx8r5dJCHELGPeIoLWxVzGFslgunUm_mJJHM_Xt1WVFt6uVXaAcnxJg3MvW4zVSidi73KJts8TcdEMxBM9tw", Content-Length:"283"]
             Body = {"title":"Publication 1","plantation":{"id":null,"area":"100 sqm","harvestType":"organic","irrigationType":"drip","productionType":"type1","details":"semillas de tomate para cultivo en verano, condiciones de riego: cada 2 días, condiciones de temperatura: 25-30°C","address":null}}
    Session Attrs = {}

Handler:
             Type = com.gardengroup.agroplantationapp.controller.PublicationController
           Method = com.gardengroup.agroplantationapp.controller.PublicationController#savePublication(PublicationSaveDTO, HttpServletRequest)

Async:
    Async started = false
     Async result = null

Resolved Exception:
             Type = null

ModelAndView:
        View name = null
             View = null
            Model = null

FlashMap:
       Attributes = null

MockHttpServletResponse:
           Status = 501
    Error message = null
          Headers = [Vary:"Origin", "Access-Control-Request-Method", "Access-Control-Request-Headers", X-Content-Type-Options:"nosniff", X-XSS-Protection:"0", Cache-Control:"no-cache, no-store, max-age=0, must-revalidate", Pragma:"no-cache", Expires:"0", X-Frame-Options:"DENY"]
     Content type = null
             Body = 
    Forwarded URL = null
   Redirected URL = null
          Cookies = []

MockHttpServletRequest:
      HTTP Method = POST
      Request URI = /v1/publication/save
       Parameters = {_csrf=[jIvyj4c1cEn5iVtSAM9KpFFrW4v5wHZaVzFpSco7KDamhNw4vL3F6r4NSSjUv2g3MOJ-lGFcdrOdo0F3Y1AIe6wJTFeTtLkB]}
          Headers = [Content-Type:"application/json;charset=UTF-8", Authorization:"Bearer eyJhbGciOiJIUzUxMiJ9.eyJzdWIiOiJtZ2xAZ21haWwuY29tIiwiaWF0IjoxNzIxMjIyMDk3LCJleHAiOjE3MjI1MTgwOTd9.CQGx8r5dJCHELGPeIoLWxVzGFslgunUm_mJJHM_Xt1WVFt6uVXaAcnxJg3MvW4zVSidi73KJts8TcdEMxBM9tw", Content-Length:"283"]
             Body = {"title":"Publication 1","plantation":{"id":null,"area":"100 sqm","harvestType":"organic","irrigationType":"drip","productionType":"type1","details":"semillas de tomate para cultivo en verano, condiciones de riego: cada 2 días, condiciones de temperatura: 25-30°C","address":null}}
    Session Attrs = {}

Handler:
             Type = com.gardengroup.agroplantationapp.controller.PublicationController
           Method = com.gardengroup.agroplantationapp.controller.PublicationController#savePublication(PublicationSaveDTO, HttpServletRequest)

Async:
    Async started = false
     Async result = null

Resolved Exception:
             Type = null

ModelAndView:
        View name = null
             View = null
            Model = null

FlashMap:
       Attributes = null

MockHttpServletResponse:
           Status = 501
    Error message = null
          Headers = [Vary:"Origin", "Access-Control-Request-Method", "Access-Control-Request-Headers", X-Content-Type-Options:"nosniff", X-XSS-Protection:"0", Cache-Control:"no-cache, no-store, max-age=0, must-revalidate", Pragma:"no-cache", Expires:"0", X-Frame-Options:"DENY"]
     Content type = null
             Body = 
    Forwarded URL = null
   Redirected URL = null
          Cookies = []

MockHttpServletRequest:
      HTTP Method = POST
      Request URI = /v1/publication/save
       Parameters = {_csrf=[I692wk2ETGJgsbcSpEStQz4HIhx910veGHT6WBCkbJtD-hQMEJ0U8nTgKFJNh9MgwmmZJVtmDyUfsinzIUSbYSmTVap6znY9]}
          Headers = [Content-Type:"application/json;charset=UTF-8", Authorization:"Bearer eyJhbGciOiJIUzUxMiJ9.eyJzdWIiOiJtZ2xAZ21haWwuY29tIiwiaWF0IjoxNzIxMjIyMDk3LCJleHAiOjE3MjI1MTgwOTd9.CQGx8r5dJCHELGPeIoLWxVzGFslgunUm_mJJHM_Xt1WVFt6uVXaAcnxJg3MvW4zVSidi73KJts8TcdEMxBM9tw", Content-Length:"283"]
             Body = {"title":"Publication 1","plantation":{"id":null,"area":"100 sqm","harvestType":"organic","irrigationType":"drip","productionType":"type1","details":"semillas de tomate para cultivo en verano, condiciones de riego: cada 2 días, condiciones de temperatura: 25-30°C","address":null}}
    Session Attrs = {}

Handler:
             Type = com.gardengroup.agroplantationapp.controller.PublicationController
           Method = com.gardengroup.agroplantationapp.controller.PublicationController#savePublication(PublicationSaveDTO, HttpServletRequest)

Async:
    Async started = false
     Async result = null

Resolved Exception:
             Type = null

ModelAndView:
        View name = null
             View = null
            Model = null

FlashMap:
       Attributes = null

MockHttpServletResponse:
           Status = 501
    Error message = null
          Headers = [Vary:"Origin", "Access-Control-Request-Method", "Access-Control-Request-Headers", X-Content-Type-Options:"nosniff", X-XSS-Protection:"0", Cache-Control:"no-cache, no-store, max-age=0, must-revalidate", Pragma:"no-cache", Expires:"0", X-Frame-Options:"DENY"]
     Content type = null
             Body = 
    Forwarded URL = null
   Redirected URL = null
          Cookies = []

MockHttpServletRequest:
      HTTP Method = POST
      Request URI = /v1/publication/save
       Parameters = {_csrf=[0MyeJDSzMIB1TtnbPDFYg1-ZngbfkIeQgg02Z-WLGxjHf3cpsq-oRVXSVuNYfr-9WBxs4mmpsz65qOK9uzwBX9LvKH3xGRRN]}
          Headers = [Content-Type:"application/json;charset=UTF-8", Authorization:"Bearer eyJhbGciOiJIUzUxMiJ9.eyJzdWIiOiJtZ2xAZ21haWwuY29tIiwiaWF0IjoxNzIxMjIyMDk3LCJleHAiOjE3MjI1MTgwOTd9.CQGx8r5dJCHELGPeIoLWxVzGFslgunUm_mJJHM_Xt1WVFt6uVXaAcnxJg3MvW4zVSidi73KJts8TcdEMxBM9tw", Content-Length:"283"]
             Body = {"title":"Publication 1","plantation":{"id":null,"area":"100 sqm","harvestType":"organic","irrigationType":"drip","productionType":"type1","details":"semillas de tomate para cultivo en verano, condiciones de riego: cada 2 días, condiciones de temperatura: 25-30°C","address":null}}
    Session Attrs = {}

Handler:
             Type = com.gardengroup.agroplantationapp.controller.PublicationController
           Method = com.gardengroup.agroplantationapp.controller.PublicationController#savePublication(PublicationSaveDTO, HttpServletRequest)

Async:
    Async started = false
     Async result = null

Resolved Exception:
             Type = null

ModelAndView:
        View name = null
             View = null
            Model = null

FlashMap:
       Attributes = null

MockHttpServletResponse:
           Status = 501
    Error message = null
          Headers = [Vary:"Origin", "Access-Control-Request-Method", "Access-Control-Request-Headers", X-Content-Type-Options:"nosniff", X-XSS-Protection:"0", Cache-Control:"no-cache, no-store, max-age=0, must-revalidate", Pragma:"no-cache", Expires:"0", X-Frame-Options:"DENY"]
     Content type = null
             Body = 
    Forwarded URL = null
   Redirected URL = null
          Cookies = []

MockHttpServletRequest:
      HTTP Method = POST
      Request URI = /v1/publication/save
       Parameters = {_csrf=[JMOrwyKDp3Vc0mFDqHP5ii1abAdkhHOQFgB-rc_ODPgI3yiwEPTJ8xa1w0Bxs1N6y17Ns09sQWZX4RC9LjhOmf-sacBuvh2E]}
          Headers = [Content-Type:"application/json;charset=UTF-8", Authorization:"Bearer eyJhbGciOiJIUzUxMiJ9.eyJzdWIiOiJtZ2xAZ21haWwuY29tIiwiaWF0IjoxNzIxMjIyMDk3LCJleHAiOjE3MjI1MTgwOTd9.CQGx8r5dJCHELGPeIoLWxVzGFslgunUm_mJJHM_Xt1WVFt6uVXaAcnxJg3MvW4zVSidi73KJts8TcdEMxBM9tw", Content-Length:"283"]
             Body = {"title":"Publication 1","plantation":{"id":null,"area":"100 sqm","harvestType":"organic","irrigationType":"drip","productionType":"type1","details":"semillas de tomate para cultivo en verano, condiciones de riego: cada 2 días, condiciones de temperatura: 25-30°C","address":null}}
    Session Attrs = {}

Handler:
             Type = com.gardengroup.agroplantationapp.controller.PublicationController
           Method = com.gardengroup.agroplantationapp.controller.PublicationController#savePublication(PublicationSaveDTO, HttpServletRequest)

Async:
    Async started = false
     Async result = null

Resolved Exception:
             Type = null

ModelAndView:
        View name = null
             View = null
            Model = null

FlashMap:
       Attributes = null

MockHttpServletResponse:
           Status = 501
    Error message = null
          Headers = [Vary:"Origin", "Access-Control-Request-Method", "Access-Control-Request-Headers", X-Content-Type-Options:"nosniff", X-XSS-Protection:"0", Cache-Control:"no-cache, no-store, max-age=0, must-revalidate", Pragma:"no-cache", Expires:"0", X-Frame-Options:"DENY"]
     Content type = null
             Body = 
    Forwarded URL = null
   Redirected URL = null
          Cookies = []

MockHttpServletRequest:
      HTTP Method = POST
      Request URI = /v1/publication/save
       Parameters = {_csrf=[aSRZv2Ufiboqe4w88ohv-CM61V5Cj-duWqMBJ_LNrzBXAxjHXhxpiQF5uIkHGrsEyqVbzUYC-D9yudJDY8U3RcX9zQJgNS71]}
          Headers = [Content-Type:"application/json;charset=UTF-8", Authorization:"Bearer eyJhbGciOiJIUzUxMiJ9.eyJzdWIiOiJtZ2xAZ21haWwuY29tIiwiaWF0IjoxNzIxMjIyMDk3LCJleHAiOjE3MjI1MTgwOTd9.CQGx8r5dJCHELGPeIoLWxVzGFslgunUm_mJJHM_Xt1WVFt6uVXaAcnxJg3MvW4zVSidi73KJts8TcdEMxBM9tw", Content-Length:"283"]
             Body = {"title":"Publication 1","plantation":{"id":null,"area":"100 sqm","harvestType":"organic","irrigationType":"drip","productionType":"type1","details":"semillas de tomate para cultivo en verano, condiciones de riego: cada 2 días, condiciones de temperatura: 25-30°C","address":null}}
    Session Attrs = {}

Handler:
             Type = com.gardengroup.agroplantationapp.controller.PublicationController
           Method = com.gardengroup.agroplantationapp.controller.PublicationController#savePublication(PublicationSaveDTO, HttpServletRequest)

Async:
    Async started = false
     Async result = null

Resolved Exception:
             Type = null

ModelAndView:
        View name = null
             View = null
            Model = null

FlashMap:
       Attributes = null

MockHttpServletResponse:
           Status = 501
    Error message = null
          Headers = [Vary:"Origin", "Access-Control-Request-Method", "Access-Control-Request-Headers", X-Content-Type-Options:"nosniff", X-XSS-Protection:"0", Cache-Control:"no-cache, no-store, max-age=0, must-revalidate", Pragma:"no-cache", Expires:"0", X-Frame-Options:"DENY"]
     Content type = null
             Body = 
    Forwarded URL = null
   Redirected URL = null
          Cookies = []

MockHttpServletRequest:
      HTTP Method = POST
      Request URI = /v1/publication/save
       Parameters = {_csrf=[d7XU4hDtTUjp-A39CmrMJv9qY0h7M-TrEptCaKU5NlD45sy1RIyx0XXbLnrEmTiZOkf4RZkPTioYV4fGcKt0XJ0LAzOb0_XR]}
          Headers = [Content-Type:"application/json;charset=UTF-8", Authorization:"Bearer eyJhbGciOiJIUzUxMiJ9.eyJzdWIiOiJtZ2xAZ21haWwuY29tIiwiaWF0IjoxNzIxMjIyMDk3LCJleHAiOjE3MjI1MTgwOTd9.CQGx8r5dJCHELGPeIoLWxVzGFslgunUm_mJJHM_Xt1WVFt6uVXaAcnxJg3MvW4zVSidi73KJts8TcdEMxBM9tw", Content-Length:"283"]
             Body = {"title":"Publication 1","plantation":{"id":null,"area":"100 sqm","harvestType":"organic","irrigationType":"drip","productionType":"type1","details":"semillas de tomate para cultivo en verano, condiciones de riego: cada 2 días, condiciones de temperatura: 25-30°C","address":null}}
    Session Attrs = {}

Handler:
             Type = com.gardengroup.agroplantationapp.controller.PublicationController
           Method = com.gardengroup.agroplantationapp.controller.PublicationController#savePublication(PublicationSaveDTO, HttpServletRequest)

Async:
    Async started = false
     Async result = null

Resolved Exception:
             Type = null

ModelAndView:
        View name = null
             View = null
            Model = null

FlashMap:
       Attributes = null

MockHttpServletResponse:
           Status = 501
    Error message = null
          Headers = [Vary:"Origin", "Access-Control-Request-Method", "Access-Control-Request-Headers", X-Content-Type-Options:"nosniff", X-XSS-Protection:"0", Cache-Control:"no-cache, no-store, max-age=0, must-revalidate", Pragma:"no-cache", Expires:"0", X-Frame-Options:"DENY"]
     Content type = null
             Body = 
    Forwarded URL = null
   Redirected URL = null
          Cookies = []

MockHttpServletRequest:
      HTTP Method = POST
      Request URI = /v1/publication/save
       Parameters = {_csrf=[-QqOoYkgncO5mnDBMnoH-Sp7DPS0OKK5CUhTJJoG-ObklLq8nzrvmb1FqPSUqkDxUVczmBlLIZWDCJeUPylgFP8wnoWArd6P]}
          Headers = [Content-Type:"application/json;charset=UTF-8", Authorization:"Bearer eyJhbGciOiJIUzUxMiJ9.eyJzdWIiOiJtZ2xAZ21haWwuY29tIiwiaWF0IjoxNzIxMjIyMDk3LCJleHAiOjE3MjI1MTgwOTd9.CQGx8r5dJCHELGPeIoLWxVzGFslgunUm_mJJHM_Xt1WVFt6uVXaAcnxJg3MvW4zVSidi73KJts8TcdEMxBM9tw", Content-Length:"283"]
             Body = {"title":"Publication 1","plantation":{"id":null,"area":"100 sqm","harvestType":"organic","irrigationType":"drip","productionType":"type1","details":"semillas de tomate para cultivo en verano, condiciones de riego: cada 2 días, condiciones de temperatura: 25-30°C","address":null}}
    Session Attrs = {}

Handler:
             Type = com.gardengroup.agroplantationapp.controller.PublicationController
           Method = com.gardengroup.agroplantationapp.controller.PublicationController#savePublication(PublicationSaveDTO, HttpServletRequest)

Async:
    Async started = false
     Async result = null

Resolved Exception:
             Type = null

ModelAndView:
        View name = null
             View = null
            Model = null

FlashMap:
       Attributes = null

MockHttpServletResponse:
           Status = 501
    Error message = null
          Headers = [Vary:"Origin", "Access-Control-Request-Method", "Access-Control-Request-Headers", X-Content-Type-Options:"nosniff", X-XSS-Protection:"0", Cache-Control:"no-cache, no-store, max-age=0, must-revalidate", Pragma:"no-cache", Expires:"0", X-Frame-Options:"DENY"]
     Content type = null
             Body = 
    Forwarded URL = null
   Redirected URL = null
          Cookies = []

MockHttpServletRequest:
      HTTP Method = POST
      Request URI = /v1/publication/save
       Parameters = {_csrf=[Rc4e0nq682I7ZEzMd7lq7wk5fKDT5a6HeF7jqJm6R_-f7h-MIasrsBuPwFUWUn6pQpRe1z4KUZmxh8uqQWrQnfrfIsqv1nnq]}
          Headers = [Content-Type:"application/json;charset=UTF-8", Authorization:"Bearer eyJhbGciOiJIUzUxMiJ9.eyJzdWIiOiJtZ2xAZ21haWwuY29tIiwiaWF0IjoxNzIxMjIyMDk3LCJleHAiOjE3MjI1MTgwOTd9.CQGx8r5dJCHELGPeIoLWxVzGFslgunUm_mJJHM_Xt1WVFt6uVXaAcnxJg3MvW4zVSidi73KJts8TcdEMxBM9tw", Content-Length:"283"]
             Body = {"title":"Publication 1","plantation":{"id":null,"area":"100 sqm","harvestType":"organic","irrigationType":"drip","productionType":"type1","details":"semillas de tomate para cultivo en verano, condiciones de riego: cada 2 días, condiciones de temperatura: 25-30°C","address":null}}
    Session Attrs = {}

Handler:
             Type = com.gardengroup.agroplantationapp.controller.PublicationController
           Method = com.gardengroup.agroplantationapp.controller.PublicationController#savePublication(PublicationSaveDTO, HttpServletRequest)

Async:
    Async started = false
     Async result = null

Resolved Exception:
             Type = null

ModelAndView:
        View name = null
             View = null
            Model = null

FlashMap:
       Attributes = null

MockHttpServletResponse:
           Status = 501
    Error message = null
          Headers = [Vary:"Origin", "Access-Control-Request-Method", "Access-Control-Request-Headers", X-Content-Type-Options:"nosniff", X-XSS-Protection:"0", Cache-Control:"no-cache, no-store, max-age=0, must-revalidate", Pragma:"no-cache", Expires:"0", X-Frame-Options:"DENY"]
     Content type = null
             Body = 
    Forwarded URL = null
   Redirected URL = null
          Cookies = []

MockHttpServletRequest:
      HTTP Method = POST
      Request URI = /v1/publication/save
       Parameters = {_csrf=[89vk_C9Ub0qEuV4iIbBSxYaUkaCLr9cEK1ORhn-a1Ljy90fGwu6FzB0yWHupjWZEQ51m8bXwvMGzn7MpTmX3v0yosoyTwn71]}
          Headers = [Content-Type:"application/json;charset=UTF-8", Authorization:"Bearer eyJhbGciOiJIUzUxMiJ9.eyJzdWIiOiJtZ2xAZ21haWwuY29tIiwiaWF0IjoxNzIxMjIyMDk3LCJleHAiOjE3MjI1MTgwOTd9.CQGx8r5dJCHELGPeIoLWxVzGFslgunUm_mJJHM_Xt1WVFt6uVXaAcnxJg3MvW4zVSidi73KJts8TcdEMxBM9tw", Content-Length:"283"]
             Body = {"title":"Publication 1","plantation":{"id":null,"area":"100 sqm","harvestType":"organic","irrigationType":"drip","productionType":"type1","details":"semillas de tomate para cultivo en verano, condiciones de riego: cada 2 días, condiciones de temperatura: 25-30°C","address":null}}
    Session Attrs = {}

Handler:
             Type = com.gardengroup.agroplantationapp.controller.PublicationController
           Method = com.gardengroup.agroplantationapp.controller.PublicationController#savePublication(PublicationSaveDTO, HttpServletRequest)

Async:
    Async started = false
     Async result = null

Resolved Exception:
             Type = null

ModelAndView:
        View name = null
             View = null
            Model = null

FlashMap:
       Attributes = null

MockHttpServletResponse:
           Status = 501
    Error message = null
          Headers = [Vary:"Origin", "Access-Control-Request-Method", "Access-Control-Request-Headers", X-Content-Type-Options:"nosniff", X-XSS-Protection:"0", Cache-Control:"no-cache, no-store, max-age=0, must-revalidate", Pragma:"no-cache", Expires:"0", X-Frame-Options:"DENY"]
     Content type = null
             Body = 
    Forwarded URL = null
   Redirected URL = null
          Cookies = []

MockHttpServletRequest:
      HTTP Method = POST
      Request URI = /v1/publication/save
       Parameters = {_csrf=[iSWHrxPWGdaD4MVLnCGPcRxV00VASDLG6kQCIY0KWCsArFTe7xTlzna3L7Ku0vB8qwy7RHll_iQjKQXr3HVkEr8zOUo4lWTm]}
          Headers = [Content-Type:"application/json;charset=UTF-8", Authorization:"Bearer eyJhbGciOiJIUzUxMiJ9.eyJzdWIiOiJtZ2xAZ21haWwuY29tIiwiaWF0IjoxNzIxMjIyMDk3LCJleHAiOjE3MjI1MTgwOTd9.CQGx8r5dJCHELGPeIoLWxVzGFslgunUm_mJJHM_Xt1WVFt6uVXaAcnxJg3MvW4zVSidi73KJts8TcdEMxBM9tw", Content-Length:"283"]
             Body = {"title":"Publication 1","plantation":{"id":null,"area":"100 sqm","harvestType":"organic","irrigationType":"drip","productionType":"type1","details":"semillas de tomate para cultivo en verano, condiciones de riego: cada 2 días, condiciones de temperatura: 25-30°C","address":null}}
    Session Attrs = {}

Handler:
             Type = com.gardengroup.agroplantationapp.controller.PublicationController
           Method = com.gardengroup.agroplantationapp.controller.PublicationController#savePublication(PublicationSaveDTO, HttpServletRequest)

Async:
    Async started = false
     Async result = null

Resolved Exception:
             Type = null

ModelAndView:
        View name = null
             View = null
            Model = null

FlashMap:
       Attributes = null

MockHttpServletResponse:
           Status = 501
    Error message = null
          Headers = [Vary:"Origin", "Access-Control-Request-Method", "Access-Control-Request-Headers", X-Content-Type-Options:"nosniff", X-XSS-Protection:"0", Cache-Control:"no-cache, no-store, max-age=0, must-revalidate", Pragma:"no-cache", Expires:"0", X-Frame-Options:"DENY"]
     Content type = null
             Body = 
    Forwarded URL = null
   Redirected URL = null
          Cookies = []

MockHttpServletRequest:
      HTTP Method = POST
      Request URI = /v1/publication/save
       Parameters = {_csrf=[X1cBzDdg-mS3phVC3zK_NWV55flvSFYbYgmqgS8GtP1EP67cOWAx9QNTz1KaxHR37x-LU10ayMFafDA2B2jO4BwwgZlyDZ3s]}
          Headers = [Content-Type:"application/json;charset=UTF-8", Authorization:"Bearer eyJhbGciOiJIUzUxMiJ9.eyJzdWIiOiJtZ2xAZ21haWwuY29tIiwiaWF0IjoxNzIxMjIyMDk3LCJleHAiOjE3MjI1MTgwOTd9.CQGx8r5dJCHELGPeIoLWxVzGFslgunUm_mJJHM_Xt1WVFt6uVXaAcnxJg3MvW4zVSidi73KJts8TcdEMxBM9tw", Content-Length:"283"]
             Body = {"title":"Publication 1","plantation":{"id":null,"area":"100 sqm","harvestType":"organic","irrigationType":"drip","productionType":"type1","details":"semillas de tomate para cultivo en verano, condiciones de riego: cada 2 días, condiciones de temperatura: 25-30°C","address":null}}
    Session Attrs = {}

Handler:
             Type = com.gardengroup.agroplantationapp.controller.PublicationController
           Method = com.gardengroup.agroplantationapp.controller.PublicationController#savePublication(PublicationSaveDTO, HttpServletRequest)

Async:
    Async started = false
     Async result = null

Resolved Exception:
             Type = null

ModelAndView:
        View name = null
             View = null
            Model = null

FlashMap:
       Attributes = null

MockHttpServletResponse:
           Status = 501
    Error message = null
          Headers = [Vary:"Origin", "Access-Control-Request-Method", "Access-Control-Request-Headers", X-Content-Type-Options:"nosniff", X-XSS-Protection:"0", Cache-Control:"no-cache, no-store, max-age=0, must-revalidate", Pragma:"no-cache", Expires:"0", X-Frame-Options:"DENY"]
     Content type = null
             Body = 
    Forwarded URL = null
   Redirected URL = null
          Cookies = []

MockHttpServletRequest:
      HTTP Method = POST
      Request URI = /v1/publication/save
       Parameters = {_csrf=[8cOBiM4oR_lPKVe9hNEfGo5ef65aWSYb7Wv6WKDvWJ-R9cnGwqLi7P0ddcBiGGTZ5vwrfLw7UpY8aRQ2i1PIbJSMbPzwwa2i]}
          Headers = [Content-Type:"application/json;charset=UTF-8", Authorization:"Bearer eyJhbGciOiJIUzUxMiJ9.eyJzdWIiOiJtZ2xAZ21haWwuY29tIiwiaWF0IjoxNzIxMjIyMDk3LCJleHAiOjE3MjI1MTgwOTd9.CQGx8r5dJCHELGPeIoLWxVzGFslgunUm_mJJHM_Xt1WVFt6uVXaAcnxJg3MvW4zVSidi73KJts8TcdEMxBM9tw", Content-Length:"283"]
             Body = {"title":"Publication 1","plantation":{"id":null,"area":"100 sqm","harvestType":"organic","irrigationType":"drip","productionType":"type1","details":"semillas de tomate para cultivo en verano, condiciones de riego: cada 2 días, condiciones de temperatura: 25-30°C","address":null}}
    Session Attrs = {}

Handler:
             Type = com.gardengroup.agroplantationapp.controller.PublicationController
           Method = com.gardengroup.agroplantationapp.controller.PublicationController#savePublication(PublicationSaveDTO, HttpServletRequest)

Async:
    Async started = false
     Async result = null

Resolved Exception:
             Type = null

ModelAndView:
        View name = null
             View = null
            Model = null

FlashMap:
       Attributes = null

MockHttpServletResponse:
           Status = 501
    Error message = null
          Headers = [Vary:"Origin", "Access-Control-Request-Method", "Access-Control-Request-Headers", X-Content-Type-Options:"nosniff", X-XSS-Protection:"0", Cache-Control:"no-cache, no-store, max-age=0, must-revalidate", Pragma:"no-cache", Expires:"0", X-Frame-Options:"DENY"]
     Content type = null
             Body = 
    Forwarded URL = null
   Redirected URL = null
          Cookies = []

MockHttpServletRequest:
      HTTP Method = POST
      Request URI = /v1/publication/save
       Parameters = {_csrf=[tISb9vUejgTPEWWnkazPyUr7HCgk9d4pRGAlM6JGQrYS3PPh17SslMZ_uj3iIAfC9YH7qnnPMRERlOsEIlUTBpoketIq6pbQ]}
          Headers = [Content-Type:"application/json;charset=UTF-8", Authorization:"Bearer eyJhbGciOiJIUzUxMiJ9.eyJzdWIiOiJtZ2xAZ21haWwuY29tIiwiaWF0IjoxNzIxMjIyMDk3LCJleHAiOjE3MjI1MTgwOTd9.CQGx8r5dJCHELGPeIoLWxVzGFslgunUm_mJJHM_Xt1WVFt6uVXaAcnxJg3MvW4zVSidi73KJts8TcdEMxBM9tw", Content-Length:"283"]
             Body = {"title":"Publication 1","plantation":{"id":null,"area":"100 sqm","harvestType":"organic","irrigationType":"drip","productionType":"type1","details":"semillas de tomate para cultivo en verano, condiciones de riego: cada 2 días, condiciones de temperatura: 25-30°C","address":null}}
    Session Attrs = {}

Handler:
             Type = com.gardengroup.agroplantationapp.controller.PublicationController
           Method = com.gardengroup.agroplantationapp.controller.PublicationController#savePublication(PublicationSaveDTO, HttpServletRequest)

Async:
    Async started = false
     Async result = null

Resolved Exception:
             Type = null

ModelAndView:
        View name = null
             View = null
            Model = null

FlashMap:
       Attributes = null

MockHttpServletResponse:
           Status = 501
    Error message = null
          Headers = [Vary:"Origin", "Access-Control-Request-Method", "Access-Control-Request-Headers", X-Content-Type-Options:"nosniff", X-XSS-Protection:"0", Cache-Control:"no-cache, no-store, max-age=0, must-revalidate", Pragma:"no-cache", Expires:"0", X-Frame-Options:"DENY"]
     Content type = null
             Body = 
    Forwarded URL = null
   Redirected URL = null
          Cookies = []

MockHttpServletRequest:
      HTTP Method = POST
      Request URI = /v1/publication/save
       Parameters = {_csrf=[M5ZyL3UqW0t1d-Hqkijo646v8kGNuozaANTGmsfDGYj2Z6P7BKJGSUAeP31YQtDZpAXcibnM33nr37T3Oeb3r_CnIbnFXsHN]}
          Headers = [Content-Type:"application/json;charset=UTF-8", Authorization:"Bearer eyJhbGciOiJIUzUxMiJ9.eyJzdWIiOiJtZ2xAZ21haWwuY29tIiwiaWF0IjoxNzIxMjIyMDk3LCJleHAiOjE3MjI1MTgwOTd9.CQGx8r5dJCHELGPeIoLWxVzGFslgunUm_mJJHM_Xt1WVFt6uVXaAcnxJg3MvW4zVSidi73KJts8TcdEMxBM9tw", Content-Length:"283"]
             Body = {"title":"Publication 1","plantation":{"id":null,"area":"100 sqm","harvestType":"organic","irrigationType":"drip","productionType":"type1","details":"semillas de tomate para cultivo en verano, condiciones de riego: cada 2 días, condiciones de temperatura: 25-30°C","address":null}}
    Session Attrs = {}

Handler:
             Type = com.gardengroup.agroplantationapp.controller.PublicationController
           Method = com.gardengroup.agroplantationapp.controller.PublicationController#savePublication(PublicationSaveDTO, HttpServletRequest)

Async:
    Async started = false
     Async result = null

Resolved Exception:
             Type = null

ModelAndView:
        View name = null
             View = null
            Model = null

FlashMap:
       Attributes = null

MockHttpServletResponse:
           Status = 501
    Error message = null
          Headers = [Vary:"Origin", "Access-Control-Request-Method", "Access-Control-Request-Headers", X-Content-Type-Options:"nosniff", X-XSS-Protection:"0", Cache-Control:"no-cache, no-store, max-age=0, must-revalidate", Pragma:"no-cache", Expires:"0", X-Frame-Options:"DENY"]
     Content type = null
             Body = 
    Forwarded URL = null
   Redirected URL = null
          Cookies = []

MockHttpServletRequest:
      HTTP Method = POST
      Request URI = /v1/publication/save
       Parameters = {_csrf=[2b8PbtdcnR0j4EUPRsLLPFwfXIW-_Z4JLYFquxiK41TOGID47Iw6WbY9-38Ognw5fu__CmorcbyOz6YkH7IOii-yh2D-K7PB]}
          Headers = [Content-Type:"application/json;charset=UTF-8", Authorization:"Bearer eyJhbGciOiJIUzUxMiJ9.eyJzdWIiOiJtZ2xAZ21haWwuY29tIiwiaWF0IjoxNzIxMjIyMDk3LCJleHAiOjE3MjI1MTgwOTd9.CQGx8r5dJCHELGPeIoLWxVzGFslgunUm_mJJHM_Xt1WVFt6uVXaAcnxJg3MvW4zVSidi73KJts8TcdEMxBM9tw", Content-Length:"283"]
             Body = {"title":"Publication 1","plantation":{"id":null,"area":"100 sqm","harvestType":"organic","irrigationType":"drip","productionType":"type1","details":"semillas de tomate para cultivo en verano, condiciones de riego: cada 2 días, condiciones de temperatura: 25-30°C","address":null}}
    Session Attrs = {}

Handler:
             Type = com.gardengroup.agroplantationapp.controller.PublicationController
           Method = com.gardengroup.agroplantationapp.controller.PublicationController#savePublication(PublicationSaveDTO, HttpServletRequest)

Async:
    Async started = false
     Async result = null

Resolved Exception:
             Type = null

ModelAndView:
        View name = null
             View = null
            Model = null

FlashMap:
       Attributes = null

MockHttpServletResponse:
           Status = 501
    Error message = null
          Headers = [Vary:"Origin", "Access-Control-Request-Method", "Access-Control-Request-Headers", X-Content-Type-Options:"nosniff", X-XSS-Protection:"0", Cache-Control:"no-cache, no-store, max-age=0, must-revalidate", Pragma:"no-cache", Expires:"0", X-Frame-Options:"DENY"]
     Content type = null
             Body = 
    Forwarded URL = null
   Redirected URL = null
          Cookies = []

MockHttpServletRequest:
      HTTP Method = POST
      Request URI = /v1/publication/save
       Parameters = {_csrf=[C51SEw43_vzRNrggJclUvNKOvcddlU9pIf7dDht_xBOeUbTAbv5kKzdUypr8V48TFORgiebqkP9t9HhEEc_oPS5PonevN9Km]}
          Headers = [Content-Type:"application/json;charset=UTF-8", Authorization:"Bearer eyJhbGciOiJIUzUxMiJ9.eyJzdWIiOiJtZ2xAZ21haWwuY29tIiwiaWF0IjoxNzIxMjIyMDk3LCJleHAiOjE3MjI1MTgwOTd9.CQGx8r5dJCHELGPeIoLWxVzGFslgunUm_mJJHM_Xt1WVFt6uVXaAcnxJg3MvW4zVSidi73KJts8TcdEMxBM9tw", Content-Length:"283"]
             Body = {"title":"Publication 1","plantation":{"id":null,"area":"100 sqm","harvestType":"organic","irrigationType":"drip","productionType":"type1","details":"semillas de tomate para cultivo en verano, condiciones de riego: cada 2 días, condiciones de temperatura: 25-30°C","address":null}}
    Session Attrs = {}

Handler:
             Type = com.gardengroup.agroplantationapp.controller.PublicationController
           Method = com.gardengroup.agroplantationapp.controller.PublicationController#savePublication(PublicationSaveDTO, HttpServletRequest)

Async:
    Async started = false
     Async result = null

Resolved Exception:
             Type = null

ModelAndView:
        View name = null
             View = null
            Model = null

FlashMap:
       Attributes = null

MockHttpServletResponse:
           Status = 501
    Error message = null
          Headers = [Vary:"Origin", "Access-Control-Request-Method", "Access-Control-Request-Headers", X-Content-Type-Options:"nosniff", X-XSS-Protection:"0", Cache-Control:"no-cache, no-store, max-age=0, must-revalidate", Pragma:"no-cache", Expires:"0", X-Frame-Options:"DENY"]
     Content type = null
             Body = 
    Forwarded URL = null
   Redirected URL = null
          Cookies = []

MockHttpServletRequest:
      HTTP Method = POST
      Request URI = /v1/publication/save
       Parameters = {_csrf=[2kdK_eiCV2Rer_xqCnseORpaYynPWEfFfYtFGMaYx3e_dpEYuHcrmIyxMlRznM4MOFYqDC9rTkuraHDoTbJzeqSo9kKGRqIs]}
          Headers = [Content-Type:"application/json;charset=UTF-8", Authorization:"Bearer eyJhbGciOiJIUzUxMiJ9.eyJzdWIiOiJtZ2xAZ21haWwuY29tIiwiaWF0IjoxNzIxMjIyMDk3LCJleHAiOjE3MjI1MTgwOTd9.CQGx8r5dJCHELGPeIoLWxVzGFslgunUm_mJJHM_Xt1WVFt6uVXaAcnxJg3MvW4zVSidi73KJts8TcdEMxBM9tw", Content-Length:"283"]
             Body = {"title":"Publication 1","plantation":{"id":null,"area":"100 sqm","harvestType":"organic","irrigationType":"drip","productionType":"type1","details":"semillas de tomate para cultivo en verano, condiciones de riego: cada 2 días, condiciones de temperatura: 25-30°C","address":null}}
    Session Attrs = {}

Handler:
             Type = com.gardengroup.agroplantationapp.controller.PublicationController
           Method = com.gardengroup.agroplantationapp.controller.PublicationController#savePublication(PublicationSaveDTO, HttpServletRequest)

Async:
    Async started = false
     Async result = null

Resolved Exception:
             Type = null

ModelAndView:
        View name = null
             View = null
            Model = null

FlashMap:
       Attributes = null

MockHttpServletResponse:
           Status = 501
    Error message = null
          Headers = [Vary:"Origin", "Access-Control-Request-Method", "Access-Control-Request-Headers", X-Content-Type-Options:"nosniff", X-XSS-Protection:"0", Cache-Control:"no-cache, no-store, max-age=0, must-revalidate", Pragma:"no-cache", Expires:"0", X-Frame-Options:"DENY"]
     Content type = null
             Body = 
    Forwarded URL = null
   Redirected URL = null
          Cookies = []

MockHttpServletRequest:
      HTTP Method = POST
      Request URI = /v1/publication/save
       Parameters = {_csrf=[iY1sYzxJkSqjH0V-1fRF7YV6AUah8-UeHgbNFNYaZcJeQLViv7RZUQstox2OJ3Ua4NlxjLBLLCfFwIQzfDD4IOUoVfBtd4QG]}
          Headers = [Content-Type:"application/json;charset=UTF-8", Authorization:"Bearer eyJhbGciOiJIUzUxMiJ9.eyJzdWIiOiJtZ2xAZ21haWwuY29tIiwiaWF0IjoxNzIxMjIyMDk3LCJleHAiOjE3MjI1MTgwOTd9.CQGx8r5dJCHELGPeIoLWxVzGFslgunUm_mJJHM_Xt1WVFt6uVXaAcnxJg3MvW4zVSidi73KJts8TcdEMxBM9tw", Content-Length:"283"]
             Body = {"title":"Publication 1","plantation":{"id":null,"area":"100 sqm","harvestType":"organic","irrigationType":"drip","productionType":"type1","details":"semillas de tomate para cultivo en verano, condiciones de riego: cada 2 días, condiciones de temperatura: 25-30°C","address":null}}
    Session Attrs = {}

Handler:
             Type = com.gardengroup.agroplantationapp.controller.PublicationController
           Method = com.gardengroup.agroplantationapp.controller.PublicationController#savePublication(PublicationSaveDTO, HttpServletRequest)

Async:
    Async started = false
     Async result = null

Resolved Exception:
             Type = null

ModelAndView:
        View name = null
             View = null
            Model = null

FlashMap:
       Attributes = null

MockHttpServletResponse:
           Status = 501
    Error message = null
          Headers = [Vary:"Origin", "Access-Control-Request-Method", "Access-Control-Request-Headers", X-Content-Type-Options:"nosniff", X-XSS-Protection:"0", Cache-Control:"no-cache, no-store, max-age=0, must-revalidate", Pragma:"no-cache", Expires:"0", X-Frame-Options:"DENY"]
     Content type = null
             Body = 
    Forwarded URL = null
   Redirected URL = null
          Cookies = []

MockHttpServletRequest:
      HTTP Method = POST
      Request URI = /v1/publication/save
       Parameters = {_csrf=[ElASU8DnVig50WsVzD043NLjz_HHdLCNnAW0BQnkjvneRwziImh0aviDMBwUtwhwrxAM7rfV4pOhQ4egqmHQYTDTv53uJmrS]}
          Headers = [Content-Type:"application/json;charset=UTF-8", Authorization:"Bearer eyJhbGciOiJIUzUxMiJ9.eyJzdWIiOiJtZ2xAZ21haWwuY29tIiwiaWF0IjoxNzIxMjIyMDk3LCJleHAiOjE3MjI1MTgwOTd9.CQGx8r5dJCHELGPeIoLWxVzGFslgunUm_mJJHM_Xt1WVFt6uVXaAcnxJg3MvW4zVSidi73KJts8TcdEMxBM9tw", Content-Length:"283"]
             Body = {"title":"Publication 1","plantation":{"id":null,"area":"100 sqm","harvestType":"organic","irrigationType":"drip","productionType":"type1","details":"semillas de tomate para cultivo en verano, condiciones de riego: cada 2 días, condiciones de temperatura: 25-30°C","address":null}}
    Session Attrs = {}

Handler:
             Type = com.gardengroup.agroplantationapp.controller.PublicationController
           Method = com.gardengroup.agroplantationapp.controller.PublicationController#savePublication(PublicationSaveDTO, HttpServletRequest)

Async:
    Async started = false
     Async result = null

Resolved Exception:
             Type = null

ModelAndView:
        View name = null
             View = null
            Model = null

FlashMap:
       Attributes = null

MockHttpServletResponse:
           Status = 501
    Error message = null
          Headers = [Vary:"Origin", "Access-Control-Request-Method", "Access-Control-Request-Headers", X-Content-Type-Options:"nosniff", X-XSS-Protection:"0", Cache-Control:"no-cache, no-store, max-age=0, must-revalidate", Pragma:"no-cache", Expires:"0", X-Frame-Options:"DENY"]
     Content type = null
             Body = 
    Forwarded URL = null
   Redirected URL = null
          Cookies = []

MockHttpServletRequest:
      HTTP Method = POST
      Request URI = /v1/publication/save
       Parameters = {_csrf=[tXYyhEPEWjXSc05fQJVt32VMTm7Mf-DdtZkfd3YJeD2BSIkShkdUtHKnawT_EnlpcLhZ7lUpY1auHNDwhPgmFU8xQAWyfrxw]}
          Headers = [Content-Type:"application/json;charset=UTF-8", Authorization:"Bearer eyJhbGciOiJIUzUxMiJ9.eyJzdWIiOiJtZ2xAZ21haWwuY29tIiwiaWF0IjoxNzIxMjIyMDk3LCJleHAiOjE3MjI1MTgwOTd9.CQGx8r5dJCHELGPeIoLWxVzGFslgunUm_mJJHM_Xt1WVFt6uVXaAcnxJg3MvW4zVSidi73KJts8TcdEMxBM9tw", Content-Length:"283"]
             Body = {"title":"Publication 1","plantation":{"id":null,"area":"100 sqm","harvestType":"organic","irrigationType":"drip","productionType":"type1","details":"semillas de tomate para cultivo en verano, condiciones de riego: cada 2 días, condiciones de temperatura: 25-30°C","address":null}}
    Session Attrs = {}

Handler:
             Type = com.gardengroup.agroplantationapp.controller.PublicationController
           Method = com.gardengroup.agroplantationapp.controller.PublicationController#savePublication(PublicationSaveDTO, HttpServletRequest)

Async:
    Async started = false
     Async result = null

Resolved Exception:
             Type = null

ModelAndView:
        View name = null
             View = null
            Model = null

FlashMap:
       Attributes = null

MockHttpServletResponse:
           Status = 501
    Error message = null
          Headers = [Vary:"Origin", "Access-Control-Request-Method", "Access-Control-Request-Headers", X-Content-Type-Options:"nosniff", X-XSS-Protection:"0", Cache-Control:"no-cache, no-store, max-age=0, must-revalidate", Pragma:"no-cache", Expires:"0", X-Frame-Options:"DENY"]
     Content type = null
             Body = 
    Forwarded URL = null
   Redirected URL = null
          Cookies = []

MockHttpServletRequest:
      HTTP Method = POST
      Request URI = /v1/publication/save
       Parameters = {_csrf=[1NfF0lUVn_988Wq1LKtS1G7vGc9cy-OPd4LCBKfOECsEPzfk5Oaj5TAtqsxRyFyAT4Zm4lyMNPZq_9WiEbH0Z5-rdh5mW1PQ]}
          Headers = [Content-Type:"application/json;charset=UTF-8", Authorization:"Bearer eyJhbGciOiJIUzUxMiJ9.eyJzdWIiOiJtZ2xAZ21haWwuY29tIiwiaWF0IjoxNzIxMjIyMDk3LCJleHAiOjE3MjI1MTgwOTd9.CQGx8r5dJCHELGPeIoLWxVzGFslgunUm_mJJHM_Xt1WVFt6uVXaAcnxJg3MvW4zVSidi73KJts8TcdEMxBM9tw", Content-Length:"283"]
             Body = {"title":"Publication 1","plantation":{"id":null,"area":"100 sqm","harvestType":"organic","irrigationType":"drip","productionType":"type1","details":"semillas de tomate para cultivo en verano, condiciones de riego: cada 2 días, condiciones de temperatura: 25-30°C","address":null}}
    Session Attrs = {}

Handler:
             Type = com.gardengroup.agroplantationapp.controller.PublicationController
           Method = com.gardengroup.agroplantationapp.controller.PublicationController#savePublication(PublicationSaveDTO, HttpServletRequest)

Async:
    Async started = false
     Async result = null

Resolved Exception:
             Type = null

ModelAndView:
        View name = null
             View = null
            Model = null

FlashMap:
       Attributes = null

MockHttpServletResponse:
           Status = 501
    Error message = null
          Headers = [Vary:"Origin", "Access-Control-Request-Method", "Access-Control-Request-Headers", X-Content-Type-Options:"nosniff", X-XSS-Protection:"0", Cache-Control:"no-cache, no-store, max-age=0, must-revalidate", Pragma:"no-cache", Expires:"0", X-Frame-Options:"DENY"]
     Content type = null
             Body = 
    Forwarded URL = null
   Redirected URL = null
          Cookies = []

MockHttpServletRequest:
      HTTP Method = POST
      Request URI = /v1/publication/save
       Parameters = {_csrf=[tce3A8pCbQBSLkft9ZN3nv9pyEZl-lpK0t919OQgI4MT3hkb1_WFNvN3DzN_FiOJzb5D-scM5SRVzDtn4O9NzdFBEudw6yx4]}
          Headers = [Content-Type:"application/json;charset=UTF-8", Authorization:"Bearer eyJhbGciOiJIUzUxMiJ9.eyJzdWIiOiJtZ2xAZ21haWwuY29tIiwiaWF0IjoxNzIxMjIyMDk3LCJleHAiOjE3MjI1MTgwOTd9.CQGx8r5dJCHELGPeIoLWxVzGFslgunUm_mJJHM_Xt1WVFt6uVXaAcnxJg3MvW4zVSidi73KJts8TcdEMxBM9tw", Content-Length:"283"]
             Body = {"title":"Publication 1","plantation":{"id":null,"area":"100 sqm","harvestType":"organic","irrigationType":"drip","productionType":"type1","details":"semillas de tomate para cultivo en verano, condiciones de riego: cada 2 días, condiciones de temperatura: 25-30°C","address":null}}
    Session Attrs = {}

Handler:
             Type = com.gardengroup.agroplantationapp.controller.PublicationController
           Method = com.gardengroup.agroplantationapp.controller.PublicationController#savePublication(PublicationSaveDTO, HttpServletRequest)

Async:
    Async started = false
     Async result = null

Resolved Exception:
             Type = null

ModelAndView:
        View name = null
             View = null
            Model = null

FlashMap:
       Attributes = null

MockHttpServletResponse:
           Status = 501
    Error message = null
          Headers = [Vary:"Origin", "Access-Control-Request-Method", "Access-Control-Request-Headers", X-Content-Type-Options:"nosniff", X-XSS-Protection:"0", Cache-Control:"no-cache, no-store, max-age=0, must-revalidate", Pragma:"no-cache", Expires:"0", X-Frame-Options:"DENY"]
     Content type = null
             Body = 
    Forwarded URL = null
   Redirected URL = null
          Cookies = []

MockHttpServletRequest:
      HTTP Method = POST
      Request URI = /v1/publication/save
       Parameters = {_csrf=[xOPFrxlLo4DKF_JzGerdkYPnVhHMCU9byCfUeOKbSKA52_kuptPxzHt-lLnnIpFFLcfppOCCe3P5PHl2-0LnHtGsLcIJ7s0Z]}
          Headers = [Content-Type:"application/json;charset=UTF-8", Authorization:"Bearer eyJhbGciOiJIUzUxMiJ9.eyJzdWIiOiJtZ2xAZ21haWwuY29tIiwiaWF0IjoxNzIxMjIyMDk3LCJleHAiOjE3MjI1MTgwOTd9.CQGx8r5dJCHELGPeIoLWxVzGFslgunUm_mJJHM_Xt1WVFt6uVXaAcnxJg3MvW4zVSidi73KJts8TcdEMxBM9tw", Content-Length:"283"]
             Body = {"title":"Publication 1","plantation":{"id":null,"area":"100 sqm","harvestType":"organic","irrigationType":"drip","productionType":"type1","details":"semillas de tomate para cultivo en verano, condiciones de riego: cada 2 días, condiciones de temperatura: 25-30°C","address":null}}
    Session Attrs = {}

Handler:
             Type = com.gardengroup.agroplantationapp.controller.PublicationController
           Method = com.gardengroup.agroplantationapp.controller.PublicationController#savePublication(PublicationSaveDTO, HttpServletRequest)

Async:
    Async started = false
     Async result = null

Resolved Exception:
             Type = null

ModelAndView:
        View name = null
             View = null
            Model = null

FlashMap:
       Attributes = null

MockHttpServletResponse:
           Status = 501
    Error message = null
          Headers = [Vary:"Origin", "Access-Control-Request-Method", "Access-Control-Request-Headers", X-Content-Type-Options:"nosniff", X-XSS-Protection:"0", Cache-Control:"no-cache, no-store, max-age=0, must-revalidate", Pragma:"no-cache", Expires:"0", X-Frame-Options:"DENY"]
     Content type = null
             Body = 
    Forwarded URL = null
   Redirected URL = null
          Cookies = []

MockHttpServletRequest:
      HTTP Method = POST
      Request URI = /v1/publication/save
       Parameters = {_csrf=[SujJDh45x7XRKoe1mn48IdBFhg7_Pnxnk112I-0lZFfBBbAfLtyrPSoA8tT8HuOC_FMIEOlwq2yeDkxK8T8TG9UWU274NdMt]}
          Headers = [Content-Type:"application/json;charset=UTF-8", Authorization:"Bearer eyJhbGciOiJIUzUxMiJ9.eyJzdWIiOiJtZ2xAZ21haWwuY29tIiwiaWF0IjoxNzIxMjIyMDk3LCJleHAiOjE3MjI1MTgwOTd9.CQGx8r5dJCHELGPeIoLWxVzGFslgunUm_mJJHM_Xt1WVFt6uVXaAcnxJg3MvW4zVSidi73KJts8TcdEMxBM9tw", Content-Length:"283"]
             Body = {"title":"Publication 1","plantation":{"id":null,"area":"100 sqm","harvestType":"organic","irrigationType":"drip","productionType":"type1","details":"semillas de tomate para cultivo en verano, condiciones de riego: cada 2 días, condiciones de temperatura: 25-30°C","address":null}}
    Session Attrs = {}

Handler:
             Type = com.gardengroup.agroplantationapp.controller.PublicationController
           Method = com.gardengroup.agroplantationapp.controller.PublicationController#savePublication(PublicationSaveDTO, HttpServletRequest)

Async:
    Async started = false
     Async result = null

Resolved Exception:
             Type = null

ModelAndView:
        View name = null
             View = null
            Model = null

FlashMap:
       Attributes = null

MockHttpServletResponse:
           Status = 501
    Error message = null
          Headers = [Vary:"Origin", "Access-Control-Request-Method", "Access-Control-Request-Headers", X-Content-Type-Options:"nosniff", X-XSS-Protection:"0", Cache-Control:"no-cache, no-store, max-age=0, must-revalidate", Pragma:"no-cache", Expires:"0", X-Frame-Options:"DENY"]
     Content type = null
             Body = 
    Forwarded URL = null
   Redirected URL = null
          Cookies = []

MockHttpServletRequest:
      HTTP Method = POST
      Request URI = /v1/publication/save
       Parameters = {_csrf=[Fy4cB0gmfIwLevi-S-dKP8TgFMz8SDWYs3nJ8ygzwP-cdqJ8LkopNCoWGLgmQ8nYL8p-XKHSOfSeeFO1i0j_kB0E8M-qRsdJ]}
          Headers = [Content-Type:"application/json;charset=UTF-8", Authorization:"Bearer eyJhbGciOiJIUzUxMiJ9.eyJzdWIiOiJtZ2xAZ21haWwuY29tIiwiaWF0IjoxNzIxMjIyMDk3LCJleHAiOjE3MjI1MTgwOTd9.CQGx8r5dJCHELGPeIoLWxVzGFslgunUm_mJJHM_Xt1WVFt6uVXaAcnxJg3MvW4zVSidi73KJts8TcdEMxBM9tw", Content-Length:"283"]
             Body = {"title":"Publication 1","plantation":{"id":null,"area":"100 sqm","harvestType":"organic","irrigationType":"drip","productionType":"type1","details":"semillas de tomate para cultivo en verano, condiciones de riego: cada 2 días, condiciones de temperatura: 25-30°C","address":null}}
    Session Attrs = {}

Handler:
             Type = com.gardengroup.agroplantationapp.controller.PublicationController
           Method = com.gardengroup.agroplantationapp.controller.PublicationController#savePublication(PublicationSaveDTO, HttpServletRequest)

Async:
    Async started = false
     Async result = null

Resolved Exception:
             Type = null

ModelAndView:
        View name = null
             View = null
            Model = null

FlashMap:
       Attributes = null

MockHttpServletResponse:
           Status = 501
    Error message = null
          Headers = [Vary:"Origin", "Access-Control-Request-Method", "Access-Control-Request-Headers", X-Content-Type-Options:"nosniff", X-XSS-Protection:"0", Cache-Control:"no-cache, no-store, max-age=0, must-revalidate", Pragma:"no-cache", Expires:"0", X-Frame-Options:"DENY"]
     Content type = null
             Body = 
    Forwarded URL = null
   Redirected URL = null
          Cookies = []

MockHttpServletRequest:
      HTTP Method = POST
      Request URI = /v1/publication/save
       Parameters = {_csrf=[5aLISGOMLCQ2KU42dfCU-yjwrvMjV-g9BSzEQLR6JQC0oMoQ1Zr9elG6GBQbSHwDQ92gnR2Sg5IbNtoQZxWlc4dNFTTXkKsn]}
          Headers = [Content-Type:"application/json;charset=UTF-8", Authorization:"Bearer eyJhbGciOiJIUzUxMiJ9.eyJzdWIiOiJtZ2xAZ21haWwuY29tIiwiaWF0IjoxNzIxMjIyMDk3LCJleHAiOjE3MjI1MTgwOTd9.CQGx8r5dJCHELGPeIoLWxVzGFslgunUm_mJJHM_Xt1WVFt6uVXaAcnxJg3MvW4zVSidi73KJts8TcdEMxBM9tw", Content-Length:"283"]
             Body = {"title":"Publication 1","plantation":{"id":null,"area":"100 sqm","harvestType":"organic","irrigationType":"drip","productionType":"type1","details":"semillas de tomate para cultivo en verano, condiciones de riego: cada 2 días, condiciones de temperatura: 25-30°C","address":null}}
    Session Attrs = {}

Handler:
             Type = com.gardengroup.agroplantationapp.controller.PublicationController
           Method = com.gardengroup.agroplantationapp.controller.PublicationController#savePublication(PublicationSaveDTO, HttpServletRequest)

Async:
    Async started = false
     Async result = null

Resolved Exception:
             Type = null

ModelAndView:
        View name = null
             View = null
            Model = null

FlashMap:
       Attributes = null

MockHttpServletResponse:
           Status = 501
    Error message = null
          Headers = [Vary:"Origin", "Access-Control-Request-Method", "Access-Control-Request-Headers", X-Content-Type-Options:"nosniff", X-XSS-Protection:"0", Cache-Control:"no-cache, no-store, max-age=0, must-revalidate", Pragma:"no-cache", Expires:"0", X-Frame-Options:"DENY"]
     Content type = null
             Body = 
    Forwarded URL = null
   Redirected URL = null
          Cookies = []

MockHttpServletRequest:
      HTTP Method = POST
      Request URI = /v1/publication/save
       Parameters = {_csrf=[OCh5iRJkfCIeB7VAT9TtByKXj7fPIGvUyMLSz7bqR645wV3nCRtK6iBVREAzZY0jKvnZMEevotX-RFj5_Pez_oSOf5pdo2zf]}
          Headers = [Content-Type:"application/json;charset=UTF-8", Authorization:"Bearer eyJhbGciOiJIUzUxMiJ9.eyJzdWIiOiJtZ2xAZ21haWwuY29tIiwiaWF0IjoxNzIxMjIyMDk3LCJleHAiOjE3MjI1MTgwOTd9.CQGx8r5dJCHELGPeIoLWxVzGFslgunUm_mJJHM_Xt1WVFt6uVXaAcnxJg3MvW4zVSidi73KJts8TcdEMxBM9tw", Content-Length:"283"]
             Body = {"title":"Publication 1","plantation":{"id":null,"area":"100 sqm","harvestType":"organic","irrigationType":"drip","productionType":"type1","details":"semillas de tomate para cultivo en verano, condiciones de riego: cada 2 días, condiciones de temperatura: 25-30°C","address":null}}
    Session Attrs = {}

Handler:
             Type = com.gardengroup.agroplantationapp.controller.PublicationController
           Method = com.gardengroup.agroplantationapp.controller.PublicationController#savePublication(PublicationSaveDTO, HttpServletRequest)

Async:
    Async started = false
     Async result = null

Resolved Exception:
             Type = null

ModelAndView:
        View name = null
             View = null
            Model = null

FlashMap:
       Attributes = null

MockHttpServletResponse:
           Status = 501
    Error message = null
          Headers = [Vary:"Origin", "Access-Control-Request-Method", "Access-Control-Request-Headers", X-Content-Type-Options:"nosniff", X-XSS-Protection:"0", Cache-Control:"no-cache, no-store, max-age=0, must-revalidate", Pragma:"no-cache", Expires:"0", X-Frame-Options:"DENY"]
     Content type = null
             Body = 
    Forwarded URL = null
   Redirected URL = null
          Cookies = []

MockHttpServletRequest:
      HTTP Method = POST
      Request URI = /v1/publication/save
       Parameters = {_csrf=[O8a_zO9hqKLwewRxRID2af5ubu9DQHV3mAOIl6rlYr7DvwjrDPGJ_9dXm8bdQj1AIq3CWZxaQ9cnIkJaq2K_9ZnXVYinijnS]}
          Headers = [Content-Type:"application/json;charset=UTF-8", Authorization:"Bearer eyJhbGciOiJIUzUxMiJ9.eyJzdWIiOiJtZ2xAZ21haWwuY29tIiwiaWF0IjoxNzIxMjIyMDk3LCJleHAiOjE3MjI1MTgwOTd9.CQGx8r5dJCHELGPeIoLWxVzGFslgunUm_mJJHM_Xt1WVFt6uVXaAcnxJg3MvW4zVSidi73KJts8TcdEMxBM9tw", Content-Length:"283"]
             Body = {"title":"Publication 1","plantation":{"id":null,"area":"100 sqm","harvestType":"organic","irrigationType":"drip","productionType":"type1","details":"semillas de tomate para cultivo en verano, condiciones de riego: cada 2 días, condiciones de temperatura: 25-30°C","address":null}}
    Session Attrs = {}

Handler:
             Type = com.gardengroup.agroplantationapp.controller.PublicationController
           Method = com.gardengroup.agroplantationapp.controller.PublicationController#savePublication(PublicationSaveDTO, HttpServletRequest)

Async:
    Async started = false
     Async result = null

Resolved Exception:
             Type = null

ModelAndView:
        View name = null
             View = null
            Model = null

FlashMap:
       Attributes = null

MockHttpServletResponse:
           Status = 501
    Error message = null
          Headers = [Vary:"Origin", "Access-Control-Request-Method", "Access-Control-Request-Headers", X-Content-Type-Options:"nosniff", X-XSS-Protection:"0", Cache-Control:"no-cache, no-store, max-age=0, must-revalidate", Pragma:"no-cache", Expires:"0", X-Frame-Options:"DENY"]
     Content type = null
             Body = 
    Forwarded URL = null
   Redirected URL = null
          Cookies = []

MockHttpServletRequest:
      HTTP Method = POST
      Request URI = /v1/publication/save
       Parameters = {_csrf=[j9K-s68yiElbPQCG3Ikhn-Uqb3lEQDDVz8uf8XCJnhkYYxuJt-GP1pwHsSp2DTax5aQVq4QZQkEiIgj4-62okEm-qCt7UH7o]}
          Headers = [Content-Type:"application/json;charset=UTF-8", Authorization:"Bearer eyJhbGciOiJIUzUxMiJ9.eyJzdWIiOiJtZ2xAZ21haWwuY29tIiwiaWF0IjoxNzIxMjIyMDk3LCJleHAiOjE3MjI1MTgwOTd9.CQGx8r5dJCHELGPeIoLWxVzGFslgunUm_mJJHM_Xt1WVFt6uVXaAcnxJg3MvW4zVSidi73KJts8TcdEMxBM9tw", Content-Length:"283"]
             Body = {"title":"Publication 1","plantation":{"id":null,"area":"100 sqm","harvestType":"organic","irrigationType":"drip","productionType":"type1","details":"semillas de tomate para cultivo en verano, condiciones de riego: cada 2 días, condiciones de temperatura: 25-30°C","address":null}}
    Session Attrs = {}

Handler:
             Type = com.gardengroup.agroplantationapp.controller.PublicationController
           Method = com.gardengroup.agroplantationapp.controller.PublicationController#savePublication(PublicationSaveDTO, HttpServletRequest)

Async:
    Async started = false
     Async result = null

Resolved Exception:
             Type = null

ModelAndView:
        View name = null
             View = null
            Model = null

FlashMap:
       Attributes = null

MockHttpServletResponse:
           Status = 501
    Error message = null
          Headers = [Vary:"Origin", "Access-Control-Request-Method", "Access-Control-Request-Headers", X-Content-Type-Options:"nosniff", X-XSS-Protection:"0", Cache-Control:"no-cache, no-store, max-age=0, must-revalidate", Pragma:"no-cache", Expires:"0", X-Frame-Options:"DENY"]
     Content type = null
             Body = 
    Forwarded URL = null
   Redirected URL = null
          Cookies = []

MockHttpServletRequest:
      HTTP Method = POST
      Request URI = /v1/publication/save
       Parameters = {_csrf=[FsrSVhgihzVNYfoyJC23jNa2Fb_RIG0UL_GA6oyEkD70VDSdLqjmbi5B5QZgApwHFQCDveWFOIeyQ185Tcji2-jgog6WYAal]}
          Headers = [Content-Type:"application/json;charset=UTF-8", Authorization:"Bearer eyJhbGciOiJIUzUxMiJ9.eyJzdWIiOiJtZ2xAZ21haWwuY29tIiwiaWF0IjoxNzIxMjIyMDk3LCJleHAiOjE3MjI1MTgwOTd9.CQGx8r5dJCHELGPeIoLWxVzGFslgunUm_mJJHM_Xt1WVFt6uVXaAcnxJg3MvW4zVSidi73KJts8TcdEMxBM9tw", Content-Length:"283"]
             Body = {"title":"Publication 1","plantation":{"id":null,"area":"100 sqm","harvestType":"organic","irrigationType":"drip","productionType":"type1","details":"semillas de tomate para cultivo en verano, condiciones de riego: cada 2 días, condiciones de temperatura: 25-30°C","address":null}}
    Session Attrs = {}

Handler:
             Type = com.gardengroup.agroplantationapp.controller.PublicationController
           Method = com.gardengroup.agroplantationapp.controller.PublicationController#savePublication(PublicationSaveDTO, HttpServletRequest)

Async:
    Async started = false
     Async result = null

Resolved Exception:
             Type = null

ModelAndView:
        View name = null
             View = null
            Model = null

FlashMap:
       Attributes = null

MockHttpServletResponse:
           Status = 501
    Error message = null
          Headers = [Vary:"Origin", "Access-Control-Request-Method", "Access-Control-Request-Headers", X-Content-Type-Options:"nosniff", X-XSS-Protection:"0", Cache-Control:"no-cache, no-store, max-age=0, must-revalidate", Pragma:"no-cache", Expires:"0", X-Frame-Options:"DENY"]
     Content type = null
             Body = 
    Forwarded URL = null
   Redirected URL = null
          Cookies = []

MockHttpServletRequest:
      HTTP Method = POST
      Request URI = /v1/publication/save
       Parameters = {_csrf=[TTIzSilMY11KUUu3fUbEqRldoiWRKpAMzpV9f2NtpFzCkSMsewNReUh7ADxnYCqHGGvwn3xvj0elS_IhrKBNHFJVwGT3p0JP]}
          Headers = [Content-Type:"application/json;charset=UTF-8", Authorization:"Bearer eyJhbGciOiJIUzUxMiJ9.eyJzdWIiOiJtZ2xAZ21haWwuY29tIiwiaWF0IjoxNzIxMjIyMDk3LCJleHAiOjE3MjI1MTgwOTd9.CQGx8r5dJCHELGPeIoLWxVzGFslgunUm_mJJHM_Xt1WVFt6uVXaAcnxJg3MvW4zVSidi73KJts8TcdEMxBM9tw", Content-Length:"283"]
             Body = {"title":"Publication 1","plantation":{"id":null,"area":"100 sqm","harvestType":"organic","irrigationType":"drip","productionType":"type1","details":"semillas de tomate para cultivo en verano, condiciones de riego: cada 2 días, condiciones de temperatura: 25-30°C","address":null}}
    Session Attrs = {}

Handler:
             Type = com.gardengroup.agroplantationapp.controller.PublicationController
           Method = com.gardengroup.agroplantationapp.controller.PublicationController#savePublication(PublicationSaveDTO, HttpServletRequest)

Async:
    Async started = false
     Async result = null

Resolved Exception:
             Type = null

ModelAndView:
        View name = null
             View = null
            Model = null

FlashMap:
       Attributes = null

MockHttpServletResponse:
           Status = 501
    Error message = null
          Headers = [Vary:"Origin", "Access-Control-Request-Method", "Access-Control-Request-Headers", X-Content-Type-Options:"nosniff", X-XSS-Protection:"0", Cache-Control:"no-cache, no-store, max-age=0, must-revalidate", Pragma:"no-cache", Expires:"0", X-Frame-Options:"DENY"]
     Content type = null
             Body = 
    Forwarded URL = null
   Redirected URL = null
          Cookies = []

MockHttpServletRequest:
      HTTP Method = POST
      Request URI = /v1/publication/save
       Parameters = {_csrf=[YISCO8EPOR0mcKHy9McAXUWc7oCscLiLP9JvaAKgh4LMdYbUUbWzAqVrCywLR5HLw-o0aXOvw-HOEdymXLYNCjrEsreoRbfi]}
          Headers = [Content-Type:"application/json;charset=UTF-8", Authorization:"Bearer eyJhbGciOiJIUzUxMiJ9.eyJzdWIiOiJtZ2xAZ21haWwuY29tIiwiaWF0IjoxNzIxMjIyMDk3LCJleHAiOjE3MjI1MTgwOTd9.CQGx8r5dJCHELGPeIoLWxVzGFslgunUm_mJJHM_Xt1WVFt6uVXaAcnxJg3MvW4zVSidi73KJts8TcdEMxBM9tw", Content-Length:"283"]
             Body = {"title":"Publication 1","plantation":{"id":null,"area":"100 sqm","harvestType":"organic","irrigationType":"drip","productionType":"type1","details":"semillas de tomate para cultivo en verano, condiciones de riego: cada 2 días, condiciones de temperatura: 25-30°C","address":null}}
    Session Attrs = {}

Handler:
             Type = com.gardengroup.agroplantationapp.controller.PublicationController
           Method = com.gardengroup.agroplantationapp.controller.PublicationController#savePublication(PublicationSaveDTO, HttpServletRequest)

Async:
    Async started = false
     Async result = null

Resolved Exception:
             Type = null

ModelAndView:
        View name = null
             View = null
            Model = null

FlashMap:
       Attributes = null

MockHttpServletResponse:
           Status = 501
    Error message = null
          Headers = [Vary:"Origin", "Access-Control-Request-Method", "Access-Control-Request-Headers", X-Content-Type-Options:"nosniff", X-XSS-Protection:"0", Cache-Control:"no-cache, no-store, max-age=0, must-revalidate", Pragma:"no-cache", Expires:"0", X-Frame-Options:"DENY"]
     Content type = null
             Body = 
    Forwarded URL = null
   Redirected URL = null
          Cookies = []

MockHttpServletRequest:
      HTTP Method = POST
      Request URI = /v1/publication/save
       Parameters = {_csrf=[5s6g185YmQzoxD2u71gA9jtvjNukj_VjlPL9jbt97XWgLk_0gvyX5_1gqW3Fpgqf3HU0kAoKoeOSuMBO9sGYutpN2UOWGXyS]}
          Headers = [Content-Type:"application/json;charset=UTF-8", Authorization:"Bearer eyJhbGciOiJIUzUxMiJ9.eyJzdWIiOiJtZ2xAZ21haWwuY29tIiwiaWF0IjoxNzIxMjIyMDk3LCJleHAiOjE3MjI1MTgwOTd9.CQGx8r5dJCHELGPeIoLWxVzGFslgunUm_mJJHM_Xt1WVFt6uVXaAcnxJg3MvW4zVSidi73KJts8TcdEMxBM9tw", Content-Length:"283"]
             Body = {"title":"Publication 1","plantation":{"id":null,"area":"100 sqm","harvestType":"organic","irrigationType":"drip","productionType":"type1","details":"semillas de tomate para cultivo en verano, condiciones de riego: cada 2 días, condiciones de temperatura: 25-30°C","address":null}}
    Session Attrs = {}

Handler:
             Type = com.gardengroup.agroplantationapp.controller.PublicationController
           Method = com.gardengroup.agroplantationapp.controller.PublicationController#savePublication(PublicationSaveDTO, HttpServletRequest)

Async:
    Async started = false
     Async result = null

Resolved Exception:
             Type = null

ModelAndView:
        View name = null
             View = null
            Model = null

FlashMap:
       Attributes = null

MockHttpServletResponse:
           Status = 501
    Error message = null
          Headers = [Vary:"Origin", "Access-Control-Request-Method", "Access-Control-Request-Headers", X-Content-Type-Options:"nosniff", X-XSS-Protection:"0", Cache-Control:"no-cache, no-store, max-age=0, must-revalidate", Pragma:"no-cache", Expires:"0", X-Frame-Options:"DENY"]
     Content type = null
             Body = 
    Forwarded URL = null
   Redirected URL = null
          Cookies = []

MockHttpServletRequest:
      HTTP Method = POST
      Request URI = /v1/publication/save
       Parameters = {_csrf=[4dVxQ6ncRvr_XpguWs_RURYuQtBlJwhWGdq187z7Lz-QDb-uhOZFd8_sf5jSO6pNauLlZ3dMb7JRETx7Le-Mxd3LTAihP4mc]}
          Headers = [Content-Type:"application/json;charset=UTF-8", Authorization:"Bearer eyJhbGciOiJIUzUxMiJ9.eyJzdWIiOiJtZ2xAZ21haWwuY29tIiwiaWF0IjoxNzIxMjIyMDk3LCJleHAiOjE3MjI1MTgwOTd9.CQGx8r5dJCHELGPeIoLWxVzGFslgunUm_mJJHM_Xt1WVFt6uVXaAcnxJg3MvW4zVSidi73KJts8TcdEMxBM9tw", Content-Length:"283"]
             Body = {"title":"Publication 1","plantation":{"id":null,"area":"100 sqm","harvestType":"organic","irrigationType":"drip","productionType":"type1","details":"semillas de tomate para cultivo en verano, condiciones de riego: cada 2 días, condiciones de temperatura: 25-30°C","address":null}}
    Session Attrs = {}

Handler:
             Type = com.gardengroup.agroplantationapp.controller.PublicationController
           Method = com.gardengroup.agroplantationapp.controller.PublicationController#savePublication(PublicationSaveDTO, HttpServletRequest)

Async:
    Async started = false
     Async result = null

Resolved Exception:
             Type = null

ModelAndView:
        View name = null
             View = null
            Model = null

FlashMap:
       Attributes = null

MockHttpServletResponse:
           Status = 501
    Error message = null
          Headers = [Vary:"Origin", "Access-Control-Request-Method", "Access-Control-Request-Headers", X-Content-Type-Options:"nosniff", X-XSS-Protection:"0", Cache-Control:"no-cache, no-store, max-age=0, must-revalidate", Pragma:"no-cache", Expires:"0", X-Frame-Options:"DENY"]
     Content type = null
             Body = 
    Forwarded URL = null
   Redirected URL = null
          Cookies = []

MockHttpServletRequest:
      HTTP Method = POST
      Request URI = /v1/publication/save
       Parameters = {_csrf=[hzAPEFCG0XSC8R0Ym-HVwuBWfjDypypz-zxO94TlMwv9yTfAslY8djO26BWvxip5qczhpIVgUwjExh5enll2lLbVBGnF8VLx]}
          Headers = [Content-Type:"application/json;charset=UTF-8", Authorization:"Bearer eyJhbGciOiJIUzUxMiJ9.eyJzdWIiOiJtZ2xAZ21haWwuY29tIiwiaWF0IjoxNzIxMjIyMDk3LCJleHAiOjE3MjI1MTgwOTd9.CQGx8r5dJCHELGPeIoLWxVzGFslgunUm_mJJHM_Xt1WVFt6uVXaAcnxJg3MvW4zVSidi73KJts8TcdEMxBM9tw", Content-Length:"283"]
             Body = {"title":"Publication 1","plantation":{"id":null,"area":"100 sqm","harvestType":"organic","irrigationType":"drip","productionType":"type1","details":"semillas de tomate para cultivo en verano, condiciones de riego: cada 2 días, condiciones de temperatura: 25-30°C","address":null}}
    Session Attrs = {}

Handler:
             Type = com.gardengroup.agroplantationapp.controller.PublicationController
           Method = com.gardengroup.agroplantationapp.controller.PublicationController#savePublication(PublicationSaveDTO, HttpServletRequest)

Async:
    Async started = false
     Async result = null

Resolved Exception:
             Type = null

ModelAndView:
        View name = null
             View = null
            Model = null

FlashMap:
       Attributes = null

MockHttpServletResponse:
           Status = 501
    Error message = null
          Headers = [Vary:"Origin", "Access-Control-Request-Method", "Access-Control-Request-Headers", X-Content-Type-Options:"nosniff", X-XSS-Protection:"0", Cache-Control:"no-cache, no-store, max-age=0, must-revalidate", Pragma:"no-cache", Expires:"0", X-Frame-Options:"DENY"]
     Content type = null
             Body = 
    Forwarded URL = null
   Redirected URL = null
          Cookies = []

MockHttpServletRequest:
      HTTP Method = POST
      Request URI = /v1/publication/save
       Parameters = {_csrf=[Hc4KqE6bKpoz-x7Nuzw_giPycoItqir3SZYpLw5CE02qqNU1ePxpmn-uG60eyy70jRELsxWUX7tOnxjaKvVLTG96IivOnORT]}
          Headers = [Content-Type:"application/json;charset=UTF-8", Authorization:"Bearer eyJhbGciOiJIUzUxMiJ9.eyJzdWIiOiJtZ2xAZ21haWwuY29tIiwiaWF0IjoxNzIxMjIyMDk3LCJleHAiOjE3MjI1MTgwOTd9.CQGx8r5dJCHELGPeIoLWxVzGFslgunUm_mJJHM_Xt1WVFt6uVXaAcnxJg3MvW4zVSidi73KJts8TcdEMxBM9tw", Content-Length:"283"]
             Body = {"title":"Publication 1","plantation":{"id":null,"area":"100 sqm","harvestType":"organic","irrigationType":"drip","productionType":"type1","details":"semillas de tomate para cultivo en verano, condiciones de riego: cada 2 días, condiciones de temperatura: 25-30°C","address":null}}
    Session Attrs = {}

Handler:
             Type = com.gardengroup.agroplantationapp.controller.PublicationController
           Method = com.gardengroup.agroplantationapp.controller.PublicationController#savePublication(PublicationSaveDTO, HttpServletRequest)

Async:
    Async started = false
     Async result = null

Resolved Exception:
             Type = null

ModelAndView:
        View name = null
             View = null
            Model = null

FlashMap:
       Attributes = null

MockHttpServletResponse:
           Status = 501
    Error message = null
          Headers = [Vary:"Origin", "Access-Control-Request-Method", "Access-Control-Request-Headers", X-Content-Type-Options:"nosniff", X-XSS-Protection:"0", Cache-Control:"no-cache, no-store, max-age=0, must-revalidate", Pragma:"no-cache", Expires:"0", X-Frame-Options:"DENY"]
     Content type = null
             Body = 
    Forwarded URL = null
   Redirected URL = null
          Cookies = []

MockHttpServletRequest:
      HTTP Method = POST
      Request URI = /v1/publication/save
       Parameters = {_csrf=[zyXj-TbJuavFPfnoWckaPA-5koer8aIqaEQvuuyq34ivqoe-_RfVzwHx3MjoWZ-MYeQuXjiPv7-eksEHDnAe24qYu7idyeHf]}
          Headers = [Content-Type:"application/json;charset=UTF-8", Authorization:"Bearer eyJhbGciOiJIUzUxMiJ9.eyJzdWIiOiJtZ2xAZ21haWwuY29tIiwiaWF0IjoxNzIxMjIyMDk3LCJleHAiOjE3MjI1MTgwOTd9.CQGx8r5dJCHELGPeIoLWxVzGFslgunUm_mJJHM_Xt1WVFt6uVXaAcnxJg3MvW4zVSidi73KJts8TcdEMxBM9tw", Content-Length:"283"]
             Body = {"title":"Publication 1","plantation":{"id":null,"area":"100 sqm","harvestType":"organic","irrigationType":"drip","productionType":"type1","details":"semillas de tomate para cultivo en verano, condiciones de riego: cada 2 días, condiciones de temperatura: 25-30°C","address":null}}
    Session Attrs = {}

Handler:
             Type = com.gardengroup.agroplantationapp.controller.PublicationController
           Method = com.gardengroup.agroplantationapp.controller.PublicationController#savePublication(PublicationSaveDTO, HttpServletRequest)

Async:
    Async started = false
     Async result = null

Resolved Exception:
             Type = null

ModelAndView:
        View name = null
             View = null
            Model = null

FlashMap:
       Attributes = null

MockHttpServletResponse:
           Status = 501
    Error message = null
          Headers = [Vary:"Origin", "Access-Control-Request-Method", "Access-Control-Request-Headers", X-Content-Type-Options:"nosniff", X-XSS-Protection:"0", Cache-Control:"no-cache, no-store, max-age=0, must-revalidate", Pragma:"no-cache", Expires:"0", X-Frame-Options:"DENY"]
     Content type = null
             Body = 
    Forwarded URL = null
   Redirected URL = null
          Cookies = []

MockHttpServletRequest:
      HTTP Method = POST
      Request URI = /v1/publication/save
       Parameters = {_csrf=[0w9E0RjPVo1dVp-qzISuiueLQnaJlN2rxdN026csQAngsKhK4Dlz4CH-YexwbqbO-Kmav4Hvb0-98bmG8-RA6ZQVcmiE0pt4]}
          Headers = [Content-Type:"application/json;charset=UTF-8", Authorization:"Bearer eyJhbGciOiJIUzUxMiJ9.eyJzdWIiOiJtZ2xAZ21haWwuY29tIiwiaWF0IjoxNzIxMjIyMDk3LCJleHAiOjE3MjI1MTgwOTd9.CQGx8r5dJCHELGPeIoLWxVzGFslgunUm_mJJHM_Xt1WVFt6uVXaAcnxJg3MvW4zVSidi73KJts8TcdEMxBM9tw", Content-Length:"283"]
             Body = {"title":"Publication 1","plantation":{"id":null,"area":"100 sqm","harvestType":"organic","irrigationType":"drip","productionType":"type1","details":"semillas de tomate para cultivo en verano, condiciones de riego: cada 2 días, condiciones de temperatura: 25-30°C","address":null}}
    Session Attrs = {}

Handler:
             Type = com.gardengroup.agroplantationapp.controller.PublicationController
           Method = com.gardengroup.agroplantationapp.controller.PublicationController#savePublication(PublicationSaveDTO, HttpServletRequest)

Async:
    Async started = false
     Async result = null

Resolved Exception:
             Type = null

ModelAndView:
        View name = null
             View = null
            Model = null

FlashMap:
       Attributes = null

MockHttpServletResponse:
           Status = 501
    Error message = null
          Headers = [Vary:"Origin", "Access-Control-Request-Method", "Access-Control-Request-Headers", X-Content-Type-Options:"nosniff", X-XSS-Protection:"0", Cache-Control:"no-cache, no-store, max-age=0, must-revalidate", Pragma:"no-cache", Expires:"0", X-Frame-Options:"DENY"]
     Content type = null
             Body = 
    Forwarded URL = null
   Redirected URL = null
          Cookies = []

MockHttpServletRequest:
      HTTP Method = POST
      Request URI = /v1/publication/save
       Parameters = {_csrf=[yNjOL31Xsx6ma2nvrOyhT1K_59fAxhxrbFlUe8cDPPQHzGsSquH2TUk1hn-LCAqMzsGVemXZyu6hpS9GD2hsS_U1CcZl_lt2]}
          Headers = [Content-Type:"application/json;charset=UTF-8", Authorization:"Bearer eyJhbGciOiJIUzUxMiJ9.eyJzdWIiOiJtZ2xAZ21haWwuY29tIiwiaWF0IjoxNzIxMjIyMDk3LCJleHAiOjE3MjI1MTgwOTd9.CQGx8r5dJCHELGPeIoLWxVzGFslgunUm_mJJHM_Xt1WVFt6uVXaAcnxJg3MvW4zVSidi73KJts8TcdEMxBM9tw", Content-Length:"283"]
             Body = {"title":"Publication 1","plantation":{"id":null,"area":"100 sqm","harvestType":"organic","irrigationType":"drip","productionType":"type1","details":"semillas de tomate para cultivo en verano, condiciones de riego: cada 2 días, condiciones de temperatura: 25-30°C","address":null}}
    Session Attrs = {}

Handler:
             Type = com.gardengroup.agroplantationapp.controller.PublicationController
           Method = com.gardengroup.agroplantationapp.controller.PublicationController#savePublication(PublicationSaveDTO, HttpServletRequest)

Async:
    Async started = false
     Async result = null

Resolved Exception:
             Type = null

ModelAndView:
        View name = null
             View = null
            Model = null

FlashMap:
       Attributes = null

MockHttpServletResponse:
           Status = 501
    Error message = null
          Headers = [Vary:"Origin", "Access-Control-Request-Method", "Access-Control-Request-Headers", X-Content-Type-Options:"nosniff", X-XSS-Protection:"0", Cache-Control:"no-cache, no-store, max-age=0, must-revalidate", Pragma:"no-cache", Expires:"0", X-Frame-Options:"DENY"]
     Content type = null
             Body = 
    Forwarded URL = null
   Redirected URL = null
          Cookies = []

MockHttpServletRequest:
      HTTP Method = POST
      Request URI = /v1/publication/save
       Parameters = {_csrf=[qVQW0WzOdPd2S7BPMUEB3C_U39625XZT-Z7ap1HWDIguZYwFyjcn4Fj2F5ZbetR-UGw15Enk8ryO1xN-yqrtkGOyO-kaUug0]}
          Headers = [Content-Type:"application/json;charset=UTF-8", Authorization:"Bearer eyJhbGciOiJIUzUxMiJ9.eyJzdWIiOiJtZ2xAZ21haWwuY29tIiwiaWF0IjoxNzIxMjIyMDk3LCJleHAiOjE3MjI1MTgwOTd9.CQGx8r5dJCHELGPeIoLWxVzGFslgunUm_mJJHM_Xt1WVFt6uVXaAcnxJg3MvW4zVSidi73KJts8TcdEMxBM9tw", Content-Length:"283"]
             Body = {"title":"Publication 1","plantation":{"id":null,"area":"100 sqm","harvestType":"organic","irrigationType":"drip","productionType":"type1","details":"semillas de tomate para cultivo en verano, condiciones de riego: cada 2 días, condiciones de temperatura: 25-30°C","address":null}}
    Session Attrs = {}

Handler:
             Type = com.gardengroup.agroplantationapp.controller.PublicationController
           Method = com.gardengroup.agroplantationapp.controller.PublicationController#savePublication(PublicationSaveDTO, HttpServletRequest)

Async:
    Async started = false
     Async result = null

Resolved Exception:
             Type = null

ModelAndView:
        View name = null
             View = null
            Model = null

FlashMap:
       Attributes = null

MockHttpServletResponse:
           Status = 501
    Error message = null
          Headers = [Vary:"Origin", "Access-Control-Request-Method", "Access-Control-Request-Headers", X-Content-Type-Options:"nosniff", X-XSS-Protection:"0", Cache-Control:"no-cache, no-store, max-age=0, must-revalidate", Pragma:"no-cache", Expires:"0", X-Frame-Options:"DENY"]
     Content type = null
             Body = 
    Forwarded URL = null
   Redirected URL = null
          Cookies = []

MockHttpServletRequest:
      HTTP Method = POST
      Request URI = /v1/publication/save
       Parameters = {_csrf=[59rpoJfFUoUq9WgObWW8ow_Th6XqcqRzbqwGMTNJf5LlnrgvguvYkvSmN7EHkFw2CUiIx26wqp2MR51eX5QzAQNxHKLcpo0Z]}
          Headers = [Content-Type:"application/json;charset=UTF-8", Authorization:"Bearer eyJhbGciOiJIUzUxMiJ9.eyJzdWIiOiJtZ2xAZ21haWwuY29tIiwiaWF0IjoxNzIxMjIyMDk3LCJleHAiOjE3MjI1MTgwOTd9.CQGx8r5dJCHELGPeIoLWxVzGFslgunUm_mJJHM_Xt1WVFt6uVXaAcnxJg3MvW4zVSidi73KJts8TcdEMxBM9tw", Content-Length:"283"]
             Body = {"title":"Publication 1","plantation":{"id":null,"area":"100 sqm","harvestType":"organic","irrigationType":"drip","productionType":"type1","details":"semillas de tomate para cultivo en verano, condiciones de riego: cada 2 días, condiciones de temperatura: 25-30°C","address":null}}
    Session Attrs = {}

Handler:
             Type = com.gardengroup.agroplantationapp.controller.PublicationController
           Method = com.gardengroup.agroplantationapp.controller.PublicationController#savePublication(PublicationSaveDTO, HttpServletRequest)

Async:
    Async started = false
     Async result = null

Resolved Exception:
             Type = null

ModelAndView:
        View name = null
             View = null
            Model = null

FlashMap:
       Attributes = null

MockHttpServletResponse:
           Status = 501
    Error message = null
          Headers = [Vary:"Origin", "Access-Control-Request-Method", "Access-Control-Request-Headers", X-Content-Type-Options:"nosniff", X-XSS-Protection:"0", Cache-Control:"no-cache, no-store, max-age=0, must-revalidate", Pragma:"no-cache", Expires:"0", X-Frame-Options:"DENY"]
     Content type = null
             Body = 
    Forwarded URL = null
   Redirected URL = null
          Cookies = []

MockHttpServletRequest:
      HTTP Method = POST
      Request URI = /v1/publication/save
       Parameters = {_csrf=[yZZdwMjH8yJ1BuHBWrkEgqIkZlZJgIguYl8frzn2nzVowPTC__Rkpv6mlhNYMIf5aJQw5pZBSzdw4b4DVGkplgrErwAKpZCk]}
          Headers = [Content-Type:"application/json;charset=UTF-8", Authorization:"Bearer eyJhbGciOiJIUzUxMiJ9.eyJzdWIiOiJtZ2xAZ21haWwuY29tIiwiaWF0IjoxNzIxMjIyMDk3LCJleHAiOjE3MjI1MTgwOTd9.CQGx8r5dJCHELGPeIoLWxVzGFslgunUm_mJJHM_Xt1WVFt6uVXaAcnxJg3MvW4zVSidi73KJts8TcdEMxBM9tw", Content-Length:"283"]
             Body = {"title":"Publication 1","plantation":{"id":null,"area":"100 sqm","harvestType":"organic","irrigationType":"drip","productionType":"type1","details":"semillas de tomate para cultivo en verano, condiciones de riego: cada 2 días, condiciones de temperatura: 25-30°C","address":null}}
    Session Attrs = {}

Handler:
             Type = com.gardengroup.agroplantationapp.controller.PublicationController
           Method = com.gardengroup.agroplantationapp.controller.PublicationController#savePublication(PublicationSaveDTO, HttpServletRequest)

Async:
    Async started = false
     Async result = null

Resolved Exception:
             Type = null

ModelAndView:
        View name = null
             View = null
            Model = null

FlashMap:
       Attributes = null

MockHttpServletResponse:
           Status = 501
    Error message = null
          Headers = [Vary:"Origin", "Access-Control-Request-Method", "Access-Control-Request-Headers", X-Content-Type-Options:"nosniff", X-XSS-Protection:"0", Cache-Control:"no-cache, no-store, max-age=0, must-revalidate", Pragma:"no-cache", Expires:"0", X-Frame-Options:"DENY"]
     Content type = null
             Body = 
    Forwarded URL = null
   Redirected URL = null
          Cookies = []

MockHttpServletRequest:
      HTTP Method = POST
      Request URI = /v1/publication/save
       Parameters = {_csrf=[01SiHQFXVR38qd24UVkVKxWsnUAgmMknlzDNxZ0RYmwj4rfp6mKUe2JlbS3RzLmAaHQhGnfPsCJE-fAK9Qn0_P53UA0XgI7c]}
          Headers = [Content-Type:"application/json;charset=UTF-8", Authorization:"Bearer eyJhbGciOiJIUzUxMiJ9.eyJzdWIiOiJtZ2xAZ21haWwuY29tIiwiaWF0IjoxNzIxMjIyMDk3LCJleHAiOjE3MjI1MTgwOTd9.CQGx8r5dJCHELGPeIoLWxVzGFslgunUm_mJJHM_Xt1WVFt6uVXaAcnxJg3MvW4zVSidi73KJts8TcdEMxBM9tw", Content-Length:"283"]
             Body = {"title":"Publication 1","plantation":{"id":null,"area":"100 sqm","harvestType":"organic","irrigationType":"drip","productionType":"type1","details":"semillas de tomate para cultivo en verano, condiciones de riego: cada 2 días, condiciones de temperatura: 25-30°C","address":null}}
    Session Attrs = {}

Handler:
             Type = com.gardengroup.agroplantationapp.controller.PublicationController
           Method = com.gardengroup.agroplantationapp.controller.PublicationController#savePublication(PublicationSaveDTO, HttpServletRequest)

Async:
    Async started = false
     Async result = null

Resolved Exception:
             Type = null

ModelAndView:
        View name = null
             View = null
            Model = null

FlashMap:
       Attributes = null

MockHttpServletResponse:
           Status = 501
    Error message = null
          Headers = [Vary:"Origin", "Access-Control-Request-Method", "Access-Control-Request-Headers", X-Content-Type-Options:"nosniff", X-XSS-Protection:"0", Cache-Control:"no-cache, no-store, max-age=0, must-revalidate", Pragma:"no-cache", Expires:"0", X-Frame-Options:"DENY"]
     Content type = null
             Body = 
    Forwarded URL = null
   Redirected URL = null
          Cookies = []

MockHttpServletRequest:
      HTTP Method = POST
      Request URI = /v1/publication/save
       Parameters = {_csrf=[xTdNdG8HOik8E7yRhMAgPs0UyPG7sphyAtFkjRiKLN201iw58VZ9QVY1WRoRItj0te0UXfQk5ciK1KFfNbAHtCm6SOqA5R0N]}
          Headers = [Content-Type:"application/json;charset=UTF-8", Authorization:"Bearer eyJhbGciOiJIUzUxMiJ9.eyJzdWIiOiJtZ2xAZ21haWwuY29tIiwiaWF0IjoxNzIxMjIyMDk3LCJleHAiOjE3MjI1MTgwOTd9.CQGx8r5dJCHELGPeIoLWxVzGFslgunUm_mJJHM_Xt1WVFt6uVXaAcnxJg3MvW4zVSidi73KJts8TcdEMxBM9tw", Content-Length:"283"]
             Body = {"title":"Publication 1","plantation":{"id":null,"area":"100 sqm","harvestType":"organic","irrigationType":"drip","productionType":"type1","details":"semillas de tomate para cultivo en verano, condiciones de riego: cada 2 días, condiciones de temperatura: 25-30°C","address":null}}
    Session Attrs = {}

Handler:
             Type = com.gardengroup.agroplantationapp.controller.PublicationController
           Method = com.gardengroup.agroplantationapp.controller.PublicationController#savePublication(PublicationSaveDTO, HttpServletRequest)

Async:
    Async started = false
     Async result = null

Resolved Exception:
             Type = null

ModelAndView:
        View name = null
             View = null
            Model = null

FlashMap:
       Attributes = null

MockHttpServletResponse:
           Status = 501
    Error message = null
          Headers = [Vary:"Origin", "Access-Control-Request-Method", "Access-Control-Request-Headers", X-Content-Type-Options:"nosniff", X-XSS-Protection:"0", Cache-Control:"no-cache, no-store, max-age=0, must-revalidate", Pragma:"no-cache", Expires:"0", X-Frame-Options:"DENY"]
     Content type = null
             Body = 
    Forwarded URL = null
   Redirected URL = null
          Cookies = []

MockHttpServletRequest:
      HTTP Method = POST
      Request URI = /v1/publication/save
       Parameters = {_csrf=[TpO8B79zWSdcd0x-HiVfrex-Ew1YwZlvSQjtz1CibrC8piAsd_KIMogWahVxRX4beAhrzI1PPm85p6FCejncrjSUWtKOnhFI]}
          Headers = [Content-Type:"application/json;charset=UTF-8", Authorization:"Bearer eyJhbGciOiJIUzUxMiJ9.eyJzdWIiOiJtZ2xAZ21haWwuY29tIiwiaWF0IjoxNzIxMjIyMDk3LCJleHAiOjE3MjI1MTgwOTd9.CQGx8r5dJCHELGPeIoLWxVzGFslgunUm_mJJHM_Xt1WVFt6uVXaAcnxJg3MvW4zVSidi73KJts8TcdEMxBM9tw", Content-Length:"283"]
             Body = {"title":"Publication 1","plantation":{"id":null,"area":"100 sqm","harvestType":"organic","irrigationType":"drip","productionType":"type1","details":"semillas de tomate para cultivo en verano, condiciones de riego: cada 2 días, condiciones de temperatura: 25-30°C","address":null}}
    Session Attrs = {}

Handler:
             Type = com.gardengroup.agroplantationapp.controller.PublicationController
           Method = com.gardengroup.agroplantationapp.controller.PublicationController#savePublication(PublicationSaveDTO, HttpServletRequest)

Async:
    Async started = false
     Async result = null

Resolved Exception:
             Type = null

ModelAndView:
        View name = null
             View = null
            Model = null

FlashMap:
       Attributes = null

MockHttpServletResponse:
           Status = 501
    Error message = null
          Headers = [Vary:"Origin", "Access-Control-Request-Method", "Access-Control-Request-Headers", X-Content-Type-Options:"nosniff", X-XSS-Protection:"0", Cache-Control:"no-cache, no-store, max-age=0, must-revalidate", Pragma:"no-cache", Expires:"0", X-Frame-Options:"DENY"]
     Content type = null
             Body = 
    Forwarded URL = null
   Redirected URL = null
          Cookies = []

MockHttpServletRequest:
      HTTP Method = POST
      Request URI = /v1/publication/save
       Parameters = {_csrf=[ccjJCmGUqFbimJgeXCYfw6Z6jxOxWMADAJzdw98iUD1tw9_4EPyqaVitmW7Pr60pPQsrp5AconKAaqQuZqm4orobNQxZ9-yc]}
          Headers = [Content-Type:"application/json;charset=UTF-8", Authorization:"Bearer eyJhbGciOiJIUzUxMiJ9.eyJzdWIiOiJtZ2xAZ21haWwuY29tIiwiaWF0IjoxNzIxMjIyMDk3LCJleHAiOjE3MjI1MTgwOTd9.CQGx8r5dJCHELGPeIoLWxVzGFslgunUm_mJJHM_Xt1WVFt6uVXaAcnxJg3MvW4zVSidi73KJts8TcdEMxBM9tw", Content-Length:"283"]
             Body = {"title":"Publication 1","plantation":{"id":null,"area":"100 sqm","harvestType":"organic","irrigationType":"drip","productionType":"type1","details":"semillas de tomate para cultivo en verano, condiciones de riego: cada 2 días, condiciones de temperatura: 25-30°C","address":null}}
    Session Attrs = {}

Handler:
             Type = com.gardengroup.agroplantationapp.controller.PublicationController
           Method = com.gardengroup.agroplantationapp.controller.PublicationController#savePublication(PublicationSaveDTO, HttpServletRequest)

Async:
    Async started = false
     Async result = null

Resolved Exception:
             Type = null

ModelAndView:
        View name = null
             View = null
            Model = null

FlashMap:
       Attributes = null

MockHttpServletResponse:
           Status = 501
    Error message = null
          Headers = [Vary:"Origin", "Access-Control-Request-Method", "Access-Control-Request-Headers", X-Content-Type-Options:"nosniff", X-XSS-Protection:"0", Cache-Control:"no-cache, no-store, max-age=0, must-revalidate", Pragma:"no-cache", Expires:"0", X-Frame-Options:"DENY"]
     Content type = null
             Body = 
    Forwarded URL = null
   Redirected URL = null
          Cookies = []

MockHttpServletRequest:
      HTTP Method = POST
      Request URI = /v1/publication/save
       Parameters = {_csrf=[HlPbPguNCfkTO0debmKsdmKsY3JWRxHItb8zcZHuwprlX6TkLTLpX23vOss-XiRqX0-YTlWfTkpuInTl19oKRaOL9qqGbpPR]}
          Headers = [Content-Type:"application/json;charset=UTF-8", Authorization:"Bearer eyJhbGciOiJIUzUxMiJ9.eyJzdWIiOiJtZ2xAZ21haWwuY29tIiwiaWF0IjoxNzIxMjIyMDk3LCJleHAiOjE3MjI1MTgwOTd9.CQGx8r5dJCHELGPeIoLWxVzGFslgunUm_mJJHM_Xt1WVFt6uVXaAcnxJg3MvW4zVSidi73KJts8TcdEMxBM9tw", Content-Length:"283"]
             Body = {"title":"Publication 1","plantation":{"id":null,"area":"100 sqm","harvestType":"organic","irrigationType":"drip","productionType":"type1","details":"semillas de tomate para cultivo en verano, condiciones de riego: cada 2 días, condiciones de temperatura: 25-30°C","address":null}}
    Session Attrs = {}

Handler:
             Type = com.gardengroup.agroplantationapp.controller.PublicationController
           Method = com.gardengroup.agroplantationapp.controller.PublicationController#savePublication(PublicationSaveDTO, HttpServletRequest)

Async:
    Async started = false
     Async result = null

Resolved Exception:
             Type = null

ModelAndView:
        View name = null
             View = null
            Model = null

FlashMap:
       Attributes = null

MockHttpServletResponse:
           Status = 501
    Error message = null
          Headers = [Vary:"Origin", "Access-Control-Request-Method", "Access-Control-Request-Headers", X-Content-Type-Options:"nosniff", X-XSS-Protection:"0", Cache-Control:"no-cache, no-store, max-age=0, must-revalidate", Pragma:"no-cache", Expires:"0", X-Frame-Options:"DENY"]
     Content type = null
             Body = 
    Forwarded URL = null
   Redirected URL = null
          Cookies = []

MockHttpServletRequest:
      HTTP Method = POST
      Request URI = /v1/publication/save
       Parameters = {_csrf=[_RhX3QZwuChHp51W7bVLKmLE77wGbhg-h_BYwM7f9DnG9qHYxSph7TISjxFqk_831Zh_GVTywoUyWy0T4sM7pffmxgyjxpPq]}
          Headers = [Content-Type:"application/json;charset=UTF-8", Authorization:"Bearer eyJhbGciOiJIUzUxMiJ9.eyJzdWIiOiJtZ2xAZ21haWwuY29tIiwiaWF0IjoxNzIxMjIyMDk3LCJleHAiOjE3MjI1MTgwOTd9.CQGx8r5dJCHELGPeIoLWxVzGFslgunUm_mJJHM_Xt1WVFt6uVXaAcnxJg3MvW4zVSidi73KJts8TcdEMxBM9tw", Content-Length:"283"]
             Body = {"title":"Publication 1","plantation":{"id":null,"area":"100 sqm","harvestType":"organic","irrigationType":"drip","productionType":"type1","details":"semillas de tomate para cultivo en verano, condiciones de riego: cada 2 días, condiciones de temperatura: 25-30°C","address":null}}
    Session Attrs = {}

Handler:
             Type = com.gardengroup.agroplantationapp.controller.PublicationController
           Method = com.gardengroup.agroplantationapp.controller.PublicationController#savePublication(PublicationSaveDTO, HttpServletRequest)

Async:
    Async started = false
     Async result = null

Resolved Exception:
             Type = null

ModelAndView:
        View name = null
             View = null
            Model = null

FlashMap:
       Attributes = null

MockHttpServletResponse:
           Status = 501
    Error message = null
          Headers = [Vary:"Origin", "Access-Control-Request-Method", "Access-Control-Request-Headers", X-Content-Type-Options:"nosniff", X-XSS-Protection:"0", Cache-Control:"no-cache, no-store, max-age=0, must-revalidate", Pragma:"no-cache", Expires:"0", X-Frame-Options:"DENY"]
     Content type = null
             Body = 
    Forwarded URL = null
   Redirected URL = null
          Cookies = []

MockHttpServletRequest:
      HTTP Method = POST
      Request URI = /v1/publication/save
       Parameters = {_csrf=[dvCih6VyAOxJH-oag8XknYAHodLKR_EZNlRDoB8WAXkFdRfZR5WavsBEM9Vkett5t-jQpbQ-jOurccI0BmAmwnpwME49R3W9]}
          Headers = [Content-Type:"application/json;charset=UTF-8", Authorization:"Bearer eyJhbGciOiJIUzUxMiJ9.eyJzdWIiOiJtZ2xAZ21haWwuY29tIiwiaWF0IjoxNzIxMjIyMDk3LCJleHAiOjE3MjI1MTgwOTd9.CQGx8r5dJCHELGPeIoLWxVzGFslgunUm_mJJHM_Xt1WVFt6uVXaAcnxJg3MvW4zVSidi73KJts8TcdEMxBM9tw", Content-Length:"283"]
             Body = {"title":"Publication 1","plantation":{"id":null,"area":"100 sqm","harvestType":"organic","irrigationType":"drip","productionType":"type1","details":"semillas de tomate para cultivo en verano, condiciones de riego: cada 2 días, condiciones de temperatura: 25-30°C","address":null}}
    Session Attrs = {}

Handler:
             Type = com.gardengroup.agroplantationapp.controller.PublicationController
           Method = com.gardengroup.agroplantationapp.controller.PublicationController#savePublication(PublicationSaveDTO, HttpServletRequest)

Async:
    Async started = false
     Async result = null

Resolved Exception:
             Type = null

ModelAndView:
        View name = null
             View = null
            Model = null

FlashMap:
       Attributes = null

MockHttpServletResponse:
           Status = 501
    Error message = null
          Headers = [Vary:"Origin", "Access-Control-Request-Method", "Access-Control-Request-Headers", X-Content-Type-Options:"nosniff", X-XSS-Protection:"0", Cache-Control:"no-cache, no-store, max-age=0, must-revalidate", Pragma:"no-cache", Expires:"0", X-Frame-Options:"DENY"]
     Content type = null
             Body = 
    Forwarded URL = null
   Redirected URL = null
          Cookies = []

MockHttpServletRequest:
      HTTP Method = POST
      Request URI = /v1/publication/save
       Parameters = {_csrf=[1UCwdlxldk6gproLedl51hfBPI71n1MB7Z1SeGliM9qa0cQ14yOFFThRRn-Nwo46TvRN4HHxEezGqGcs3a1rQF5XB-n4s6ZU]}
          Headers = [Content-Type:"application/json;charset=UTF-8", Authorization:"Bearer eyJhbGciOiJIUzUxMiJ9.eyJzdWIiOiJtZ2xAZ21haWwuY29tIiwiaWF0IjoxNzIxMjIyMDk3LCJleHAiOjE3MjI1MTgwOTd9.CQGx8r5dJCHELGPeIoLWxVzGFslgunUm_mJJHM_Xt1WVFt6uVXaAcnxJg3MvW4zVSidi73KJts8TcdEMxBM9tw", Content-Length:"283"]
             Body = {"title":"Publication 1","plantation":{"id":null,"area":"100 sqm","harvestType":"organic","irrigationType":"drip","productionType":"type1","details":"semillas de tomate para cultivo en verano, condiciones de riego: cada 2 días, condiciones de temperatura: 25-30°C","address":null}}
    Session Attrs = {}

Handler:
             Type = com.gardengroup.agroplantationapp.controller.PublicationController
           Method = com.gardengroup.agroplantationapp.controller.PublicationController#savePublication(PublicationSaveDTO, HttpServletRequest)

Async:
    Async started = false
     Async result = null

Resolved Exception:
             Type = null

ModelAndView:
        View name = null
             View = null
            Model = null

FlashMap:
       Attributes = null

MockHttpServletResponse:
           Status = 501
    Error message = null
          Headers = [Vary:"Origin", "Access-Control-Request-Method", "Access-Control-Request-Headers", X-Content-Type-Options:"nosniff", X-XSS-Protection:"0", Cache-Control:"no-cache, no-store, max-age=0, must-revalidate", Pragma:"no-cache", Expires:"0", X-Frame-Options:"DENY"]
     Content type = null
             Body = 
    Forwarded URL = null
   Redirected URL = null
          Cookies = []

MockHttpServletRequest:
      HTTP Method = POST
      Request URI = /v1/publication/save
       Parameters = {_csrf=[MF_h5KKjtwvi6q4l1v-esGA4jrxwZ2jM6Z97guFrJuyOiUCgAjqAhpKWhT3P2J9B59KqhVZco94SAw7hjPtC4dgNENjq7STD]}
          Headers = [Content-Type:"application/json;charset=UTF-8", Authorization:"Bearer eyJhbGciOiJIUzUxMiJ9.eyJzdWIiOiJtZ2xAZ21haWwuY29tIiwiaWF0IjoxNzIxMjIyMDk3LCJleHAiOjE3MjI1MTgwOTd9.CQGx8r5dJCHELGPeIoLWxVzGFslgunUm_mJJHM_Xt1WVFt6uVXaAcnxJg3MvW4zVSidi73KJts8TcdEMxBM9tw", Content-Length:"283"]
             Body = {"title":"Publication 1","plantation":{"id":null,"area":"100 sqm","harvestType":"organic","irrigationType":"drip","productionType":"type1","details":"semillas de tomate para cultivo en verano, condiciones de riego: cada 2 días, condiciones de temperatura: 25-30°C","address":null}}
    Session Attrs = {}

Handler:
             Type = com.gardengroup.agroplantationapp.controller.PublicationController
           Method = com.gardengroup.agroplantationapp.controller.PublicationController#savePublication(PublicationSaveDTO, HttpServletRequest)

Async:
    Async started = false
     Async result = null

Resolved Exception:
             Type = null

ModelAndView:
        View name = null
             View = null
            Model = null

FlashMap:
       Attributes = null

MockHttpServletResponse:
           Status = 501
    Error message = null
          Headers = [Vary:"Origin", "Access-Control-Request-Method", "Access-Control-Request-Headers", X-Content-Type-Options:"nosniff", X-XSS-Protection:"0", Cache-Control:"no-cache, no-store, max-age=0, must-revalidate", Pragma:"no-cache", Expires:"0", X-Frame-Options:"DENY"]
     Content type = null
             Body = 
    Forwarded URL = null
   Redirected URL = null
          Cookies = []

MockHttpServletRequest:
      HTTP Method = POST
      Request URI = /v1/publication/save
       Parameters = {_csrf=[PHT9b3yTlo8ORiOPHG4SoL75fly-9TfAvyvUJPM8-IvKn7hiBUDMDkrw9O4jdxvqLkMmmNvNUz2Jxwfthx2xEJBfwbKu-Y0A]}
          Headers = [Content-Type:"application/json;charset=UTF-8", Authorization:"Bearer eyJhbGciOiJIUzUxMiJ9.eyJzdWIiOiJtZ2xAZ21haWwuY29tIiwiaWF0IjoxNzIxMjIyMDk3LCJleHAiOjE3MjI1MTgwOTd9.CQGx8r5dJCHELGPeIoLWxVzGFslgunUm_mJJHM_Xt1WVFt6uVXaAcnxJg3MvW4zVSidi73KJts8TcdEMxBM9tw", Content-Length:"283"]
             Body = {"title":"Publication 1","plantation":{"id":null,"area":"100 sqm","harvestType":"organic","irrigationType":"drip","productionType":"type1","details":"semillas de tomate para cultivo en verano, condiciones de riego: cada 2 días, condiciones de temperatura: 25-30°C","address":null}}
    Session Attrs = {}

Handler:
             Type = com.gardengroup.agroplantationapp.controller.PublicationController
           Method = com.gardengroup.agroplantationapp.controller.PublicationController#savePublication(PublicationSaveDTO, HttpServletRequest)

Async:
    Async started = false
     Async result = null

Resolved Exception:
             Type = null

ModelAndView:
        View name = null
             View = null
            Model = null

FlashMap:
       Attributes = null

MockHttpServletResponse:
           Status = 501
    Error message = null
          Headers = [Vary:"Origin", "Access-Control-Request-Method", "Access-Control-Request-Headers", X-Content-Type-Options:"nosniff", X-XSS-Protection:"0", Cache-Control:"no-cache, no-store, max-age=0, must-revalidate", Pragma:"no-cache", Expires:"0", X-Frame-Options:"DENY"]
     Content type = null
             Body = 
    Forwarded URL = null
   Redirected URL = null
          Cookies = []

MockHttpServletRequest:
      HTTP Method = POST
      Request URI = /v1/publication/save
       Parameters = {_csrf=[a-RUOEQ08xGcD-y9iZDHeK9IUKrp3C-WAYQNOabP_FRdsSBQXtI1WnIFyyixaoqMsL3zSpx7fcjdukq7M-FpW5H6nWxt1UM2]}
          Headers = [Content-Type:"application/json;charset=UTF-8", Authorization:"Bearer eyJhbGciOiJIUzUxMiJ9.eyJzdWIiOiJtZ2xAZ21haWwuY29tIiwiaWF0IjoxNzIxMjIyMDk3LCJleHAiOjE3MjI1MTgwOTd9.CQGx8r5dJCHELGPeIoLWxVzGFslgunUm_mJJHM_Xt1WVFt6uVXaAcnxJg3MvW4zVSidi73KJts8TcdEMxBM9tw", Content-Length:"283"]
             Body = {"title":"Publication 1","plantation":{"id":null,"area":"100 sqm","harvestType":"organic","irrigationType":"drip","productionType":"type1","details":"semillas de tomate para cultivo en verano, condiciones de riego: cada 2 días, condiciones de temperatura: 25-30°C","address":null}}
    Session Attrs = {}

Handler:
             Type = com.gardengroup.agroplantationapp.controller.PublicationController
           Method = com.gardengroup.agroplantationapp.controller.PublicationController#savePublication(PublicationSaveDTO, HttpServletRequest)

Async:
    Async started = false
     Async result = null

Resolved Exception:
             Type = null

ModelAndView:
        View name = null
             View = null
            Model = null

FlashMap:
       Attributes = null

MockHttpServletResponse:
           Status = 501
    Error message = null
          Headers = [Vary:"Origin", "Access-Control-Request-Method", "Access-Control-Request-Headers", X-Content-Type-Options:"nosniff", X-XSS-Protection:"0", Cache-Control:"no-cache, no-store, max-age=0, must-revalidate", Pragma:"no-cache", Expires:"0", X-Frame-Options:"DENY"]
     Content type = null
             Body = 
    Forwarded URL = null
   Redirected URL = null
          Cookies = []

MockHttpServletRequest:
      HTTP Method = POST
      Request URI = /v1/publication/save
       Parameters = {_csrf=[abTZeJnPQ8zx26UsdC1iJa1um39H72uny0MAUC6q4ubPOrwNCoK6HvqpcPjc6scUFgBWFJ8Ith4mjlmK_CZhaUqd0NWuDNk0]}
          Headers = [Content-Type:"application/json;charset=UTF-8", Authorization:"Bearer eyJhbGciOiJIUzUxMiJ9.eyJzdWIiOiJtZ2xAZ21haWwuY29tIiwiaWF0IjoxNzIxMjIyMDk3LCJleHAiOjE3MjI1MTgwOTd9.CQGx8r5dJCHELGPeIoLWxVzGFslgunUm_mJJHM_Xt1WVFt6uVXaAcnxJg3MvW4zVSidi73KJts8TcdEMxBM9tw", Content-Length:"283"]
             Body = {"title":"Publication 1","plantation":{"id":null,"area":"100 sqm","harvestType":"organic","irrigationType":"drip","productionType":"type1","details":"semillas de tomate para cultivo en verano, condiciones de riego: cada 2 días, condiciones de temperatura: 25-30°C","address":null}}
    Session Attrs = {}

Handler:
             Type = com.gardengroup.agroplantationapp.controller.PublicationController
           Method = com.gardengroup.agroplantationapp.controller.PublicationController#savePublication(PublicationSaveDTO, HttpServletRequest)

Async:
    Async started = false
     Async result = null

Resolved Exception:
             Type = null

ModelAndView:
        View name = null
             View = null
            Model = null

FlashMap:
       Attributes = null

MockHttpServletResponse:
           Status = 501
    Error message = null
          Headers = [Vary:"Origin", "Access-Control-Request-Method", "Access-Control-Request-Headers", X-Content-Type-Options:"nosniff", X-XSS-Protection:"0", Cache-Control:"no-cache, no-store, max-age=0, must-revalidate", Pragma:"no-cache", Expires:"0", X-Frame-Options:"DENY"]
     Content type = null
             Body = 
    Forwarded URL = null
   Redirected URL = null
          Cookies = []

MockHttpServletRequest:
      HTTP Method = POST
      Request URI = /v1/publication/save
       Parameters = {_csrf=[vexM186gGpfVDXT-95lnKlhWq-bIsqfAE55yt0TxXj8N32Sa39st4f-QLab4PkWdwbRTTDswht_8gJ7tIa1H1X3APQhp7wCp]}
          Headers = [Content-Type:"application/json;charset=UTF-8", Authorization:"Bearer eyJhbGciOiJIUzUxMiJ9.eyJzdWIiOiJtZ2xAZ21haWwuY29tIiwiaWF0IjoxNzIxMjIyMDk3LCJleHAiOjE3MjI1MTgwOTd9.CQGx8r5dJCHELGPeIoLWxVzGFslgunUm_mJJHM_Xt1WVFt6uVXaAcnxJg3MvW4zVSidi73KJts8TcdEMxBM9tw", Content-Length:"283"]
             Body = {"title":"Publication 1","plantation":{"id":null,"area":"100 sqm","harvestType":"organic","irrigationType":"drip","productionType":"type1","details":"semillas de tomate para cultivo en verano, condiciones de riego: cada 2 días, condiciones de temperatura: 25-30°C","address":null}}
    Session Attrs = {}

Handler:
             Type = com.gardengroup.agroplantationapp.controller.PublicationController
           Method = com.gardengroup.agroplantationapp.controller.PublicationController#savePublication(PublicationSaveDTO, HttpServletRequest)

Async:
    Async started = false
     Async result = null

Resolved Exception:
             Type = null

ModelAndView:
        View name = null
             View = null
            Model = null

FlashMap:
       Attributes = null

MockHttpServletResponse:
           Status = 501
    Error message = null
          Headers = [Vary:"Origin", "Access-Control-Request-Method", "Access-Control-Request-Headers", X-Content-Type-Options:"nosniff", X-XSS-Protection:"0", Cache-Control:"no-cache, no-store, max-age=0, must-revalidate", Pragma:"no-cache", Expires:"0", X-Frame-Options:"DENY"]
     Content type = null
             Body = 
    Forwarded URL = null
   Redirected URL = null
          Cookies = []

MockHttpServletRequest:
      HTTP Method = POST
      Request URI = /v1/publication/save
       Parameters = {_csrf=[EqOSZdcpwKFZv9HRsgY2iVMguaCYzLAXe2DmWXvB0zcPDzltcZOiUOcf8JN0ieLkgisC6jUUlJmg-oI6QlDTOxn24gVrPFxd]}
          Headers = [Content-Type:"application/json;charset=UTF-8", Authorization:"Bearer eyJhbGciOiJIUzUxMiJ9.eyJzdWIiOiJtZ2xAZ21haWwuY29tIiwiaWF0IjoxNzIxMjIyMDk3LCJleHAiOjE3MjI1MTgwOTd9.CQGx8r5dJCHELGPeIoLWxVzGFslgunUm_mJJHM_Xt1WVFt6uVXaAcnxJg3MvW4zVSidi73KJts8TcdEMxBM9tw", Content-Length:"283"]
             Body = {"title":"Publication 1","plantation":{"id":null,"area":"100 sqm","harvestType":"organic","irrigationType":"drip","productionType":"type1","details":"semillas de tomate para cultivo en verano, condiciones de riego: cada 2 días, condiciones de temperatura: 25-30°C","address":null}}
    Session Attrs = {}

Handler:
             Type = com.gardengroup.agroplantationapp.controller.PublicationController
           Method = com.gardengroup.agroplantationapp.controller.PublicationController#savePublication(PublicationSaveDTO, HttpServletRequest)

Async:
    Async started = false
     Async result = null

Resolved Exception:
             Type = null

ModelAndView:
        View name = null
             View = null
            Model = null

FlashMap:
       Attributes = null

MockHttpServletResponse:
           Status = 501
    Error message = null
          Headers = [Vary:"Origin", "Access-Control-Request-Method", "Access-Control-Request-Headers", X-Content-Type-Options:"nosniff", X-XSS-Protection:"0", Cache-Control:"no-cache, no-store, max-age=0, must-revalidate", Pragma:"no-cache", Expires:"0", X-Frame-Options:"DENY"]
     Content type = null
             Body = 
    Forwarded URL = null
   Redirected URL = null
          Cookies = []

MockHttpServletRequest:
      HTTP Method = POST
      Request URI = /v1/publication/save
       Parameters = {_csrf=[Cc_mwV6ZBbYH53BuzZNs7s0EYCY3u9OjUXMKqPmHc8CqTbaubfjQ9D2sY4Iq0kFerL5YiPk9TUQHieWON0NskZu0Q6aafoCa]}
          Headers = [Content-Type:"application/json;charset=UTF-8", Authorization:"Bearer eyJhbGciOiJIUzUxMiJ9.eyJzdWIiOiJtZ2xAZ21haWwuY29tIiwiaWF0IjoxNzIxMjIyMDk3LCJleHAiOjE3MjI1MTgwOTd9.CQGx8r5dJCHELGPeIoLWxVzGFslgunUm_mJJHM_Xt1WVFt6uVXaAcnxJg3MvW4zVSidi73KJts8TcdEMxBM9tw", Content-Length:"283"]
             Body = {"title":"Publication 1","plantation":{"id":null,"area":"100 sqm","harvestType":"organic","irrigationType":"drip","productionType":"type1","details":"semillas de tomate para cultivo en verano, condiciones de riego: cada 2 días, condiciones de temperatura: 25-30°C","address":null}}
    Session Attrs = {}

Handler:
             Type = com.gardengroup.agroplantationapp.controller.PublicationController
           Method = com.gardengroup.agroplantationapp.controller.PublicationController#savePublication(PublicationSaveDTO, HttpServletRequest)

Async:
    Async started = false
     Async result = null

Resolved Exception:
             Type = null

ModelAndView:
        View name = null
             View = null
            Model = null

FlashMap:
       Attributes = null

MockHttpServletResponse:
           Status = 501
    Error message = null
          Headers = [Vary:"Origin", "Access-Control-Request-Method", "Access-Control-Request-Headers", X-Content-Type-Options:"nosniff", X-XSS-Protection:"0", Cache-Control:"no-cache, no-store, max-age=0, must-revalidate", Pragma:"no-cache", Expires:"0", X-Frame-Options:"DENY"]
     Content type = null
             Body = 
    Forwarded URL = null
   Redirected URL = null
          Cookies = []

MockHttpServletRequest:
      HTTP Method = POST
      Request URI = /v1/publication/save
       Parameters = {_csrf=[oQerD0fWEMhVhrV6xCiuvNcq_wJoI2X7s-nR-3C0JeS4A71mmWOdOibmIPp45dMb9gWai-dJ0joMQFbWgdy0yEaFFILcN45R]}
          Headers = [Content-Type:"application/json;charset=UTF-8", Authorization:"Bearer eyJhbGciOiJIUzUxMiJ9.eyJzdWIiOiJtZ2xAZ21haWwuY29tIiwiaWF0IjoxNzIxMjIyMDk3LCJleHAiOjE3MjI1MTgwOTd9.CQGx8r5dJCHELGPeIoLWxVzGFslgunUm_mJJHM_Xt1WVFt6uVXaAcnxJg3MvW4zVSidi73KJts8TcdEMxBM9tw", Content-Length:"283"]
             Body = {"title":"Publication 1","plantation":{"id":null,"area":"100 sqm","harvestType":"organic","irrigationType":"drip","productionType":"type1","details":"semillas de tomate para cultivo en verano, condiciones de riego: cada 2 días, condiciones de temperatura: 25-30°C","address":null}}
    Session Attrs = {}

Handler:
             Type = com.gardengroup.agroplantationapp.controller.PublicationController
           Method = com.gardengroup.agroplantationapp.controller.PublicationController#savePublication(PublicationSaveDTO, HttpServletRequest)

Async:
    Async started = false
     Async result = null

Resolved Exception:
             Type = null

ModelAndView:
        View name = null
             View = null
            Model = null

FlashMap:
       Attributes = null

MockHttpServletResponse:
           Status = 501
    Error message = null
          Headers = [Vary:"Origin", "Access-Control-Request-Method", "Access-Control-Request-Headers", X-Content-Type-Options:"nosniff", X-XSS-Protection:"0", Cache-Control:"no-cache, no-store, max-age=0, must-revalidate", Pragma:"no-cache", Expires:"0", X-Frame-Options:"DENY"]
     Content type = null
             Body = 
    Forwarded URL = null
   Redirected URL = null
          Cookies = []

MockHttpServletRequest:
      HTTP Method = POST
      Request URI = /v1/publication/save
       Parameters = {_csrf=[fU2QbBSrGixCrEC0UG-YyTKKwhpsj5SIFiNA6jSGX52zpiDOH3SjVSPNKBVvynPQNEKs_Ve873hd7qGldxQh0gfjPqzRkkL7]}
          Headers = [Content-Type:"application/json;charset=UTF-8", Authorization:"Bearer eyJhbGciOiJIUzUxMiJ9.eyJzdWIiOiJtZ2xAZ21haWwuY29tIiwiaWF0IjoxNzIxMjIyMDk3LCJleHAiOjE3MjI1MTgwOTd9.CQGx8r5dJCHELGPeIoLWxVzGFslgunUm_mJJHM_Xt1WVFt6uVXaAcnxJg3MvW4zVSidi73KJts8TcdEMxBM9tw", Content-Length:"283"]
             Body = {"title":"Publication 1","plantation":{"id":null,"area":"100 sqm","harvestType":"organic","irrigationType":"drip","productionType":"type1","details":"semillas de tomate para cultivo en verano, condiciones de riego: cada 2 días, condiciones de temperatura: 25-30°C","address":null}}
    Session Attrs = {}

Handler:
             Type = com.gardengroup.agroplantationapp.controller.PublicationController
           Method = com.gardengroup.agroplantationapp.controller.PublicationController#savePublication(PublicationSaveDTO, HttpServletRequest)

Async:
    Async started = false
     Async result = null

Resolved Exception:
             Type = null

ModelAndView:
        View name = null
             View = null
            Model = null

FlashMap:
       Attributes = null

MockHttpServletResponse:
           Status = 501
    Error message = null
          Headers = [Vary:"Origin", "Access-Control-Request-Method", "Access-Control-Request-Headers", X-Content-Type-Options:"nosniff", X-XSS-Protection:"0", Cache-Control:"no-cache, no-store, max-age=0, must-revalidate", Pragma:"no-cache", Expires:"0", X-Frame-Options:"DENY"]
     Content type = null
             Body = 
    Forwarded URL = null
   Redirected URL = null
          Cookies = []

MockHttpServletRequest:
      HTTP Method = POST
      Request URI = /v1/publication/save
       Parameters = {_csrf=[cifFSQpzoBHkJuoKuUho3nn7C82P28dCYrVTnU8SypjUflR6QkWkfj5HwyDJFIw922Vc6RjIJqy_7_FvVYYw-3xxqa-1HGJO]}
          Headers = [Content-Type:"application/json;charset=UTF-8", Authorization:"Bearer eyJhbGciOiJIUzUxMiJ9.eyJzdWIiOiJtZ2xAZ21haWwuY29tIiwiaWF0IjoxNzIxMjIyMDk3LCJleHAiOjE3MjI1MTgwOTd9.CQGx8r5dJCHELGPeIoLWxVzGFslgunUm_mJJHM_Xt1WVFt6uVXaAcnxJg3MvW4zVSidi73KJts8TcdEMxBM9tw", Content-Length:"283"]
             Body = {"title":"Publication 1","plantation":{"id":null,"area":"100 sqm","harvestType":"organic","irrigationType":"drip","productionType":"type1","details":"semillas de tomate para cultivo en verano, condiciones de riego: cada 2 días, condiciones de temperatura: 25-30°C","address":null}}
    Session Attrs = {}

Handler:
             Type = com.gardengroup.agroplantationapp.controller.PublicationController
           Method = com.gardengroup.agroplantationapp.controller.PublicationController#savePublication(PublicationSaveDTO, HttpServletRequest)

Async:
    Async started = false
     Async result = null

Resolved Exception:
             Type = null

ModelAndView:
        View name = null
             View = null
            Model = null

FlashMap:
       Attributes = null

MockHttpServletResponse:
           Status = 501
    Error message = null
          Headers = [Vary:"Origin", "Access-Control-Request-Method", "Access-Control-Request-Headers", X-Content-Type-Options:"nosniff", X-XSS-Protection:"0", Cache-Control:"no-cache, no-store, max-age=0, must-revalidate", Pragma:"no-cache", Expires:"0", X-Frame-Options:"DENY"]
     Content type = null
             Body = 
    Forwarded URL = null
   Redirected URL = null
          Cookies = []

MockHttpServletRequest:
      HTTP Method = POST
      Request URI = /v1/publication/save
       Parameters = {_csrf=[3gjsUNhqMe2G9sKONRXyPOXKrDj_XTmRh1V7FC5Cy-Un-tqRujnaYrxcB9urkKC6UDjGDICrgQCcZQi8s21JJEhy_4BBzeyk]}
          Headers = [Content-Type:"application/json;charset=UTF-8", Authorization:"Bearer eyJhbGciOiJIUzUxMiJ9.eyJzdWIiOiJtZ2xAZ21haWwuY29tIiwiaWF0IjoxNzIxMjIyMDk3LCJleHAiOjE3MjI1MTgwOTd9.CQGx8r5dJCHELGPeIoLWxVzGFslgunUm_mJJHM_Xt1WVFt6uVXaAcnxJg3MvW4zVSidi73KJts8TcdEMxBM9tw", Content-Length:"283"]
             Body = {"title":"Publication 1","plantation":{"id":null,"area":"100 sqm","harvestType":"organic","irrigationType":"drip","productionType":"type1","details":"semillas de tomate para cultivo en verano, condiciones de riego: cada 2 días, condiciones de temperatura: 25-30°C","address":null}}
    Session Attrs = {}

Handler:
             Type = com.gardengroup.agroplantationapp.controller.PublicationController
           Method = com.gardengroup.agroplantationapp.controller.PublicationController#savePublication(PublicationSaveDTO, HttpServletRequest)

Async:
    Async started = false
     Async result = null

Resolved Exception:
             Type = null

ModelAndView:
        View name = null
             View = null
            Model = null

FlashMap:
       Attributes = null

MockHttpServletResponse:
           Status = 501
    Error message = null
          Headers = [Vary:"Origin", "Access-Control-Request-Method", "Access-Control-Request-Headers", X-Content-Type-Options:"nosniff", X-XSS-Protection:"0", Cache-Control:"no-cache, no-store, max-age=0, must-revalidate", Pragma:"no-cache", Expires:"0", X-Frame-Options:"DENY"]
     Content type = null
             Body = 
    Forwarded URL = null
   Redirected URL = null
          Cookies = []

MockHttpServletRequest:
      HTTP Method = POST
      Request URI = /v1/publication/save
       Parameters = {_csrf=[LJzzGGg_OHzvTRyYq-1BlP-xYTcXw62DESzdJpcuGWWGyCtaHfmQLAkJCRnCKXmsm8B1pZqBTFZ1opqudRu_E_FIKFOx-hM8]}
          Headers = [Content-Type:"application/json;charset=UTF-8", Authorization:"Bearer eyJhbGciOiJIUzUxMiJ9.eyJzdWIiOiJtZ2xAZ21haWwuY29tIiwiaWF0IjoxNzIxMjIyMDk3LCJleHAiOjE3MjI1MTgwOTd9.CQGx8r5dJCHELGPeIoLWxVzGFslgunUm_mJJHM_Xt1WVFt6uVXaAcnxJg3MvW4zVSidi73KJts8TcdEMxBM9tw", Content-Length:"283"]
             Body = {"title":"Publication 1","plantation":{"id":null,"area":"100 sqm","harvestType":"organic","irrigationType":"drip","productionType":"type1","details":"semillas de tomate para cultivo en verano, condiciones de riego: cada 2 días, condiciones de temperatura: 25-30°C","address":null}}
    Session Attrs = {}

Handler:
             Type = com.gardengroup.agroplantationapp.controller.PublicationController
           Method = com.gardengroup.agroplantationapp.controller.PublicationController#savePublication(PublicationSaveDTO, HttpServletRequest)

Async:
    Async started = false
     Async result = null

Resolved Exception:
             Type = null

ModelAndView:
        View name = null
             View = null
            Model = null

FlashMap:
       Attributes = null

MockHttpServletResponse:
           Status = 501
    Error message = null
          Headers = [Vary:"Origin", "Access-Control-Request-Method", "Access-Control-Request-Headers", X-Content-Type-Options:"nosniff", X-XSS-Protection:"0", Cache-Control:"no-cache, no-store, max-age=0, must-revalidate", Pragma:"no-cache", Expires:"0", X-Frame-Options:"DENY"]
     Content type = null
             Body = 
    Forwarded URL = null
   Redirected URL = null
          Cookies = []

MockHttpServletRequest:
      HTTP Method = POST
      Request URI = /v1/publication/save
       Parameters = {_csrf=[1r0z4-V2Okv9v2ryxSxlve2V42e1VfOstE4z-Hdzulr3rgHo5IwGhdVPC33Q2lKT8QFRj9qmzl7RZ8aBhn5XmUcQiWrGmTHf]}
          Headers = [Content-Type:"application/json;charset=UTF-8", Authorization:"Bearer eyJhbGciOiJIUzUxMiJ9.eyJzdWIiOiJtZ2xAZ21haWwuY29tIiwiaWF0IjoxNzIxMjIyMDk3LCJleHAiOjE3MjI1MTgwOTd9.CQGx8r5dJCHELGPeIoLWxVzGFslgunUm_mJJHM_Xt1WVFt6uVXaAcnxJg3MvW4zVSidi73KJts8TcdEMxBM9tw", Content-Length:"283"]
             Body = {"title":"Publication 1","plantation":{"id":null,"area":"100 sqm","harvestType":"organic","irrigationType":"drip","productionType":"type1","details":"semillas de tomate para cultivo en verano, condiciones de riego: cada 2 días, condiciones de temperatura: 25-30°C","address":null}}
    Session Attrs = {}

Handler:
             Type = com.gardengroup.agroplantationapp.controller.PublicationController
           Method = com.gardengroup.agroplantationapp.controller.PublicationController#savePublication(PublicationSaveDTO, HttpServletRequest)

Async:
    Async started = false
     Async result = null

Resolved Exception:
             Type = null

ModelAndView:
        View name = null
             View = null
            Model = null

FlashMap:
       Attributes = null

MockHttpServletResponse:
           Status = 501
    Error message = null
          Headers = [Vary:"Origin", "Access-Control-Request-Method", "Access-Control-Request-Headers", X-Content-Type-Options:"nosniff", X-XSS-Protection:"0", Cache-Control:"no-cache, no-store, max-age=0, must-revalidate", Pragma:"no-cache", Expires:"0", X-Frame-Options:"DENY"]
     Content type = null
             Body = 
    Forwarded URL = null
   Redirected URL = null
          Cookies = []

MockHttpServletRequest:
      HTTP Method = POST
      Request URI = /v1/publication/save
       Parameters = {_csrf=[iJWr3yVIntpCYQlGcOgAPphX6eehuLKlpo6pBNIZVnzR9xX26aHP7RJw_LlvU2txQcU0CqtgxN7DgdGInuuQNrQpZUm3xCOX]}
          Headers = [Content-Type:"application/json;charset=UTF-8", Authorization:"Bearer eyJhbGciOiJIUzUxMiJ9.eyJzdWIiOiJtZ2xAZ21haWwuY29tIiwiaWF0IjoxNzIxMjIyMDk3LCJleHAiOjE3MjI1MTgwOTd9.CQGx8r5dJCHELGPeIoLWxVzGFslgunUm_mJJHM_Xt1WVFt6uVXaAcnxJg3MvW4zVSidi73KJts8TcdEMxBM9tw", Content-Length:"283"]
             Body = {"title":"Publication 1","plantation":{"id":null,"area":"100 sqm","harvestType":"organic","irrigationType":"drip","productionType":"type1","details":"semillas de tomate para cultivo en verano, condiciones de riego: cada 2 días, condiciones de temperatura: 25-30°C","address":null}}
    Session Attrs = {}

Handler:
             Type = com.gardengroup.agroplantationapp.controller.PublicationController
           Method = com.gardengroup.agroplantationapp.controller.PublicationController#savePublication(PublicationSaveDTO, HttpServletRequest)

Async:
    Async started = false
     Async result = null

Resolved Exception:
             Type = null

ModelAndView:
        View name = null
             View = null
            Model = null

FlashMap:
       Attributes = null

MockHttpServletResponse:
           Status = 501
    Error message = null
          Headers = [Vary:"Origin", "Access-Control-Request-Method", "Access-Control-Request-Headers", X-Content-Type-Options:"nosniff", X-XSS-Protection:"0", Cache-Control:"no-cache, no-store, max-age=0, must-revalidate", Pragma:"no-cache", Expires:"0", X-Frame-Options:"DENY"]
     Content type = null
             Body = 
    Forwarded URL = null
   Redirected URL = null
          Cookies = []

MockHttpServletRequest:
      HTTP Method = POST
      Request URI = /v1/publication/save
       Parameters = {_csrf=[3E-O5u1xkX7omn9mkmtgVOhz2BzTnsx8wxge59mB5YZNcRRevS653tkT8kzFrkZQqkZUNtpH9X3kqf1RoSh_1bi1gLQuRHU8]}
          Headers = [Content-Type:"application/json;charset=UTF-8", Authorization:"Bearer eyJhbGciOiJIUzUxMiJ9.eyJzdWIiOiJtZ2xAZ21haWwuY29tIiwiaWF0IjoxNzIxMjIyMDk3LCJleHAiOjE3MjI1MTgwOTd9.CQGx8r5dJCHELGPeIoLWxVzGFslgunUm_mJJHM_Xt1WVFt6uVXaAcnxJg3MvW4zVSidi73KJts8TcdEMxBM9tw", Content-Length:"283"]
             Body = {"title":"Publication 1","plantation":{"id":null,"area":"100 sqm","harvestType":"organic","irrigationType":"drip","productionType":"type1","details":"semillas de tomate para cultivo en verano, condiciones de riego: cada 2 días, condiciones de temperatura: 25-30°C","address":null}}
    Session Attrs = {}

Handler:
             Type = com.gardengroup.agroplantationapp.controller.PublicationController
           Method = com.gardengroup.agroplantationapp.controller.PublicationController#savePublication(PublicationSaveDTO, HttpServletRequest)

Async:
    Async started = false
     Async result = null

Resolved Exception:
             Type = null

ModelAndView:
        View name = null
             View = null
            Model = null

FlashMap:
       Attributes = null

MockHttpServletResponse:
           Status = 501
    Error message = null
          Headers = [Vary:"Origin", "Access-Control-Request-Method", "Access-Control-Request-Headers", X-Content-Type-Options:"nosniff", X-XSS-Protection:"0", Cache-Control:"no-cache, no-store, max-age=0, must-revalidate", Pragma:"no-cache", Expires:"0", X-Frame-Options:"DENY"]
     Content type = null
             Body = 
    Forwarded URL = null
   Redirected URL = null
          Cookies = []

MockHttpServletRequest:
      HTTP Method = POST
      Request URI = /v1/publication/save
       Parameters = {_csrf=[YTmBhtTrRLkQKThL93H-p3GDJ4GcOCRujJkW0jDyc2xj-EVuAAuxvuTfdo09HgB8xVzKwRKwCrilChZDuvoh6gfBFlpVm3VX]}
          Headers = [Content-Type:"application/json;charset=UTF-8", Authorization:"Bearer eyJhbGciOiJIUzUxMiJ9.eyJzdWIiOiJtZ2xAZ21haWwuY29tIiwiaWF0IjoxNzIxMjIyMDk3LCJleHAiOjE3MjI1MTgwOTd9.CQGx8r5dJCHELGPeIoLWxVzGFslgunUm_mJJHM_Xt1WVFt6uVXaAcnxJg3MvW4zVSidi73KJts8TcdEMxBM9tw", Content-Length:"283"]
             Body = {"title":"Publication 1","plantation":{"id":null,"area":"100 sqm","harvestType":"organic","irrigationType":"drip","productionType":"type1","details":"semillas de tomate para cultivo en verano, condiciones de riego: cada 2 días, condiciones de temperatura: 25-30°C","address":null}}
    Session Attrs = {}

Handler:
             Type = com.gardengroup.agroplantationapp.controller.PublicationController
           Method = com.gardengroup.agroplantationapp.controller.PublicationController#savePublication(PublicationSaveDTO, HttpServletRequest)

Async:
    Async started = false
     Async result = null

Resolved Exception:
             Type = null

ModelAndView:
        View name = null
             View = null
            Model = null

FlashMap:
       Attributes = null

MockHttpServletResponse:
           Status = 501
    Error message = null
          Headers = [Vary:"Origin", "Access-Control-Request-Method", "Access-Control-Request-Headers", X-Content-Type-Options:"nosniff", X-XSS-Protection:"0", Cache-Control:"no-cache, no-store, max-age=0, must-revalidate", Pragma:"no-cache", Expires:"0", X-Frame-Options:"DENY"]
     Content type = null
             Body = 
    Forwarded URL = null
   Redirected URL = null
          Cookies = []

MockHttpServletRequest:
      HTTP Method = POST
      Request URI = /v1/publication/save
       Parameters = {_csrf=[o0JlfFePTgHM03sXNBKxMuN-OVm2XBInv1T97Mo3FWSEjAASkyABH2PtfWThtUgmBz-FBNIbFDiHOSMKhzbIiPMPcVbnvjIh]}
          Headers = [Content-Type:"application/json;charset=UTF-8", Authorization:"Bearer eyJhbGciOiJIUzUxMiJ9.eyJzdWIiOiJtZ2xAZ21haWwuY29tIiwiaWF0IjoxNzIxMjIyMDk3LCJleHAiOjE3MjI1MTgwOTd9.CQGx8r5dJCHELGPeIoLWxVzGFslgunUm_mJJHM_Xt1WVFt6uVXaAcnxJg3MvW4zVSidi73KJts8TcdEMxBM9tw", Content-Length:"283"]
             Body = {"title":"Publication 1","plantation":{"id":null,"area":"100 sqm","harvestType":"organic","irrigationType":"drip","productionType":"type1","details":"semillas de tomate para cultivo en verano, condiciones de riego: cada 2 días, condiciones de temperatura: 25-30°C","address":null}}
    Session Attrs = {}

Handler:
             Type = com.gardengroup.agroplantationapp.controller.PublicationController
           Method = com.gardengroup.agroplantationapp.controller.PublicationController#savePublication(PublicationSaveDTO, HttpServletRequest)

Async:
    Async started = false
     Async result = null

Resolved Exception:
             Type = null

ModelAndView:
        View name = null
             View = null
            Model = null

FlashMap:
       Attributes = null

MockHttpServletResponse:
           Status = 501
    Error message = null
          Headers = [Vary:"Origin", "Access-Control-Request-Method", "Access-Control-Request-Headers", X-Content-Type-Options:"nosniff", X-XSS-Protection:"0", Cache-Control:"no-cache, no-store, max-age=0, must-revalidate", Pragma:"no-cache", Expires:"0", X-Frame-Options:"DENY"]
     Content type = null
             Body = 
    Forwarded URL = null
   Redirected URL = null
          Cookies = []

MockHttpServletRequest:
      HTTP Method = POST
      Request URI = /v1/publication/save
       Parameters = {_csrf=[iBP9f89it5EROI3YZvaJsHA473H3tlDXxGsn_FVEuGAOMtspvibLSatRgqY8Cui8Udu9iBELwhPE0mP69w8VxWR9iFQ4U-hK]}
          Headers = [Content-Type:"application/json;charset=UTF-8", Authorization:"Bearer eyJhbGciOiJIUzUxMiJ9.eyJzdWIiOiJtZ2xAZ21haWwuY29tIiwiaWF0IjoxNzIxMjIyMDk3LCJleHAiOjE3MjI1MTgwOTd9.CQGx8r5dJCHELGPeIoLWxVzGFslgunUm_mJJHM_Xt1WVFt6uVXaAcnxJg3MvW4zVSidi73KJts8TcdEMxBM9tw", Content-Length:"283"]
             Body = {"title":"Publication 1","plantation":{"id":null,"area":"100 sqm","harvestType":"organic","irrigationType":"drip","productionType":"type1","details":"semillas de tomate para cultivo en verano, condiciones de riego: cada 2 días, condiciones de temperatura: 25-30°C","address":null}}
    Session Attrs = {}

Handler:
             Type = com.gardengroup.agroplantationapp.controller.PublicationController
           Method = com.gardengroup.agroplantationapp.controller.PublicationController#savePublication(PublicationSaveDTO, HttpServletRequest)

Async:
    Async started = false
     Async result = null

Resolved Exception:
             Type = null

ModelAndView:
        View name = null
             View = null
            Model = null

FlashMap:
       Attributes = null

MockHttpServletResponse:
           Status = 501
    Error message = null
          Headers = [Vary:"Origin", "Access-Control-Request-Method", "Access-Control-Request-Headers", X-Content-Type-Options:"nosniff", X-XSS-Protection:"0", Cache-Control:"no-cache, no-store, max-age=0, must-revalidate", Pragma:"no-cache", Expires:"0", X-Frame-Options:"DENY"]
     Content type = null
             Body = 
    Forwarded URL = null
   Redirected URL = null
          Cookies = []

MockHttpServletRequest:
      HTTP Method = POST
      Request URI = /v1/publication/save
       Parameters = {_csrf=[FRWQ995_HfwOjUAABfkVlsnmRtNb_e08GqcCgQPP3W_HbKSbJSamxbtKJJkj7CQyYdQh8vGAa-pinNsRKpYy5zL2uQv1Dpyv]}
          Headers = [Content-Type:"application/json;charset=UTF-8", Authorization:"Bearer eyJhbGciOiJIUzUxMiJ9.eyJzdWIiOiJtZ2xAZ21haWwuY29tIiwiaWF0IjoxNzIxMjIyMDk3LCJleHAiOjE3MjI1MTgwOTd9.CQGx8r5dJCHELGPeIoLWxVzGFslgunUm_mJJHM_Xt1WVFt6uVXaAcnxJg3MvW4zVSidi73KJts8TcdEMxBM9tw", Content-Length:"283"]
             Body = {"title":"Publication 1","plantation":{"id":null,"area":"100 sqm","harvestType":"organic","irrigationType":"drip","productionType":"type1","details":"semillas de tomate para cultivo en verano, condiciones de riego: cada 2 días, condiciones de temperatura: 25-30°C","address":null}}
    Session Attrs = {}

Handler:
             Type = com.gardengroup.agroplantationapp.controller.PublicationController
           Method = com.gardengroup.agroplantationapp.controller.PublicationController#savePublication(PublicationSaveDTO, HttpServletRequest)

Async:
    Async started = false
     Async result = null

Resolved Exception:
             Type = null

ModelAndView:
        View name = null
             View = null
            Model = null

FlashMap:
       Attributes = null

MockHttpServletResponse:
           Status = 501
    Error message = null
          Headers = [Vary:"Origin", "Access-Control-Request-Method", "Access-Control-Request-Headers", X-Content-Type-Options:"nosniff", X-XSS-Protection:"0", Cache-Control:"no-cache, no-store, max-age=0, must-revalidate", Pragma:"no-cache", Expires:"0", X-Frame-Options:"DENY"]
     Content type = null
             Body = 
    Forwarded URL = null
   Redirected URL = null
          Cookies = []

MockHttpServletRequest:
      HTTP Method = POST
      Request URI = /v1/publication/save
       Parameters = {_csrf=[qMkHgK6UyFeLVQiU15OHSte6iAUZvgp8KG5oIGChKMjZQ30TnfFms8-m_WSmbTGs7r6zeu6NpWR93DNRSwgLFFmSEPngcRwg]}
          Headers = [Content-Type:"application/json;charset=UTF-8", Authorization:"Bearer eyJhbGciOiJIUzUxMiJ9.eyJzdWIiOiJtZ2xAZ21haWwuY29tIiwiaWF0IjoxNzIxMjIyMDk3LCJleHAiOjE3MjI1MTgwOTd9.CQGx8r5dJCHELGPeIoLWxVzGFslgunUm_mJJHM_Xt1WVFt6uVXaAcnxJg3MvW4zVSidi73KJts8TcdEMxBM9tw", Content-Length:"283"]
             Body = {"title":"Publication 1","plantation":{"id":null,"area":"100 sqm","harvestType":"organic","irrigationType":"drip","productionType":"type1","details":"semillas de tomate para cultivo en verano, condiciones de riego: cada 2 días, condiciones de temperatura: 25-30°C","address":null}}
    Session Attrs = {}

Handler:
             Type = com.gardengroup.agroplantationapp.controller.PublicationController
           Method = com.gardengroup.agroplantationapp.controller.PublicationController#savePublication(PublicationSaveDTO, HttpServletRequest)

Async:
    Async started = false
     Async result = null

Resolved Exception:
             Type = null

ModelAndView:
        View name = null
             View = null
            Model = null

FlashMap:
       Attributes = null

MockHttpServletResponse:
           Status = 501
    Error message = null
          Headers = [Vary:"Origin", "Access-Control-Request-Method", "Access-Control-Request-Headers", X-Content-Type-Options:"nosniff", X-XSS-Protection:"0", Cache-Control:"no-cache, no-store, max-age=0, must-revalidate", Pragma:"no-cache", Expires:"0", X-Frame-Options:"DENY"]
     Content type = null
             Body = 
    Forwarded URL = null
   Redirected URL = null
          Cookies = []

MockHttpServletRequest:
      HTTP Method = POST
      Request URI = /v1/publication/save
       Parameters = {_csrf=[zxG0IiK1VnH6TgMdipLfwrLZ9zEU6Ejkxv22rzDikDIAZnGl_3TXExWBMxLXK2Ukv7_rpoHg2lNw2HDJ9M7TmVSEpAcwUkXB]}
          Headers = [Content-Type:"application/json;charset=UTF-8", Authorization:"Bearer eyJhbGciOiJIUzUxMiJ9.eyJzdWIiOiJtZ2xAZ21haWwuY29tIiwiaWF0IjoxNzIxMjIyMDk3LCJleHAiOjE3MjI1MTgwOTd9.CQGx8r5dJCHELGPeIoLWxVzGFslgunUm_mJJHM_Xt1WVFt6uVXaAcnxJg3MvW4zVSidi73KJts8TcdEMxBM9tw", Content-Length:"283"]
             Body = {"title":"Publication 1","plantation":{"id":null,"area":"100 sqm","harvestType":"organic","irrigationType":"drip","productionType":"type1","details":"semillas de tomate para cultivo en verano, condiciones de riego: cada 2 días, condiciones de temperatura: 25-30°C","address":null}}
    Session Attrs = {}

Handler:
             Type = com.gardengroup.agroplantationapp.controller.PublicationController
           Method = com.gardengroup.agroplantationapp.controller.PublicationController#savePublication(PublicationSaveDTO, HttpServletRequest)

Async:
    Async started = false
     Async result = null

Resolved Exception:
             Type = null

ModelAndView:
        View name = null
             View = null
            Model = null

FlashMap:
       Attributes = null

MockHttpServletResponse:
           Status = 501
    Error message = null
          Headers = [Vary:"Origin", "Access-Control-Request-Method", "Access-Control-Request-Headers", X-Content-Type-Options:"nosniff", X-XSS-Protection:"0", Cache-Control:"no-cache, no-store, max-age=0, must-revalidate", Pragma:"no-cache", Expires:"0", X-Frame-Options:"DENY"]
     Content type = null
             Body = 
    Forwarded URL = null
   Redirected URL = null
          Cookies = []

MockHttpServletRequest:
      HTTP Method = POST
      Request URI = /v1/publication/save
       Parameters = {_csrf=[3i5KTvWRClwap6n560RIi8ioTNEd11BPzn7_ms83hO762gUY5kosfJGlOD03wZ2bjWl86aqeYekpsTNi_h-cqKoEtIrL7DIr]}
          Headers = [Content-Type:"application/json;charset=UTF-8", Authorization:"Bearer eyJhbGciOiJIUzUxMiJ9.eyJzdWIiOiJtZ2xAZ21haWwuY29tIiwiaWF0IjoxNzIxMjIyMDk3LCJleHAiOjE3MjI1MTgwOTd9.CQGx8r5dJCHELGPeIoLWxVzGFslgunUm_mJJHM_Xt1WVFt6uVXaAcnxJg3MvW4zVSidi73KJts8TcdEMxBM9tw", Content-Length:"283"]
             Body = {"title":"Publication 1","plantation":{"id":null,"area":"100 sqm","harvestType":"organic","irrigationType":"drip","productionType":"type1","details":"semillas de tomate para cultivo en verano, condiciones de riego: cada 2 días, condiciones de temperatura: 25-30°C","address":null}}
    Session Attrs = {}

Handler:
             Type = com.gardengroup.agroplantationapp.controller.PublicationController
           Method = com.gardengroup.agroplantationapp.controller.PublicationController#savePublication(PublicationSaveDTO, HttpServletRequest)

Async:
    Async started = false
     Async result = null

Resolved Exception:
             Type = null

ModelAndView:
        View name = null
             View = null
            Model = null

FlashMap:
       Attributes = null

MockHttpServletResponse:
           Status = 501
    Error message = null
          Headers = [Vary:"Origin", "Access-Control-Request-Method", "Access-Control-Request-Headers", X-Content-Type-Options:"nosniff", X-XSS-Protection:"0", Cache-Control:"no-cache, no-store, max-age=0, must-revalidate", Pragma:"no-cache", Expires:"0", X-Frame-Options:"DENY"]
     Content type = null
             Body = 
    Forwarded URL = null
   Redirected URL = null
          Cookies = []

MockHttpServletRequest:
      HTTP Method = POST
      Request URI = /v1/publication/save
       Parameters = {_csrf=[wEYcS-Hdzr6eqWvoopVvsQHGaU_qD3lttXZFCBXh91Q7g6nFpCQvc9Lrq9uzy1mNkLhb0GL2RHeOOBxAjE4na3TVw2xYu56h]}
          Headers = [Content-Type:"application/json;charset=UTF-8", Authorization:"Bearer eyJhbGciOiJIUzUxMiJ9.eyJzdWIiOiJtZ2xAZ21haWwuY29tIiwiaWF0IjoxNzIxMjIyMDk3LCJleHAiOjE3MjI1MTgwOTd9.CQGx8r5dJCHELGPeIoLWxVzGFslgunUm_mJJHM_Xt1WVFt6uVXaAcnxJg3MvW4zVSidi73KJts8TcdEMxBM9tw", Content-Length:"283"]
             Body = {"title":"Publication 1","plantation":{"id":null,"area":"100 sqm","harvestType":"organic","irrigationType":"drip","productionType":"type1","details":"semillas de tomate para cultivo en verano, condiciones de riego: cada 2 días, condiciones de temperatura: 25-30°C","address":null}}
    Session Attrs = {}

Handler:
             Type = com.gardengroup.agroplantationapp.controller.PublicationController
           Method = com.gardengroup.agroplantationapp.controller.PublicationController#savePublication(PublicationSaveDTO, HttpServletRequest)

Async:
    Async started = false
     Async result = null

Resolved Exception:
             Type = null

ModelAndView:
        View name = null
             View = null
            Model = null

FlashMap:
       Attributes = null

MockHttpServletResponse:
           Status = 501
    Error message = null
          Headers = [Vary:"Origin", "Access-Control-Request-Method", "Access-Control-Request-Headers", X-Content-Type-Options:"nosniff", X-XSS-Protection:"0", Cache-Control:"no-cache, no-store, max-age=0, must-revalidate", Pragma:"no-cache", Expires:"0", X-Frame-Options:"DENY"]
     Content type = null
             Body = 
    Forwarded URL = null
   Redirected URL = null
          Cookies = []

MockHttpServletRequest:
      HTTP Method = POST
      Request URI = /v1/publication/save
       Parameters = {_csrf=[6xr0bSwyhf9Be77NjEAU90WRdVGJ0rd1JDZvl7L5BVeaUNvjjivDC04CvMpsQoyptG0gwHP0WGm-5NFYFlVaoYuYYWP-aO7V]}
          Headers = [Content-Type:"application/json;charset=UTF-8", Authorization:"Bearer eyJhbGciOiJIUzUxMiJ9.eyJzdWIiOiJtZ2xAZ21haWwuY29tIiwiaWF0IjoxNzIxMjIyMDk3LCJleHAiOjE3MjI1MTgwOTd9.CQGx8r5dJCHELGPeIoLWxVzGFslgunUm_mJJHM_Xt1WVFt6uVXaAcnxJg3MvW4zVSidi73KJts8TcdEMxBM9tw", Content-Length:"283"]
             Body = {"title":"Publication 1","plantation":{"id":null,"area":"100 sqm","harvestType":"organic","irrigationType":"drip","productionType":"type1","details":"semillas de tomate para cultivo en verano, condiciones de riego: cada 2 días, condiciones de temperatura: 25-30°C","address":null}}
    Session Attrs = {}

Handler:
             Type = com.gardengroup.agroplantationapp.controller.PublicationController
           Method = com.gardengroup.agroplantationapp.controller.PublicationController#savePublication(PublicationSaveDTO, HttpServletRequest)

Async:
    Async started = false
     Async result = null

Resolved Exception:
             Type = null

ModelAndView:
        View name = null
             View = null
            Model = null

FlashMap:
       Attributes = null

MockHttpServletResponse:
           Status = 501
    Error message = null
          Headers = [Vary:"Origin", "Access-Control-Request-Method", "Access-Control-Request-Headers", X-Content-Type-Options:"nosniff", X-XSS-Protection:"0", Cache-Control:"no-cache, no-store, max-age=0, must-revalidate", Pragma:"no-cache", Expires:"0", X-Frame-Options:"DENY"]
     Content type = null
             Body = 
    Forwarded URL = null
   Redirected URL = null
          Cookies = []

MockHttpServletRequest:
      HTTP Method = POST
      Request URI = /v1/publication/save
       Parameters = {_csrf=[P75UpQFN_F03SozDVgTpo27QbLvsQLBl3-MG9mMKWBg04yiXCYY3nDh7ymsaLu_yMindxV3gQYKIJdVI7oBiwlAzO34N1x6u]}
          Headers = [Content-Type:"application/json;charset=UTF-8", Authorization:"Bearer eyJhbGciOiJIUzUxMiJ9.eyJzdWIiOiJtZ2xAZ21haWwuY29tIiwiaWF0IjoxNzIxMjIyMDk3LCJleHAiOjE3MjI1MTgwOTd9.CQGx8r5dJCHELGPeIoLWxVzGFslgunUm_mJJHM_Xt1WVFt6uVXaAcnxJg3MvW4zVSidi73KJts8TcdEMxBM9tw", Content-Length:"283"]
             Body = {"title":"Publication 1","plantation":{"id":null,"area":"100 sqm","harvestType":"organic","irrigationType":"drip","productionType":"type1","details":"semillas de tomate para cultivo en verano, condiciones de riego: cada 2 días, condiciones de temperatura: 25-30°C","address":null}}
    Session Attrs = {}

Handler:
             Type = com.gardengroup.agroplantationapp.controller.PublicationController
           Method = com.gardengroup.agroplantationapp.controller.PublicationController#savePublication(PublicationSaveDTO, HttpServletRequest)

Async:
    Async started = false
     Async result = null

Resolved Exception:
             Type = null

ModelAndView:
        View name = null
             View = null
            Model = null

FlashMap:
       Attributes = null

MockHttpServletResponse:
           Status = 501
    Error message = null
          Headers = [Vary:"Origin", "Access-Control-Request-Method", "Access-Control-Request-Headers", X-Content-Type-Options:"nosniff", X-XSS-Protection:"0", Cache-Control:"no-cache, no-store, max-age=0, must-revalidate", Pragma:"no-cache", Expires:"0", X-Frame-Options:"DENY"]
     Content type = null
             Body = 
    Forwarded URL = null
   Redirected URL = null
          Cookies = []

MockHttpServletRequest:
      HTTP Method = POST
      Request URI = /v1/publication/save
       Parameters = {_csrf=[-JwnsS2ICifvSjSWvOSip_WU2NV_aAlpkcYFOfG0VNaCoIaCy6hG0BW_Oh7CfAKj3cmWxpfx9bRGW2xE96I8CZeHMrK1kODn]}
          Headers = [Content-Type:"application/json;charset=UTF-8", Authorization:"Bearer eyJhbGciOiJIUzUxMiJ9.eyJzdWIiOiJtZ2xAZ21haWwuY29tIiwiaWF0IjoxNzIxMjIyMDk3LCJleHAiOjE3MjI1MTgwOTd9.CQGx8r5dJCHELGPeIoLWxVzGFslgunUm_mJJHM_Xt1WVFt6uVXaAcnxJg3MvW4zVSidi73KJts8TcdEMxBM9tw", Content-Length:"283"]
             Body = {"title":"Publication 1","plantation":{"id":null,"area":"100 sqm","harvestType":"organic","irrigationType":"drip","productionType":"type1","details":"semillas de tomate para cultivo en verano, condiciones de riego: cada 2 días, condiciones de temperatura: 25-30°C","address":null}}
    Session Attrs = {}

Handler:
             Type = com.gardengroup.agroplantationapp.controller.PublicationController
           Method = com.gardengroup.agroplantationapp.controller.PublicationController#savePublication(PublicationSaveDTO, HttpServletRequest)

Async:
    Async started = false
     Async result = null

Resolved Exception:
             Type = null

ModelAndView:
        View name = null
             View = null
            Model = null

FlashMap:
       Attributes = null

MockHttpServletResponse:
           Status = 501
    Error message = null
          Headers = [Vary:"Origin", "Access-Control-Request-Method", "Access-Control-Request-Headers", X-Content-Type-Options:"nosniff", X-XSS-Protection:"0", Cache-Control:"no-cache, no-store, max-age=0, must-revalidate", Pragma:"no-cache", Expires:"0", X-Frame-Options:"DENY"]
     Content type = null
             Body = 
    Forwarded URL = null
   Redirected URL = null
          Cookies = []

MockHttpServletRequest:
      HTTP Method = POST
      Request URI = /v1/publication/save
       Parameters = {_csrf=[z1zc5N_niPxdLyaZeJbkiA3sCyzG8WFSUaQeT-9khsTRFbpH-D261rze65hwHRSgSrvQ62neJk7_lAN_MpZ9K91d5fTnJ492]}
          Headers = [Content-Type:"application/json;charset=UTF-8", Authorization:"Bearer eyJhbGciOiJIUzUxMiJ9.eyJzdWIiOiJtZ2xAZ21haWwuY29tIiwiaWF0IjoxNzIxMjIyMDk3LCJleHAiOjE3MjI1MTgwOTd9.CQGx8r5dJCHELGPeIoLWxVzGFslgunUm_mJJHM_Xt1WVFt6uVXaAcnxJg3MvW4zVSidi73KJts8TcdEMxBM9tw", Content-Length:"283"]
             Body = {"title":"Publication 1","plantation":{"id":null,"area":"100 sqm","harvestType":"organic","irrigationType":"drip","productionType":"type1","details":"semillas de tomate para cultivo en verano, condiciones de riego: cada 2 días, condiciones de temperatura: 25-30°C","address":null}}
    Session Attrs = {}

Handler:
             Type = com.gardengroup.agroplantationapp.controller.PublicationController
           Method = com.gardengroup.agroplantationapp.controller.PublicationController#savePublication(PublicationSaveDTO, HttpServletRequest)

Async:
    Async started = false
     Async result = null

Resolved Exception:
             Type = null

ModelAndView:
        View name = null
             View = null
            Model = null

FlashMap:
       Attributes = null

MockHttpServletResponse:
           Status = 501
    Error message = null
          Headers = [Vary:"Origin", "Access-Control-Request-Method", "Access-Control-Request-Headers", X-Content-Type-Options:"nosniff", X-XSS-Protection:"0", Cache-Control:"no-cache, no-store, max-age=0, must-revalidate", Pragma:"no-cache", Expires:"0", X-Frame-Options:"DENY"]
     Content type = null
             Body = 
    Forwarded URL = null
   Redirected URL = null
          Cookies = []

MockHttpServletRequest:
      HTTP Method = POST
      Request URI = /v1/publication/save
       Parameters = {_csrf=[8LWvMfxp2ypLradCE3GR-twsFUXe9iL8_yiWGYZoRcaCIN-rldCeCJhdvU9mnZ57d1ylm-5KOCe9kxPRxkz3fLVfcfTmE-2Z]}
          Headers = [Content-Type:"application/json;charset=UTF-8", Authorization:"Bearer eyJhbGciOiJIUzUxMiJ9.eyJzdWIiOiJtZ2xAZ21haWwuY29tIiwiaWF0IjoxNzIxMjIyMDk3LCJleHAiOjE3MjI1MTgwOTd9.CQGx8r5dJCHELGPeIoLWxVzGFslgunUm_mJJHM_Xt1WVFt6uVXaAcnxJg3MvW4zVSidi73KJts8TcdEMxBM9tw", Content-Length:"283"]
             Body = {"title":"Publication 1","plantation":{"id":null,"area":"100 sqm","harvestType":"organic","irrigationType":"drip","productionType":"type1","details":"semillas de tomate para cultivo en verano, condiciones de riego: cada 2 días, condiciones de temperatura: 25-30°C","address":null}}
    Session Attrs = {}

Handler:
             Type = com.gardengroup.agroplantationapp.controller.PublicationController
           Method = com.gardengroup.agroplantationapp.controller.PublicationController#savePublication(PublicationSaveDTO, HttpServletRequest)

Async:
    Async started = false
     Async result = null

Resolved Exception:
             Type = null

ModelAndView:
        View name = null
             View = null
            Model = null

FlashMap:
       Attributes = null

MockHttpServletResponse:
           Status = 501
    Error message = null
          Headers = [Vary:"Origin", "Access-Control-Request-Method", "Access-Control-Request-Headers", X-Content-Type-Options:"nosniff", X-XSS-Protection:"0", Cache-Control:"no-cache, no-store, max-age=0, must-revalidate", Pragma:"no-cache", Expires:"0", X-Frame-Options:"DENY"]
     Content type = null
             Body = 
    Forwarded URL = null
   Redirected URL = null
          Cookies = []

MockHttpServletRequest:
      HTTP Method = POST
      Request URI = /v1/publication/save
       Parameters = {_csrf=[NGX8MZzuvegXedKcBl4VMKIO0VAVT4m3VJCBFUnV93Fcp8IsBQDLU6_a24s6SraoMnMhCZs7_DEsLbiaNqfkISvhk0M9wvQd]}
          Headers = [Content-Type:"application/json;charset=UTF-8", Authorization:"Bearer eyJhbGciOiJIUzUxMiJ9.eyJzdWIiOiJtZ2xAZ21haWwuY29tIiwiaWF0IjoxNzIxMjIyMDk3LCJleHAiOjE3MjI1MTgwOTd9.CQGx8r5dJCHELGPeIoLWxVzGFslgunUm_mJJHM_Xt1WVFt6uVXaAcnxJg3MvW4zVSidi73KJts8TcdEMxBM9tw", Content-Length:"283"]
             Body = {"title":"Publication 1","plantation":{"id":null,"area":"100 sqm","harvestType":"organic","irrigationType":"drip","productionType":"type1","details":"semillas de tomate para cultivo en verano, condiciones de riego: cada 2 días, condiciones de temperatura: 25-30°C","address":null}}
    Session Attrs = {}

Handler:
             Type = com.gardengroup.agroplantationapp.controller.PublicationController
           Method = com.gardengroup.agroplantationapp.controller.PublicationController#savePublication(PublicationSaveDTO, HttpServletRequest)

Async:
    Async started = false
     Async result = null

Resolved Exception:
             Type = null

ModelAndView:
        View name = null
             View = null
            Model = null

FlashMap:
       Attributes = null

MockHttpServletResponse:
           Status = 501
    Error message = null
          Headers = [Vary:"Origin", "Access-Control-Request-Method", "Access-Control-Request-Headers", X-Content-Type-Options:"nosniff", X-XSS-Protection:"0", Cache-Control:"no-cache, no-store, max-age=0, must-revalidate", Pragma:"no-cache", Expires:"0", X-Frame-Options:"DENY"]
     Content type = null
             Body = 
    Forwarded URL = null
   Redirected URL = null
          Cookies = []

MockHttpServletRequest:
      HTTP Method = POST
      Request URI = /v1/publication/save
       Parameters = {_csrf=[usZwMUTuTmKQlWvUzWrLrHorvJCT50v4nZZA8_MefS_fx7rM2PVJAneNLAa98Qjh_Ef_lUNOkan1gXnV-K50w8cuHE268o_8]}
          Headers = [Content-Type:"application/json;charset=UTF-8", Authorization:"Bearer eyJhbGciOiJIUzUxMiJ9.eyJzdWIiOiJtZ2xAZ21haWwuY29tIiwiaWF0IjoxNzIxMjIyMDk3LCJleHAiOjE3MjI1MTgwOTd9.CQGx8r5dJCHELGPeIoLWxVzGFslgunUm_mJJHM_Xt1WVFt6uVXaAcnxJg3MvW4zVSidi73KJts8TcdEMxBM9tw", Content-Length:"283"]
             Body = {"title":"Publication 1","plantation":{"id":null,"area":"100 sqm","harvestType":"organic","irrigationType":"drip","productionType":"type1","details":"semillas de tomate para cultivo en verano, condiciones de riego: cada 2 días, condiciones de temperatura: 25-30°C","address":null}}
    Session Attrs = {}

Handler:
             Type = com.gardengroup.agroplantationapp.controller.PublicationController
           Method = com.gardengroup.agroplantationapp.controller.PublicationController#savePublication(PublicationSaveDTO, HttpServletRequest)

Async:
    Async started = false
     Async result = null

Resolved Exception:
             Type = null

ModelAndView:
        View name = null
             View = null
            Model = null

FlashMap:
       Attributes = null

MockHttpServletResponse:
           Status = 501
    Error message = null
          Headers = [Vary:"Origin", "Access-Control-Request-Method", "Access-Control-Request-Headers", X-Content-Type-Options:"nosniff", X-XSS-Protection:"0", Cache-Control:"no-cache, no-store, max-age=0, must-revalidate", Pragma:"no-cache", Expires:"0", X-Frame-Options:"DENY"]
     Content type = null
             Body = 
    Forwarded URL = null
   Redirected URL = null
          Cookies = []

MockHttpServletRequest:
      HTTP Method = POST
      Request URI = /v1/publication/save
       Parameters = {_csrf=[K22yAKECcognlYMjwjlgHaWxsSqYpYgray5u5reaGyojedYiGgvWMsMyE78K9ucW-xRUeZaHnBP6lbsGXhgM346qLx9AS-EX]}
          Headers = [Content-Type:"application/json;charset=UTF-8", Authorization:"Bearer eyJhbGciOiJIUzUxMiJ9.eyJzdWIiOiJtZ2xAZ21haWwuY29tIiwiaWF0IjoxNzIxMjIyMDk3LCJleHAiOjE3MjI1MTgwOTd9.CQGx8r5dJCHELGPeIoLWxVzGFslgunUm_mJJHM_Xt1WVFt6uVXaAcnxJg3MvW4zVSidi73KJts8TcdEMxBM9tw", Content-Length:"283"]
             Body = {"title":"Publication 1","plantation":{"id":null,"area":"100 sqm","harvestType":"organic","irrigationType":"drip","productionType":"type1","details":"semillas de tomate para cultivo en verano, condiciones de riego: cada 2 días, condiciones de temperatura: 25-30°C","address":null}}
    Session Attrs = {}

Handler:
             Type = com.gardengroup.agroplantationapp.controller.PublicationController
           Method = com.gardengroup.agroplantationapp.controller.PublicationController#savePublication(PublicationSaveDTO, HttpServletRequest)

Async:
    Async started = false
     Async result = null

Resolved Exception:
             Type = null

ModelAndView:
        View name = null
             View = null
            Model = null

FlashMap:
       Attributes = null

MockHttpServletResponse:
           Status = 501
    Error message = null
          Headers = [Vary:"Origin", "Access-Control-Request-Method", "Access-Control-Request-Headers", X-Content-Type-Options:"nosniff", X-XSS-Protection:"0", Cache-Control:"no-cache, no-store, max-age=0, must-revalidate", Pragma:"no-cache", Expires:"0", X-Frame-Options:"DENY"]
     Content type = null
             Body = 
    Forwarded URL = null
   Redirected URL = null
          Cookies = []

MockHttpServletRequest:
      HTTP Method = POST
      Request URI = /v1/publication/save
       Parameters = {_csrf=[8z0SIegUYvyFEYvxKo0tq0U3gG-nvx7ql0EzSnhHud3Bu9KNwAknEtByBp6oIe2TSaAZmHNSrVbF2X_HpHQGLxoki-z42eW0]}
          Headers = [Content-Type:"application/json;charset=UTF-8", Authorization:"Bearer eyJhbGciOiJIUzUxMiJ9.eyJzdWIiOiJtZ2xAZ21haWwuY29tIiwiaWF0IjoxNzIxMjIyMDk3LCJleHAiOjE3MjI1MTgwOTd9.CQGx8r5dJCHELGPeIoLWxVzGFslgunUm_mJJHM_Xt1WVFt6uVXaAcnxJg3MvW4zVSidi73KJts8TcdEMxBM9tw", Content-Length:"283"]
             Body = {"title":"Publication 1","plantation":{"id":null,"area":"100 sqm","harvestType":"organic","irrigationType":"drip","productionType":"type1","details":"semillas de tomate para cultivo en verano, condiciones de riego: cada 2 días, condiciones de temperatura: 25-30°C","address":null}}
    Session Attrs = {}

Handler:
             Type = com.gardengroup.agroplantationapp.controller.PublicationController
           Method = com.gardengroup.agroplantationapp.controller.PublicationController#savePublication(PublicationSaveDTO, HttpServletRequest)

Async:
    Async started = false
     Async result = null

Resolved Exception:
             Type = null

ModelAndView:
        View name = null
             View = null
            Model = null

FlashMap:
       Attributes = null

MockHttpServletResponse:
           Status = 501
    Error message = null
          Headers = [Vary:"Origin", "Access-Control-Request-Method", "Access-Control-Request-Headers", X-Content-Type-Options:"nosniff", X-XSS-Protection:"0", Cache-Control:"no-cache, no-store, max-age=0, must-revalidate", Pragma:"no-cache", Expires:"0", X-Frame-Options:"DENY"]
     Content type = null
             Body = 
    Forwarded URL = null
   Redirected URL = null
          Cookies = []

MockHttpServletRequest:
      HTTP Method = POST
      Request URI = /v1/publication/save
       Parameters = {_csrf=[A3t68XbigueRYmWJDXKj3jGBXv90DWOr965qhnJNian8tC6ZZ08elBKGtd68UFXoPl-X6Qewc8YVNFKGwshTtEZ_6pHNgRz4]}
          Headers = [Content-Type:"application/json;charset=UTF-8", Authorization:"Bearer eyJhbGciOiJIUzUxMiJ9.eyJzdWIiOiJtZ2xAZ21haWwuY29tIiwiaWF0IjoxNzIxMjIyMDk3LCJleHAiOjE3MjI1MTgwOTd9.CQGx8r5dJCHELGPeIoLWxVzGFslgunUm_mJJHM_Xt1WVFt6uVXaAcnxJg3MvW4zVSidi73KJts8TcdEMxBM9tw", Content-Length:"283"]
             Body = {"title":"Publication 1","plantation":{"id":null,"area":"100 sqm","harvestType":"organic","irrigationType":"drip","productionType":"type1","details":"semillas de tomate para cultivo en verano, condiciones de riego: cada 2 días, condiciones de temperatura: 25-30°C","address":null}}
    Session Attrs = {}

Handler:
             Type = com.gardengroup.agroplantationapp.controller.PublicationController
           Method = com.gardengroup.agroplantationapp.controller.PublicationController#savePublication(PublicationSaveDTO, HttpServletRequest)

Async:
    Async started = false
     Async result = null

Resolved Exception:
             Type = null

ModelAndView:
        View name = null
             View = null
            Model = null

FlashMap:
       Attributes = null

MockHttpServletResponse:
           Status = 501
    Error message = null
          Headers = [Vary:"Origin", "Access-Control-Request-Method", "Access-Control-Request-Headers", X-Content-Type-Options:"nosniff", X-XSS-Protection:"0", Cache-Control:"no-cache, no-store, max-age=0, must-revalidate", Pragma:"no-cache", Expires:"0", X-Frame-Options:"DENY"]
     Content type = null
             Body = 
    Forwarded URL = null
   Redirected URL = null
          Cookies = []

MockHttpServletRequest:
      HTTP Method = POST
      Request URI = /v1/publication/save
       Parameters = {_csrf=[vKChWx4T0NEQhHgua0YEX-QajyOzB0dO7XufqRP9NNAPcscMj8SYOC4n5LA9tE0WU2swPIF_okKGYnZjjBinmyCbDbE6QaY8]}
          Headers = [Content-Type:"application/json;charset=UTF-8", Authorization:"Bearer eyJhbGciOiJIUzUxMiJ9.eyJzdWIiOiJtZ2xAZ21haWwuY29tIiwiaWF0IjoxNzIxMjIyMDk3LCJleHAiOjE3MjI1MTgwOTd9.CQGx8r5dJCHELGPeIoLWxVzGFslgunUm_mJJHM_Xt1WVFt6uVXaAcnxJg3MvW4zVSidi73KJts8TcdEMxBM9tw", Content-Length:"283"]
             Body = {"title":"Publication 1","plantation":{"id":null,"area":"100 sqm","harvestType":"organic","irrigationType":"drip","productionType":"type1","details":"semillas de tomate para cultivo en verano, condiciones de riego: cada 2 días, condiciones de temperatura: 25-30°C","address":null}}
    Session Attrs = {}

Handler:
             Type = com.gardengroup.agroplantationapp.controller.PublicationController
           Method = com.gardengroup.agroplantationapp.controller.PublicationController#savePublication(PublicationSaveDTO, HttpServletRequest)

Async:
    Async started = false
     Async result = null

Resolved Exception:
             Type = null

ModelAndView:
        View name = null
             View = null
            Model = null

FlashMap:
       Attributes = null

MockHttpServletResponse:
           Status = 501
    Error message = null
          Headers = [Vary:"Origin", "Access-Control-Request-Method", "Access-Control-Request-Headers", X-Content-Type-Options:"nosniff", X-XSS-Protection:"0", Cache-Control:"no-cache, no-store, max-age=0, must-revalidate", Pragma:"no-cache", Expires:"0", X-Frame-Options:"DENY"]
     Content type = null
             Body = 
    Forwarded URL = null
   Redirected URL = null
          Cookies = []

MockHttpServletRequest:
      HTTP Method = POST
      Request URI = /v1/publication/save
       Parameters = {_csrf=[w7pZQpzrNriT0AiHgenxNLhrR-BdLl3MM6ChvMgyaZB3rmSVp4pre6uJV42-5zrh5cTFVosNatg8Sz_hA5aY2K0LUfJOyAGs]}
          Headers = [Content-Type:"application/json;charset=UTF-8", Authorization:"Bearer eyJhbGciOiJIUzUxMiJ9.eyJzdWIiOiJtZ2xAZ21haWwuY29tIiwiaWF0IjoxNzIxMjIyMDk3LCJleHAiOjE3MjI1MTgwOTd9.CQGx8r5dJCHELGPeIoLWxVzGFslgunUm_mJJHM_Xt1WVFt6uVXaAcnxJg3MvW4zVSidi73KJts8TcdEMxBM9tw", Content-Length:"283"]
             Body = {"title":"Publication 1","plantation":{"id":null,"area":"100 sqm","harvestType":"organic","irrigationType":"drip","productionType":"type1","details":"semillas de tomate para cultivo en verano, condiciones de riego: cada 2 días, condiciones de temperatura: 25-30°C","address":null}}
    Session Attrs = {}

Handler:
             Type = com.gardengroup.agroplantationapp.controller.PublicationController
           Method = com.gardengroup.agroplantationapp.controller.PublicationController#savePublication(PublicationSaveDTO, HttpServletRequest)

Async:
    Async started = false
     Async result = null

Resolved Exception:
             Type = null

ModelAndView:
        View name = null
             View = null
            Model = null

FlashMap:
       Attributes = null

MockHttpServletResponse:
           Status = 501
    Error message = null
          Headers = [Vary:"Origin", "Access-Control-Request-Method", "Access-Control-Request-Headers", X-Content-Type-Options:"nosniff", X-XSS-Protection:"0", Cache-Control:"no-cache, no-store, max-age=0, must-revalidate", Pragma:"no-cache", Expires:"0", X-Frame-Options:"DENY"]
     Content type = null
             Body = 
    Forwarded URL = null
   Redirected URL = null
          Cookies = []

MockHttpServletRequest:
      HTTP Method = POST
      Request URI = /v1/publication/save
       Parameters = {_csrf=[3-orD3xuGd1dWN4KICpHIkkqQL9UaB_GuADH0EcqLIN2BFOf7doaPBpZIO9wa709QgdzRi9PbYdmXyfr3Tfw5XceFOEVZjH6]}
          Headers = [Content-Type:"application/json;charset=UTF-8", Authorization:"Bearer eyJhbGciOiJIUzUxMiJ9.eyJzdWIiOiJtZ2xAZ21haWwuY29tIiwiaWF0IjoxNzIxMjIyMDk3LCJleHAiOjE3MjI1MTgwOTd9.CQGx8r5dJCHELGPeIoLWxVzGFslgunUm_mJJHM_Xt1WVFt6uVXaAcnxJg3MvW4zVSidi73KJts8TcdEMxBM9tw", Content-Length:"283"]
             Body = {"title":"Publication 1","plantation":{"id":null,"area":"100 sqm","harvestType":"organic","irrigationType":"drip","productionType":"type1","details":"semillas de tomate para cultivo en verano, condiciones de riego: cada 2 días, condiciones de temperatura: 25-30°C","address":null}}
    Session Attrs = {}

Handler:
             Type = com.gardengroup.agroplantationapp.controller.PublicationController
           Method = com.gardengroup.agroplantationapp.controller.PublicationController#savePublication(PublicationSaveDTO, HttpServletRequest)

Async:
    Async started = false
     Async result = null

Resolved Exception:
             Type = null

ModelAndView:
        View name = null
             View = null
            Model = null

FlashMap:
       Attributes = null

MockHttpServletResponse:
           Status = 501
    Error message = null
          Headers = [Vary:"Origin", "Access-Control-Request-Method", "Access-Control-Request-Headers", X-Content-Type-Options:"nosniff", X-XSS-Protection:"0", Cache-Control:"no-cache, no-store, max-age=0, must-revalidate", Pragma:"no-cache", Expires:"0", X-Frame-Options:"DENY"]
     Content type = null
             Body = 
    Forwarded URL = null
   Redirected URL = null
          Cookies = []

MockHttpServletRequest:
      HTTP Method = POST
      Request URI = /v1/publication/save
       Parameters = {_csrf=[pBbAf3seVOpQgn7K3VUEvHtOnn_Coe3iCexNFY8Ll58sG8mHlCeiTE0nYN995hr963gw3h0qs0bzkI_PP9Qpcb1vpqkYeP-1]}
          Headers = [Content-Type:"application/json;charset=UTF-8", Authorization:"Bearer eyJhbGciOiJIUzUxMiJ9.eyJzdWIiOiJtZ2xAZ21haWwuY29tIiwiaWF0IjoxNzIxMjIyMDk3LCJleHAiOjE3MjI1MTgwOTd9.CQGx8r5dJCHELGPeIoLWxVzGFslgunUm_mJJHM_Xt1WVFt6uVXaAcnxJg3MvW4zVSidi73KJts8TcdEMxBM9tw", Content-Length:"283"]
             Body = {"title":"Publication 1","plantation":{"id":null,"area":"100 sqm","harvestType":"organic","irrigationType":"drip","productionType":"type1","details":"semillas de tomate para cultivo en verano, condiciones de riego: cada 2 días, condiciones de temperatura: 25-30°C","address":null}}
    Session Attrs = {}

Handler:
             Type = com.gardengroup.agroplantationapp.controller.PublicationController
           Method = com.gardengroup.agroplantationapp.controller.PublicationController#savePublication(PublicationSaveDTO, HttpServletRequest)

Async:
    Async started = false
     Async result = null

Resolved Exception:
             Type = null

ModelAndView:
        View name = null
             View = null
            Model = null

FlashMap:
       Attributes = null

MockHttpServletResponse:
           Status = 501
    Error message = null
          Headers = [Vary:"Origin", "Access-Control-Request-Method", "Access-Control-Request-Headers", X-Content-Type-Options:"nosniff", X-XSS-Protection:"0", Cache-Control:"no-cache, no-store, max-age=0, must-revalidate", Pragma:"no-cache", Expires:"0", X-Frame-Options:"DENY"]
     Content type = null
             Body = 
    Forwarded URL = null
   Redirected URL = null
          Cookies = []

MockHttpServletRequest:
      HTTP Method = POST
      Request URI = /v1/publication/save
       Parameters = {_csrf=[cskIQJcjd5YDjJrKrpjRfGPlPWqiAvc0rfI_Q89yO4q08-dmQ_8-JPQXTqIuvav-lrXlSQDVEAiTZpEZn8UPJvgXX7KAkIRQ]}
          Headers = [Content-Type:"application/json;charset=UTF-8", Authorization:"Bearer eyJhbGciOiJIUzUxMiJ9.eyJzdWIiOiJtZ2xAZ21haWwuY29tIiwiaWF0IjoxNzIxMjIyMDk3LCJleHAiOjE3MjI1MTgwOTd9.CQGx8r5dJCHELGPeIoLWxVzGFslgunUm_mJJHM_Xt1WVFt6uVXaAcnxJg3MvW4zVSidi73KJts8TcdEMxBM9tw", Content-Length:"283"]
             Body = {"title":"Publication 1","plantation":{"id":null,"area":"100 sqm","harvestType":"organic","irrigationType":"drip","productionType":"type1","details":"semillas de tomate para cultivo en verano, condiciones de riego: cada 2 días, condiciones de temperatura: 25-30°C","address":null}}
    Session Attrs = {}

Handler:
             Type = com.gardengroup.agroplantationapp.controller.PublicationController
           Method = com.gardengroup.agroplantationapp.controller.PublicationController#savePublication(PublicationSaveDTO, HttpServletRequest)

Async:
    Async started = false
     Async result = null

Resolved Exception:
             Type = null

ModelAndView:
        View name = null
             View = null
            Model = null

FlashMap:
       Attributes = null

MockHttpServletResponse:
           Status = 501
    Error message = null
          Headers = [Vary:"Origin", "Access-Control-Request-Method", "Access-Control-Request-Headers", X-Content-Type-Options:"nosniff", X-XSS-Protection:"0", Cache-Control:"no-cache, no-store, max-age=0, must-revalidate", Pragma:"no-cache", Expires:"0", X-Frame-Options:"DENY"]
     Content type = null
             Body = 
    Forwarded URL = null
   Redirected URL = null
          Cookies = []

MockHttpServletRequest:
      HTTP Method = POST
      Request URI = /v1/publication/save
       Parameters = {_csrf=[Lx36pSZDr9KCitO3fw7etOBp5RZwAUnMu1Ln6a6D8TbYNyRjHCvPlRJ6nrOvuuuOTiPq0IZYyC4WZHzhjmOB3J6xkg7uBEFX]}
          Headers = [Content-Type:"application/json;charset=UTF-8", Authorization:"Bearer eyJhbGciOiJIUzUxMiJ9.eyJzdWIiOiJtZ2xAZ21haWwuY29tIiwiaWF0IjoxNzIxMjIyMDk3LCJleHAiOjE3MjI1MTgwOTd9.CQGx8r5dJCHELGPeIoLWxVzGFslgunUm_mJJHM_Xt1WVFt6uVXaAcnxJg3MvW4zVSidi73KJts8TcdEMxBM9tw", Content-Length:"283"]
             Body = {"title":"Publication 1","plantation":{"id":null,"area":"100 sqm","harvestType":"organic","irrigationType":"drip","productionType":"type1","details":"semillas de tomate para cultivo en verano, condiciones de riego: cada 2 días, condiciones de temperatura: 25-30°C","address":null}}
    Session Attrs = {}

Handler:
             Type = com.gardengroup.agroplantationapp.controller.PublicationController
           Method = com.gardengroup.agroplantationapp.controller.PublicationController#savePublication(PublicationSaveDTO, HttpServletRequest)

Async:
    Async started = false
     Async result = null

Resolved Exception:
             Type = null

ModelAndView:
        View name = null
             View = null
            Model = null

FlashMap:
       Attributes = null

MockHttpServletResponse:
           Status = 501
    Error message = null
          Headers = [Vary:"Origin", "Access-Control-Request-Method", "Access-Control-Request-Headers", X-Content-Type-Options:"nosniff", X-XSS-Protection:"0", Cache-Control:"no-cache, no-store, max-age=0, must-revalidate", Pragma:"no-cache", Expires:"0", X-Frame-Options:"DENY"]
     Content type = null
             Body = 
    Forwarded URL = null
   Redirected URL = null
          Cookies = []

MockHttpServletRequest:
      HTTP Method = POST
      Request URI = /v1/publication/save
       Parameters = {_csrf=[bIpsoTBlKb_Z1vBg5tJBlPPI6A63SR8Udf9boONI9RBAWAH-CuwJkVJUGI707slYhf918Zf8xW-Heis5QMs-k9oqzCcjOmCd]}
          Headers = [Content-Type:"application/json;charset=UTF-8", Authorization:"Bearer eyJhbGciOiJIUzUxMiJ9.eyJzdWIiOiJtZ2xAZ21haWwuY29tIiwiaWF0IjoxNzIxMjIyMDk3LCJleHAiOjE3MjI1MTgwOTd9.CQGx8r5dJCHELGPeIoLWxVzGFslgunUm_mJJHM_Xt1WVFt6uVXaAcnxJg3MvW4zVSidi73KJts8TcdEMxBM9tw", Content-Length:"283"]
             Body = {"title":"Publication 1","plantation":{"id":null,"area":"100 sqm","harvestType":"organic","irrigationType":"drip","productionType":"type1","details":"semillas de tomate para cultivo en verano, condiciones de riego: cada 2 días, condiciones de temperatura: 25-30°C","address":null}}
    Session Attrs = {}

Handler:
             Type = com.gardengroup.agroplantationapp.controller.PublicationController
           Method = com.gardengroup.agroplantationapp.controller.PublicationController#savePublication(PublicationSaveDTO, HttpServletRequest)

Async:
    Async started = false
     Async result = null

Resolved Exception:
             Type = null

ModelAndView:
        View name = null
             View = null
            Model = null

FlashMap:
       Attributes = null

MockHttpServletResponse:
           Status = 501
    Error message = null
          Headers = [Vary:"Origin", "Access-Control-Request-Method", "Access-Control-Request-Headers", X-Content-Type-Options:"nosniff", X-XSS-Protection:"0", Cache-Control:"no-cache, no-store, max-age=0, must-revalidate", Pragma:"no-cache", Expires:"0", X-Frame-Options:"DENY"]
     Content type = null
             Body = 
    Forwarded URL = null
   Redirected URL = null
          Cookies = []

MockHttpServletRequest:
      HTTP Method = POST
      Request URI = /v1/publication/save
       Parameters = {_csrf=[udGMqCXQAJ8hxGASWbbP4OeJ8z95lCtOGLty1FjaaTNrqA4E2ODpzRPlMKcM9AIna5v72N-83l0bo0hjfIxFtTu5WgMJzWpg]}
          Headers = [Content-Type:"application/json;charset=UTF-8", Authorization:"Bearer eyJhbGciOiJIUzUxMiJ9.eyJzdWIiOiJtZ2xAZ21haWwuY29tIiwiaWF0IjoxNzIxMjIyMDk3LCJleHAiOjE3MjI1MTgwOTd9.CQGx8r5dJCHELGPeIoLWxVzGFslgunUm_mJJHM_Xt1WVFt6uVXaAcnxJg3MvW4zVSidi73KJts8TcdEMxBM9tw", Content-Length:"283"]
             Body = {"title":"Publication 1","plantation":{"id":null,"area":"100 sqm","harvestType":"organic","irrigationType":"drip","productionType":"type1","details":"semillas de tomate para cultivo en verano, condiciones de riego: cada 2 días, condiciones de temperatura: 25-30°C","address":null}}
    Session Attrs = {}

Handler:
             Type = com.gardengroup.agroplantationapp.controller.PublicationController
           Method = com.gardengroup.agroplantationapp.controller.PublicationController#savePublication(PublicationSaveDTO, HttpServletRequest)

Async:
    Async started = false
     Async result = null

Resolved Exception:
             Type = null

ModelAndView:
        View name = null
             View = null
            Model = null

FlashMap:
       Attributes = null

MockHttpServletResponse:
           Status = 501
    Error message = null
          Headers = [Vary:"Origin", "Access-Control-Request-Method", "Access-Control-Request-Headers", X-Content-Type-Options:"nosniff", X-XSS-Protection:"0", Cache-Control:"no-cache, no-store, max-age=0, must-revalidate", Pragma:"no-cache", Expires:"0", X-Frame-Options:"DENY"]
     Content type = null
             Body = 
    Forwarded URL = null
   Redirected URL = null
          Cookies = []

MockHttpServletRequest:
      HTTP Method = POST
      Request URI = /v1/publication/save
       Parameters = {_csrf=[wJZJYoAWkSjk0hJHmltSR2KoalcC-20aNRNgMe5lnt5dOOCc9qd5A7QvphrJ4XAhqnZmcQDJR29knw43BSZZAthT_Og5DNCt]}
          Headers = [Content-Type:"application/json;charset=UTF-8", Authorization:"Bearer eyJhbGciOiJIUzUxMiJ9.eyJzdWIiOiJtZ2xAZ21haWwuY29tIiwiaWF0IjoxNzIxMjIyMDk3LCJleHAiOjE3MjI1MTgwOTd9.CQGx8r5dJCHELGPeIoLWxVzGFslgunUm_mJJHM_Xt1WVFt6uVXaAcnxJg3MvW4zVSidi73KJts8TcdEMxBM9tw", Content-Length:"283"]
             Body = {"title":"Publication 1","plantation":{"id":null,"area":"100 sqm","harvestType":"organic","irrigationType":"drip","productionType":"type1","details":"semillas de tomate para cultivo en verano, condiciones de riego: cada 2 días, condiciones de temperatura: 25-30°C","address":null}}
    Session Attrs = {}

Handler:
             Type = com.gardengroup.agroplantationapp.controller.PublicationController
           Method = com.gardengroup.agroplantationapp.controller.PublicationController#savePublication(PublicationSaveDTO, HttpServletRequest)

Async:
    Async started = false
     Async result = null

Resolved Exception:
             Type = null

ModelAndView:
        View name = null
             View = null
            Model = null

FlashMap:
       Attributes = null

MockHttpServletResponse:
           Status = 501
    Error message = null
          Headers = [Vary:"Origin", "Access-Control-Request-Method", "Access-Control-Request-Headers", X-Content-Type-Options:"nosniff", X-XSS-Protection:"0", Cache-Control:"no-cache, no-store, max-age=0, must-revalidate", Pragma:"no-cache", Expires:"0", X-Frame-Options:"DENY"]
     Content type = null
             Body = 
    Forwarded URL = null
   Redirected URL = null
          Cookies = []

MockHttpServletRequest:
      HTTP Method = POST
      Request URI = /v1/publication/save
       Parameters = {_csrf=[2ka9qVMTkoKy2_n-SVkRxp_6cl9IBgmNl8cyPzjZUeOAqNIj6yTem2NyorCf7JrKK3Qlp6bLX2cqMGqg8aILDlroYtOwnLAa]}
          Headers = [Content-Type:"application/json;charset=UTF-8", Authorization:"Bearer eyJhbGciOiJIUzUxMiJ9.eyJzdWIiOiJtZ2xAZ21haWwuY29tIiwiaWF0IjoxNzIxMjIyMDk3LCJleHAiOjE3MjI1MTgwOTd9.CQGx8r5dJCHELGPeIoLWxVzGFslgunUm_mJJHM_Xt1WVFt6uVXaAcnxJg3MvW4zVSidi73KJts8TcdEMxBM9tw", Content-Length:"283"]
             Body = {"title":"Publication 1","plantation":{"id":null,"area":"100 sqm","harvestType":"organic","irrigationType":"drip","productionType":"type1","details":"semillas de tomate para cultivo en verano, condiciones de riego: cada 2 días, condiciones de temperatura: 25-30°C","address":null}}
    Session Attrs = {}

Handler:
             Type = com.gardengroup.agroplantationapp.controller.PublicationController
           Method = com.gardengroup.agroplantationapp.controller.PublicationController#savePublication(PublicationSaveDTO, HttpServletRequest)

Async:
    Async started = false
     Async result = null

Resolved Exception:
             Type = null

ModelAndView:
        View name = null
             View = null
            Model = null

FlashMap:
       Attributes = null

MockHttpServletResponse:
           Status = 501
    Error message = null
          Headers = [Vary:"Origin", "Access-Control-Request-Method", "Access-Control-Request-Headers", X-Content-Type-Options:"nosniff", X-XSS-Protection:"0", Cache-Control:"no-cache, no-store, max-age=0, must-revalidate", Pragma:"no-cache", Expires:"0", X-Frame-Options:"DENY"]
     Content type = null
             Body = 
    Forwarded URL = null
   Redirected URL = null
          Cookies = []

MockHttpServletRequest:
      HTTP Method = POST
      Request URI = /v1/publication/save
       Parameters = {_csrf=[JML4YmdI3vrpZInLe3q1Zt1_tWmS6jlp8BQuf9wsBnAMVvaXHfLPU1Ipv8PEVLGuS1eBVOkemFCl2V9EwnVLS78bZEhvNcX2]}
          Headers = [Content-Type:"application/json;charset=UTF-8", Authorization:"Bearer eyJhbGciOiJIUzUxMiJ9.eyJzdWIiOiJtZ2xAZ21haWwuY29tIiwiaWF0IjoxNzIxMjIyMDk3LCJleHAiOjE3MjI1MTgwOTd9.CQGx8r5dJCHELGPeIoLWxVzGFslgunUm_mJJHM_Xt1WVFt6uVXaAcnxJg3MvW4zVSidi73KJts8TcdEMxBM9tw", Content-Length:"283"]
             Body = {"title":"Publication 1","plantation":{"id":null,"area":"100 sqm","harvestType":"organic","irrigationType":"drip","productionType":"type1","details":"semillas de tomate para cultivo en verano, condiciones de riego: cada 2 días, condiciones de temperatura: 25-30°C","address":null}}
    Session Attrs = {}

Handler:
             Type = com.gardengroup.agroplantationapp.controller.PublicationController
           Method = com.gardengroup.agroplantationapp.controller.PublicationController#savePublication(PublicationSaveDTO, HttpServletRequest)

Async:
    Async started = false
     Async result = null

Resolved Exception:
             Type = null

ModelAndView:
        View name = null
             View = null
            Model = null

FlashMap:
       Attributes = null

MockHttpServletResponse:
           Status = 501
    Error message = null
          Headers = [Vary:"Origin", "Access-Control-Request-Method", "Access-Control-Request-Headers", X-Content-Type-Options:"nosniff", X-XSS-Protection:"0", Cache-Control:"no-cache, no-store, max-age=0, must-revalidate", Pragma:"no-cache", Expires:"0", X-Frame-Options:"DENY"]
     Content type = null
             Body = 
    Forwarded URL = null
   Redirected URL = null
          Cookies = []

MockHttpServletRequest:
      HTTP Method = POST
      Request URI = /v1/publication/save
       Parameters = {_csrf=[-tz88tyOTO3-uKEKGQvMiZGeqGWpmRHU6xwkL8dkVZuXhTT7z76YkLm-eNnTj5E5Lyb47_f6hV3Lqyn5jypAGqJTbamnvQzD]}
          Headers = [Content-Type:"application/json;charset=UTF-8", Authorization:"Bearer eyJhbGciOiJIUzUxMiJ9.eyJzdWIiOiJtZ2xAZ21haWwuY29tIiwiaWF0IjoxNzIxMjIyMDk3LCJleHAiOjE3MjI1MTgwOTd9.CQGx8r5dJCHELGPeIoLWxVzGFslgunUm_mJJHM_Xt1WVFt6uVXaAcnxJg3MvW4zVSidi73KJts8TcdEMxBM9tw", Content-Length:"283"]
             Body = {"title":"Publication 1","plantation":{"id":null,"area":"100 sqm","harvestType":"organic","irrigationType":"drip","productionType":"type1","details":"semillas de tomate para cultivo en verano, condiciones de riego: cada 2 días, condiciones de temperatura: 25-30°C","address":null}}
    Session Attrs = {}

Handler:
             Type = com.gardengroup.agroplantationapp.controller.PublicationController
           Method = com.gardengroup.agroplantationapp.controller.PublicationController#savePublication(PublicationSaveDTO, HttpServletRequest)

Async:
    Async started = false
     Async result = null

Resolved Exception:
             Type = null

ModelAndView:
        View name = null
             View = null
            Model = null

FlashMap:
       Attributes = null

MockHttpServletResponse:
           Status = 501
    Error message = null
          Headers = [Vary:"Origin", "Access-Control-Request-Method", "Access-Control-Request-Headers", X-Content-Type-Options:"nosniff", X-XSS-Protection:"0", Cache-Control:"no-cache, no-store, max-age=0, must-revalidate", Pragma:"no-cache", Expires:"0", X-Frame-Options:"DENY"]
     Content type = null
             Body = 
    Forwarded URL = null
   Redirected URL = null
          Cookies = []

MockHttpServletRequest:
      HTTP Method = POST
      Request URI = /v1/publication/save
       Parameters = {_csrf=[sOD_BLCoEOlQBdHraWzrv8PKZxOJaYppjP7JYGJoYXIcqMaHh4bKPdObKYh9Y-WPC0Hf2vP9Siq7XuhEucqsVlYLB0MumaC2]}
          Headers = [Content-Type:"application/json;charset=UTF-8", Authorization:"Bearer eyJhbGciOiJIUzUxMiJ9.eyJzdWIiOiJtZ2xAZ21haWwuY29tIiwiaWF0IjoxNzIxMjIyMDk3LCJleHAiOjE3MjI1MTgwOTd9.CQGx8r5dJCHELGPeIoLWxVzGFslgunUm_mJJHM_Xt1WVFt6uVXaAcnxJg3MvW4zVSidi73KJts8TcdEMxBM9tw", Content-Length:"283"]
             Body = {"title":"Publication 1","plantation":{"id":null,"area":"100 sqm","harvestType":"organic","irrigationType":"drip","productionType":"type1","details":"semillas de tomate para cultivo en verano, condiciones de riego: cada 2 días, condiciones de temperatura: 25-30°C","address":null}}
    Session Attrs = {}

Handler:
             Type = com.gardengroup.agroplantationapp.controller.PublicationController
           Method = com.gardengroup.agroplantationapp.controller.PublicationController#savePublication(PublicationSaveDTO, HttpServletRequest)

Async:
    Async started = false
     Async result = null

Resolved Exception:
             Type = null

ModelAndView:
        View name = null
             View = null
            Model = null

FlashMap:
       Attributes = null

MockHttpServletResponse:
           Status = 501
    Error message = null
          Headers = [Vary:"Origin", "Access-Control-Request-Method", "Access-Control-Request-Headers", X-Content-Type-Options:"nosniff", X-XSS-Protection:"0", Cache-Control:"no-cache, no-store, max-age=0, must-revalidate", Pragma:"no-cache", Expires:"0", X-Frame-Options:"DENY"]
     Content type = null
             Body = 
    Forwarded URL = null
   Redirected URL = null
          Cookies = []

MockHttpServletRequest:
      HTTP Method = POST
      Request URI = /v1/publication/save
       Parameters = {_csrf=[uiic2EGAdNOsDYBt7ScfAb2LcfiTzK9TaLbcbiJozmcoKZibih-r7XfkQ-WBNbRU2worYIy6XJqircl-UNXrXEYL-wZMTfup]}
          Headers = [Content-Type:"application/json;charset=UTF-8", Authorization:"Bearer eyJhbGciOiJIUzUxMiJ9.eyJzdWIiOiJtZ2xAZ21haWwuY29tIiwiaWF0IjoxNzIxMjIyMDk3LCJleHAiOjE3MjI1MTgwOTd9.CQGx8r5dJCHELGPeIoLWxVzGFslgunUm_mJJHM_Xt1WVFt6uVXaAcnxJg3MvW4zVSidi73KJts8TcdEMxBM9tw", Content-Length:"283"]
             Body = {"title":"Publication 1","plantation":{"id":null,"area":"100 sqm","harvestType":"organic","irrigationType":"drip","productionType":"type1","details":"semillas de tomate para cultivo en verano, condiciones de riego: cada 2 días, condiciones de temperatura: 25-30°C","address":null}}
    Session Attrs = {}

Handler:
             Type = com.gardengroup.agroplantationapp.controller.PublicationController
           Method = com.gardengroup.agroplantationapp.controller.PublicationController#savePublication(PublicationSaveDTO, HttpServletRequest)

Async:
    Async started = false
     Async result = null

Resolved Exception:
             Type = null

ModelAndView:
        View name = null
             View = null
            Model = null

FlashMap:
       Attributes = null

MockHttpServletResponse:
           Status = 501
    Error message = null
          Headers = [Vary:"Origin", "Access-Control-Request-Method", "Access-Control-Request-Headers", X-Content-Type-Options:"nosniff", X-XSS-Protection:"0", Cache-Control:"no-cache, no-store, max-age=0, must-revalidate", Pragma:"no-cache", Expires:"0", X-Frame-Options:"DENY"]
     Content type = null
             Body = 
    Forwarded URL = null
   Redirected URL = null
          Cookies = []

MockHttpServletRequest:
      HTTP Method = POST
      Request URI = /v1/publication/save
       Parameters = {_csrf=[kfY-4K-vC3cW_1Lfes4O2p2N3iiS8XZ67V3BXOQfh8xyy0yqpsIN1ZedO047yjG8S-M6uKzr8xGjxEFX2TunbNF9sakWqX2Z]}
          Headers = [Content-Type:"application/json;charset=UTF-8", Authorization:"Bearer eyJhbGciOiJIUzUxMiJ9.eyJzdWIiOiJtZ2xAZ21haWwuY29tIiwiaWF0IjoxNzIxMjIyMDk3LCJleHAiOjE3MjI1MTgwOTd9.CQGx8r5dJCHELGPeIoLWxVzGFslgunUm_mJJHM_Xt1WVFt6uVXaAcnxJg3MvW4zVSidi73KJts8TcdEMxBM9tw", Content-Length:"283"]
             Body = {"title":"Publication 1","plantation":{"id":null,"area":"100 sqm","harvestType":"organic","irrigationType":"drip","productionType":"type1","details":"semillas de tomate para cultivo en verano, condiciones de riego: cada 2 días, condiciones de temperatura: 25-30°C","address":null}}
    Session Attrs = {}

Handler:
             Type = com.gardengroup.agroplantationapp.controller.PublicationController
           Method = com.gardengroup.agroplantationapp.controller.PublicationController#savePublication(PublicationSaveDTO, HttpServletRequest)

Async:
    Async started = false
     Async result = null

Resolved Exception:
             Type = null

ModelAndView:
        View name = null
             View = null
            Model = null

FlashMap:
       Attributes = null

MockHttpServletResponse:
           Status = 501
    Error message = null
          Headers = [Vary:"Origin", "Access-Control-Request-Method", "Access-Control-Request-Headers", X-Content-Type-Options:"nosniff", X-XSS-Protection:"0", Cache-Control:"no-cache, no-store, max-age=0, must-revalidate", Pragma:"no-cache", Expires:"0", X-Frame-Options:"DENY"]
     Content type = null
             Body = 
    Forwarded URL = null
   Redirected URL = null
          Cookies = []

MockHttpServletRequest:
      HTTP Method = POST
      Request URI = /v1/publication/save
       Parameters = {_csrf=[0SGKo3i74pldd2TXADxS_8hY4pRqmVfRKx1_yBlJkk1tvkwttxPulEve1qtwQQXiMhFmz_E5z_YM_W78Gisa_ix-oixVjXlI]}
          Headers = [Content-Type:"application/json;charset=UTF-8", Authorization:"Bearer eyJhbGciOiJIUzUxMiJ9.eyJzdWIiOiJtZ2xAZ21haWwuY29tIiwiaWF0IjoxNzIxMjIyMDk3LCJleHAiOjE3MjI1MTgwOTd9.CQGx8r5dJCHELGPeIoLWxVzGFslgunUm_mJJHM_Xt1WVFt6uVXaAcnxJg3MvW4zVSidi73KJts8TcdEMxBM9tw", Content-Length:"283"]
             Body = {"title":"Publication 1","plantation":{"id":null,"area":"100 sqm","harvestType":"organic","irrigationType":"drip","productionType":"type1","details":"semillas de tomate para cultivo en verano, condiciones de riego: cada 2 días, condiciones de temperatura: 25-30°C","address":null}}
    Session Attrs = {}

Handler:
             Type = com.gardengroup.agroplantationapp.controller.PublicationController
           Method = com.gardengroup.agroplantationapp.controller.PublicationController#savePublication(PublicationSaveDTO, HttpServletRequest)

Async:
    Async started = false
     Async result = null

Resolved Exception:
             Type = null

ModelAndView:
        View name = null
             View = null
            Model = null

FlashMap:
       Attributes = null

MockHttpServletResponse:
           Status = 501
    Error message = null
          Headers = [Vary:"Origin", "Access-Control-Request-Method", "Access-Control-Request-Headers", X-Content-Type-Options:"nosniff", X-XSS-Protection:"0", Cache-Control:"no-cache, no-store, max-age=0, must-revalidate", Pragma:"no-cache", Expires:"0", X-Frame-Options:"DENY"]
     Content type = null
             Body = 
    Forwarded URL = null
   Redirected URL = null
          Cookies = []

MockHttpServletRequest:
      HTTP Method = POST
      Request URI = /v1/publication/save
       Parameters = {_csrf=[CywuzT6TAVA0fngWk0H9qsJkDmBNyQRUOFNDv6Vg__SURI-YbUpK-Q6iMGIZGkp18GzJyPdXIwJ6q2B5WWV02pdZz8z1drmt]}
          Headers = [Content-Type:"application/json;charset=UTF-8", Authorization:"Bearer eyJhbGciOiJIUzUxMiJ9.eyJzdWIiOiJtZ2xAZ21haWwuY29tIiwiaWF0IjoxNzIxMjIyMDk3LCJleHAiOjE3MjI1MTgwOTd9.CQGx8r5dJCHELGPeIoLWxVzGFslgunUm_mJJHM_Xt1WVFt6uVXaAcnxJg3MvW4zVSidi73KJts8TcdEMxBM9tw", Content-Length:"283"]
             Body = {"title":"Publication 1","plantation":{"id":null,"area":"100 sqm","harvestType":"organic","irrigationType":"drip","productionType":"type1","details":"semillas de tomate para cultivo en verano, condiciones de riego: cada 2 días, condiciones de temperatura: 25-30°C","address":null}}
    Session Attrs = {}

Handler:
             Type = com.gardengroup.agroplantationapp.controller.PublicationController
           Method = com.gardengroup.agroplantationapp.controller.PublicationController#savePublication(PublicationSaveDTO, HttpServletRequest)

Async:
    Async started = false
     Async result = null

Resolved Exception:
             Type = null

ModelAndView:
        View name = null
             View = null
            Model = null

FlashMap:
       Attributes = null

MockHttpServletResponse:
           Status = 501
    Error message = null
          Headers = [Vary:"Origin", "Access-Control-Request-Method", "Access-Control-Request-Headers", X-Content-Type-Options:"nosniff", X-XSS-Protection:"0", Cache-Control:"no-cache, no-store, max-age=0, must-revalidate", Pragma:"no-cache", Expires:"0", X-Frame-Options:"DENY"]
     Content type = null
             Body = 
    Forwarded URL = null
   Redirected URL = null
          Cookies = []

MockHttpServletRequest:
      HTTP Method = POST
      Request URI = /v1/publication/save
       Parameters = {_csrf=[hvnRKECqiaL2W_ZejRXKK0y1SMrYr_RDkUgGS5X1aWt6InONtcjoHSGS6pPbbpc6uzj-SSrUZfK8mJFup3E1eaXBXV5DRkbo]}
          Headers = [Content-Type:"application/json;charset=UTF-8", Authorization:"Bearer eyJhbGciOiJIUzUxMiJ9.eyJzdWIiOiJtZ2xAZ21haWwuY29tIiwiaWF0IjoxNzIxMjIyMDk3LCJleHAiOjE3MjI1MTgwOTd9.CQGx8r5dJCHELGPeIoLWxVzGFslgunUm_mJJHM_Xt1WVFt6uVXaAcnxJg3MvW4zVSidi73KJts8TcdEMxBM9tw", Content-Length:"283"]
             Body = {"title":"Publication 1","plantation":{"id":null,"area":"100 sqm","harvestType":"organic","irrigationType":"drip","productionType":"type1","details":"semillas de tomate para cultivo en verano, condiciones de riego: cada 2 días, condiciones de temperatura: 25-30°C","address":null}}
    Session Attrs = {}

Handler:
             Type = com.gardengroup.agroplantationapp.controller.PublicationController
           Method = com.gardengroup.agroplantationapp.controller.PublicationController#savePublication(PublicationSaveDTO, HttpServletRequest)

Async:
    Async started = false
     Async result = null

Resolved Exception:
             Type = null

ModelAndView:
        View name = null
             View = null
            Model = null

FlashMap:
       Attributes = null

MockHttpServletResponse:
           Status = 501
    Error message = null
          Headers = [Vary:"Origin", "Access-Control-Request-Method", "Access-Control-Request-Headers", X-Content-Type-Options:"nosniff", X-XSS-Protection:"0", Cache-Control:"no-cache, no-store, max-age=0, must-revalidate", Pragma:"no-cache", Expires:"0", X-Frame-Options:"DENY"]
     Content type = null
             Body = 
    Forwarded URL = null
   Redirected URL = null
          Cookies = []

MockHttpServletRequest:
      HTTP Method = POST
      Request URI = /v1/publication/save
       Parameters = {_csrf=[-cQ2Erl_dzB-mD9Vb4r54t8JrIK2SnkOEbSdS_OP8qQZi_dQwaIHI41KEQdT_QdtDKfN0bs_geDSeU8jcICqKcLpkJEtv88x]}
          Headers = [Content-Type:"application/json;charset=UTF-8", Authorization:"Bearer eyJhbGciOiJIUzUxMiJ9.eyJzdWIiOiJtZ2xAZ21haWwuY29tIiwiaWF0IjoxNzIxMjIyMDk3LCJleHAiOjE3MjI1MTgwOTd9.CQGx8r5dJCHELGPeIoLWxVzGFslgunUm_mJJHM_Xt1WVFt6uVXaAcnxJg3MvW4zVSidi73KJts8TcdEMxBM9tw", Content-Length:"283"]
             Body = {"title":"Publication 1","plantation":{"id":null,"area":"100 sqm","harvestType":"organic","irrigationType":"drip","productionType":"type1","details":"semillas de tomate para cultivo en verano, condiciones de riego: cada 2 días, condiciones de temperatura: 25-30°C","address":null}}
    Session Attrs = {}

Handler:
             Type = com.gardengroup.agroplantationapp.controller.PublicationController
           Method = com.gardengroup.agroplantationapp.controller.PublicationController#savePublication(PublicationSaveDTO, HttpServletRequest)

Async:
    Async started = false
     Async result = null

Resolved Exception:
             Type = null

ModelAndView:
        View name = null
             View = null
            Model = null

FlashMap:
       Attributes = null

MockHttpServletResponse:
           Status = 501
    Error message = null
          Headers = [Vary:"Origin", "Access-Control-Request-Method", "Access-Control-Request-Headers", X-Content-Type-Options:"nosniff", X-XSS-Protection:"0", Cache-Control:"no-cache, no-store, max-age=0, must-revalidate", Pragma:"no-cache", Expires:"0", X-Frame-Options:"DENY"]
     Content type = null
             Body = 
    Forwarded URL = null
   Redirected URL = null
          Cookies = []

MockHttpServletRequest:
      HTTP Method = POST
      Request URI = /v1/publication/save
       Parameters = {_csrf=[NLsyMxA9XSwNcvar_w15oz6PbiVbXFutjauDdJZeFIVjAkQkDIpQACENb0ggE86anCBNlA64Qxw4ZD2AvZ60QaBuLLdTNXxC]}
          Headers = [Content-Type:"application/json;charset=UTF-8", Authorization:"Bearer eyJhbGciOiJIUzUxMiJ9.eyJzdWIiOiJtZ2xAZ21haWwuY29tIiwiaWF0IjoxNzIxMjIyMDk3LCJleHAiOjE3MjI1MTgwOTd9.CQGx8r5dJCHELGPeIoLWxVzGFslgunUm_mJJHM_Xt1WVFt6uVXaAcnxJg3MvW4zVSidi73KJts8TcdEMxBM9tw", Content-Length:"283"]
             Body = {"title":"Publication 1","plantation":{"id":null,"area":"100 sqm","harvestType":"organic","irrigationType":"drip","productionType":"type1","details":"semillas de tomate para cultivo en verano, condiciones de riego: cada 2 días, condiciones de temperatura: 25-30°C","address":null}}
    Session Attrs = {}

Handler:
             Type = com.gardengroup.agroplantationapp.controller.PublicationController
           Method = com.gardengroup.agroplantationapp.controller.PublicationController#savePublication(PublicationSaveDTO, HttpServletRequest)

Async:
    Async started = false
     Async result = null

Resolved Exception:
             Type = null

ModelAndView:
        View name = null
             View = null
            Model = null

FlashMap:
       Attributes = null

MockHttpServletResponse:
           Status = 501
    Error message = null
          Headers = [Vary:"Origin", "Access-Control-Request-Method", "Access-Control-Request-Headers", X-Content-Type-Options:"nosniff", X-XSS-Protection:"0", Cache-Control:"no-cache, no-store, max-age=0, must-revalidate", Pragma:"no-cache", Expires:"0", X-Frame-Options:"DENY"]
     Content type = null
             Body = 
    Forwarded URL = null
   Redirected URL = null
          Cookies = []

MockHttpServletRequest:
      HTTP Method = POST
      Request URI = /v1/publication/save
       Parameters = {_csrf=[dGZdHWetAXXTdoXM7I7In9-xmFqEC_sL7LRPhnAWv3lN3PvBFwM4L17PNBD-QrKo1aP8rLvUtWPmM80m2YF54Ed3iE4ouMmn]}
          Headers = [Content-Type:"application/json;charset=UTF-8", Authorization:"Bearer eyJhbGciOiJIUzUxMiJ9.eyJzdWIiOiJtZ2xAZ21haWwuY29tIiwiaWF0IjoxNzIxMjIyMDk3LCJleHAiOjE3MjI1MTgwOTd9.CQGx8r5dJCHELGPeIoLWxVzGFslgunUm_mJJHM_Xt1WVFt6uVXaAcnxJg3MvW4zVSidi73KJts8TcdEMxBM9tw", Content-Length:"283"]
             Body = {"title":"Publication 1","plantation":{"id":null,"area":"100 sqm","harvestType":"organic","irrigationType":"drip","productionType":"type1","details":"semillas de tomate para cultivo en verano, condiciones de riego: cada 2 días, condiciones de temperatura: 25-30°C","address":null}}
    Session Attrs = {}

Handler:
             Type = com.gardengroup.agroplantationapp.controller.PublicationController
           Method = com.gardengroup.agroplantationapp.controller.PublicationController#savePublication(PublicationSaveDTO, HttpServletRequest)

Async:
    Async started = false
     Async result = null

Resolved Exception:
             Type = null

ModelAndView:
        View name = null
             View = null
            Model = null

FlashMap:
       Attributes = null

MockHttpServletResponse:
           Status = 501
    Error message = null
          Headers = [Vary:"Origin", "Access-Control-Request-Method", "Access-Control-Request-Headers", X-Content-Type-Options:"nosniff", X-XSS-Protection:"0", Cache-Control:"no-cache, no-store, max-age=0, must-revalidate", Pragma:"no-cache", Expires:"0", X-Frame-Options:"DENY"]
     Content type = null
             Body = 
    Forwarded URL = null
   Redirected URL = null
          Cookies = []

MockHttpServletRequest:
      HTTP Method = GET
      Request URI = /v1/publication/aleatory/1
       Parameters = {_csrf=[pGC-JFDIwwIUderzdJkyn8hGyR2sEzT5vgSkSj6kNKmxCJx0wQHcEGn9-jc5TNiQELQG-_0j5CTKclfUizaQL1qcAJ7Tav0W]}
          Headers = [Content-Type:"application/json;charset=UTF-8"]
             Body = null
    Session Attrs = {}

Handler:
             Type = com.gardengroup.agroplantationapp.controller.PublicationController
           Method = com.gardengroup.agroplantationapp.controller.PublicationController#getPublicationsByAleatory(int)

Async:
    Async started = false
     Async result = null

Resolved Exception:
             Type = null

ModelAndView:
        View name = null
             View = null
            Model = null

FlashMap:
       Attributes = null

MockHttpServletResponse:
           Status = 404
    Error message = null
          Headers = [Vary:"Origin", "Access-Control-Request-Method", "Access-Control-Request-Headers", X-Content-Type-Options:"nosniff", X-XSS-Protection:"0", Cache-Control:"no-cache, no-store, max-age=0, must-revalidate", Pragma:"no-cache", Expires:"0", X-Frame-Options:"DENY"]
     Content type = null
             Body = 
    Forwarded URL = null
   Redirected URL = null
          Cookies = []
]]></system-out>
  </testcase>
  <testcase name="shouldGetOnePublication" classname="com.gardengroup.agroplantationapp.PublicationTests.PublicationTest" time="0.033">
    <failure message="Status expected:&lt;201&gt; but was:&lt;501&gt;" type="java.lang.AssertionError"><![CDATA[java.lang.AssertionError: Status expected:<201> but was:<501>
	at org.springframework.test.util.AssertionErrors.fail(AssertionErrors.java:59)
	at org.springframework.test.util.AssertionErrors.assertEquals(AssertionErrors.java:122)
	at org.springframework.test.web.servlet.result.StatusResultMatchers.lambda$matcher$9(StatusResultMatchers.java:637)
	at org.springframework.test.web.servlet.MockMvc$1.andExpect(MockMvc.java:214)
	at com.gardengroup.agroplantationapp.PublicationTests.PublicationTest.shouldGetOnePublication(PublicationTest.java:128)
	at java.base/java.lang.reflect.Method.invoke(Method.java:568)
	at java.base/java.util.ArrayList.forEach(ArrayList.java:1511)
	at java.base/java.util.ArrayList.forEach(ArrayList.java:1511)
]]></failure>
    <system-out><![CDATA[Hibernate: 
    select
        u1_0.id,
        u1_0.address,
        u1_0.email,
        u1_0.lastname,
        u1_0.name,
        u1_0.password,
        u1_0.user_type_id 
    from
        user u1_0 
    where
        u1_0.email=?
Hibernate: 
    select
        ut1_0.id,
        ut1_0.type 
    from
        user_type ut1_0 
    where
        ut1_0.id=?
Hibernate: 
    select
        u1_0.id,
        u1_0.address,
        u1_0.email,
        u1_0.lastname,
        u1_0.name,
        u1_0.password,
        u1_0.user_type_id 
    from
        user u1_0 
    where
        u1_0.email=?
Hibernate: 
    select
        ut1_0.id,
        ut1_0.type 
    from
        user_type ut1_0 
    where
        ut1_0.id=?
Hibernate: 
    insert 
    into
        plantation
        (address, area, details, harvest_type, irrigation_type, production_type) 
    values
        (?, ?, ?, ?, ?, ?)
2024-07-17 08:15:00,823 WARN o.h.e.j.s.SqlExceptionHelper [main] SQL Error: 1048, SQLState: 23000
2024-07-17 08:15:00,823 ERROR o.h.e.j.s.SqlExceptionHelper [main] Column 'address' cannot be null
2024-07-17 08:15:00,825 ERROR c.g.a.c.PublicationController [main] could not execute statement [Column 'address' cannot be null] [insert into plantation (address,area,details,harvest_type,irrigation_type,production_type) values (?,?,?,?,?,?)]; SQL [insert into plantation (address,area,details,harvest_type,irrigation_type,production_type) values (?,?,?,?,?,?)]; constraint [null]

MockHttpServletRequest:
      HTTP Method = POST
      Request URI = /v1/publication/save
       Parameters = {_csrf=[tSYuKP956JKQghGQMfRDyAERUdEm8oCD1ZOYb9CgWUYlXysKgBYWTp0Y2qq9uyX2ANl38TB1fOlFy7eus_H7XbHGbX8cbRI6]}
          Headers = [Content-Type:"application/json;charset=UTF-8", Authorization:"Bearer eyJhbGciOiJIUzUxMiJ9.eyJzdWIiOiJtZ2xAZ21haWwuY29tIiwiaWF0IjoxNzIxMjIyMDk3LCJleHAiOjE3MjI1MTgwOTd9.CQGx8r5dJCHELGPeIoLWxVzGFslgunUm_mJJHM_Xt1WVFt6uVXaAcnxJg3MvW4zVSidi73KJts8TcdEMxBM9tw", Content-Length:"283"]
             Body = {"title":"Publication 1","plantation":{"id":null,"area":"100 sqm","harvestType":"organic","irrigationType":"drip","productionType":"type1","details":"semillas de tomate para cultivo en verano, condiciones de riego: cada 2 días, condiciones de temperatura: 25-30°C","address":null}}
    Session Attrs = {}

Handler:
             Type = com.gardengroup.agroplantationapp.controller.PublicationController
           Method = com.gardengroup.agroplantationapp.controller.PublicationController#savePublication(PublicationSaveDTO, HttpServletRequest)

Async:
    Async started = false
     Async result = null

Resolved Exception:
             Type = null

ModelAndView:
        View name = null
             View = null
            Model = null

FlashMap:
       Attributes = null

MockHttpServletResponse:
           Status = 501
    Error message = null
          Headers = [Vary:"Origin", "Access-Control-Request-Method", "Access-Control-Request-Headers", X-Content-Type-Options:"nosniff", X-XSS-Protection:"0", Cache-Control:"no-cache, no-store, max-age=0, must-revalidate", Pragma:"no-cache", Expires:"0", X-Frame-Options:"DENY"]
     Content type = null
             Body = 
    Forwarded URL = null
   Redirected URL = null
          Cookies = []
]]></system-out>
  </testcase>
</testsuite>